<?xml version="1.0" encoding="UTF-8"?>
<testng-results ignored="0" total="1" passed="1" failed="0" skipped="0">
  <reporter-output>
    <line>
      <![CDATA[Eng 40 Speed 10.docx :- Tab is missing]]>
    </line>
    <line>
      <![CDATA[1 :-TabCount]]>
    </line>
    <line>
      <![CDATA[2 :- numberofpara]]>
    </line>
    <line>
      <![CDATA[Eng 40 Speed 11.docx :- Tab is missing]]>
    </line>
    <line>
      <![CDATA[1 :-TabCount]]>
    </line>
    <line>
      <![CDATA[2 :- numberofpara]]>
    </line>
    <line>
      <![CDATA[person.It]]>
    </line>
    <line>
      <![CDATA[Eng 40 Speed 3.docx :- Tab is missing]]>
    </line>
    <line>
      <![CDATA[2 :-TabCount]]>
    </line>
    <line>
      <![CDATA[3 :- numberofpara]]>
    </line>
    <line>
      <![CDATA[Eng 40 Speed 7.docx :- Tab is missing]]>
    </line>
    <line>
      <![CDATA[2 :-TabCount]]>
    </line>
    <line>
      <![CDATA[3 :- numberofpara]]>
    </line>
    <line>
      <![CDATA[Question verification done and excel is written in output path]]>
    </line>
  </reporter-output>
  <suite started-at="2026-05-27T16:49:13 IST" name="Default suite" finished-at="2026-05-27T16:49:24 IST" duration-ms="10262">
    <groups>
    </groups>
    <test started-at="2026-05-27T16:49:13 IST" name="Default test" finished-at="2026-05-27T16:49:24 IST" duration-ms="10262">
      <class name="Speed_Question_Paper_Verification.Speed_question_Paper_verify">
        <test-method signature="questionFormatting()[pri:0, instance:Speed_Question_Paper_Verification.Speed_question_Paper_verify@73163d48]" started-at="2026-05-27T16:49:13 IST" name="questionFormatting" finished-at="2026-05-27T16:49:23 IST" duration-ms="10095" status="PASS">
          <reporter-output>
            <line>
              <![CDATA[Eng 40 Speed 10.docx :- Tab is missing]]>
            </line>
            <line>
              <![CDATA[1 :-TabCount]]>
            </line>
            <line>
              <![CDATA[2 :- numberofpara]]>
            </line>
            <line>
              <![CDATA[Eng 40 Speed 11.docx :- Tab is missing]]>
            </line>
            <line>
              <![CDATA[1 :-TabCount]]>
            </line>
            <line>
              <![CDATA[2 :- numberofpara]]>
            </line>
            <line>
              <![CDATA[person.It]]>
            </line>
            <line>
              <![CDATA[Eng 40 Speed 3.docx :- Tab is missing]]>
            </line>
            <line>
              <![CDATA[2 :-TabCount]]>
            </line>
            <line>
              <![CDATA[3 :- numberofpara]]>
            </line>
            <line>
              <![CDATA[Eng 40 Speed 7.docx :- Tab is missing]]>
            </line>
            <line>
              <![CDATA[2 :-TabCount]]>
            </line>
            <line>
              <![CDATA[3 :- numberofpara]]>
            </line>
            <line>
              <![CDATA[Question verification done and excel is written in output path]]>
            </line>
          </reporter-output>
        </test-method> <!-- questionFormatting -->
      </class> <!-- Speed_Question_Paper_Verification.Speed_question_Paper_verify -->
    </test> <!-- Default test -->
  </suite> <!-- Default suite -->
</testng-results>
