<?xml version="1.0" encoding="UTF-8"?>
<!-- Generated by org.testng.reporters.JUnitReportReporter -->
<testsuite hostname="DESKTOP-VCK713F" failures="0" tests="1" name="Compare_OldResult_FinalResult" time="62.117" errors="1" timestamp="2025-08-19T12:20:23 IST" skipped="0">
  <testcase classname="Compare_OldResult_FinalResult" name="GraceMarksCal" time="62.117">
    <error message="Java heap space" type="java.lang.OutOfMemoryError">
      <![CDATA[java.lang.OutOfMemoryError: Java heap space
at java.xml/com.sun.org.apache.xerces.internal.parsers.AbstractSAXParser.parse(AbstractSAXParser.java:1224)
at java.xml/com.sun.org.apache.xerces.internal.jaxp.SAXParserImpl$JAXPSAXParser.parse(SAXParserImpl.java:637)
at org.apache.xmlbeans.impl.store.Locale$SaxLoader.load(Locale.java:2542)
at org.apache.xmlbeans.impl.store.Locale.lambda$parseToXmlObject$3(Locale.java:718)
at org.apache.xmlbeans.impl.store.Locale$$Lambda$453/0x0000000801231660.parse(Unknown Source)
at org.apache.xmlbeans.impl.store.Locale.syncWrap(Locale.java:491)
at org.apache.xmlbeans.impl.store.Locale.parseToXmlObject(Locale.java:717)
at org.apache.xmlbeans.impl.schema.SchemaTypeLoaderBase.parse(SchemaTypeLoaderBase.java:234)
at org.apache.xmlbeans.impl.schema.AbstractDocumentFactory.parse(AbstractDocumentFactory.java:71)
at org.apache.poi.xssf.usermodel.XSSFSheet.read(XSSFSheet.java:156)
at org.apache.poi.xssf.usermodel.XSSFSheet.onDocumentRead(XSSFSheet.java:148)
at org.apache.poi.xssf.usermodel.XSSFWorkbook.parseSheet(XSSFWorkbook.java:498)
at org.apache.poi.xssf.usermodel.XSSFWorkbook.onDocumentRead(XSSFWorkbook.java:459)
at org.apache.poi.ooxml.POIXMLDocument.load(POIXMLDocument.java:169)
at org.apache.poi.xssf.usermodel.XSSFWorkbook.<init>(XSSFWorkbook.java:260)
at org.apache.poi.xssf.usermodel.XSSFWorkbookFactory.createWorkbook(XSSFWorkbookFactory.java:118)
at org.apache.poi.xssf.usermodel.XSSFWorkbookFactory.create(XSSFWorkbookFactory.java:98)
at org.apache.poi.xssf.usermodel.XSSFWorkbookFactory.create(XSSFWorkbookFactory.java:36)
at org.apache.poi.ss.usermodel.WorkbookFactory.lambda$create$2(WorkbookFactory.java:224)
at org.apache.poi.ss.usermodel.WorkbookFactory$$Lambda$281/0x00000008011b9948.create(Unknown Source)
at org.apache.poi.ss.usermodel.WorkbookFactory.wp(WorkbookFactory.java:329)
at org.apache.poi.ss.usermodel.WorkbookFactory.create(WorkbookFactory.java:224)
at org.apache.poi.ss.usermodel.WorkbookFactory.create(WorkbookFactory.java:185)
at Compare_OldResult_FinalResult.GraceMarksCal(Compare_OldResult_FinalResult.java:28)
at java.base/java.lang.invoke.LambdaForm$DMH/0x00000008011b1c00.invokeVirtual(LambdaForm$DMH)
at java.base/java.lang.invoke.LambdaForm$MH/0x00000008011b2400.invoke(LambdaForm$MH)
at java.base/java.lang.invoke.Invokers$Holder.invokeExact_MT(Invokers$Holder)
at java.base/jdk.internal.reflect.DirectMethodHandleAccessor.invokeImpl(DirectMethodHandleAccessor.java:154)
at java.base/jdk.internal.reflect.DirectMethodHandleAccessor.invoke(DirectMethodHandleAccessor.java:104)
at java.base/java.lang.reflect.Method.invoke(Method.java:578)
at org.testng.internal.invokers.MethodInvocationHelper.invokeMethod(MethodInvocationHelper.java:141)
at org.testng.internal.invokers.TestInvoker.invokeMethod(TestInvoker.java:686)
]]>
    </error>
  </testcase> <!-- GraceMarksCal -->
</testsuite> <!-- Compare_OldResult_FinalResult -->
