<?xml version="1.0" encoding="UTF-8"?>
<!-- Generated by org.testng.reporters.JUnitReportReporter -->
<testsuite hostname="DESKTOP-VCK713F" failures="0" tests="1" name="Compare_OldResult_FinalResult1" time="2.149" errors="0" timestamp="2025-08-19T12:31:35 IST" skipped="0">
  <testcase classname="Compare_OldResult_FinalResult1" name="GraceMarksCal" time="2.149">
    <system-out>
      <![CDATA[Row count in old file: 5]]>
    </system-out>
  </testcase> <!-- GraceMarksCal -->
  <system-out>
    <![CDATA[Row count in old file: 5]]>
  </system-out>
</testsuite> <!-- Compare_OldResult_FinalResult1 -->
