<?xml version="1.0" encoding="UTF-8"?>
<!-- Generated by org.testng.reporters.JUnitReportReporter -->
<testsuite hostname="DESKTOP-VCK713F" failures="0" tests="1" name="GRACE_MARKS.newTestResultFinal" time="21.046" errors="0" timestamp="2026-05-14T18:39:03 IST" skipped="0">
  <testcase classname="GRACE_MARKS.newTestResultFinal" name="resultTest" time="21.046">
    <system-out>
      <![CDATA[1201160021 is PASS
1201160021 is PASS with A grade
1101160001 is FAIL
1101160001 Grade is - 
1201160034 is PASS
1201160034 is PASS with A+ grade
1302160025 is FAIL
1302160025 is FAIL with - grade
1302160024 is PASS
1302160024 is PASS with A grade
1302160004 is FAIL
1302160004 Grade is - 
1302160006 is FAIL
1302160006 Grade is - 
1302160003 is PASS
1302160003 is PASS with A grade
1302160020 is FAIL
1302160020 Grade is - 
1302160009  Student is Absent
1101160012 is PASS
1101160012 is PASS with A grade
1101160033 is FAIL
1101160033 Grade is - 
1101160047 is FAIL
1101160047 is FAIL with - grade
1101160045 is FAIL
1101160045 Grade is - 
1101160019 is PASS
1101160019 is PASS with A+ grade
1101160017 is FAIL
1101160017 Grade is - 
1101160018 is FAIL
1101160018 is FAIL with - grade
1201160019 is PASS
1201160019 is PASS with A grade
1101160011 is FAIL
1101160011 is FAIL with - grade
1101160027 is FAIL
1101160027 Grade is - 
1101160005 is FAIL
1101160005 is FAIL with - grade
1301160025 is FAIL
1301160025 is FAIL with - grade
1301160013 is FAIL
1301160013 Grade is - 
1301160004 is FAIL
1301160004 is FAIL with - grade
1301160017 is PASS
1301160017 is PASS with A grade
1101160034 is PASS
1101160034 is PASS with A+ grade
1101160022 is PASS
1101160022 is PASS with B grade
1101160020 is PASS
1101160020 is PASS with A grade
1101160038 is FAIL
1101160038 is FAIL with - grade
1302160015 is PASS
1302160015 is PASS with A+ grade
1301160018 is PASS
1301160018 is PASS with A grade
1302160018 is PASS
1302160018 is PASS with A grade
1302160017 is FAIL
1302160017 Grade is - 
1201160028 is PASS
1201160028 is PASS with B grade
1301160014 is PASS
1301160014 is PASS with A grade
1201160010 is FAIL
1201160010 Grade is - 
1201160012 is PASS
1201160012 is PASS with A+ grade
1201160042 is PASS
1201160042 is PASS with A grade
1201160036 is PASS
1201160036 is PASS with A+ grade
1101160015 is FAIL
1101160015 is FAIL with - grade
1101160014 is FAIL
1101160014 is FAIL with - grade
1101160040 is FAIL
1101160040 is FAIL with - grade
1101160046 is FAIL
1101160046 is FAIL with - grade
1201160026 is FAIL
1201160026 is FAIL with - grade
1201160024 is FAIL
1201160024 Grade is - 
1201160040 is PASS
1201160040 is PASS with B grade
1201160031 is PASS
1201160031 is PASS with B grade
1302160005  Student is Absent
1301160021 is PASS
1301160021 is PASS with A grade
1101160008 is FAIL
1101160008 is FAIL with - grade
1101160030 is PASS
1101160030 is PASS with A grade
1201160016 is PASS
1201160016 is PASS with B grade
1101160026 is PASS
1101160026 is PASS with B grade
1101160028 is FAIL
1101160028 Grade is - 
1302160008 is FAIL
1302160008 is FAIL with - grade
1201160025 is PASS
1201160025 is PASS with B grade
1101160025 is FAIL
1101160025 Grade is - 
1201160043 is PASS
1201160043 is PASS with A+ grade
1201160011 is PASS
1201160011 is PASS with A grade
1101160048 is FAIL
1101160048 is FAIL with - grade
1101160041 is FAIL
1101160041 Grade is - 
1101160031 is FAIL
1101160031 is FAIL with - grade
1301160001 is FAIL
1301160001 is FAIL with - grade
1101160003 is PASS
1101160003 is PASS with B grade
1101160044 is FAIL
1101160044 is FAIL with - grade
1302160002 is PASS
1302160002 is PASS with A+ grade
1302160022 is FAIL
1302160022 is FAIL with - grade
1201160005 is PASS
1201160005 is PASS with B grade
1201160004 is PASS
1201160004 is PASS with A grade
1201160020 is PASS
1201160020 is PASS with A grade
1201160001 is PASS
1201160001 is PASS with A grade
1201160003 is PASS
1201160003 is PASS with A grade
1201160037 is FAIL
1201160037 is FAIL with - grade
1301160003 is FAIL
1301160003 is FAIL with - grade
1301160012 is PASS
1301160012 is PASS with A+ grade
1301160016  Student is Absent
1201160039 is FAIL
1201160039 is FAIL with - grade
1201160041 is PASS
1201160041 is PASS with A grade
1201160015 is PASS
1201160015 is PASS with A grade
1201160006 is PASS
1201160006 is PASS with A+ grade
1201160035 is FAIL
1201160035 Grade is - 
1302160016 is FAIL
1302160016 Grade is - 
1302160026 is FAIL
1302160026 is FAIL with - grade
1201160044 is PASS
1201160044 is PASS with A+ grade
1201160002 is PASS
1201160002 is PASS with B grade
1201160038 is PASS
1201160038 is PASS with A grade
1201160023 is PASS
1201160023 is PASS with A+ grade
1201160032 is FAIL
1201160032 Grade is - 
1101160032 is FAIL
1101160032 is FAIL with - grade
1101160007 is FAIL
1101160007 Grade is - 
1101160029 is PASS
1101160029 is PASS with A grade
1302160001 is FAIL
1302160001 is FAIL with - grade
1302160019 is PASS
1302160019 is PASS with A+ grade
1302160021 is FAIL
1302160021 Grade is - 
1302160011  Student is Absent
1301160022 is FAIL
1301160022 Grade is - 
1301160005 is FAIL
1301160005 Grade is - 
1301160026 is FAIL
1301160026 is FAIL with - grade
1301160010 is FAIL
1301160010 is FAIL with - grade
1301160008 is FAIL
1301160008 is FAIL with - grade
1301160024 is FAIL
1301160024 Grade is - 
1101160039 is PASS
1101160039 is PASS with A+ grade
1101160024 is PASS
1101160024 is PASS with A grade
1101160013 is FAIL
1101160013 is FAIL with - grade
1101160043 is PASS
1101160043 is PASS with A grade
1302160013 is FAIL
1302160013 Grade is - 
1101160002 is PASS
1101160002 is PASS with A+ grade
1101160021 is FAIL
1101160021 is FAIL with - grade
1101160010 is PASS
1101160010 is PASS with A grade
1101160036  Student is Absent
1201160027  Student is Absent
1201160009 is FAIL
1201160009 is FAIL with - grade
1201160033 is FAIL
1201160033 Grade is - 
1201160013 is FAIL
1201160013 is FAIL with - grade
1302160012 is PASS
1302160012 is PASS with A grade
1302160014 is FAIL
1302160014 is FAIL with - grade
1201160008 is FAIL
1201160008 is FAIL with - grade
1201160017 is PASS
1201160017 is PASS with A+ grade
1301160006 is PASS
1301160006 is PASS with B grade
1301160019 is PASS
1301160019 is PASS with A grade
1301160020 is PASS
1301160020 is PASS with A grade
1301160023 is PASS
1301160023 is PASS with A+ grade
1301160015 is FAIL
1301160015 Grade is - 
1301160011 is FAIL
1301160011 Grade is - 
1301160002 is PASS
1301160002 is PASS with A grade
1301160009  Student is Absent
1101160006 is PASS
1101160006 is PASS with A grade
1301160007 is FAIL
1301160007 Grade is - 
1201160022 is FAIL
1201160022 is FAIL with - grade
1201160029 is FAIL
1201160029 is FAIL with - grade
1201160030 is FAIL
1201160030 is FAIL with - grade
1201160018 is PASS
1201160018 is PASS with A grade
1101160042 is PASS
1101160042 is PASS with A grade
1101160016 is PASS
1101160016 is PASS with A grade
1101160037 is FAIL
1101160037 is FAIL with - grade
1101160023 is FAIL
1101160023 is FAIL with - grade
1101160004 is FAIL
1101160004 Grade is - 
1101160035 is PASS
1101160035 is PASS with A grade
1101160009 is FAIL
1101160009 Grade is - 
1201160007  Student is Absent
1201160014 is PASS
1201160014 is PASS with A grade
1302160010 is FAIL
1302160010 is FAIL with - grade
1302160007 is PASS
1302160007 is PASS with A grade
1302160023 is PASS
1302160023 is PASS with A grade
1401160020 is FAIL
1401160020 Grade is - 
1401160056 is FAIL
1401160056 is FAIL with - grade
1401160055 is FAIL
1401160055 is FAIL with - grade
1401160003 is FAIL
1401160003 is FAIL with - grade
1401160006 is FAIL
1401160006 is FAIL with - grade
1401160010 is PASS
1401160010 is PASS with B grade
1401160053 is FAIL
1401160053 Grade is - 
1401160042 is FAIL
1401160042 is FAIL with - grade
1401160017 is FAIL
1401160017 Grade is - 
1401160019 is PASS
1401160019 is PASS with A grade
1401160027 is FAIL
1401160027 is FAIL with - grade
1401160028 is FAIL
1401160028 is FAIL with - grade
1401160048 is PASS
1401160048 is PASS with A grade
1401160015 is PASS
1401160015 is PASS with A grade
1401160013 is PASS
1401160013 is PASS with A grade
1401160022 is FAIL
1401160022 Grade is - 
1401160008 is PASS
1401160008 is PASS with A grade
1401160038 is PASS
1401160038 is PASS with A grade
1401160009 is PASS
1401160009 is PASS with B grade
1401160051 is FAIL
1401160051 is FAIL with - grade
1401160040 is FAIL
1401160040 Grade is - 
1401160052 is PASS
1401160052 is PASS with B grade
1401160044 is PASS
1401160044 is PASS with A grade
1401160002 is FAIL
1401160002 Grade is - 
1401160023 is PASS
1401160023 is PASS with A grade
1401160016 is PASS
1401160016 is PASS with A grade
1401160029 is FAIL
1401160029 is FAIL with - grade
1401160054 is FAIL
1401160054 Grade is - 
1401160037 is PASS
1401160037 is PASS with A grade
1401160046 is FAIL
1401160046 is FAIL with - grade
1401160032 is PASS
1401160032 is PASS with A grade
1401160034 is FAIL
1401160034 is FAIL with - grade
1401160043 is FAIL
1401160043 Grade is - 
1401160057 is PASS
1401160057 is PASS with A grade
1401160024 is FAIL
1401160024 Grade is - 
1401160001 is FAIL
1401160001 Grade is - 
1401160014 is FAIL
1401160014 Grade is - 
1401160031 is PASS
1401160031 is PASS with A grade
1401160004 is FAIL
1401160004 Grade is - 
1401160036 is FAIL
1401160036 is FAIL with - grade
1401160005 is FAIL
1401160005 is FAIL with - grade
1401160050 is FAIL
1401160050 Grade is - 
1401160045 is PASS
1401160045 is PASS with A grade
1401160021 is PASS
1401160021 is PASS with A+ grade
1401160026 is FAIL
1401160026 is FAIL with - grade
1401160047 is PASS
1401160047 is PASS with B grade
1401160018 is FAIL
1401160018 is FAIL with - grade
1401160030 is FAIL
1401160030 is FAIL with - grade
1401160035 is FAIL
1401160035 is FAIL with - grade
1401160025 is FAIL
1401160025 Grade is - 
1401160012 is FAIL
1401160012 is FAIL with - grade
1401160041 is PASS
1401160041 is PASS with A grade
1401160011 is PASS
1401160011 is PASS with B grade
1401160049 is FAIL
1401160049 is FAIL with - grade
1401160033 is PASS
1401160033 is PASS with A grade
1401160039 is FAIL
1401160039 Grade is - 
1401160007 is FAIL
1401160007 Grade is - 
1506160030 is PASS
1506160030 is PASS with A grade
1502160029 is PASS
1502160029 is PASS with A+ grade
1502160023 is FAIL
1502160023 is FAIL with - grade
1502160008 is FAIL
1502160008 is FAIL with - grade
1502160021 is FAIL
1502160021 Grade is - 
1502160025 is PASS
1502160025 is PASS with A+ grade
1505160025 is FAIL
1505160025 Grade is - 
1505160003 is PASS
1505160003 is PASS with A+ grade
1505160011 is FAIL
1505160011 is FAIL with - grade
1505160018 is PASS
1505160018 is PASS with A grade
1505160027 is PASS
1505160027 is PASS with A+ grade
1505160001 is FAIL
1505160001 Grade is - 
1507160016 is FAIL
1507160016 is FAIL with - grade
1507160015 is PASS
1507160015 is PASS with A+ grade
1507160024 is PASS
1507160024 is PASS with A+ grade
1507160029 is PASS
1507160029 is PASS with B grade
1507160018 is PASS
1507160018 is PASS with B grade
1507160025 is PASS
1507160025 is PASS with A grade
1507160021 is FAIL
1507160021 Grade is - 
1507160027 is FAIL
1507160027 is FAIL with - grade
1507160026 is PASS
1507160026 is PASS with A+ grade
1507160003  Student is Absent
1507160007 is FAIL
1507160007 Grade is - 
1506160018 is FAIL
1506160018 is FAIL with - grade
1506160019  Student is Absent
1506160025 is FAIL
1506160025 is FAIL with - grade
1506160013 is PASS
1506160013 is PASS with B grade
1506160012 is PASS
1506160012 is PASS with A+ grade
1508160018 is FAIL
1508160018 Grade is - 
1508160019 is PASS
1508160019 is PASS with B grade
1508160002 is PASS
1508160002 is PASS with A+ grade
1502160033 is FAIL
1502160033 is FAIL with - grade
1502160026 is FAIL
1502160026 Grade is - 
1505160016 is PASS
1505160016 is PASS with A grade
1505160031 is PASS
1505160031 is PASS with A+ grade
1505160020 is FAIL
1505160020 is FAIL with - grade
1502160024 is PASS
1502160024 is PASS with B grade
1502160009 is PASS
1502160009 is PASS with B grade
1502160020 is PASS
1502160020 is PASS with A+ grade
1507160011 is FAIL
1507160011 Grade is - 
1508160011 is FAIL
1508160011 is FAIL with - grade
1501160064 is FAIL
1501160064 is FAIL with - grade
1501160011 is PASS
1501160011 is PASS with B grade
1501160015  Student is Absent
1501160025 is PASS
1501160025 is PASS with A grade
1502160031 is PASS
1502160031 is PASS with B grade
1501160054 is FAIL
1501160054 is FAIL with - grade
1505160021 is FAIL
1505160021 is FAIL with - grade
1505160029 is PASS
1505160029 is PASS with A grade
1505160014 is PASS
1505160014 is PASS with A grade
1505160012 is PASS
1505160012 is PASS with A+ grade
1508160016 is PASS
1508160016 is PASS with A+ grade
1504160020 is PASS
1504160020 is PASS with B grade
1504160040 is PASS
1504160040 is PASS with A+ grade
1504160044 is PASS
1504160044 is PASS with A+ grade
1504160007 is FAIL
1504160007 is FAIL with - grade
1507160017 is FAIL
1507160017 Grade is - 
1501160055 is FAIL
1501160055 Grade is - 
1501160044 is PASS
1501160044 is PASS with A grade
1501160022 is FAIL
1501160022 is FAIL with - grade
1501160056  Student is Absent
1504160022  Student is Absent
1504160036  Student is Absent
1504160029  Student is Absent
1504160014 is FAIL
1504160014 is FAIL with - grade
1504160019 is PASS
1504160019 is PASS with B grade
1504160024 is FAIL
1504160024 Grade is - 
1504160043 is FAIL
1504160043 is FAIL with - grade
1504160008 is FAIL
1504160008 Grade is - 
1504160003 is FAIL
1504160003 is FAIL with - grade
1503160016 is FAIL
1503160016 is FAIL with - grade
1503160014 is FAIL
1503160014 is FAIL with - grade
1503160019 is FAIL
1503160019 is FAIL with - grade
1503160032 is PASS
1503160032 is PASS with B grade
1503160018 is PASS
1503160018 is PASS with A grade
1503160037 is PASS
1503160037 is PASS with B grade
1503160006 is PASS
1503160006 is PASS with A grade
1501160001  Student is Absent
1501160050  Student is Absent
1501160035  Student is Absent
1501160039 is PASS
1501160039 is PASS with B grade
1501160047 is FAIL
1501160047 Grade is - 
1501160008 is FAIL
1501160008 is FAIL with - grade
1501160006 is PASS
1501160006 is PASS with B grade
1508160005 is PASS
1508160005 is PASS with A grade
1504160042 is PASS
1504160042 is PASS with A grade
1504160016 is PASS
1504160016 is PASS with A grade
1505160024 is FAIL
1505160024 is FAIL with - grade
1505160005 is PASS
1505160005 is PASS with A grade
1505160010 is PASS
1505160010 is PASS with B grade
1505160017 is PASS
1505160017 is PASS with A+ grade
1508160009 is FAIL
1508160009 is FAIL with - grade
1508160008 is PASS
1508160008 is PASS with A grade
1508160020 is PASS
1508160020 is PASS with B grade
1506160014 is PASS
1506160014 is PASS with A grade
1501160042 is FAIL
1501160042 is FAIL with - grade
1501160023 is FAIL
1501160023 is FAIL with - grade
1501160052 is PASS
1501160052 is PASS with A grade
1507160009 is PASS
1507160009 is PASS with A+ grade
1507160001 is PASS
1507160001 is PASS with A+ grade
1508160006 is FAIL
1508160006 is FAIL with - grade
1505160006  Student is Absent
1505160007 is PASS
1505160007 is PASS with B grade
1501160065 is PASS
1501160065 is PASS with A grade
1505160023 is FAIL
1505160023 is FAIL with - grade
1505160019 is FAIL
1505160019 is FAIL with - grade
1505160009 is PASS
1505160009 is PASS with A+ grade
1505160013 is PASS
1505160013 is PASS with B grade
1505160008 is PASS
1505160008 is PASS with A grade
1505160004 is PASS
1505160004 is PASS with A+ grade
1505160015 is PASS
1505160015 is PASS with A+ grade
1505160026 is PASS
1505160026 is PASS with A+ grade
1504160026 is FAIL
1504160026 Grade is - 
1504160038 is PASS
1504160038 is PASS with A grade
1504160005 is FAIL
1504160005 is FAIL with - grade
1501160046 is PASS
1501160046 is PASS with A+ grade
1501160012 is PASS
1501160012 is PASS with A+ grade
1501160018 is PASS
1501160018 is PASS with A grade
1501160040 is PASS
1501160040 is PASS with A+ grade
1503160021 is PASS
1503160021 is PASS with A+ grade
1503160027 is PASS
1503160027 is PASS with A+ grade
1503160028 is FAIL
1503160028 is FAIL with - grade
1506160004 is FAIL
1506160004 is FAIL with - grade
1506160002 is PASS
1506160002 is PASS with A+ grade
1506160031  Student is Absent
1501160026 is PASS
1501160026 is PASS with B grade
1508160014 is PASS
1508160014 is PASS with A grade
1507160010 is FAIL
1507160010 is FAIL with - grade
1507160005 is PASS
1507160005 is PASS with A grade
1507160020 is PASS
1507160020 is PASS with A+ grade
1507160008  Student is Absent
1507160002 is PASS
1507160002 is PASS with A+ grade
1502160022 is FAIL
1502160022 Grade is - 
1502160001 is FAIL
1502160001 is FAIL with - grade
1501160041 is FAIL
1501160041 is FAIL with - grade
1501160053 is PASS
1501160053 is PASS with A grade
1501160032 is FAIL
1501160032 Grade is - 
1501160003 is PASS
1501160003 is PASS with C grade
1501160014 is FAIL
1501160014 is FAIL with - grade
1501160017 is PASS
1501160017 is PASS with B grade
1501160029 is FAIL
1501160029 Grade is - 
1501160060 is PASS
1501160060 is PASS with A+ grade
1501160038 is FAIL
1501160038 Grade is - 
1501160051 is PASS
1501160051 is PASS with A grade
1501160034 is FAIL
1501160034 is FAIL with - grade
1501160016 is FAIL
1501160016 Grade is - 
1502160032  Student is Absent
1502160003 is FAIL
1502160003 is FAIL with - grade
1502160030 is FAIL
1502160030 Grade is - 
1502160017 is PASS
1502160017 is PASS with B grade
1502160028 is FAIL
1502160028 Grade is - 
1502160002 is PASS
1502160002 is PASS with A grade
1507160023 is FAIL
1507160023 is FAIL with - grade
1507160012 is FAIL
1507160012 Grade is - 
1507160006 is PASS
1507160006 is PASS with B grade
1507160004 is FAIL
1507160004 is FAIL with - grade
1507160022  Student is Absent
1508160013 is FAIL
1508160013 is FAIL with - grade
1508160012 is PASS
1508160012 is PASS with A grade
1508160010 is PASS
1508160010 is PASS with A+ grade
1506160011 is PASS
1506160011 is PASS with A+ grade
1504160002 is FAIL
1504160002 Grade is - 
1504160021 is PASS
1504160021 is PASS with A grade
1504160035 is PASS
1504160035 is PASS with B grade
1504160023 is PASS
1504160023 is PASS with A grade
1504160001 is PASS
1504160001 is PASS with A+ grade
1501160062 is FAIL
1501160062 is FAIL with - grade
1506160015 is FAIL
1506160015 is FAIL with - grade
1506160003 is FAIL
1506160003 is FAIL with - grade
1506160023 is FAIL
1506160023 is FAIL with - grade
1506160027 is PASS
1506160027 is PASS with A+ grade
1506160016 is PASS
1506160016 is PASS with A grade
1503160029 is FAIL
1503160029 is FAIL with - grade
1503160010  Student is Absent
1503160012 is PASS
1503160012 is PASS with A grade
1507160019 is FAIL
1507160019 is FAIL with - grade
1507160013  Student is Absent
1505160022  Student is Absent
1502160010 is PASS
1502160010 is PASS with A+ grade
1502160004 is PASS
1502160004 is PASS with A grade
1502160005 is FAIL
1502160005 Grade is - 
1502160007 is FAIL
1502160007 is FAIL with - grade
1502160016 is PASS
1502160016 is PASS with B grade
1501160045 is PASS
1501160045 is PASS with A grade
1501160028 is FAIL
1501160028 is FAIL with - grade
1501160004 is PASS
1501160004 is PASS with A grade
1501160024 is FAIL
1501160024 is FAIL with - grade
1501160030 is PASS
1501160030 is PASS with A+ grade
1501160033 is FAIL
1501160033 Grade is - 
1501160037 is FAIL
1501160037 is FAIL with - grade
1501160021 is PASS
1501160021 is PASS with A+ grade
1501160063 is PASS
1501160063 is PASS with A+ grade
1501160043 is PASS
1501160043 is PASS with A grade
1501160009 is PASS
1501160009 is PASS with A+ grade
1501160057 is PASS
1501160057 is PASS with A grade
1501160059 is FAIL
1501160059 Grade is - 
1501160048 is FAIL
1501160048 is FAIL with - grade
1502160006 is PASS
1502160006 is PASS with A+ grade
1502160019  Student is Absent
1502160034 is FAIL
1502160034 Grade is - 
1504160012 is FAIL
1504160012 is FAIL with - grade
1504160028  Student is Absent
1504160027 is PASS
1504160027 is PASS with B grade
1507160014 is FAIL
1507160014 is FAIL with - grade
1502160012 is FAIL
1502160012 Grade is - 
1501160005 is FAIL
1501160005 Grade is - 
1503160003 is PASS
1503160003 is PASS with A grade
1508160001 is FAIL
1508160001 is FAIL with - grade
1503160025 is PASS
1503160025 is PASS with A grade
1508160017 is FAIL
1508160017 is FAIL with - grade
1508160004 is FAIL
1508160004 Grade is - 
1508160003 is PASS
1508160003 is PASS with A grade
1508160015  Student is Absent
1507160028 is PASS
1507160028 is PASS with A+ grade
1508160007 is FAIL
1508160007 Grade is - 
1502160013 is FAIL
1502160013 Grade is - 
1502160027 is PASS
1502160027 is PASS with A grade
1502160018 is PASS
1502160018 is PASS with A grade
1502160014 is PASS
1502160014 is PASS with C grade
1502160015 is FAIL
1502160015 Grade is - 
1502160011 is FAIL
1502160011 Grade is - 
1505160032 is FAIL
1505160032 is FAIL with - grade
1505160028 is FAIL
1505160028 is FAIL with - grade
1501160061 is FAIL
1501160061 is FAIL with - grade
1501160007 is FAIL
1501160007 Grade is - 
1503160011 is FAIL
1503160011 is FAIL with - grade
1503160022 is PASS
1503160022 is PASS with A grade
1503160030 is FAIL
1503160030 is FAIL with - grade
1504160011 is FAIL
1504160011 is FAIL with - grade
1504160015 is PASS
1504160015 is PASS with A+ grade
1504160033 is FAIL
1504160033 is FAIL with - grade
1504160045 is PASS
1504160045 is PASS with A grade
1503160005  Student is Absent
1503160024 is FAIL
1503160024 Grade is - 
1503160031 is FAIL
1503160031 is FAIL with - grade
1503160033 is FAIL
1503160033 is FAIL with - grade
1503160026 is PASS
1503160026 is PASS with A grade
1506160001 is FAIL
1506160001 Grade is - 
1506160021 is FAIL
1506160021 Grade is - 
1506160008 is FAIL
1506160008 is FAIL with - grade
1506160005 is FAIL
1506160005 Grade is - 
1506160006  Student is Absent
1506160024 is PASS
1506160024 is PASS with A grade
1506160026 is PASS
1506160026 is PASS with A grade
1505160030 is PASS
1505160030 is PASS with A+ grade
1505160002 is FAIL
1505160002 is FAIL with - grade
1505160033 is FAIL
1505160033 Grade is - 
1501160036 is FAIL
1501160036 is FAIL with - grade
1501160031 is PASS
1501160031 is PASS with B grade
1501160058 is FAIL
1501160058 is FAIL with - grade
1501160019  Student is Absent
1501160010  Student is Absent
1501160013 is FAIL
1501160013 is FAIL with - grade
1501160027 is PASS
1501160027 is PASS with A+ grade
1501160002 is FAIL
1501160002 Grade is - 
1501160049 is PASS
1501160049 is PASS with A grade
1501160020 is FAIL
1501160020 is FAIL with - grade
1503160013 is FAIL
1503160013 is FAIL with - grade
1503160008 is FAIL
1503160008 is FAIL with - grade
1503160017 is PASS
1503160017 is PASS with A grade
1503160004 is FAIL
1503160004 Grade is - 
1503160036 is FAIL
1503160036 is FAIL with - grade
1503160020 is FAIL
1503160020 Grade is - 
1503160001 is FAIL
1503160001 Grade is - 
1503160023 is FAIL
1503160023 is FAIL with - grade
1503160038 is PASS
1503160038 is PASS with A grade
1503160035 is PASS
1503160035 is PASS with B grade
1503160002 is PASS
1503160002 is PASS with A+ grade
1503160007 is FAIL
1503160007 Grade is - 
1503160034 is FAIL
1503160034 is FAIL with - grade
1503160009 is PASS
1503160009 is PASS with A+ grade
1503160015 is PASS
1503160015 is PASS with A+ grade
1504160031  Student is Absent
1504160034  Student is Absent
1504160006 is PASS
1504160006 is PASS with A+ grade
1504160025 is PASS
1504160025 is PASS with A grade
1504160018 is FAIL
1504160018 is FAIL with - grade
1504160004 is FAIL
1504160004 is FAIL with - grade
1504160013 is PASS
1504160013 is PASS with A grade
1504160009 is FAIL
1504160009 Grade is - 
1504160032 is FAIL
1504160032 Grade is - 
1504160041 is FAIL
1504160041 Grade is - 
1504160037 is PASS
1504160037 is PASS with A+ grade
1504160010 is FAIL
1504160010 is FAIL with - grade
1504160039 is FAIL
1504160039 is FAIL with - grade
1504160030  Student is Absent
1504160017 is PASS
1504160017 is PASS with A grade
1506160009 is PASS
1506160009 is PASS with A grade
1506160020  Student is Absent
1506160017 is PASS
1506160017 is PASS with A grade
1506160010 is PASS
1506160010 is PASS with A grade
1506160022 is PASS
1506160022 is PASS with A+ grade
1506160007 is PASS
1506160007 is PASS with A grade
1506160029 is FAIL
1506160029 is FAIL with - grade
1506160028 is PASS
1506160028 is PASS with B grade
2102160140 is PASS
2102160140 is PASS with B grade
2102160208 is FAIL
2102160208 Grade is - 
2102160004 is PASS
2102160004 is PASS with A grade
2102160165 is PASS
2102160165 is PASS with A grade
2102160132 is PASS
2102160132 is PASS with B grade
2102160317 is PASS
2102160317 is PASS with A grade
2102160047 is FAIL
2102160047 Grade is - 
2102160201 is FAIL
2102160201 Grade is - 
2102160166 is PASS
2102160166 is PASS with A+ grade
2102160195 is FAIL
2102160195 is FAIL with - grade
2102160283 is FAIL
2102160283 Grade is - 
2102160227 is PASS
2102160227 is PASS with A grade
2102160197 is FAIL
2102160197 Grade is - 
2102160162 is PASS
2102160162 is PASS with B grade
2102160057 is PASS
2102160057 is PASS with A grade
2102160225 is FAIL
2102160225 Grade is - 
2102160103 is PASS
2102160103 is PASS with A grade
2102160020 is PASS
2102160020 is PASS with A grade
2102160213 is FAIL
2102160213 is FAIL with - grade
2102160073 is FAIL
2102160073 Grade is - 
2102160026 is FAIL
2102160026 is FAIL with - grade
2102160167 is FAIL
2102160167 is FAIL with - grade
2102160306 is FAIL
2102160306 is FAIL with - grade
2102160002 is FAIL
2102160002 Grade is - 
2102160133  Student is Absent
2102160071 is FAIL
2102160071 is FAIL with - grade
2102160147 is PASS
2102160147 is PASS with A+ grade
2102160305 is PASS
2102160305 is PASS with B grade
2102160295 is PASS
2102160295 is PASS with A+ grade
2102160299 is PASS
2102160299 is PASS with A grade
2101160011 is FAIL
2101160011 is FAIL with - grade
2101160283 is PASS
2101160283 is PASS with A+ grade
2101160374 is PASS
2101160374 is PASS with A grade
2101160068 is FAIL
2101160068 Grade is - 
2101160110 is FAIL
2101160110 Grade is - 
2101160219 is FAIL
2101160219 is FAIL with - grade
2101160094 is FAIL
2101160094 is FAIL with - grade
2101160313 is FAIL
2101160313 Grade is - 
2101160089 is FAIL
2101160089 is FAIL with - grade
2101160271 is PASS
2101160271 is PASS with B grade
2101160128 is PASS
2101160128 is PASS with A grade
2101160076 is FAIL
2101160076 Grade is - 
2101160165 is FAIL
2101160165 is FAIL with - grade
2102160029 is PASS
2102160029 is PASS with A grade
2102160134 is PASS
2102160134 is PASS with B grade
2102160220 is PASS
2102160220 is PASS with A+ grade
2102160052  Student is Absent
2102160022 is PASS
2102160022 is PASS with A grade
2102160100 is FAIL
2102160100 is FAIL with - grade
2102160019 is FAIL
2102160019 is FAIL with - grade
2102160237 is PASS
2102160237 is PASS with A grade
2102160216 is FAIL
2102160216 is FAIL with - grade
2102160021 is PASS
2102160021 is PASS with A grade
2102160218 is FAIL
2102160218 Grade is - 
2102160056 is PASS
2102160056 is PASS with A grade
2102160070 is PASS
2102160070 is PASS with A+ grade
2102160264 is FAIL
2102160264 Grade is - 
2101160244  Student is Absent
2102160049 is FAIL
2102160049 Grade is - 
2102160135 is FAIL
2102160135 is FAIL with - grade
2102160263 is FAIL
2102160263 is FAIL with - grade
2102160250 is FAIL
2102160250 Grade is - 
2102160030 is PASS
2102160030 is PASS with A+ grade
2102160151 is PASS
2102160151 is PASS with A grade
2102160017 is FAIL
2102160017 is FAIL with - grade
2102160256 is FAIL
2102160256 Grade is - 
2102160014 is PASS
2102160014 is PASS with A+ grade
2102160010 is FAIL
2102160010 Grade is - 
2102160075 is FAIL
2102160075 is FAIL with - grade
2102160001 is FAIL
2102160001 is FAIL with - grade
2102160077 is PASS
2102160077 is PASS with A grade
2102160072 is FAIL
2102160072 Grade is - 
2102160108 is FAIL
2102160108 Grade is - 
2102160320 is PASS
2102160320 is PASS with A+ grade
2102160154 is PASS
2102160154 is PASS with A grade
2102160311 is FAIL
2102160311 Grade is - 
2101160149 is FAIL
2101160149 is FAIL with - grade
2101160315 is FAIL
2101160315 Grade is - 
2101160019 is FAIL
2101160019 Grade is - 
2101160366 is FAIL
2101160366 Grade is - 
2101160320 is PASS
2101160320 is PASS with A grade
2101160157 is PASS
2101160157 is PASS with A grade
2101160024 is FAIL
2101160024 is FAIL with - grade
2101160002 is FAIL
2101160002 is FAIL with - grade
2101160113 is FAIL
2101160113 Grade is - 
2101160361 is FAIL
2101160361 is FAIL with - grade
2101160344 is PASS
2101160344 is PASS with A grade
2101160355 is FAIL
2101160355 is FAIL with - grade
2101160015 is PASS
2101160015 is PASS with A+ grade
2101160237 is FAIL
2101160237 is FAIL with - grade
2101160379 is PASS
2101160379 is PASS with A+ grade
2101160196 is FAIL
2101160196 Grade is - 
2101160088 is FAIL
2101160088 Grade is - 
2101160111 is PASS
2101160111 is PASS with A grade
2101160370 is PASS
2101160370 is PASS with A grade
2101160348 is PASS
2101160348 is PASS with A+ grade
2101160378 is PASS
2101160378 is PASS with A grade
2101160188 is FAIL
2101160188 Grade is - 
2101160154 is PASS
2101160154 is PASS with B grade
2101160182 is FAIL
2101160182 is FAIL with - grade
2101160129  Student is Absent
2101160363  Student is Absent
2101160198  Student is Absent
2101160131  Student is Absent
2101160161  Student is Absent
2101160373  Student is Absent
2101160309  Student is Absent
2101160139  Student is Absent
2101160318  Student is Absent
2102160260 is FAIL
2102160260 Grade is - 
2102160286 is PASS
2102160286 is PASS with A grade
2102160275 is FAIL
2102160275 is FAIL with - grade
2102160173 is FAIL
2102160173 Grade is - 
2102160212 is PASS
2102160212 is PASS with A grade
2102160094 is FAIL
2102160094 Grade is - 
2102160248 is PASS
2102160248 is PASS with A grade
2102160321 is PASS
2102160321 is PASS with A+ grade
2102160050 is PASS
2102160050 is PASS with A grade
2102160160 is FAIL
2102160160 Grade is - 
2102160271 is FAIL
2102160271 is FAIL with - grade
2102160146 is FAIL
2102160146 is FAIL with - grade
2102160037 is FAIL
2102160037 is FAIL with - grade
2102160059  Student is Absent
2102160313  Student is Absent
2102160143 is FAIL
2102160143 Grade is - 
2102160282 is FAIL
2102160282 is FAIL with - grade
2102160217 is FAIL
2102160217 is FAIL with - grade
2102160104 is PASS
2102160104 is PASS with A grade
2102160168 is PASS
2102160168 is PASS with A+ grade
2102160243 is FAIL
2102160243 is FAIL with - grade
2102160157 is PASS
2102160157 is PASS with A grade
2102160126 is PASS
2102160126 is PASS with B grade
2102160148 is PASS
2102160148 is PASS with B grade
2102160119 is FAIL
2102160119 Grade is - 
2102160068 is FAIL
2102160068 Grade is - 
2102160202 is FAIL
2102160202 is FAIL with - grade
2102160262 is FAIL
2102160262 Grade is - 
2102160281 is PASS
2102160281 is PASS with A+ grade
2102160244 is PASS
2102160244 is PASS with C grade
2101160289 is PASS
2101160289 is PASS with A+ grade
2101160241  Student is Absent
2102160062 is PASS
2102160062 is PASS with B grade
2102160110 is PASS
2102160110 is PASS with B grade
2102160238 is FAIL
2102160238 Grade is - 
2102160198  Student is Absent
2101160115 is FAIL
2101160115 is FAIL with - grade
2101160359 is FAIL
2101160359 Grade is - 
2101160298 is FAIL
2101160298 Grade is - 
2101160004 is PASS
2101160004 is PASS with A grade
2101160122 is PASS
2101160122 is PASS with A+ grade
2101160254 is PASS
2101160254 is PASS with A grade
2102160136 is PASS
2102160136 is PASS with A grade
2102160274 is FAIL
2102160274 Grade is - 
2102160203 is FAIL
2102160203 Grade is - 
2102160091 is FAIL
2102160091 is FAIL with - grade
2102160172 is FAIL
2102160172 is FAIL with - grade
2102160222 is FAIL
2102160222 is FAIL with - grade
2102160249 is FAIL
2102160249 is FAIL with - grade
2101160365 is PASS
2101160365 is PASS with A grade
2101160203 is FAIL
2101160203 is FAIL with - grade
2101160135 is FAIL
2101160135 Grade is - 
2101160222 is FAIL
2101160222 Grade is - 
2101160328 is FAIL
2101160328 Grade is - 
2101160377 is PASS
2101160377 is PASS with A+ grade
2101160078 is PASS
2101160078 is PASS with A grade
2101160312 is FAIL
2101160312 is FAIL with - grade
2101160301 is FAIL
2101160301 Grade is - 
2101160169 is FAIL
2101160169 is FAIL with - grade
2101160284 is FAIL
2101160284 is FAIL with - grade
2101160022 is FAIL
2101160022 Grade is - 
2101160021  Student is Absent
2102160053  Student is Absent
2102160242 is FAIL
2102160242 Grade is - 
2101160250 is PASS
2101160250 is PASS with A+ grade
2101160153 is FAIL
2101160153 is FAIL with - grade
2101160285 is FAIL
2101160285 is FAIL with - grade
2101160282 is PASS
2101160282 is PASS with B grade
2101160330 is FAIL
2101160330 is FAIL with - grade
2101160292 is FAIL
2101160292 is FAIL with - grade
2101160382 is FAIL
2101160382 Grade is - 
2101160120 is FAIL
2101160120 is FAIL with - grade
2101160017 is PASS
2101160017 is PASS with A grade
2102160124 is FAIL
2102160124 is FAIL with - grade
2102160169 is PASS
2102160169 is PASS with A grade
2102160187 is FAIL
2102160187 Grade is - 
2102160098 is FAIL
2102160098 is FAIL with - grade
2102160033 is PASS
2102160033 is PASS with A grade
2102160150 is PASS
2102160150 is PASS with A grade
2102160270 is PASS
2102160270 is PASS with B grade
2102160184 is PASS
2102160184 is PASS with A grade
2102160307 is FAIL
2102160307 is FAIL with - grade
2102160114 is FAIL
2102160114 Grade is - 
2102160252 is PASS
2102160252 is PASS with A+ grade
2101160060 is FAIL
2101160060 Grade is - 
2101160168 is FAIL
2101160168 is FAIL with - grade
2101160155 is FAIL
2101160155 Grade is - 
2101160261 is FAIL
2101160261 Grade is - 
2101160323 is FAIL
2101160323 is FAIL with - grade
2101160160 is PASS
2101160160 is PASS with A+ grade
2101160281 is PASS
2101160281 is PASS with A grade
2101160358 is PASS
2101160358 is PASS with A grade
2101160279 is PASS
2101160279 is PASS with A grade
2101160130 is FAIL
2101160130 Grade is - 
2101160307 is PASS
2101160307 is PASS with A grade
2101160207 is PASS
2101160207 is PASS with C grade
2101160035 is FAIL
2101160035 Grade is - 
2101160233 is FAIL
2101160233 is FAIL with - grade
2101160048 is FAIL
2101160048 is FAIL with - grade
2101160245 is FAIL
2101160245 is FAIL with - grade
2101160077 is FAIL
2101160077 is FAIL with - grade
2101160246 is FAIL
2101160246 Grade is - 
2101160274 is PASS
2101160274 is PASS with C grade
2101160079 is PASS
2101160079 is PASS with A grade
2101160306 is FAIL
2101160306 Grade is - 
2101160223 is PASS
2101160223 is PASS with A grade
2101160263 is PASS
2101160263 is PASS with A+ grade
2101160300 is PASS
2101160300 is PASS with A+ grade
2101160085 is PASS
2101160085 is PASS with A grade
2101160208 is FAIL
2101160208 is FAIL with - grade
2101160159 is PASS
2101160159 is PASS with A grade
2101160126 is FAIL
2101160126 is FAIL with - grade
2101160051 is FAIL
2101160051 Grade is - 
2101160119 is FAIL
2101160119 is FAIL with - grade
2101160112 is PASS
2101160112 is PASS with A grade
2101160156 is PASS
2101160156 is PASS with A grade
2101160273 is PASS
2101160273 is PASS with A grade
2101160095 is PASS
2101160095 is PASS with A+ grade
2101160230  Student is Absent
2102160120 is FAIL
2102160120 Grade is - 
2102160278 is FAIL
2102160278 Grade is - 
2102160241 is FAIL
2102160241 Grade is - 
2102160069 is PASS
2102160069 is PASS with A grade
2102160224 is PASS
2102160224 is PASS with B grade
2102160044 is FAIL
2102160044 is FAIL with - grade
2102160035 is PASS
2102160035 is PASS with A grade
2102160085 is FAIL
2102160085 Grade is - 
2102160211  Student is Absent
2102160193 is PASS
2102160193 is PASS with A grade
2102160226 is PASS
2102160226 is PASS with A grade
2101160142 is FAIL
2101160142 Grade is - 
2101160325 is PASS
2101160325 is PASS with B grade
2101160214 is FAIL
2101160214 is FAIL with - grade
2102160088 is FAIL
2102160088 Grade is - 
2102160007 is PASS
2102160007 is PASS with A grade
2102160123 is FAIL
2102160123 Grade is - 
2102160038 is PASS
2102160038 is PASS with A grade
2102160045 is FAIL
2102160045 Grade is - 
2102160102  Student is Absent
2102160251  Student is Absent
2102160246  Student is Absent
2101160170 is PASS
2101160170 is PASS with A grade
2101160172 is PASS
2101160172 is PASS with A+ grade
2101160193 is PASS
2101160193 is PASS with A grade
2101160194 is PASS
2101160194 is PASS with A grade
2101160164 is FAIL
2101160164 Grade is - 
2101160376 is FAIL
2101160376 Grade is - 
2101160099 is PASS
2101160099 is PASS with A grade
2101160065 is PASS
2101160065 is PASS with A+ grade
2101160152 is PASS
2101160152 is PASS with B grade
2101160294 is FAIL
2101160294 is FAIL with - grade
2101160127 is FAIL
2101160127 Grade is - 
2101160116 is FAIL
2101160116 Grade is - 
2101160040 is PASS
2101160040 is PASS with A grade
2101160316 is FAIL
2101160316 Grade is - 
2102160142 is PASS
2102160142 is PASS with A grade
2102160319 is PASS
2102160319 is PASS with B grade
2102160215 is PASS
2102160215 is PASS with A grade
2102160196  Student is Absent
2102160105  Student is Absent
2102160149 is PASS
2102160149 is PASS with A grade
2102160006 is FAIL
2102160006 Grade is - 
2101160360 is PASS
2101160360 is PASS with A grade
2101160368 is FAIL
2101160368 Grade is - 
2101160031 is FAIL
2101160031 is FAIL with - grade
2101160212 is PASS
2101160212 is PASS with A grade
2101160311 is PASS
2101160311 is PASS with A+ grade
2101160340 is FAIL
2101160340 is FAIL with - grade
2101160384 is FAIL
2101160384 is FAIL with - grade
2101160383 is PASS
2101160383 is PASS with A+ grade
2101160009 is PASS
2101160009 is PASS with A grade
2101160016 is FAIL
2101160016 Grade is - 
2101160014 is FAIL
2101160014 is FAIL with - grade
2101160242 is PASS
2101160242 is PASS with B grade
2101160006 is PASS
2101160006 is PASS with A grade
2101160276 is PASS
2101160276 is PASS with A+ grade
2101160146 is PASS
2101160146 is PASS with A+ grade
2101160151 is PASS
2101160151 is PASS with A+ grade
2101160023 is FAIL
2101160023 Grade is - 
2101160175 is PASS
2101160175 is PASS with A grade
2101160206 is FAIL
2101160206 Grade is - 
2101160030 is FAIL
2101160030 is FAIL with - grade
2101160221 is FAIL
2101160221 is FAIL with - grade
2101160013 is FAIL
2101160013 Grade is - 
2102160314 is FAIL
2102160314 Grade is - 
2102160233 is FAIL
2102160233 Grade is - 
2102160009 is FAIL
2102160009 is FAIL with - grade
2102160180  Student is Absent
2102160316 is PASS
2102160316 is PASS with A+ grade
2102160298 is FAIL
2102160298 Grade is - 
2102160255 is PASS
2102160255 is PASS with A+ grade
2101160134 is PASS
2101160134 is PASS with A grade
2102160043 is FAIL
2102160043 is FAIL with - grade
2101160259 is PASS
2101160259 is PASS with A+ grade
2101160305 is PASS
2101160305 is PASS with A grade
2101160247 is PASS
2101160247 is PASS with A grade
2101160231 is FAIL
2101160231 Grade is - 
2101160341 is FAIL
2101160341 Grade is - 
2101160347 is PASS
2101160347 is PASS with A grade
2101160268 is FAIL
2101160268 is FAIL with - grade
2101160136 is FAIL
2101160136 is FAIL with - grade
2101160007 is FAIL
2101160007 is FAIL with - grade
2101160042  Student is Absent
2101160308  Student is Absent
2101160174 is FAIL
2101160174 is FAIL with - grade
2102160065 is PASS
2102160065 is PASS with A grade
2102160300  Student is Absent
2102160054 is FAIL
2102160054 Grade is - 
2102160289 is PASS
2102160289 is PASS with A grade
2102160107 is FAIL
2102160107 is FAIL with - grade
2102160131 is FAIL
2102160131 Grade is - 
2102160113 is FAIL
2102160113 Grade is - 
2101160327 is PASS
2101160327 is PASS with A grade
2101160125 is PASS
2101160125 is PASS with A grade
2101160342 is FAIL
2101160342 is FAIL with - grade
2101160103 is FAIL
2101160103 is FAIL with - grade
2101160109  Student is Absent
2101160047  Student is Absent
2101160338 is FAIL
2101160338 is FAIL with - grade
2101160043 is FAIL
2101160043 is FAIL with - grade
2101160227 is FAIL
2101160227 Grade is - 
2101160349 is PASS
2101160349 is PASS with A grade
2101160195 is FAIL
2101160195 Grade is - 
2102160185 is PASS
2102160185 is PASS with A grade
2102160028 is FAIL
2102160028 Grade is - 
2102160025 is PASS
2102160025 is PASS with A grade
2102160036 is FAIL
2102160036 is FAIL with - grade
2102160190 is FAIL
2102160190 Grade is - 
2102160130  Student is Absent
2102160111  Student is Absent
2102160223  Student is Absent
2101160114 is FAIL
2101160114 is FAIL with - grade
2102160005 is FAIL
2102160005 is FAIL with - grade
2101160092 is PASS
2101160092 is PASS with A grade
2101160185 is PASS
2101160185 is PASS with A+ grade
2101160187 is FAIL
2101160187 is FAIL with - grade
2101160012 is FAIL
2101160012 Grade is - 
2101160100 is FAIL
2101160100 Grade is - 
2101160332 is FAIL
2101160332 is FAIL with - grade
2101160369 is FAIL
2101160369 is FAIL with - grade
2101160091  Student is Absent
2101160107 is FAIL
2101160107 is FAIL with - grade
2101160050 is PASS
2101160050 is PASS with A grade
2102160023 is FAIL
2102160023 Grade is - 
2102160209 is FAIL
2102160209 Grade is - 
2102160170 is PASS
2102160170 is PASS with A grade
2102160280 is FAIL
2102160280 Grade is - 
2101160069 is FAIL
2101160069 Grade is - 
2101160239 is PASS
2101160239 is PASS with A grade
2101160034 is FAIL
2101160034 is FAIL with - grade
2101160064 is FAIL
2101160064 is FAIL with - grade
2101160243 is PASS
2101160243 is PASS with B grade
2101160217 is FAIL
2101160217 Grade is - 
2101160020 is PASS
2101160020 is PASS with B grade
2101160096  Student is Absent
2101160073 is FAIL
2101160073 Grade is - 
2101160008  Student is Absent
2101160269  Student is Absent
2101160032 is FAIL
2101160032 is FAIL with - grade
2101160056 is FAIL
2101160056 Grade is - 
2102160095 is FAIL
2102160095 is FAIL with - grade
2102160199 is PASS
2102160199 is PASS with A grade
2102160040 is FAIL
2102160040 Grade is - 
2102160125 is PASS
2102160125 is PASS with A+ grade
2102160234 is PASS
2102160234 is PASS with A+ grade
2102160288 is PASS
2102160288 is PASS with A grade
2102160204 is PASS
2102160204 is PASS with A grade
2102160293 is FAIL
2102160293 Grade is - 
2102160158 is FAIL
2102160158 is FAIL with - grade
2102160089 is FAIL
2102160089 Grade is - 
2102160155 is FAIL
2102160155 is FAIL with - grade
2102160078 is FAIL
2102160078 Grade is - 
2101160090 is PASS
2101160090 is PASS with A grade
2101160372 is FAIL
2101160372 is FAIL with - grade
2101160275 is FAIL
2101160275 is FAIL with - grade
2101160251 is FAIL
2101160251 Grade is - 
2101160162 is FAIL
2101160162 Grade is - 
2102160273 is PASS
2102160273 is PASS with A grade
2102160276 is FAIL
2102160276 Grade is - 
2101160039 is FAIL
2101160039 is FAIL with - grade
2101160132 is FAIL
2101160132 Grade is - 
2101160045 is PASS
2101160045 is PASS with A+ grade
2101160266 is PASS
2101160266 is PASS with A grade
2101160295 is PASS
2101160295 is PASS with A grade
2101160199 is PASS
2101160199 is PASS with B grade
2102160267 is FAIL
2102160267 Grade is - 
2102160186 is PASS
2102160186 is PASS with A grade
2102160230 is PASS
2102160230 is PASS with A grade
2102160118 is FAIL
2102160118 Grade is - 
2102160310 is FAIL
2102160310 Grade is - 
2102160039 is PASS
2102160039 is PASS with A grade
2102160128 is PASS
2102160128 is PASS with A+ grade
2102160287 is FAIL
2102160287 Grade is - 
2102160318  Student is Absent
2102160115  Student is Absent
2101160291  Student is Absent
2101160124  Student is Absent
2101160179  Student is Absent
2101160025  Student is Absent
2101160138  Student is Absent
2101160026  Student is Absent
2101160097  Student is Absent
2101160260  Student is Absent
2101160356 is PASS
2101160356 is PASS with A grade
2101160189 is FAIL
2101160189 Grade is - 
2101160335 is FAIL
2101160335 is FAIL with - grade
2101160033 is FAIL
2101160033 Grade is - 
2101160265 is FAIL
2101160265 is FAIL with - grade
2101160213 is PASS
2101160213 is PASS with B grade
2101160067 is PASS
2101160067 is PASS with A grade
2101160029 is FAIL
2101160029 is FAIL with - grade
2101160380 is PASS
2101160380 is PASS with A grade
2101160351 is FAIL
2101160351 Grade is - 
2101160166 is FAIL
2101160166 is FAIL with - grade
2101160137 is FAIL
2101160137 is FAIL with - grade
2101160148 is FAIL
2101160148 Grade is - 
2101160171 is FAIL
2101160171 Grade is - 
2101160200 is FAIL
2101160200 Grade is - 
2101160140 is PASS
2101160140 is PASS with A grade
2101160304 is FAIL
2101160304 is FAIL with - grade
2101160215 is PASS
2101160215 is PASS with B grade
2101160364 is PASS
2101160364 is PASS with A+ grade
2101160163 is PASS
2101160163 is PASS with B grade
2101160249 is FAIL
2101160249 is FAIL with - grade
2101160028 is PASS
2101160028 is PASS with A+ grade
2101160238 is PASS
2101160238 is PASS with A+ grade
2101160326 is PASS
2101160326 is PASS with A+ grade
2101160229 is FAIL
2101160229 is FAIL with - grade
2101160357 is PASS
2101160357 is PASS with A grade
2101160003 is PASS
2101160003 is PASS with A+ grade
2101160037 is FAIL
2101160037 is FAIL with - grade
2101160270 is FAIL
2101160270 is FAIL with - grade
2101160303 is FAIL
2101160303 Grade is - 
2101160052 is PASS
2101160052 is PASS with A grade
2101160147 is FAIL
2101160147 is FAIL with - grade
2101160055 is PASS
2101160055 is PASS with A+ grade
2101160118 is PASS
2101160118 is PASS with A+ grade
2101160184 is PASS
2101160184 is PASS with A+ grade
2101160133 is PASS
2101160133 is PASS with A+ grade
2101160178 is PASS
2101160178 is PASS with A grade
2101160220 is PASS
2101160220 is PASS with A+ grade
2101160098 is FAIL
2101160098 Grade is - 
2101160150 is FAIL
2101160150 Grade is - 
2101160173 is PASS
2101160173 is PASS with A grade
2101160226 is PASS
2101160226 is PASS with B grade
2101160336 is FAIL
2101160336 Grade is - 
2101160061 is FAIL
2101160061 Grade is - 
2101160062 is PASS
2101160062 is PASS with A grade
2101160339 is PASS
2101160339 is PASS with B grade
2101160167 is FAIL
2101160167 Grade is - 
2101160354 is FAIL
2101160354 Grade is - 
2101160253 is PASS
2101160253 is PASS with A grade
2101160070 is FAIL
2101160070 Grade is - 
2101160277 is PASS
2101160277 is PASS with A grade
2101160005 is FAIL
2101160005 Grade is - 
2101160322 is FAIL
2101160322 is FAIL with - grade
2101160001 is FAIL
2101160001 is FAIL with - grade
2101160353 is PASS
2101160353 is PASS with A grade
2101160143 is PASS
2101160143 is PASS with A grade
2101160044 is FAIL
2101160044 is FAIL with - grade
2101160299 is FAIL
2101160299 Grade is - 
2101160297 is PASS
2101160297 is PASS with A+ grade
2101160255 is PASS
2101160255 is PASS with A grade
2101160059 is FAIL
2101160059 Grade is - 
2101160371 is PASS
2101160371 is PASS with B grade
2102160087  Student is Absent
2102160127  Student is Absent
2102160207  Student is Absent
2102160034  Student is Absent
2102160200 is FAIL
2102160200 Grade is - 
2102160066 is FAIL
2102160066 is FAIL with - grade
2102160042 is FAIL
2102160042 is FAIL with - grade
2102160265 is FAIL
2102160265 Grade is - 
2102160061 is FAIL
2102160061 Grade is - 
2101160058 is FAIL
2101160058 is FAIL with - grade
2101160072 is FAIL
2101160072 Grade is - 
2101160074  Student is Absent
2101160264 is PASS
2101160264 is PASS with A+ grade
2101160240 is FAIL
2101160240 is FAIL with - grade
2101160352 is PASS
2101160352 is PASS with A grade
2101160267 is PASS
2101160267 is PASS with A+ grade
2101160158 is PASS
2101160158 is PASS with B grade
2101160057 is FAIL
2101160057 Grade is - 
2101160086 is FAIL
2101160086 is FAIL with - grade
2101160054 is FAIL
2101160054 Grade is - 
2101160262 is PASS
2101160262 is PASS with A grade
2101160324 is FAIL
2101160324 is FAIL with - grade
2101160183 is PASS
2101160183 is PASS with A+ grade
2101160176 is FAIL
2101160176 is FAIL with - grade
2101160084 is FAIL
2101160084 Grade is - 
2101160216 is PASS
2101160216 is PASS with A+ grade
2101160082 is PASS
2101160082 is PASS with A+ grade
2101160036 is FAIL
2101160036 is FAIL with - grade
2101160331 is PASS
2101160331 is PASS with A+ grade
2101160063 is PASS
2101160063 is PASS with A grade
2101160053 is FAIL
2101160053 Grade is - 
2101160204 is FAIL
2101160204 is FAIL with - grade
2101160010  Student is Absent
2101160101  Student is Absent
2101160248  Student is Absent
2102160129 is FAIL
2102160129 is FAIL with - grade
2102160315 is FAIL
2102160315 is FAIL with - grade
2102160058 is FAIL
2102160058 Grade is - 
2102160312 is FAIL
2102160312 Grade is - 
2102160048 is FAIL
2102160048 Grade is - 
2102160284 is PASS
2102160284 is PASS with B grade
2102160084 is FAIL
2102160084 is FAIL with - grade
2102160210 is PASS
2102160210 is PASS with A grade
2102160081 is FAIL
2102160081 Grade is - 
2101160121 is FAIL
2101160121 Grade is - 
2101160345 is PASS
2101160345 is PASS with B grade
2101160329 is FAIL
2101160329 Grade is - 
2101160186  Student is Absent
2101160272 is PASS
2101160272 is PASS with A+ grade
2102160297 is PASS
2102160297 is PASS with A grade
2102160174 is FAIL
2102160174 Grade is - 
2102160092 is FAIL
2102160092 Grade is - 
2102160235  Student is Absent
2102160106 is FAIL
2102160106 Grade is - 
2102160064 is FAIL
2102160064 is FAIL with - grade
2102160266 is FAIL
2102160266 Grade is - 
2102160116 is FAIL
2102160116 is FAIL with - grade
2102160163 is PASS
2102160163 is PASS with B grade
2102160194 is PASS
2102160194 is PASS with B grade
2102160191  Student is Absent
2102160051 is FAIL
2102160051 is FAIL with - grade
2102160122 is PASS
2102160122 is PASS with A grade
2102160214 is PASS
2102160214 is PASS with A grade
2102160253 is PASS
2102160253 is PASS with A grade
2102160245 is PASS
2102160245 is PASS with A+ grade
2102160109 is PASS
2102160109 is PASS with A+ grade
2102160231  Student is Absent
2102160247 is FAIL
2102160247 Grade is - 
2102160292 is PASS
2102160292 is PASS with A grade
2102160074 is PASS
2102160074 is PASS with A+ grade
2102160055 is FAIL
2102160055 Grade is - 
2102160301 is FAIL
2102160301 is FAIL with - grade
2102160027 is PASS
2102160027 is PASS with A grade
2102160138 is PASS
2102160138 is PASS with A grade
2102160018 is FAIL
2102160018 is FAIL with - grade
2102160011 is PASS
2102160011 is PASS with A grade
2102160099 is FAIL
2102160099 is FAIL with - grade
2102160164 is PASS
2102160164 is PASS with B grade
2102160016 is FAIL
2102160016 is FAIL with - grade
2101160317 is PASS
2101160317 is PASS with A grade
2101160190 is PASS
2101160190 is PASS with A grade
2101160337 is PASS
2101160337 is PASS with A grade
2101160362  Student is Absent
2101160104 is PASS
2101160104 is PASS with A grade
2101160234 is PASS
2101160234 is PASS with A grade
2101160041 is PASS
2101160041 is PASS with B grade
2101160202 is FAIL
2101160202 Grade is - 
2101160181 is FAIL
2101160181 Grade is - 
2101160191 is PASS
2101160191 is PASS with B grade
2101160180 is FAIL
2101160180 is FAIL with - grade
2101160087 is PASS
2101160087 is PASS with A grade
2101160232 is FAIL
2101160232 is FAIL with - grade
2101160257 is FAIL
2101160257 is FAIL with - grade
2101160256 is PASS
2101160256 is PASS with A+ grade
2101160280 is PASS
2101160280 is PASS with A grade
2101160211 is PASS
2101160211 is PASS with A grade
2101160314 is FAIL
2101160314 Grade is - 
2102160269 is PASS
2102160269 is PASS with A+ grade
2102160096 is FAIL
2102160096 is FAIL with - grade
2102160181 is PASS
2102160181 is PASS with A grade
2102160117 is PASS
2102160117 is PASS with A grade
2102160024 is PASS
2102160024 is PASS with B grade
2102160090 is FAIL
2102160090 is FAIL with - grade
2102160082 is FAIL
2102160082 Grade is - 
2102160093 is PASS
2102160093 is PASS with A+ grade
2102160161 is PASS
2102160161 is PASS with B grade
2102160259 is FAIL
2102160259 is FAIL with - grade
2102160080 is FAIL
2102160080 Grade is - 
2102160067  Student is Absent
2102160296 is FAIL
2102160296 is FAIL with - grade
2102160079 is FAIL
2102160079 Grade is - 
2102160205 is FAIL
2102160205 is FAIL with - grade
2101160102 is PASS
2101160102 is PASS with B grade
2101160290 is FAIL
2101160290 is FAIL with - grade
2101160252 is FAIL
2101160252 is FAIL with - grade
2101160106 is FAIL
2101160106 is FAIL with - grade
2101160319 is FAIL
2101160319 is FAIL with - grade
2101160144  Student is Absent
2101160197 is PASS
2101160197 is PASS with A grade
2101160350 is PASS
2101160350 is PASS with A grade
2101160083 is FAIL
2101160083 Grade is - 
2102160272 is FAIL
2102160272 Grade is - 
2102160015 is FAIL
2102160015 Grade is - 
2101160381 is FAIL
2101160381 is FAIL with - grade
2101160209 is PASS
2101160209 is PASS with B grade
2101160027 is FAIL
2101160027 is FAIL with - grade
2101160287 is FAIL
2101160287 Grade is - 
2101160205 is FAIL
2101160205 is FAIL with - grade
2101160066 is PASS
2101160066 is PASS with B grade
2101160046 is FAIL
2101160046 is FAIL with - grade
2101160333 is FAIL
2101160333 Grade is - 
2101160049 is FAIL
2101160049 is FAIL with - grade
2101160321 is FAIL
2101160321 Grade is - 
2102160152 is FAIL
2102160152 Grade is - 
2102160302 is FAIL
2102160302 Grade is - 
2102160032 is PASS
2102160032 is PASS with A grade
2102160159 is PASS
2102160159 is PASS with A grade
2102160188 is FAIL
2102160188 is FAIL with - grade
2102160046 is PASS
2102160046 is PASS with A grade
2102160239 is PASS
2102160239 is PASS with A grade
2102160268 is FAIL
2102160268 Grade is - 
2102160294 is PASS
2102160294 is PASS with A grade
2102160060 is FAIL
2102160060 is FAIL with - grade
2101160018 is PASS
2101160018 is PASS with B grade
2101160235 is PASS
2101160235 is PASS with A+ grade
2102160012 is PASS
2102160012 is PASS with B grade
2102160277 is FAIL
2102160277 Grade is - 
2102160183 is FAIL
2102160183 is FAIL with - grade
2102160240 is FAIL
2102160240 Grade is - 
2102160076 is FAIL
2102160076 Grade is - 
2102160232 is FAIL
2102160232 Grade is - 
2102160309 is FAIL
2102160309 is FAIL with - grade
2101160123 is FAIL
2101160123 Grade is - 
2101160071 is PASS
2101160071 is PASS with A+ grade
2101160192 is FAIL
2101160192 is FAIL with - grade
2101160375 is PASS
2101160375 is PASS with B grade
2101160310 is FAIL
2101160310 is FAIL with - grade
2101160228 is FAIL
2101160228 Grade is - 
2101160075 is FAIL
2101160075 Grade is - 
2101160145  Student is Absent
2101160225 is FAIL
2101160225 Grade is - 
2101160302 is PASS
2101160302 is PASS with A+ grade
2102160206 is PASS
2102160206 is PASS with A grade
2102160228 is FAIL
2102160228 Grade is - 
2102160176 is FAIL
2102160176 Grade is - 
2102160179 is PASS
2102160179 is PASS with A+ grade
2102160144 is FAIL
2102160144 is FAIL with - grade
2102160177 is FAIL
2102160177 is FAIL with - grade
2102160145 is PASS
2102160145 is PASS with A+ grade
2102160182 is PASS
2102160182 is PASS with A grade
2102160290  Student is Absent
2102160219 is FAIL
2102160219 is FAIL with - grade
2102160041 is PASS
2102160041 is PASS with B grade
2101160286 is PASS
2101160286 is PASS with A grade
2101160105 is PASS
2101160105 is PASS with B grade
2101160278 is FAIL
2101160278 is FAIL with - grade
2101160177 is FAIL
2101160177 is FAIL with - grade
2101160346 is PASS
2101160346 is PASS with A grade
2101160038 is PASS
2101160038 is PASS with A grade
2101160080 is PASS
2101160080 is PASS with A grade
2101160236 is FAIL
2101160236 Grade is - 
2102160258 is FAIL
2102160258 Grade is - 
2102160101 is FAIL
2102160101 Grade is - 
2102160097 is PASS
2102160097 is PASS with B grade
2102160141 is FAIL
2102160141 is FAIL with - grade
2102160171 is PASS
2102160171 is PASS with B grade
2102160083 is PASS
2102160083 is PASS with B grade
2102160192 is FAIL
2102160192 is FAIL with - grade
2102160139 is FAIL
2102160139 Grade is - 
2102160279 is FAIL
2102160279 Grade is - 
2102160229 is PASS
2102160229 is PASS with A grade
2102160236 is PASS
2102160236 is PASS with A grade
2102160261 is FAIL
2102160261 is FAIL with - grade
2102160153 is PASS
2102160153 is PASS with A grade
2102160308 is FAIL
2102160308 is FAIL with - grade
2102160304 is FAIL
2102160304 Grade is - 
2102160178 is PASS
2102160178 is PASS with A grade
2102160003 is FAIL
2102160003 Grade is - 
2102160189 is PASS
2102160189 is PASS with A+ grade
2102160137 is FAIL
2102160137 Grade is - 
2102160175 is PASS
2102160175 is PASS with B grade
2102160303 is PASS
2102160303 is PASS with A grade
2102160031 is FAIL
2102160031 is FAIL with - grade
2102160221 is FAIL
2102160221 is FAIL with - grade
2102160156 is PASS
2102160156 is PASS with A grade
2102160063 is FAIL
2102160063 is FAIL with - grade
2102160008 is PASS
2102160008 is PASS with B grade
2102160013 is PASS
2102160013 is PASS with A grade
2101160334 is FAIL
2101160334 is FAIL with - grade
2101160224 is FAIL
2101160224 is FAIL with - grade
2101160296 is PASS
2101160296 is PASS with A grade
2101160293 is FAIL
2101160293 Grade is - 
2101160108  Student is Absent
2101160218  Student is Absent
2101160081 is FAIL
2101160081 is FAIL with - grade
2101160141 is PASS
2101160141 is PASS with A+ grade
2102160121 is FAIL
2102160121 Grade is - 
2102160257 is FAIL
2102160257 is FAIL with - grade
2101160288 is PASS
2101160288 is PASS with A grade
2102160254 is FAIL
2102160254 Grade is - 
2102160112 is PASS
2102160112 is PASS with A+ grade
2102160086 is FAIL
2102160086 is FAIL with - grade
2102160285 is FAIL
2102160285 Grade is - 
2102160291  Student is Absent
2101160201 is PASS
2101160201 is PASS with A grade
2101160210 is PASS
2101160210 is PASS with A grade
2101160367 is PASS
2101160367 is PASS with A+ grade
2101160258 is FAIL
2101160258 Grade is - 
2101160093 is FAIL
2101160093 Grade is - 
2101160343 is PASS
2101160343 is PASS with A grade
2101160117 is FAIL
2101160117 Grade is - 
2201160094 is FAIL
2201160094 Grade is - 
2201160085 is FAIL
2201160085 is FAIL with - grade
2201160118 is FAIL
2201160118 is FAIL with - grade
2201160206 is PASS
2201160206 is PASS with B grade
2201160208 is PASS
2201160208 is PASS with A grade
2201160130 is FAIL
2201160130 is FAIL with - grade
2201160082 is FAIL
2201160082 Grade is - 
2201160271 is PASS
2201160271 is PASS with A grade
2201160143 is FAIL
2201160143 Grade is - 
2201160133 is FAIL
2201160133 is FAIL with - grade
2201160282 is FAIL
2201160282 Grade is - 
2201160060  Student is Absent
2201160045 is FAIL
2201160045 is FAIL with - grade
2201160214 is FAIL
2201160214 Grade is - 
2201160101 is PASS
2201160101 is PASS with A+ grade
2201160148 is FAIL
2201160148 Grade is - 
2201160116 is PASS
2201160116 is PASS with A grade
2201160253 is PASS
2201160253 is PASS with B grade
2201160216 is FAIL
2201160216 Grade is - 
2201160186 is FAIL
2201160186 Grade is - 
2201160223 is FAIL
2201160223 is FAIL with - grade
2201160254 is FAIL
2201160254 is FAIL with - grade
2201160144 is FAIL
2201160144 is FAIL with - grade
2201160038 is PASS
2201160038 is PASS with A grade
2201160010 is FAIL
2201160010 is FAIL with - grade
2201160117 is FAIL
2201160117 is FAIL with - grade
2201160095 is PASS
2201160095 is PASS with A+ grade
2201160285 is FAIL
2201160285 is FAIL with - grade
2201160034 is PASS
2201160034 is PASS with A grade
2201160259 is FAIL
2201160259 is FAIL with - grade
2201160108 is FAIL
2201160108 is FAIL with - grade
2201160002 is PASS
2201160002 is PASS with B grade
2201160207 is PASS
2201160207 is PASS with A grade
2201160269 is FAIL
2201160269 is FAIL with - grade
2201160231 is FAIL
2201160231 is FAIL with - grade
2201160121 is FAIL
2201160121 is FAIL with - grade
2201160220 is PASS
2201160220 is PASS with A grade
2201160036 is PASS
2201160036 is PASS with A+ grade
2201160263 is FAIL
2201160263 is FAIL with - grade
2201160265  Student is Absent
2201160100  Student is Absent
2201160026 is FAIL
2201160026 is FAIL with - grade
2201160150 is FAIL
2201160150 Grade is - 
2201160177 is PASS
2201160177 is PASS with A grade
2201160227 is FAIL
2201160227 Grade is - 
2201160001 is FAIL
2201160001 Grade is - 
2201160276 is FAIL
2201160276 is FAIL with - grade
2201160050 is FAIL
2201160050 is FAIL with - grade
2201160252 is FAIL
2201160252 Grade is - 
2201160112 is PASS
2201160112 is PASS with A grade
2201160157  Student is Absent
2201160185  Student is Absent
2201160163 is FAIL
2201160163 is FAIL with - grade
2201160129 is PASS
2201160129 is PASS with A grade
2201160071 is FAIL
2201160071 Grade is - 
2201160024 is PASS
2201160024 is PASS with A+ grade
2201160081 is PASS
2201160081 is PASS with A grade
2201160210 is PASS
2201160210 is PASS with A grade
2201160153 is PASS
2201160153 is PASS with A+ grade
2201160074 is PASS
2201160074 is PASS with A grade
2201160075 is FAIL
2201160075 is FAIL with - grade
2201160195 is FAIL
2201160195 is FAIL with - grade
2201160230 is FAIL
2201160230 is FAIL with - grade
2201160194 is FAIL
2201160194 is FAIL with - grade
2201160229 is FAIL
2201160229 is FAIL with - grade
2201160196 is FAIL
2201160196 is FAIL with - grade
2201160009 is FAIL
2201160009 is FAIL with - grade
2201160232 is FAIL
2201160232 is FAIL with - grade
2201160182 is PASS
2201160182 is PASS with A grade
2201160092 is PASS
2201160092 is PASS with A grade
2201160097 is FAIL
2201160097 is FAIL with - grade
2201160089 is FAIL
2201160089 Grade is - 
2201160104 is PASS
2201160104 is PASS with A grade
2201160198 is FAIL
2201160198 Grade is - 
2201160197 is FAIL
2201160197 Grade is - 
2201160107 is FAIL
2201160107 Grade is - 
2201160219 is FAIL
2201160219 Grade is - 
2201160086 is PASS
2201160086 is PASS with A+ grade
2201160078 is PASS
2201160078 is PASS with A grade
2201160267 is PASS
2201160267 is PASS with A grade
2201160003 is PASS
2201160003 is PASS with A+ grade
2201160028 is PASS
2201160028 is PASS with A grade
2201160059  Student is Absent
2201160105 is PASS
2201160105 is PASS with A grade
2201160168 is FAIL
2201160168 Grade is - 
2201160173 is PASS
2201160173 is PASS with A grade
2201160262 is FAIL
2201160262 is FAIL with - grade
2201160123 is PASS
2201160123 is PASS with A+ grade
2201160245 is PASS
2201160245 is PASS with A grade
2201160225 is FAIL
2201160225 Grade is - 
2201160156 is PASS
2201160156 is PASS with A+ grade
2201160180 is FAIL
2201160180 is FAIL with - grade
2201160226 is PASS
2201160226 is PASS with A grade
2201160136 is PASS
2201160136 is PASS with B grade
2201160072 is PASS
2201160072 is PASS with A+ grade
2201160068 is FAIL
2201160068 is FAIL with - grade
2201160057 is PASS
2201160057 is PASS with A grade
2201160052 is PASS
2201160052 is PASS with A grade
2201160217 is FAIL
2201160217 is FAIL with - grade
2201160109 is PASS
2201160109 is PASS with A grade
2201160021 is PASS
2201160021 is PASS with A grade
2201160158 is FAIL
2201160158 is FAIL with - grade
2201160166  Student is Absent
2201160012  Student is Absent
2201160161 is FAIL
2201160161 Grade is - 
2201160004 is PASS
2201160004 is PASS with A grade
2201160077 is PASS
2201160077 is PASS with A grade
2201160171 is PASS
2201160171 is PASS with B grade
2201160040 is FAIL
2201160040 is FAIL with - grade
2201160110 is PASS
2201160110 is PASS with A grade
2201160067 is PASS
2201160067 is PASS with A grade
2201160159 is PASS
2201160159 is PASS with A grade
2201160215 is PASS
2201160215 is PASS with A+ grade
2201160031 is PASS
2201160031 is PASS with A grade
2201160277 is FAIL
2201160277 is FAIL with - grade
2201160193 is FAIL
2201160193 Grade is - 
2201160273 is FAIL
2201160273 Grade is - 
2201160152 is FAIL
2201160152 is FAIL with - grade
2201160179 is PASS
2201160179 is PASS with A grade
2201160033 is FAIL
2201160033 is FAIL with - grade
2201160090  Student is Absent
2201160178 is PASS
2201160178 is PASS with A+ grade
2201160241 is PASS
2201160241 is PASS with A+ grade
2201160164 is FAIL
2201160164 is FAIL with - grade
2201160244 is PASS
2201160244 is PASS with A+ grade
2201160281 is FAIL
2201160281 is FAIL with - grade
2201160264 is PASS
2201160264 is PASS with B grade
2201160119 is FAIL
2201160119 Grade is - 
2201160167 is FAIL
2201160167 Grade is - 
2201160203 is PASS
2201160203 is PASS with B grade
2201160142 is PASS
2201160142 is PASS with B grade
2201160139 is PASS
2201160139 is PASS with A+ grade
2201160250 is PASS
2201160250 is PASS with A grade
2201160120 is FAIL
2201160120 is FAIL with - grade
2201160279 is FAIL
2201160279 is FAIL with - grade
2201160248 is FAIL
2201160248 is FAIL with - grade
2201160202 is FAIL
2201160202 Grade is - 
2201160006  Student is Absent
2201160013 is FAIL
2201160013 Grade is - 
2201160191 is FAIL
2201160191 Grade is - 
2201160062  Student is Absent
2201160093 is PASS
2201160093 is PASS with A grade
2201160098 is FAIL
2201160098 is FAIL with - grade
2201160099 is FAIL
2201160099 Grade is - 
2201160211 is PASS
2201160211 is PASS with A+ grade
2201160256 is PASS
2201160256 is PASS with C grade
2201160190 is PASS
2201160190 is PASS with B grade
2201160222 is FAIL
2201160222 Grade is - 
2201160022 is PASS
2201160022 is PASS with A grade
2201160155 is PASS
2201160155 is PASS with B grade
2201160066 is FAIL
2201160066 Grade is - 
2201160247 is PASS
2201160247 is PASS with B grade
2201160049 is PASS
2201160049 is PASS with C grade
2201160044 is FAIL
2201160044 is FAIL with - grade
2201160169 is PASS
2201160169 is PASS with A grade
2201160268 is FAIL
2201160268 is FAIL with - grade
2201160011 is FAIL
2201160011 Grade is - 
2201160192 is PASS
2201160192 is PASS with A grade
2201160027 is FAIL
2201160027 is FAIL with - grade
2201160188 is FAIL
2201160188 Grade is - 
2201160221 is PASS
2201160221 is PASS with A+ grade
2201160199 is PASS
2201160199 is PASS with A grade
2201160020 is FAIL
2201160020 is FAIL with - grade
2201160200 is PASS
2201160200 is PASS with A grade
2201160131 is FAIL
2201160131 Grade is - 
2201160015 is PASS
2201160015 is PASS with B grade
2201160243 is FAIL
2201160243 Grade is - 
2201160029 is FAIL
2201160029 is FAIL with - grade
2201160063 is FAIL
2201160063 Grade is - 
2201160212 is FAIL
2201160212 is FAIL with - grade
2201160132 is PASS
2201160132 is PASS with A+ grade
2201160242 is PASS
2201160242 is PASS with A grade
2201160048  Student is Absent
2201160138  Student is Absent
2201160149  Student is Absent
2201160064 is FAIL
2201160064 is FAIL with - grade
2201160061 is FAIL
2201160061 Grade is - 
2201160091 is PASS
2201160091 is PASS with A grade
2201160246 is PASS
2201160246 is PASS with A grade
2201160270 is PASS
2201160270 is PASS with A grade
2201160134 is FAIL
2201160134 Grade is - 
2201160258 is PASS
2201160258 is PASS with B grade
2201160283 is FAIL
2201160283 is FAIL with - grade
2201160103 is FAIL
2201160103 Grade is - 
2201160151 is PASS
2201160151 is PASS with A grade
2201160234 is FAIL
2201160234 Grade is - 
2201160127 is FAIL
2201160127 Grade is - 
2201160035 is FAIL
2201160035 is FAIL with - grade
2201160140 is PASS
2201160140 is PASS with A+ grade
2201160084 is PASS
2201160084 is PASS with A grade
2201160058 is FAIL
2201160058 Grade is - 
2201160113 is PASS
2201160113 is PASS with A grade
2201160032 is PASS
2201160032 is PASS with A+ grade
2201160088 is PASS
2201160088 is PASS with A grade
2201160070 is FAIL
2201160070 is FAIL with - grade
2201160187 is FAIL
2201160187 is FAIL with - grade
2201160014 is PASS
2201160014 is PASS with B grade
2201160102 is FAIL
2201160102 is FAIL with - grade
2201160079 is FAIL
2201160079 is FAIL with - grade
2201160175 is FAIL
2201160175 is FAIL with - grade
2201160096 is FAIL
2201160096 Grade is - 
2201160286 is PASS
2201160286 is PASS with B grade
2201160261 is PASS
2201160261 is PASS with A grade
2201160237 is FAIL
2201160237 is FAIL with - grade
2201160239 is FAIL
2201160239 Grade is - 
2201160174 is PASS
2201160174 is PASS with A grade
2201160055 is PASS
2201160055 is PASS with A+ grade
2201160228 is FAIL
2201160228 is FAIL with - grade
2201160154 is PASS
2201160154 is PASS with C grade
2201160201 is PASS
2201160201 is PASS with B grade
2201160218 is FAIL
2201160218 Grade is - 
2201160037 is FAIL
2201160037 Grade is - 
2201160125 is PASS
2201160125 is PASS with A grade
2201160274 is FAIL
2201160274 Grade is - 
2201160005 is PASS
2201160005 is PASS with A+ grade
2201160141 is FAIL
2201160141 Grade is - 
2201160145 is FAIL
2201160145 Grade is - 
2201160122 is PASS
2201160122 is PASS with A+ grade
2201160170 is FAIL
2201160170 is FAIL with - grade
2201160019  Student is Absent
2201160162 is FAIL
2201160162 is FAIL with - grade
2201160280 is PASS
2201160280 is PASS with B grade
2201160240 is FAIL
2201160240 is FAIL with - grade
2201160278 is PASS
2201160278 is PASS with A+ grade
2201160087 is PASS
2201160087 is PASS with B grade
2201160275 is PASS
2201160275 is PASS with A+ grade
2201160184 is PASS
2201160184 is PASS with A grade
2201160176  Student is Absent
2201160047 is PASS
2201160047 is PASS with A+ grade
2201160224 is FAIL
2201160224 Grade is - 
2201160046 is FAIL
2201160046 is FAIL with - grade
2201160249 is FAIL
2201160249 Grade is - 
2201160236 is PASS
2201160236 is PASS with A grade
2201160042 is PASS
2201160042 is PASS with A+ grade
2201160284 is FAIL
2201160284 is FAIL with - grade
2201160172 is FAIL
2201160172 Grade is - 
2201160018 is FAIL
2201160018 is FAIL with - grade
2201160080 is PASS
2201160080 is PASS with A+ grade
2201160266 is FAIL
2201160266 Grade is - 
2201160017 is FAIL
2201160017 Grade is - 
2201160238 is PASS
2201160238 is PASS with A grade
2201160257 is FAIL
2201160257 Grade is - 
2201160160 is PASS
2201160160 is PASS with A grade
2201160183 is PASS
2201160183 is PASS with A grade
2201160181 is PASS
2201160181 is PASS with A grade
2201160065 is FAIL
2201160065 Grade is - 
2201160205 is FAIL
2201160205 Grade is - 
2201160165 is PASS
2201160165 is PASS with A+ grade
2201160147 is PASS
2201160147 is PASS with A+ grade
2201160115  Student is Absent
2201160073 is FAIL
2201160073 Grade is - 
2201160235 is PASS
2201160235 is PASS with A grade
2201160023 is FAIL
2201160023 is FAIL with - grade
2201160124 is FAIL
2201160124 Grade is - 
2201160260 is PASS
2201160260 is PASS with A grade
2201160069 is FAIL
2201160069 is FAIL with - grade
2201160137 is PASS
2201160137 is PASS with A+ grade
2201160076 is PASS
2201160076 is PASS with A grade
2201160007 is FAIL
2201160007 Grade is - 
2201160056 is FAIL
2201160056 Grade is - 
2201160189 is FAIL
2201160189 is FAIL with - grade
2201160016 is FAIL
2201160016 Grade is - 
2201160025 is FAIL
2201160025 Grade is - 
2201160213 is FAIL
2201160213 is FAIL with - grade
2201160272 is FAIL
2201160272 is FAIL with - grade
2201160251 is FAIL
2201160251 is FAIL with - grade
2201160255 is PASS
2201160255 is PASS with A+ grade
2201160114 is FAIL
2201160114 is FAIL with - grade
2201160146 is PASS
2201160146 is PASS with A+ grade
2201160030 is FAIL
2201160030 is FAIL with - grade
2201160051 is FAIL
2201160051 is FAIL with - grade
2201160008 is PASS
2201160008 is PASS with A+ grade
2201160126 is FAIL
2201160126 Grade is - 
2201160233 is PASS
2201160233 is PASS with A grade
2201160041 is FAIL
2201160041 Grade is - 
2201160054 is PASS
2201160054 is PASS with B grade
2201160209 is PASS
2201160209 is PASS with A grade
2201160053 is PASS
2201160053 is PASS with A grade
2201160111 is PASS
2201160111 is PASS with A+ grade
2201160043 is FAIL
2201160043 is FAIL with - grade
2201160135 is FAIL
2201160135 Grade is - 
2201160204 is PASS
2201160204 is PASS with B grade
2201160106 is PASS
2201160106 is PASS with A grade
2201160039 is FAIL
2201160039 is FAIL with - grade
2201160128 is FAIL
2201160128 Grade is - 
2201160083 is FAIL
2201160083 Grade is - 
2301160087 is PASS
2301160087 is PASS with A grade
2301160203 is FAIL
2301160203 is FAIL with - grade
2301160124 is FAIL
2301160124 Grade is - 
2301160013 is PASS
2301160013 is PASS with A grade
2301160168 is PASS
2301160168 is PASS with A+ grade
2301160146 is FAIL
2301160146 is FAIL with - grade
2301160180 is PASS
2301160180 is PASS with A grade
2301160016 is PASS
2301160016 is PASS with A grade
2301160006 is FAIL
2301160006 Grade is - 
2301160122 is FAIL
2301160122 is FAIL with - grade
2301160111  Student is Absent
2301160211 is FAIL
2301160211 is FAIL with - grade
2301160096 is FAIL
2301160096 is FAIL with - grade
2301160033 is PASS
2301160033 is PASS with A grade
2301160053 is FAIL
2301160053 is FAIL with - grade
2301160136 is FAIL
2301160136 Grade is - 
2301160126 is PASS
2301160126 is PASS with A grade
2301160001 is PASS
2301160001 is PASS with A+ grade
2301160141 is PASS
2301160141 is PASS with A grade
2301160182 is FAIL
2301160182 is FAIL with - grade
2301160039 is FAIL
2301160039 is FAIL with - grade
2301160102 is PASS
2301160102 is PASS with A+ grade
2301160019 is FAIL
2301160019 Grade is - 
2301160071 is PASS
2301160071 is PASS with A+ grade
2301160179 is FAIL
2301160179 is FAIL with - grade
2301160150 is PASS
2301160150 is PASS with A grade
2301160069 is PASS
2301160069 is PASS with A+ grade
2301160029 is FAIL
2301160029 Grade is - 
2301160103 is PASS
2301160103 is PASS with A grade
2301160067 is FAIL
2301160067 is FAIL with - grade
2301160027 is PASS
2301160027 is PASS with A+ grade
2301160112 is FAIL
2301160112 Grade is - 
2301160020 is PASS
2301160020 is PASS with A grade
2301160081 is PASS
2301160081 is PASS with B grade
2301160047 is FAIL
2301160047 Grade is - 
2301160035 is PASS
2301160035 is PASS with A+ grade
2301160063 is PASS
2301160063 is PASS with A grade
2301160015 is PASS
2301160015 is PASS with B grade
2301160151 is FAIL
2301160151 is FAIL with - grade
2301160207 is FAIL
2301160207 is FAIL with - grade
2301160133 is FAIL
2301160133 is FAIL with - grade
2301160209 is FAIL
2301160209 Grade is - 
2301160206 is FAIL
2301160206 is FAIL with - grade
2301160088 is FAIL
2301160088 Grade is - 
2301160086 is PASS
2301160086 is PASS with B grade
2301160161 is FAIL
2301160161 is FAIL with - grade
2301160049 is FAIL
2301160049 is FAIL with - grade
2301160045 is FAIL
2301160045 Grade is - 
2301160064 is PASS
2301160064 is PASS with A grade
2301160078  Student is Absent
2301160028 is PASS
2301160028 is PASS with A grade
2301160163 is FAIL
2301160163 is FAIL with - grade
2301160066 is FAIL
2301160066 Grade is - 
2301160057 is PASS
2301160057 is PASS with A grade
2301160129 is FAIL
2301160129 Grade is - 
2301160084 is FAIL
2301160084 Grade is - 
2301160120 is FAIL
2301160120 Grade is - 
2301160164 is PASS
2301160164 is PASS with A+ grade
2301160082 is FAIL
2301160082 Grade is - 
2301160011 is PASS
2301160011 is PASS with A+ grade
2301160165 is PASS
2301160165 is PASS with A grade
2301160117 is FAIL
2301160117 is FAIL with - grade
2301160085 is FAIL
2301160085 is FAIL with - grade
2301160119 is FAIL
2301160119 Grade is - 
2301160149 is PASS
2301160149 is PASS with A grade
2301160127 is PASS
2301160127 is PASS with A grade
2301160046 is PASS
2301160046 is PASS with B grade
2301160116 is PASS
2301160116 is PASS with A grade
2301160157 is FAIL
2301160157 is FAIL with - grade
2301160004  Student is Absent
2301160037  Student is Absent
2301160106 is PASS
2301160106 is PASS with A grade
2301160167 is PASS
2301160167 is PASS with A grade
2301160036 is FAIL
2301160036 Grade is - 
2301160105 is PASS
2301160105 is PASS with A grade
2301160114 is PASS
2301160114 is PASS with A+ grade
2301160142 is PASS
2301160142 is PASS with A grade
2301160089 is PASS
2301160089 is PASS with A grade
2301160079 is FAIL
2301160079 Grade is - 
2301160194 is PASS
2301160194 is PASS with A+ grade
2301160075 is PASS
2301160075 is PASS with A grade
2301160040 is PASS
2301160040 is PASS with C grade
2301160025 is PASS
2301160025 is PASS with A grade
2301160195 is PASS
2301160195 is PASS with A grade
2301160060 is FAIL
2301160060 Grade is - 
2301160175 is PASS
2301160175 is PASS with A+ grade
2301160007 is PASS
2301160007 is PASS with A+ grade
2301160158 is PASS
2301160158 is PASS with A+ grade
2301160192 is FAIL
2301160192 Grade is - 
2301160145 is FAIL
2301160145 Grade is - 
2301160043 is PASS
2301160043 is PASS with A+ grade
2301160077 is PASS
2301160077 is PASS with A grade
2301160139 is FAIL
2301160139 is FAIL with - grade
2301160176 is PASS
2301160176 is PASS with B grade
2301160155 is FAIL
2301160155 is FAIL with - grade
2301160202 is FAIL
2301160202 is FAIL with - grade
2301160094 is PASS
2301160094 is PASS with A grade
2301160134 is FAIL
2301160134 Grade is - 
2301160193 is PASS
2301160193 is PASS with A+ grade
2301160052 is FAIL
2301160052 is FAIL with - grade
2301160014 is FAIL
2301160014 Grade is - 
2301160055 is PASS
2301160055 is PASS with B grade
2301160166  Student is Absent
2301160132 is PASS
2301160132 is PASS with B grade
2301160097 is FAIL
2301160097 Grade is - 
2301160065 is FAIL
2301160065 is FAIL with - grade
2301160021 is FAIL
2301160021 Grade is - 
2301160178 is FAIL
2301160178 is FAIL with - grade
2301160109 is PASS
2301160109 is PASS with A grade
2301160205  Student is Absent
2301160128 is PASS
2301160128 is PASS with A+ grade
2301160198 is FAIL
2301160198 is FAIL with - grade
2301160048 is PASS
2301160048 is PASS with A grade
2301160041 is PASS
2301160041 is PASS with A+ grade
2301160204 is FAIL
2301160204 Grade is - 
2301160208 is FAIL
2301160208 is FAIL with - grade
2301160107 is PASS
2301160107 is PASS with A grade
2301160191 is FAIL
2301160191 is FAIL with - grade
2301160058 is FAIL
2301160058 Grade is - 
2301160148  Student is Absent
2301160171  Student is Absent
2301160104 is FAIL
2301160104 is FAIL with - grade
2301160072 is PASS
2301160072 is PASS with A+ grade
2301160093 is FAIL
2301160093 is FAIL with - grade
2301160186 is FAIL
2301160186 is FAIL with - grade
2301160056 is FAIL
2301160056 Grade is - 
2301160190 is PASS
2301160190 is PASS with C grade
2301160092 is FAIL
2301160092 is FAIL with - grade
2301160100 is FAIL
2301160100 is FAIL with - grade
2301160153 is FAIL
2301160153 Grade is - 
2301160042 is PASS
2301160042 is PASS with A grade
2301160083 is PASS
2301160083 is PASS with B grade
2301160010 is FAIL
2301160010 Grade is - 
2301160162 is PASS
2301160162 is PASS with A grade
2301160200 is FAIL
2301160200 Grade is - 
2301160023 is FAIL
2301160023 Grade is - 
2301160070 is FAIL
2301160070 Grade is - 
2301160160 is FAIL
2301160160 Grade is - 
2301160184  Student is Absent
2301160130 is PASS
2301160130 is PASS with B grade
2301160008 is FAIL
2301160008 Grade is - 
2301160121 is PASS
2301160121 is PASS with A grade
2301160054 is PASS
2301160054 is PASS with A grade
2301160123 is FAIL
2301160123 Grade is - 
2301160118 is FAIL
2301160118 Grade is - 
2301160080 is FAIL
2301160080 Grade is - 
2301160113 is FAIL
2301160113 is FAIL with - grade
2301160152 is FAIL
2301160152 Grade is - 
2301160183 is FAIL
2301160183 is FAIL with - grade
2301160044 is FAIL
2301160044 is FAIL with - grade
2301160022 is PASS
2301160022 is PASS with A grade
2301160131 is PASS
2301160131 is PASS with A grade
2301160095 is PASS
2301160095 is PASS with B grade
2301160197 is FAIL
2301160197 is FAIL with - grade
2301160026 is FAIL
2301160026 is FAIL with - grade
2301160172 is FAIL
2301160172 Grade is - 
2301160002 is PASS
2301160002 is PASS with A grade
2301160091 is PASS
2301160091 is PASS with A grade
2301160135 is FAIL
2301160135 Grade is - 
2301160068 is FAIL
2301160068 Grade is - 
2301160159 is FAIL
2301160159 Grade is - 
2301160187 is PASS
2301160187 is PASS with A grade
2301160201 is FAIL
2301160201 is FAIL with - grade
2301160177 is PASS
2301160177 is PASS with B grade
2301160059 is PASS
2301160059 is PASS with A+ grade
2301160108 is PASS
2301160108 is PASS with A grade
2301160210 is PASS
2301160210 is PASS with A+ grade
2301160051  Student is Absent
2301160050  Student is Absent
2301160099 is FAIL
2301160099 Grade is - 
2301160074 is PASS
2301160074 is PASS with A+ grade
2301160170 is FAIL
2301160170 Grade is - 
2301160061 is FAIL
2301160061 Grade is - 
2301160032 is FAIL
2301160032 Grade is - 
2301160098 is PASS
2301160098 is PASS with A+ grade
2301160034 is PASS
2301160034 is PASS with A+ grade
2301160196 is FAIL
2301160196 is FAIL with - grade
2301160076 is PASS
2301160076 is PASS with A grade
2301160188 is PASS
2301160188 is PASS with A grade
2301160009 is FAIL
2301160009 is FAIL with - grade
2301160138 is FAIL
2301160138 is FAIL with - grade
2301160140 is FAIL
2301160140 Grade is - 
2301160062 is PASS
2301160062 is PASS with A grade
2301160212 is FAIL
2301160212 is FAIL with - grade
2301160005 is FAIL
2301160005 is FAIL with - grade
2301160173 is PASS
2301160173 is PASS with A+ grade
2301160012 is PASS
2301160012 is PASS with A grade
2301160024 is FAIL
2301160024 Grade is - 
2301160147 is PASS
2301160147 is PASS with A grade
2301160199 is PASS
2301160199 is PASS with A grade
2301160030 is FAIL
2301160030 Grade is - 
2301160137 is PASS
2301160137 is PASS with B grade
2301160003 is FAIL
2301160003 is FAIL with - grade
2301160144 is PASS
2301160144 is PASS with A grade
2301160038 is FAIL
2301160038 Grade is - 
[...]
8301160004 is PASS
8301160004 is PASS with B grade
8301160051 is FAIL
8301160051 is FAIL with - grade
8301160082 is FAIL
8301160082 is FAIL with - grade
8301160125 is PASS
8301160125 is PASS with A+ grade
8301160155 is PASS
8301160155 is PASS with B grade
8301160038 is FAIL
8301160038 Grade is - 
8301160166 is FAIL
8301160166 Grade is - 
8303160003  Student is Absent
8303160091 is PASS
8303160091 is PASS with A grade
8303160058 is FAIL
8303160058 Grade is - 
8302160176 is PASS
8302160176 is PASS with A+ grade
8302160051 is PASS
8302160051 is PASS with A+ grade
8302160090 is PASS
8302160090 is PASS with A grade
8302160195 is PASS
8302160195 is PASS with A grade
8302160146 is PASS
8302160146 is PASS with A grade
8302160124 is FAIL
8302160124 is FAIL with - grade
8302160094 is FAIL
8302160094 is FAIL with - grade
8303160035 is FAIL
8303160035 Grade is - 
8303160054 is FAIL
8303160054 Grade is - 
8303160051 is PASS
8303160051 is PASS with A grade
8303160095 is FAIL
8303160095 Grade is - 
8303160037 is FAIL
8303160037 is FAIL with - grade
8303160099 is PASS
8303160099 is PASS with A grade
8303160007 is FAIL
8303160007 Grade is - 
8303160018 is PASS
8303160018 is PASS with A grade
8302160062 is FAIL
8302160062 is FAIL with - grade
8302160161  Student is Absent
8302160032 is FAIL
8302160032 is FAIL with - grade
8302160038 is FAIL
8302160038 is FAIL with - grade
8302160165 is FAIL
8302160165 Grade is - 
8302160056 is FAIL
8302160056 Grade is - 
8302160162 is FAIL
8302160162 Grade is - 
8302160070 is FAIL
8302160070 is FAIL with - grade
8302160179 is PASS
8302160179 is PASS with B grade
8302160185 is PASS
8302160185 is PASS with A+ grade
8302160111 is PASS
8302160111 is PASS with C grade
8302160171 is FAIL
8302160171 is FAIL with - grade
8302160039 is PASS
8302160039 is PASS with A grade
8302160040 is PASS
8302160040 is PASS with A grade
8302160116 is PASS
8302160116 is PASS with A grade
8302160109 is FAIL
8302160109 is FAIL with - grade
8302160024 is FAIL
8302160024 is FAIL with - grade
8302160079 is PASS
8302160079 is PASS with A+ grade
8302160002 is FAIL
8302160002 Grade is - 
8302160150 is PASS
8302160150 is PASS with A grade
8302160026 is PASS
8302160026 is PASS with A+ grade
8302160155 is FAIL
8302160155 is FAIL with - grade
8302160136 is FAIL
8302160136 Grade is - 
8302160118 is PASS
8302160118 is PASS with B grade
8302160066 is PASS
8302160066 is PASS with A+ grade
8302160180 is FAIL
8302160180 is FAIL with - grade
8302160135 is PASS
8302160135 is PASS with B grade
8302160057 is PASS
8302160057 is PASS with A grade
8302160052 is PASS
8302160052 is PASS with A+ grade
8302160075 is PASS
8302160075 is PASS with A+ grade
8302160122 is PASS
8302160122 is PASS with B grade
8302160046 is PASS
8302160046 is PASS with A grade
8302160088 is PASS
8302160088 is PASS with A grade
8302160125 is PASS
8302160125 is PASS with A grade
8302160117 is FAIL
8302160117 is FAIL with - grade
8302160085 is PASS
8302160085 is PASS with B grade
8302160074 is PASS
8302160074 is PASS with A+ grade
8302160080 is FAIL
8302160080 is FAIL with - grade
8302160060 is FAIL
8302160060 Grade is - 
8302160048 is FAIL
8302160048 is FAIL with - grade
8302160082 is FAIL
8302160082 is FAIL with - grade
8302160113 is FAIL
8302160113 is FAIL with - grade
8302160107 is FAIL
8302160107 Grade is - 
8302160072 is FAIL
8302160072 is FAIL with - grade
8302160050 is FAIL
8302160050 Grade is - 
8301160112 is FAIL
8301160112 is FAIL with - grade
8301160162 is FAIL
8301160162 Grade is - 
8301160084 is FAIL
8301160084 Grade is - 
8301160131 is FAIL
8301160131 is FAIL with - grade
8301160096 is PASS
8301160096 is PASS with A grade
8301160156 is FAIL
8301160156 is FAIL with - grade
8301160133  Student is Absent
8301160081 is PASS
8301160081 is PASS with A grade
8301160009 is PASS
8301160009 is PASS with A grade
8301160094 is PASS
8301160094 is PASS with A grade
8301160063 is FAIL
8301160063 Grade is - 
8301160014 is FAIL
8301160014 Grade is - 
8303160072 is FAIL
8303160072 is FAIL with - grade
8303160059 is FAIL
8303160059 Grade is - 
8303160047 is FAIL
8303160047 Grade is - 
8303160084 is FAIL
8303160084 Grade is - 
8303160093 is FAIL
8303160093 is FAIL with - grade
8303160055 is FAIL
8303160055 is FAIL with - grade
8302160033 is PASS
8302160033 is PASS with A grade
8302160169 is PASS
8302160169 is PASS with B grade
8302160058 is FAIL
8302160058 is FAIL with - grade
8302160145 is PASS
8302160145 is PASS with A grade
8302160182 is FAIL
8302160182 is FAIL with - grade
8301160124 is PASS
8301160124 is PASS with B grade
8301160039 is FAIL
8301160039 Grade is - 
8301160071 is FAIL
8301160071 is FAIL with - grade
8301160044 is FAIL
8301160044 is FAIL with - grade
8301160098 is FAIL
8301160098 Grade is - 
8301160078  Student is Absent
8303160041 is FAIL
8303160041 is FAIL with - grade
8303160008 is FAIL
8303160008 is FAIL with - grade
8303160006 is FAIL
8303160006 Grade is - 
8303160064 is PASS
8303160064 is PASS with B grade
8303160049 is PASS
8303160049 is PASS with B grade
8303160005 is PASS
8303160005 is PASS with A+ grade
8303160044 is FAIL
8303160044 is FAIL with - grade
8303160040 is FAIL
8303160040 Grade is - 
8303160012 is PASS
8303160012 is PASS with A+ grade
8301160145 is PASS
8301160145 is PASS with A+ grade
8301160025 is FAIL
8301160025 Grade is - 
8301160061 is FAIL
8301160061 Grade is - 
8301160108 is PASS
8301160108 is PASS with A grade
8301160113 is PASS
8301160113 is PASS with A grade
8301160006 is PASS
8301160006 is PASS with A+ grade
8302160100 is PASS
8302160100 is PASS with B grade
8302160029 is FAIL
8302160029 is FAIL with - grade
8302160110 is PASS
8302160110 is PASS with B grade
8302160022 is PASS
8302160022 is PASS with A+ grade
8302160063 is FAIL
8302160063 is FAIL with - grade
8302160093 is FAIL
8302160093 is FAIL with - grade
8302160193 is FAIL
8302160193 Grade is - 
8302160174 is FAIL
8302160174 is FAIL with - grade
8302160023  Student is Absent
8302160134 is PASS
8302160134 is PASS with A grade
8302160025 is PASS
8302160025 is PASS with B grade
8302160148 is FAIL
8302160148 Grade is - 
8302160187 is FAIL
8302160187 is FAIL with - grade
8302160014 is PASS
8302160014 is PASS with B grade
8302160012 is FAIL
8302160012 Grade is - 
8302160005 is PASS
8302160005 is PASS with C grade
8302160020 is FAIL
8302160020 Grade is - 
8302160144 is FAIL
8302160144 is FAIL with - grade
8302160126 is FAIL
8302160126 Grade is - 
8302160013 is FAIL
8302160013 is FAIL with - grade
8302160153 is FAIL
8302160153 Grade is - 
8302160132 is FAIL
8302160132 Grade is - 
8302160194 is PASS
8302160194 is PASS with A grade
8302160011 is PASS
8302160011 is PASS with A grade
8302160089 is PASS
8302160089 is PASS with A grade
8302160102 is FAIL
8302160102 is FAIL with - grade
8302160166 is PASS
8302160166 is PASS with A grade
8302160044 is FAIL
8302160044 Grade is - 
8302160099 is FAIL
8302160099 is FAIL with - grade
8302160142 is PASS
8302160142 is PASS with A grade
8302160084 is PASS
8302160084 is PASS with A+ grade
8303160022 is PASS
8303160022 is PASS with A grade
8303160090 is FAIL
8303160090 Grade is - 
8303160011 is FAIL
8303160011 is FAIL with - grade
8303160016 is PASS
8303160016 is PASS with A grade
8303160094 is PASS
8303160094 is PASS with A grade
8303160038 is FAIL
8303160038 Grade is - 
8303160057 is PASS
8303160057 is PASS with A grade
8303160082 is PASS
8303160082 is PASS with A+ grade
8301160087 is FAIL
8301160087 Grade is - 
8301160034 is FAIL
8301160034 Grade is - 
8301160029 is PASS
8301160029 is PASS with A grade
8301160148 is FAIL
8301160148 is FAIL with - grade
8301160022 is FAIL
8301160022 Grade is - 
8301160170 is PASS
8301160170 is PASS with A grade
8301160147 is FAIL
8301160147 is FAIL with - grade
8301160154 is FAIL
8301160154 is FAIL with - grade
8302160156 is PASS
8302160156 is PASS with A grade
8302160037 is FAIL
8302160037 is FAIL with - grade
8302160034 is PASS
8302160034 is PASS with A grade
8302160173 is PASS
8302160173 is PASS with A grade
8302160190 is PASS
8302160190 is PASS with A grade
8301160140 is FAIL
8301160140 Grade is - 
8302160045 is PASS
8302160045 is PASS with A grade
8302160071 is PASS
8302160071 is PASS with A+ grade
8302160010 is FAIL
8302160010 Grade is - 
8302160172 is FAIL
8302160172 Grade is - 
8302160143 is PASS
8302160143 is PASS with A grade
8302160112 is FAIL
8302160112 is FAIL with - grade
8302160035 is PASS
8302160035 is PASS with A grade
8302160015 is PASS
8302160015 is PASS with A+ grade
8302160017 is PASS
8302160017 is PASS with A+ grade
8302160167 is PASS
8302160167 is PASS with A+ grade
8301160048 is FAIL
8301160048 Grade is - 
8302160159 is FAIL
8302160159 Grade is - 
8302160006 is PASS
8302160006 is PASS with B grade
8302160177 is PASS
8302160177 is PASS with A+ grade
8302160108 is FAIL
8302160108 is FAIL with - grade
8302160077 is FAIL
8302160077 Grade is - 
8301160035 is PASS
8301160035 is PASS with B grade
8302160064 is FAIL
8302160064 is FAIL with - grade
8302160130 is PASS
8302160130 is PASS with A+ grade
8302160191 is FAIL
8302160191 is FAIL with - grade
8302160178 is PASS
8302160178 is PASS with B grade
8302160019 is PASS
8302160019 is PASS with A grade
8302160168 is PASS
8302160168 is PASS with A grade
8301160092 is PASS
8301160092 is PASS with A grade
8301160027 is FAIL
8301160027 is FAIL with - grade
8301160041 is FAIL
8301160041 Grade is - 
8301160136 is PASS
8301160136 is PASS with C grade
8301160030 is PASS
8301160030 is PASS with A+ grade
8302160101 is FAIL
8302160101 Grade is - 
8302160141 is FAIL
8302160141 is FAIL with - grade
8302160081 is PASS
8302160081 is PASS with A grade
8301160104 is FAIL
8301160104 Grade is - 
8301160117 is PASS
8301160117 is PASS with C grade
8301160033 is PASS
8301160033 is PASS with A grade
8301160107 is FAIL
8301160107 Grade is - 
8301160161 is PASS
8301160161 is PASS with A grade
8301160062 is FAIL
8301160062 Grade is - 
8301160163 is FAIL
8301160163 Grade is - 
8301160080 is FAIL
8301160080 Grade is - 
8301160012 is FAIL
8301160012 Grade is - 
8301160054 is PASS
8301160054 is PASS with A+ grade
8301160123 is PASS
8301160123 is PASS with A grade
8301160091 is FAIL
8301160091 Grade is - 
8301160150 is FAIL
8301160150 is FAIL with - grade
8301160129 is FAIL
8301160129 Grade is - 
8301160075 is FAIL
8301160075 is FAIL with - grade
8301160164 is FAIL
8301160164 Grade is - 
8301160165 is PASS
8301160165 is PASS with B grade
8301160024 is FAIL
8301160024 is FAIL with - grade
8301160127 is PASS
8301160127 is PASS with A+ grade
8301160079 is PASS
8301160079 is PASS with B grade
8301160023 is PASS
8301160023 is PASS with A grade
8301160126 is PASS
8301160126 is PASS with A+ grade
8301160088 is PASS
8301160088 is PASS with B grade
8301160053 is PASS
8301160053 is PASS with A grade
8301160017 is PASS
8301160017 is PASS with A grade
8301160146 is PASS
8301160146 is PASS with A+ grade
8301160047  Student is Absent
8301160171 is FAIL
8301160171 is FAIL with - grade
8301160099 is FAIL
8301160099 Grade is - 
8301160097 is FAIL
8301160097 Grade is - 
8301160085 is FAIL
8301160085 is FAIL with - grade
8301160128 is PASS
8301160128 is PASS with A grade
8301160002 is PASS
8301160002 is PASS with B grade
8301160144 is FAIL
8301160144 Grade is - 
8302160192  Student is Absent
8302160009  Student is Absent
8302160087  Student is Absent
8302160158  Student is Absent
8302160007  Student is Absent
8302160042  Student is Absent
8302160097  Student is Absent
8302160137 is PASS
8302160137 is PASS with B grade
8302160098 is PASS
8302160098 is PASS with B grade
8302160120 is FAIL
8302160120 Grade is - 
8302160121 is FAIL
8302160121 is FAIL with - grade
8302160095 is FAIL
8302160095 Grade is - 
8302160030 is PASS
8302160030 is PASS with A+ grade
8302160053 is FAIL
8302160053 Grade is - 
8302160031 is FAIL
8302160031 is FAIL with - grade
8302160067 is PASS
8302160067 is PASS with A+ grade
8302160059 is FAIL
8302160059 Grade is - 
8302160061 is FAIL
8302160061 Grade is - 
8302160175 is PASS
8302160175 is PASS with B grade
8302160092 is FAIL
8302160092 Grade is - 
8302160091 is PASS
8302160091 is PASS with A grade
8302160086 is FAIL
8302160086 is FAIL with - grade
8302160183 is FAIL
8302160183 Grade is - 
8302160073 is PASS
8302160073 is PASS with B grade
8302160160 is PASS
8302160160 is PASS with A grade
8302160008 is PASS
8302160008 is PASS with A grade
8302160170 is PASS
8302160170 is PASS with A+ grade
8302160119 is FAIL
8302160119 Grade is - 
8302160065 is PASS
8302160065 is PASS with A+ grade
8302160181 is FAIL
8302160181 Grade is - 
8303160030 is FAIL
8303160030 Grade is - 
8303160060 is PASS
8303160060 is PASS with A grade
8303160032 is FAIL
8303160032 Grade is - 
8303160097 is FAIL
8303160097 is FAIL with - grade
8303160067 is PASS
8303160067 is PASS with A grade
8303160068 is FAIL
8303160068 is FAIL with - grade
8302160096 is PASS
8302160096 is PASS with A grade
8302160105 is PASS
8302160105 is PASS with A grade
8302160133 is FAIL
8302160133 Grade is - 
8302160036 is FAIL
8302160036 is FAIL with - grade
8302160138 is FAIL
8302160138 is FAIL with - grade
8302160106 is FAIL
8302160106 Grade is - 
8302160164 is FAIL
8302160164 is FAIL with - grade
8302160069 is FAIL
8302160069 Grade is - 
8302160127 is PASS
8302160127 is PASS with A grade
8302160163 is PASS
8302160163 is PASS with B grade
8302160076 is PASS
8302160076 is PASS with A grade
8302160104 is FAIL
8302160104 Grade is - 
8302160018 is PASS
8302160018 is PASS with A grade
8302160041 is PASS
8302160041 is PASS with A grade
8302160043 is PASS
8302160043 is PASS with C grade
8302160027 is FAIL
8302160027 Grade is - 
8302160054 is PASS
8302160054 is PASS with A grade
8302160055 is PASS
8302160055 is PASS with A grade
8302160129 is FAIL
8302160129 Grade is - 
8302160003 is FAIL
8302160003 Grade is - 
8302160083 is FAIL
8302160083 is FAIL with - grade
8302160123 is FAIL
8302160123 Grade is - 
8302160049 is FAIL
8302160049 is FAIL with - grade
8302160047 is PASS
8302160047 is PASS with A grade
8302160186 is PASS
8302160186 is PASS with B grade
8302160028 is PASS
8302160028 is PASS with A grade
8302160196  Student is Absent
8302160128 is FAIL
8302160128 Grade is - 
8302160147 is PASS
8302160147 is PASS with A+ grade
8302160115 is PASS
8302160115 is PASS with A grade
8302160184 is PASS
8302160184 is PASS with A grade
8302160103 is PASS
8302160103 is PASS with A grade
8302160151 is FAIL
8302160151 is FAIL with - grade
8301160118 is PASS
8301160118 is PASS with A grade
8301160116 is FAIL
8301160116 Grade is - 
8301160083 is FAIL
8301160083 is FAIL with - grade
8303160027 is PASS
8303160027 is PASS with A grade
8303160092 is FAIL
8303160092 is FAIL with - grade
8303160010 is PASS
8303160010 is PASS with A grade
8303160061 is FAIL
8303160061 Grade is - 
8303160033 is FAIL
8303160033 Grade is - 
8303160024 is FAIL
8303160024 is FAIL with - grade
8301160093 is FAIL
8301160093 Grade is - 
8301160141 is FAIL
8301160141 Grade is - 
8301160058 is FAIL
8301160058 is FAIL with - grade
8301160068 is FAIL
8301160068 is FAIL with - grade
8301160077 is FAIL
8301160077 Grade is - 
8301160158 is FAIL
8301160158 is FAIL with - grade
8301160016 is FAIL
8301160016 Grade is - 
8301160100 is PASS
8301160100 is PASS with A grade
8301160102 is FAIL
8301160102 is FAIL with - grade
8301160111 is FAIL
8301160111 is FAIL with - grade
8301160045 is FAIL
8301160045 Grade is - 
8301160036 is FAIL
8301160036 Grade is - 
8301160070 is PASS
8301160070 is PASS with B grade
8301160119 is FAIL
8301160119 is FAIL with - grade
8301160008 is FAIL
8301160008 Grade is - 
8301160095 is PASS
8301160095 is PASS with A grade
8301160042  Student is Absent
8303160013 is PASS
8303160013 is PASS with A grade
8303160026 is PASS
8303160026 is PASS with A grade
8303160081 is FAIL
8303160081 is FAIL with - grade
8303160014 is FAIL
8303160014 is FAIL with - grade
8303160002 is FAIL
8303160002 Grade is - 
8303160069 is PASS
8303160069 is PASS with A+ grade
8303160102 is PASS
8303160102 is PASS with A+ grade
8303160100  Student is Absent
8302160001 is PASS
8302160001 is PASS with A grade
8301160060 is FAIL
8301160060 Grade is - 
8301160064 is FAIL
8301160064 is FAIL with - grade
8301160120 is FAIL
8301160120 is FAIL with - grade
8301160132 is FAIL
8301160132 Grade is - 
8301160135 is PASS
8301160135 is PASS with A grade
8301160049 is FAIL
8301160049 is FAIL with - grade
8301160134 is PASS
8301160134 is PASS with B grade
8301160109 is FAIL
8301160109 is FAIL with - grade
8301160122 is FAIL
8301160122 Grade is - 
8301160086  Student is Absent
8301160026  Student is Absent
8301160139 is PASS
8301160139 is PASS with A+ grade
8301160043 is FAIL
8301160043 Grade is - 
8301160105 is FAIL
8301160105 Grade is - 
8301160007 is FAIL
8301160007 Grade is - 
8301160106 is FAIL
8301160106 Grade is - 
8303160098 is FAIL
8303160098 Grade is - 
8303160079 is FAIL
8303160079 Grade is - 
8302160004 is PASS
8302160004 is PASS with B grade
8302160189 is FAIL
8302160189 is FAIL with - grade
8302160114 is PASS
8302160114 is PASS with A grade
8302160021 is FAIL
8302160021 Grade is - 
8302160188 is PASS
8302160188 is PASS with B grade
8302160078 is FAIL
8302160078 is FAIL with - grade
8302160149 is PASS
8302160149 is PASS with B grade
8302160140 is FAIL
8302160140 is FAIL with - grade
8302160154 is PASS
8302160154 is PASS with A grade
8302160068 is PASS
8302160068 is PASS with A grade
8301160057 is PASS
8301160057 is PASS with A+ grade
8301160040  Student is Absent
8301160010 is PASS
8301160010 is PASS with A+ grade
8301160005  Student is Absent
8301160159 is PASS
8301160159 is PASS with A grade
8301160056 is PASS
8301160056 is PASS with A grade
8302160157 is FAIL
8302160157 Grade is - 
8302160131 is FAIL
8302160131 Grade is - 
8302160139 is FAIL
8302160139 Grade is - 
8302160016 is PASS
8302160016 is PASS with C grade
8302160152 is FAIL
8302160152 Grade is - 
8301160050 is FAIL
8301160050 Grade is - 
8301160151 is PASS
8301160151 is PASS with B grade
8301160101 is PASS
8301160101 is PASS with A grade
8301160114  Student is Absent
8301160110  Student is Absent
8303160066 is PASS
8303160066 is PASS with A grade
8301160153  Student is Absent
8301160152 is FAIL
8301160152 Grade is - 
8301160046 is FAIL
8301160046 Grade is - 
8303160070 is PASS
8303160070 is PASS with A grade
8303160046  Student is Absent
8303160019  Student is Absent
8303160023  Student is Absent
8303160009 is PASS
8303160009 is PASS with A grade
8303160086 is PASS
8303160086 is PASS with A+ grade
8303160001 is FAIL
8303160001 is FAIL with - grade
8303160056 is PASS
8303160056 is PASS with A+ grade
8303160020 is PASS
8303160020 is PASS with A grade
8303160078 is PASS
8303160078 is PASS with A grade
8303160075 is FAIL
8303160075 Grade is - 
8303160089 is PASS
8303160089 is PASS with A grade
8303160053 is FAIL
8303160053 is FAIL with - grade
8303160103 is PASS
8303160103 is PASS with A grade
8303160039 is FAIL
8303160039 is FAIL with - grade
8303160096 is PASS
8303160096 is PASS with A+ grade
8303160083 is FAIL
8303160083 is FAIL with - grade
8303160085 is PASS
8303160085 is PASS with A+ grade
8303160043 is FAIL
8303160043 is FAIL with - grade
8303160101 is PASS
8303160101 is PASS with A+ grade
8303160052 is FAIL
8303160052 Grade is - 
8303160004 is PASS
8303160004 is PASS with A grade
8303160104 is PASS
8303160104 is PASS with A grade
8303160076 is PASS
8303160076 is PASS with A+ grade
8303160062 is PASS
8303160062 is PASS with A grade
8303160036 is PASS
8303160036 is PASS with A+ grade
8303160073 is FAIL
8303160073 Grade is - 
8301160149  Student is Absent
8303160025 is PASS
8303160025 is PASS with A grade
8303160063 is FAIL
8303160063 Grade is - 
8303160042 is PASS
8303160042 is PASS with B grade
8301160076 is FAIL
8301160076 Grade is - 
8301160169 is PASS
8301160169 is PASS with A grade
8301160074 is FAIL
8301160074 Grade is - 
5102160029 is PASS
5102160029 is PASS with A+ grade
5102160005 is PASS
5102160005 is PASS with A grade
4203160011 is FAIL
4203160011 is FAIL with - grade]]>
  </system-out>
</testsuite> <!-- GRACE_MARKS.newTestResultFinal -->
