<?xml version="1.0" encoding="UTF-8"?>
<!-- Generated by org.testng.reporters.JUnitReportReporter -->
<testsuite hostname="DESKTOP-VCK713F" failures="0" tests="1" name="GRACE_MARKS.newGraceMarks2Final" time="12.219" errors="0" timestamp="2026-05-14T18:33:19 IST" skipped="0">
  <testcase classname="GRACE_MARKS.newGraceMarks2Final" name="GraceMarksCal" time="12.219">
    <system-out>
      <![CDATA[6905
1302160009  Student is Absent
1101160045 student is fail
1301160013 student is fail
1301160004 1.0
1301160004 1.0
1101160014 1.0
1101160014 1.0
1302160005  Student is Absent
1302160008 2.0
1302160008 2.0
1101160048 1.0
1101160048 1.0
1301160001 1.0
1301160001 1.0
1301160016  Student is Absent
1201160039 1.0
1201160039 1.0
1302160016 student is fail
1302160011  Student is Absent
1301160010 1.0
1301160010 1.0
1302160013 student is fail
1101160036  Student is Absent
1201160027  Student is Absent
1301160009  Student is Absent
1201160007  Student is Absent
1401160003 1.0
1401160003 1.0
1401160053 student is fail
1401160042 2.0
1401160042 2.0
1401160017 student is fail
1401160002 student is fail
1401160054 student is fail
1401160026 2.0
1401160026 2.0
1507160016 2.0
1507160016 2.0
1507160027 student is fail
1507160003  Student is Absent
1507160007 student is fail
1506160018 1.0
1506160018 1.0
1506160019  Student is Absent
1508160018 student is fail
1502160033 2.0
1502160033 2.0
1507160011 student is fail
1501160015  Student is Absent
1505160021 2.0
1505160021 2.0
1501160056  Student is Absent
1504160022  Student is Absent
1504160036  Student is Absent
1504160029  Student is Absent
1503160014 student is fail
1503160019 2.0
1503160019 2.0
1501160001  Student is Absent
1501160050  Student is Absent
1501160035  Student is Absent
1501160047 student is fail
1505160006  Student is Absent
1504160026 student is fail
1506160031  Student is Absent
1507160010 2.0
1507160010 2.0
1507160008  Student is Absent
1502160001 student is fail
1501160016 student is fail
1502160032  Student is Absent
1507160004 1.0
1507160004 1.0
1507160022  Student is Absent
1503160010  Student is Absent
1507160019 4.0
1507160019 4.0
1507160013  Student is Absent
1505160022  Student is Absent
1501160028 student is fail
1502160019  Student is Absent
1504160028  Student is Absent
1507160014 2.0
1507160014 2.0
1502160012 student is fail
1508160004 student is fail
1508160015  Student is Absent
1502160011 student is fail
1503160011 1.0
1503160011 1.0
1503160005  Student is Absent
1506160006  Student is Absent
1501160019  Student is Absent
1501160010  Student is Absent
1504160031  Student is Absent
1504160034  Student is Absent
1504160018 1.0
1504160018 1.0
1504160030  Student is Absent
1506160020  Student is Absent
2102160047 student is fail
2102160195 2.0
2102160195 2.0
2102160133  Student is Absent
2101160076 student is fail
2101160165 1.0
2101160165 1.0
2102160052  Student is Absent
2102160100 1.0
2102160100 1.0
2101160244  Student is Absent
2102160017 2.0
2102160017 2.0
2102160010 student is fail
2101160315 student is fail
2101160366 student is fail
2101160355 student is fail
2101160182 1.0
2101160182 1.0
2101160129  Student is Absent
2101160363  Student is Absent
2101160198  Student is Absent
2101160131  Student is Absent
2101160161  Student is Absent
2101160373  Student is Absent
2101160309  Student is Absent
2101160139  Student is Absent
2101160318  Student is Absent
2102160173 student is fail
2102160059  Student is Absent
2102160313  Student is Absent
2102160282 0.5
2102160282 0.5
2102160217 2.0
2102160217 2.0
2102160262 student is fail
2101160241  Student is Absent
2102160198  Student is Absent
2101160115 1.0
2101160115 1.0
2102160222 2.0
2102160222 2.0
2101160222 student is fail
2101160021  Student is Absent
2102160053  Student is Absent
2101160153 2.0
2101160153 2.0
2101160292 2.0
2101160292 2.0
2101160120 2.0
2101160120 2.0
2102160114 student is fail
2101160168 2.0
2101160168 2.0
2101160035 student is fail
2101160245 1.0
2101160245 1.0
2101160230  Student is Absent
2102160120 student is fail
2102160044 1.0
2102160044 1.0
2102160085 student is fail
2102160211  Student is Absent
2102160102  Student is Absent
2102160251  Student is Absent
2102160246  Student is Absent
2101160164 student is fail
2101160316 student is fail
2102160196  Student is Absent
2102160105  Student is Absent
2102160006 student is fail
2101160384 1.0
2101160384 1.0
2101160206 student is fail
2101160030 2.0
2101160030 2.0
2101160013 student is fail
2102160180  Student is Absent
2101160341 student is fail
2101160042  Student is Absent
2101160308  Student is Absent
2102160300  Student is Absent
2101160342 1.0
2101160342 1.0
2101160109  Student is Absent
2101160047  Student is Absent
2102160130  Student is Absent
2102160111  Student is Absent
2102160223  Student is Absent
2101160187 1.0
2101160187 1.0
2101160091  Student is Absent
2101160064 2.0
2101160064 2.0
2101160217 student is fail
2101160096  Student is Absent
2101160008  Student is Absent
2101160269  Student is Absent
2102160040 student is fail
2101160372 1.0
2101160372 1.0
2101160275 1.0
2101160275 1.0
2102160318  Student is Absent
2102160115  Student is Absent
2101160291  Student is Absent
2101160124  Student is Absent
2101160179  Student is Absent
2101160025  Student is Absent
2101160138  Student is Absent
2101160026  Student is Absent
2101160097  Student is Absent
2101160260  Student is Absent
2101160189 student is fail
2101160265 2.0
2101160265 2.0
2101160029 1.5
2101160029 1.5
2101160171 student is fail
2101160229 1.0
2101160229 1.0
2101160001 1.0
2101160001 1.0
2102160087  Student is Absent
2102160127  Student is Absent
2102160207  Student is Absent
2102160034  Student is Absent
2102160061 student is fail
2101160074  Student is Absent
2101160010  Student is Absent
2101160101  Student is Absent
2101160248  Student is Absent
2102160312 student is fail
2102160084 1.0
2102160084 1.0
2102160081 student is fail
2101160186  Student is Absent
2102160235  Student is Absent
2102160191  Student is Absent
2102160051 1.0
2102160051 1.0
2102160231  Student is Absent
2101160362  Student is Absent
2102160090 1.0
2102160090 1.0
2102160259 2.0
2102160259 2.0
2102160067  Student is Absent
2102160079 student is fail
2101160252 2.0
2101160252 2.0
2101160144  Student is Absent
2101160333 student is fail
2102160302 student is fail
2102160188 2.0
2102160188 2.0
2102160232 student is fail
2101160145  Student is Absent
2102160144 1.0
2102160144 1.0
2102160290  Student is Absent
2102160258 student is fail
2102160192 1.0
2102160192 1.0
2102160137 student is fail
2102160063 2.0
2102160063 2.0
2101160224 2.0
2101160224 2.0
2101160108  Student is Absent
2101160218  Student is Absent
2102160285 student is fail
2102160291  Student is Absent
2101160258 student is fail
2101160117 student is fail
2201160094 student is fail
2201160118 1.0
2201160118 1.0
2201160130 1.5
2201160130 1.5
2201160082 student is fail
2201160060  Student is Absent
2201160045 2.0
2201160045 2.0
2201160010 2.0
2201160010 2.0
2201160259 0.5
2201160259 0.5
2201160263 0.5
2201160263 0.5
2201160265  Student is Absent
2201160100  Student is Absent
2201160026 2.0
2201160026 2.0
2201160150 student is fail
2201160157  Student is Absent
2201160185  Student is Absent
2201160163 1.5
2201160163 1.5
2201160071 student is fail
2201160230 student is fail
2201160009 student is fail
2201160097 1.0
2201160097 1.0
2201160059  Student is Absent
2201160262 1.5
2201160262 1.5
2201160158 2.0
2201160158 2.0
2201160166  Student is Absent
2201160012  Student is Absent
2201160273 student is fail
2201160152 1.5
2201160152 1.5
2201160090  Student is Absent
2201160006  Student is Absent
2201160062  Student is Absent
2201160099 student is fail
2201160222 student is fail
2201160066 student is fail
2201160011 student is fail
2201160048  Student is Absent
2201160138  Student is Absent
2201160149  Student is Absent
2201160064 2.0
2201160064 2.0
2201160103 student is fail
2201160070 2.0
2201160070 2.0
2201160187 1.0
2201160187 1.0
2201160102 2.0
2201160102 2.0
2201160274 student is fail
2201160170 2.0
2201160170 2.0
2201160019  Student is Absent
2201160176  Student is Absent
2201160065 student is fail
2201160205 student is fail
2201160115  Student is Absent
2201160069 1.0
2201160069 1.0
2201160007 student is fail
2201160043 1.0
2201160043 1.0
2201160083 student is fail
2301160203 1.5
2301160203 1.5
2301160111  Student is Absent
2301160211 1.0
2301160211 1.0
2301160096 2.0
2301160096 2.0
2301160039 1.0
2301160039 1.0
2301160179 1.0
2301160179 1.0
2301160029 student is fail
2301160047 student is fail
2301160078  Student is Absent
2301160163 1.0
2301160163 1.0
2301160120 student is fail
2301160004  Student is Absent
2301160037  Student is Absent
2301160060 student is fail
2301160155 1.0
2301160155 1.0
2301160166  Student is Absent
2301160097 student is fail
2301160205  Student is Absent
2301160191 1.0
2301160191 1.0
2301160058 student is fail
2301160148  Student is Absent
2301160171  Student is Absent
2301160200 student is fail
2301160160 student is fail
2301160184  Student is Absent
2301160008 student is fail
2301160183 1.0
2301160183 1.0
2301160197 1.0
2301160197 1.0
2301160026 1.0
2301160026 1.0
2301160135 student is fail
2301160051  Student is Absent
2301160050  Student is Absent
2301160138 student is fail
2301160003 2.0
2301160003 2.0
2301160018  Student is Absent
3101160057 student is fail
3101160126  Student is Absent
3101160135  Student is Absent
3101160267 student is fail
3101160268 2.0
3101160268 2.0
3101160182 1.0
3101160182 1.0
3101160008 student is fail
3101160041  Student is Absent
3101160011  Student is Absent
3101160130  Student is Absent
3101160164  Student is Absent
3101160240  Student is Absent
3101160040  Student is Absent
3101160143  Student is Absent
3101160198  Student is Absent
3101160115  Student is Absent
3101160202  Student is Absent
3101160210  Student is Absent
3101160233  Student is Absent
3101160180 2.0
3101160180 2.0
3101160154  Student is Absent
3101160067 0.5
3101160067 0.5
3101160006  Student is Absent
3101160087  Student is Absent
3101160187  Student is Absent
3101160174 student is fail
3101160076 1.0
3101160076 1.0
3101160097 student is fail
3101160283 student is fail
3101160246  Student is Absent
3101160280 1.0
3101160280 1.0
3101160221 2.0
3101160221 2.0
3101160201 student is fail
3101160124  Student is Absent
3101160301  Student is Absent
3101160072 student is fail
3101160308  Student is Absent
3101160052  Student is Absent
3101160044  Student is Absent
3101160211  Student is Absent
3101160036  Student is Absent
3101160298  Student is Absent
3101160304  Student is Absent
3101160200  Student is Absent
3101160082 1.5
3101160082 1.5
3101160104  Student is Absent
3101160085  Student is Absent
3101160173  Student is Absent
3101160093  Student is Absent
3101160296  Student is Absent
3101160148 3.0
3101160148 3.0
3101160264  Student is Absent
3101160131  Student is Absent
3101160162  Student is Absent
3101160065  Student is Absent
3201160012 1.0
3201160012 1.0
3201160015 student is fail
3201160056  Student is Absent
3201160071 student is fail
3201160047 student is fail
3201160084 1.0
3201160084 1.0
3201160022 3.0
3201160022 3.0
3201160078 1.0
3201160078 1.0
3201160005 student is fail
3201160072  Student is Absent
3201160082 student is fail
3201160076 student is fail
3201160060 1.0
3201160060 1.0
3201160055 student is fail
3201160010  Student is Absent
3201160051  Student is Absent
3201160041 student is fail
3201160080 student is fail
3301160019  Student is Absent
3301160058 student is fail
3301160056 student is fail
3301160045  Student is Absent
3301160054 0.5
3301160054 0.5
3301160053  Student is Absent
3301160008 student is fail
3301160005 2.0
3301160005 2.0
3301160024 2.0
3301160024 2.0
3301160011 1.0
3301160011 1.0
3301160010 student is fail
3301160059 1.0
3301160059 1.0
3301160025 student is fail
3301160006 2.0
3301160006 2.0
3301160030 2.0
3301160030 2.0
3301160016 student is fail
3301160013 2.0
3301160013 2.0
3301160022 2.0
3301160022 2.0
3401160005 student is fail
3401160006 2.0
3401160006 2.0
3401160019 student is fail
4101160168 2.0
4101160168 2.0
4102160048  Student is Absent
4101160103  Student is Absent
4101160283 1.0
4101160283 1.0
4101160157 student is fail
4101160253  Student is Absent
4101160067 student is fail
4101160113 student is fail
4101160064 2.0
4101160064 2.0
4103160002  Student is Absent
4103160030 student is fail
4101160265 1.0
4101160265 1.0
4101160215 1.0
4101160215 1.0
4101160006 student is fail
4101160102 2.0
4101160102 2.0
4101160097 student is fail
4101160055 student is fail
4101160086  Student is Absent
4101160228 1.0
4101160228 1.0
4101160043 student is fail
4101160081 student is fail
4101160112 student is fail
4101160188  Student is Absent
4101160268 student is fail
4101160075 2.0
4101160075 2.0
4101160030  Student is Absent
4101160019 student is fail
4101160216  Student is Absent
4102160052 student is fail
4102160046  Student is Absent
4101160116 student is fail
4103160046 student is fail
4103160024 student is fail
4101160007  Student is Absent
4101160028  Student is Absent
4101160273  Student is Absent
4101160245  Student is Absent
4101160190  Student is Absent
4101160272 student is fail
4101160093 student is fail
4101160171 student is fail
4101160059 student is fail
4102160028 student is fail
4203160117 student is fail
4201160037 student is fail
4203160065 student is fail
4203160113  Student is Absent
4203160087  Student is Absent
4201160003  Student is Absent
4203160085  Student is Absent
4203160116 student is fail
4201160033 1.0
4201160033 1.0
4201160006 1.0
4201160006 1.0
4202160017 student is fail
4201160038 2.0
4201160038 2.0
4201160034 3.0
4201160034 3.0
4201160035 student is fail
4203160121 student is fail
4203160019  Student is Absent
4203160115 2.0
4203160115 2.0
4203160045 student is fail
4203160107  Student is Absent
4203160124  Student is Absent
4201160008 2.0
4201160008 2.0
4201160049 1.0
4201160049 1.0
4201160026 1.5
4201160026 1.5
4203160042  Student is Absent
4203160089  Student is Absent
4203160108 2.0
4203160108 2.0
4203160025  Student is Absent
4203160081  Student is Absent
4203160134  Student is Absent
4203160005 2.0
4203160005 2.0
4201160002 student is fail
4201160041  Student is Absent
4203160066 2.0
4203160066 2.0
4203160096 1.5
4203160096 1.5
4203160012 1.0
4203160012 1.0
4203160030  Student is Absent
4203160018  Student is Absent
4203160072  Student is Absent
4201160025 student is fail
4203160068 student is fail
4203160016 0.5
4203160016 0.5
4203160110  Student is Absent
4201160010  Student is Absent
4203160101  Student is Absent
4203160026 1.0
4203160026 1.0
4202160052 student is fail
4202160010  Student is Absent
4202160015 2.0
4202160015 2.0
4202160034  Student is Absent
4202160040  Student is Absent
4202160013  Student is Absent
4202160016 student is fail
4202160026 2.0
4202160026 2.0
4202160037 2.0
4202160037 2.0
4202160031  Student is Absent
4201160068 1.0
4201160068 1.0
4202160021 2.0
4202160021 2.0
4301160188  Student is Absent
4301160097 1.0
4301160097 1.0
4301160244 student is fail
4301160142 student is fail
4301160171  Student is Absent
4301160053 1.0
4301160053 1.0
4301160090  Student is Absent
4301160027  Student is Absent
4301160243 student is fail
4301160147 1.0
4301160147 1.0
4301160047 student is fail
4301160241 0.5
4301160241 0.5
4301160012  Student is Absent
4301160120 1.0
4301160120 1.0
4301160264 1.0
4301160264 1.0
4301160118 student is fail
4301160156  Student is Absent
4301160226  Student is Absent
4301160131  Student is Absent
4301160077  Student is Absent
4301160149  Student is Absent
4301160228 student is fail
4301160055  Student is Absent
4301160181  Student is Absent
4301160160 student is fail
4301160220 2.0
4301160220 2.0
4301160137 student is fail
4301160196  Student is Absent
4301160204 1.0
4301160204 1.0
4301160151  Student is Absent
4301160079  Student is Absent
4301160056 1.0
4301160056 1.0
4301160030  Student is Absent
4301160164 1.0
4301160164 1.0
4301160152  Student is Absent
4301160011  Student is Absent
4301160051  Student is Absent
4301160001 1.0
4301160001 1.0
4301160109 student is fail
4301160059 2.0
4301160059 2.0
4301160100  Student is Absent
4301160033  Student is Absent
4301160048  Student is Absent
4301160194  Student is Absent
4301160091 2.0
4301160091 2.0
4301160198  Student is Absent
4401160025  Student is Absent
4401160019  Student is Absent
4401160020 2.0
4401160020 2.0
4401160015  Student is Absent
4501160005 1.0
4501160005 1.0
4501160002 0.5
4501160002 0.5
4501160012  Student is Absent
4501160021 2.0
4501160021 2.0
4501160001  Student is Absent
5101160216  Student is Absent
5101160202 student is fail
5101160136 student is fail
5101160210 student is fail
5101160091 2.0
5101160091 2.0
5101160189 student is fail
5101160150  Student is Absent
5101160024  Student is Absent
5101160090  Student is Absent
5101160097 0.5
5101160097 0.5
5101160099  Student is Absent
5101160165  Student is Absent
5101160098 student is fail
5101160046  Student is Absent
5101160052  Student is Absent
5101160135  Student is Absent
5101160003 student is fail
5101160206 student is fail
5101160171 student is fail
5101160113 student is fail
5101160083  Student is Absent
5101160167  Student is Absent
5101160204  Student is Absent
5101160190 student is fail
5101160042 1.0
5101160042 1.0
5101160032 student is fail
5101160131 student is fail
5101160064 student is fail
5101160066 1.0
5101160066 1.0
5101160030 1.0
5101160030 1.0
5101160061  Student is Absent
5101160081  Student is Absent
5101160133 student is fail
5101160224 0.5
5101160224 0.5
5101160101 student is fail
5101160112 student is fail
5101160021  Student is Absent
5101160093 3.0
5101160093 3.0
5101160109 2.0
5101160109 2.0
5101160141 student is fail
5101160213 1.0
5101160213 1.0
5101160020 2.0
5101160020 2.0
5101160188 0.5
5101160188 0.5
5101160015 2.0
5101160015 2.0
5102160255 student is fail
5102160148 student is fail
5102160053 student is fail
5102160118 1.0
5102160118 1.0
5102160264 student is fail
5102160151 1.0
5102160151 1.0
5102160244 student is fail
5102160309  Student is Absent
5102160206  Student is Absent
5102160141 student is fail
5102160315 2.0
5102160315 2.0
5102160268  Student is Absent
5102160286  Student is Absent
5102160043  Student is Absent
5102160289  Student is Absent
5102160008  Student is Absent
5102160276 student is fail
5102160317 1.0
5102160317 1.0
5102160210 student is fail
5102160278 1.0
5102160278 1.0
5102160149 student is fail
5102160241 1.5
5102160241 1.5
5102160311  Student is Absent
5102160114 1.0
5102160114 1.0
5102160027  Student is Absent
5102160188 2.0
5102160188 2.0
5102160162 student is fail
5102160263 student is fail
5102160028 student is fail
5102160109 0.5
5102160109 0.5
5102160140 student is fail
5102160146 student is fail
5102160065 student is fail
5102160003  Student is Absent
5102160006 2.0
5102160006 2.0
5102160190 student is fail
5102160112 student is fail
5102160055  Student is Absent
5102160131 0.5
5102160131 0.5
5102160305 0.5
5102160305 0.5
5102160154 student is fail
5102160217  Student is Absent
5102160226 0.5
5102160226 0.5
5102160180 student is fail
5102160291 1.0
5102160291 1.0
5102160035 student is fail
5102160034 student is fail
5102160234  Student is Absent
5102160026  Student is Absent
5102160177  Student is Absent
5102160248  Student is Absent
5102160185 1.5
5102160185 1.5
5102160269  Student is Absent
5102160067 student is fail
5102160060 student is fail
5102160258  Student is Absent
5102160108 2.0
5102160108 2.0
5102160093  Student is Absent
5102160105 2.0
5102160105 2.0
5102160262 1.0
5102160262 1.0
5102160160 student is fail
5102160168 student is fail
5201160046 student is fail
5201160063  Student is Absent
5201160061 student is fail
5201160077  Student is Absent
5201160050  Student is Absent
5201160042  Student is Absent
5201160051  Student is Absent
5201160008 2.0
5201160008 2.0
5201160036 1.0
5201160036 1.0
5201160073  Student is Absent
5201160017 student is fail
5201160080 student is fail
5201160014  Student is Absent
5201160070 student is fail
5201160010 student is fail
5201160039 1.0
5201160039 1.0
5201160072 1.5
5201160072 1.5
5301160059  Student is Absent
5301160022  Student is Absent
5301160030 student is fail
5301160001 student is fail
5301160031 2.5
5301160031 2.5
5301160081  Student is Absent
5301160021 1.0
5301160021 1.0
5301160056 student is fail
5301160027 2.0
5301160027 2.0
5301160012 student is fail
5301160063 2.0
5301160063 2.0
5301160007 1.0
5301160007 1.0
5301160029 2.5
5301160029 2.5
5301160028  Student is Absent
5301160046 student is fail
5301160002 1.5
5301160002 1.5
5301160005 student is fail
5301160033 1.0
5301160033 1.0
5301160054  Student is Absent
5301160072 student is fail
5301160068 student is fail
5301160015 student is fail
5302160071 1.0
5302160071 1.0
5302160075 student is fail
5302160022  Student is Absent
5302160029  Student is Absent
5302160065  Student is Absent
5302160078 student is fail
5302160069 student is fail
5302160067 student is fail
5302160001  Student is Absent
5302160048 student is fail
5401160012  Student is Absent
5401160084  Student is Absent
5401160091  Student is Absent
5401160057  Student is Absent
5401160011  Student is Absent
5401160043 1.0
5401160043 1.0
5401160143 1.0
5401160143 1.0
5401160083  Student is Absent
5401160104 student is fail
5401160024 student is fail
5401160034 student is fail
5401160081 student is fail
5401160124  Student is Absent
5401160008 student is fail
5401160079  Student is Absent
5401160080 2.0
5401160080 2.0
5401160107 1.0
5401160107 1.0
5401160055 student is fail
5401160146  Student is Absent
5401160106  Student is Absent
5401160128  Student is Absent
5401160026  Student is Absent
5401160147  Student is Absent
5401160120 student is fail
5401160005 student is fail
5401160003  Student is Absent
5401160042 student is fail
5401160132  Student is Absent
5401160070 1.0
5401160070 1.0
5401160049 2.0
5401160049 2.0
5401160119 2.0
5401160119 2.0
5401160041 student is fail
5401160116 student is fail
5401160090  Student is Absent
5401160067  Student is Absent
5401160118  Student is Absent
5401160046  Student is Absent
5401160052  Student is Absent
5401160004  Student is Absent
5401160138  Student is Absent
5401160115  Student is Absent
5401160108  Student is Absent
5401160015  Student is Absent
5401160066 student is fail
5401160045 student is fail
5401160111 0.5
5401160111 0.5
5501160005  Student is Absent
5501160073  Student is Absent
5501160054 0.5
5501160054 0.5
5501160052 2.0
5501160052 2.0
5501160080 student is fail
5501160034 student is fail
5501160018 student is fail
5501160055  Student is Absent
5501160036  Student is Absent
5501160040  Student is Absent
5501160002 2.0
5501160002 2.0
5501160037 2.0
5501160037 2.0
5501160014 1.0
5501160014 1.0
5501160032 student is fail
5501160067 2.0
5501160067 2.0
5501160068 student is fail
5501160033 student is fail
5501160026 student is fail
5502160061 student is fail
5502160012 student is fail
5502160037  Student is Absent
5501160042 student is fail
5502160027  Student is Absent
5502160014  Student is Absent
6101160161 student is fail
6101160231 2.0
6101160231 2.0
6101160131 1.5
6101160131 1.5
6101160224  Student is Absent
6101160170  Student is Absent
6101160302  Student is Absent
6101160186  Student is Absent
6101160282 2.0
6101160282 2.0
6101160276 student is fail
6101160172 0.5
6101160172 0.5
6101160052 student is fail
6101160097  Student is Absent
6101160237 student is fail
6101160278 0.5
6101160278 0.5
6101160191 2.0
6101160191 2.0
6101160001  Student is Absent
6101160156 2.0
6101160156 2.0
6101160008 student is fail
6101160025 student is fail
6101160313  Student is Absent
6101160007 student is fail
6101160021 1.0
6101160021 1.0
6101160208 student is fail
6101160073 student is fail
6101160140 2.0
6101160140 2.0
6101160221 2.0
6101160221 2.0
6101160173  Student is Absent
6101160180  Student is Absent
6101160106 2.0
6101160106 2.0
6101160253 2.0
6101160253 2.0
6101160121 2.0
6101160121 2.0
6101160081 student is fail
6101160045 1.0
6101160045 1.0
6101160203 student is fail
6101160219 1.0
6101160219 1.0
6101160046 student is fail
6101160031  Student is Absent
6101160068 1.0
6101160068 1.0
6101160059 student is fail
6101160024  Student is Absent
6101160247 student is fail
6101160260  Student is Absent
6101160321 student is fail
6101160189  Student is Absent
6101160027  Student is Absent
6101160067  Student is Absent
6101160119 student is fail
6101160198 1.0
6101160198 1.0
6101160249 student is fail
6202160033  Student is Absent
6201160014  Student is Absent
6201160022 2.0
6201160022 2.0
6201160008 1.0
6201160008 1.0
6201160039 student is fail
6201160024 student is fail
6201160005 student is fail
6201160050 2.0
6201160050 2.0
6201160052 1.0
6201160052 1.0
6201160054  Student is Absent
6202160011  Student is Absent
6202160001 student is fail
6202160003 1.0
6202160003 1.0
6202160028  Student is Absent
6202160014 student is fail
6201160019 2.0
6201160019 2.0
6201160037  Student is Absent
6202160051 1.0
6202160051 1.0
6202160030  Student is Absent
6202160022 2.0
6202160022 2.0
6303160014 2.0
6303160014 2.0
6301160050 2.0
6301160050 2.0
6301160062  Student is Absent
6301160016 student is fail
6301160031 2.0
6301160031 2.0
6301160021 1.0
6301160021 1.0
6302160044 student is fail
6302160007  Student is Absent
6302160042  Student is Absent
6302160058 student is fail
6302160027 student is fail
6302160030 student is fail
6301160008 2.0
6301160008 2.0
6303160051 1.0
6303160051 1.0
6303160024  Student is Absent
6303160010  Student is Absent
6303160040  Student is Absent
6303160049 1.0
6303160049 1.0
6302160017 1.0
6302160017 1.0
6302160053  Student is Absent
6302160045  Student is Absent
6301160025 2.0
6301160025 2.0
6301160011 student is fail
6301160013 student is fail
6301160048 student is fail
6303160020 2.0
6303160020 2.0
6303160028 2.0
6303160028 2.0
6301160047  Student is Absent
6303160048  Student is Absent
6303160034  Student is Absent
6303160064 student is fail
6303160059 1.0
6303160059 1.0
6303160025 1.0
6303160025 1.0
6303160039 0.5
6303160039 0.5
6302160046 student is fail
6302160056  Student is Absent
6302160057 student is fail
6303160046 2.0
6303160046 2.0
6303160055 2.0
6303160055 2.0
6301160004  Student is Absent
6301160026 1.0
6301160026 1.0
6303160027 1.0
6303160027 1.0
6303160070  Student is Absent
6302160066  Student is Absent
6401160121 student is fail
6401160013  Student is Absent
6401160028 student is fail
6401160006  Student is Absent
6401160122 4.0
6401160122 4.0
6401160130  Student is Absent
6401160097  Student is Absent
6401160098 1.5
6401160098 1.5
6401160101 2.0
6401160101 2.0
6401160048 2.0
6401160048 2.0
6401160046 student is fail
6401160007 student is fail
6401160129 2.0
6401160129 2.0
6401160042 student is fail
6401160002 1.0
6401160002 1.0
6401160064 2.0
6401160064 2.0
6401160045  Student is Absent
6401160131  Student is Absent
6401160024 student is fail
6401160114 student is fail
6401160065 student is fail
6501160028 student is fail
6501160064 1.0
6501160064 1.0
6501160054 student is fail
6502160035 student is fail
6502160076 2.0
6502160076 2.0
6502160100 1.0
6502160100 1.0
6501160063 2.0
6501160063 2.0
6502160074 student is fail
6501160013 2.0
6501160013 2.0
6502160024 1.0
6502160024 1.0
6501160071 2.0
6501160071 2.0
6501160020 student is fail
6502160069 student is fail
6502160040 student is fail
6502160007 0.5
6502160007 0.5
6502160062 student is fail
6502160083  Student is Absent
6502160018 student is fail
6501160076 student is fail
6501160002 1.0
6501160002 1.0
6502160054 student is fail
6501160058 1.0
6501160058 1.0
6502160037 1.0
6502160037 1.0
6502160010 1.0
6502160010 1.0
6502160087 student is fail
6502160045  Student is Absent
6502160042  Student is Absent
6502160050 1.0
6502160050 1.0
6501160017 student is fail
6501160114 student is fail
6501160116 student is fail
6502160102 student is fail
6502160041 1.0
6502160041 1.0
6502160044 2.0
6502160044 2.0
6501160044 2.0
6501160044 2.0
7101160028  Student is Absent
7101160022  Student is Absent
7101160025  Student is Absent
7102160117 2.0
7102160117 2.0
7102160098 student is fail
7102160063 1.0
7102160063 1.0
7102160125  Student is Absent
7101160075  Student is Absent
7101160032 1.0
7101160032 1.0
7101160107  Student is Absent
7102160075  Student is Absent
7102160014  Student is Absent
7102160104 student is fail
7102160094  Student is Absent
7101160045 1.0
7101160045 1.0
7102160008  Student is Absent
7102160022  Student is Absent
7102160051  Student is Absent
7102160083 2.0
7102160083 2.0
7102160040 2.0
7102160040 2.0
7101160097  Student is Absent
7101160108  Student is Absent
7101160085 student is fail
7101160090  Student is Absent
7102160006  Student is Absent
7102160045  Student is Absent
7102160015  Student is Absent
7102160114 2.0
7102160114 2.0
7102160081 0.5
7102160081 0.5
7101160044 student is fail
7101160043 student is fail
7101160020 student is fail
7102160018  Student is Absent
7102160011  Student is Absent
7101160021 student is fail
7101160124  Student is Absent
7101160048  Student is Absent
7101160089  Student is Absent
7101160091 2.0
7101160091 2.0
7101160014 student is fail
7101160111 student is fail
7102160003  Student is Absent
7102160132  Student is Absent
7102160017  Student is Absent
7102160021  Student is Absent
7102160082  Student is Absent
7201160098 student is fail
7201160051 student is fail
7201160008 student is fail
7201160065  Student is Absent
7201160097 2.0
7201160097 2.0
7201160033  Student is Absent
7201160066  Student is Absent
7201160046  Student is Absent
7201160076 2.0
7201160076 2.0
7201160075  Student is Absent
7201160068  Student is Absent
7201160012 2.0
7201160012 2.0
7301160033  Student is Absent
7301160019 1.0
7301160019 1.0
7301160001  Student is Absent
7301160008 2.0
7301160008 2.0
7301160016 2.0
7301160016 2.0
7301160017  Student is Absent
7401160064 2.0
7401160064 2.0
7401160035 0.5
7401160035 0.5
7401160080 1.0
7401160080 1.0
7401160076 1.0
7401160076 1.0
7401160068  Student is Absent
7401160094  Student is Absent
7401160097 1.0
7401160097 1.0
7401160041 student is fail
7401160030 student is fail
7401160007 student is fail
7401160098 student is fail
7401160047  Student is Absent
7401160058  Student is Absent
7401160093 student is fail
7401160054  Student is Absent
7401160090  Student is Absent
7401160003 1.0
7401160003 1.0
7501160064  Student is Absent
7501160045  Student is Absent
7501160054 student is fail
7501160021  Student is Absent
7501160042  Student is Absent
7501160040 student is fail
7501160084  Student is Absent
7501160062 1.0
7501160062 1.0
7502160003 student is fail
7502160049  Student is Absent
7502160012 student is fail
7501160067 student is fail
7501160065  Student is Absent
7502160027 2.0
7502160027 2.0
7502160010 student is fail
7501160074 1.0
7501160074 1.0
7501160009 student is fail
7501160027 1.0
7501160027 1.0
7501160078  Student is Absent
7502160019 student is fail
7502160016 2.0
7502160016 2.0
7502160071  Student is Absent
7502160039  Student is Absent
7502160047 2.0
7502160047 2.0
7501160039  Student is Absent
7501160043 1.0
7501160043 1.0
7501160071 2.0
7501160071 2.0
7502160011  Student is Absent
7502160028  Student is Absent
7502160040  Student is Absent
7502160060 1.0
7502160060 1.0
7502160017  Student is Absent
7502160064  Student is Absent
7502160015  Student is Absent
7501160088  Student is Absent
7501160005  Student is Absent
7501160007  Student is Absent
7502160036 student is fail
7502160037  Student is Absent
7502160042  Student is Absent
7501160055 student is fail
7502160008  Student is Absent
7502160067 student is fail
7502160020  Student is Absent
7502160024  Student is Absent
7502160021  Student is Absent
7601160014  Student is Absent
7601160002  Student is Absent
7601160042 2.0
7601160042 2.0
7601160006  Student is Absent
7601160043  Student is Absent
8101160176  Student is Absent
8101160121 1.5
8101160121 1.5
8101160208  Student is Absent
8101160227  Student is Absent
8101160118 student is fail
8101160015 2.0
8101160015 2.0
8101160063  Student is Absent
8101160188 student is fail
8101160119 0.5
8101160119 0.5
8101160093 1.0
8101160093 1.0
8101160154 student is fail
8101160228 student is fail
8101160170  Student is Absent
8101160099  Student is Absent
8101160072  Student is Absent
8101160184 student is fail
8101160144 1.0
8101160144 1.0
8101160120  Student is Absent
8101160083  Student is Absent
8101160163  Student is Absent
8101160146 1.0
8101160146 1.0
8101160220 2.0
8101160220 2.0
8101160036 student is fail
8101160005 student is fail
8101160148 1.0
8101160148 1.0
8101160219  Student is Absent
8101160141  Student is Absent
8101160211 2.0
8101160211 2.0
8101160084 1.0
8101160084 1.0
8101160125 student is fail
8101160122  Student is Absent
8101160137  Student is Absent
8101160201  Student is Absent
8101160149  Student is Absent
8101160232 student is fail
8101160190  Student is Absent
8201160032 student is fail
8201160044 0.5
8201160044 0.5
8201160072  Student is Absent
8201160037  Student is Absent
8201160001  Student is Absent
8201160064  Student is Absent
8201160036 student is fail
8201160025 student is fail
8201160046  Student is Absent
8201160074  Student is Absent
8201160016 student is fail
8201160076 1.0
8201160076 1.0
8201160003  Student is Absent
8201160010  Student is Absent
8201160111 student is fail
8201160093 1.0
8201160093 1.0
8201160020  Student is Absent
8201160026 student is fail
8201160055  Student is Absent
8201160028  Student is Absent
8201160078 student is fail
8201160096 student is fail
8201160002 student is fail
8303160071  Student is Absent
8301160066  Student is Absent
8301160168  Student is Absent
8303160048 student is fail
8301160037  Student is Absent
8301160052 student is fail
8301160138  Student is Absent
8301160018  Student is Absent
8301160142  Student is Absent
8301160001 student is fail
8301160121 student is fail
8301160003 student is fail
8301160082 1.5
8301160082 1.5
8301160166 student is fail
8303160003  Student is Absent
8303160095 student is fail
8303160007 student is fail
8302160062 2.0
8302160062 2.0
8302160161  Student is Absent
8302160080 2.0
8302160080 2.0
8301160084 student is fail
8301160156 1.0
8301160156 1.0
8301160133  Student is Absent
8301160063 student is fail
8303160072 2.0
8303160072 2.0
8303160055 0.5
8303160055 0.5
8301160071 0.5
8301160071 0.5
8301160098 student is fail
8301160078  Student is Absent
8303160008 1.0
8303160008 1.0
8303160044 0.5
8303160044 0.5
8301160025 student is fail
8302160193 student is fail
8302160023  Student is Absent
8302160013 1.0
8302160013 1.0
8302160102 0.5
8302160102 0.5
8302160044 student is fail
8303160090 student is fail
8302160108 1.0
8302160108 1.0
8302160191 2.0
8302160191 2.0
8302160101 student is fail
8301160104 student is fail
8301160012 student is fail
8301160047  Student is Absent
8301160097 student is fail
8301160085 1.0
8301160085 1.0
8302160192  Student is Absent
8302160009  Student is Absent
8302160087  Student is Absent
8302160158  Student is Absent
8302160007  Student is Absent
8302160042  Student is Absent
8302160097  Student is Absent
8302160183 student is fail
8302160164 1.0
8302160164 1.0
8302160003 student is fail
8302160123 student is fail
8302160196  Student is Absent
8301160083 1.0
8301160083 1.0
8301160068 1.0
8301160068 1.0
8301160158 1.5
8301160158 1.5
8301160042  Student is Absent
8303160014 0.5
8303160014 0.5
8303160100  Student is Absent
8301160049 student is fail
8301160086  Student is Absent
8301160026  Student is Absent
8302160078 1.0
8302160078 1.0
8302160140 student is fail
8301160040  Student is Absent
8301160005  Student is Absent
8302160152 student is fail
8301160114  Student is Absent
8301160110  Student is Absent
8301160153  Student is Absent
8303160046  Student is Absent
8303160019  Student is Absent
8303160023  Student is Absent
8303160001 2.0
8303160001 2.0
8303160083 student is fail
8303160043 student is fail
8301160149  Student is Absent
8301160074 student is fail]]>
    </system-out>
  </testcase> <!-- GraceMarksCal -->
  <system-out>
    <![CDATA[6905
1302160009  Student is Absent
1101160045 student is fail
1301160013 student is fail
1301160004 1.0
1301160004 1.0
1101160014 1.0
1101160014 1.0
1302160005  Student is Absent
1302160008 2.0
1302160008 2.0
1101160048 1.0
1101160048 1.0
1301160001 1.0
1301160001 1.0
1301160016  Student is Absent
1201160039 1.0
1201160039 1.0
1302160016 student is fail
1302160011  Student is Absent
1301160010 1.0
1301160010 1.0
1302160013 student is fail
1101160036  Student is Absent
1201160027  Student is Absent
1301160009  Student is Absent
1201160007  Student is Absent
1401160003 1.0
1401160003 1.0
1401160053 student is fail
1401160042 2.0
1401160042 2.0
1401160017 student is fail
1401160002 student is fail
1401160054 student is fail
1401160026 2.0
1401160026 2.0
1507160016 2.0
1507160016 2.0
1507160027 student is fail
1507160003  Student is Absent
1507160007 student is fail
1506160018 1.0
1506160018 1.0
1506160019  Student is Absent
1508160018 student is fail
1502160033 2.0
1502160033 2.0
1507160011 student is fail
1501160015  Student is Absent
1505160021 2.0
1505160021 2.0
1501160056  Student is Absent
1504160022  Student is Absent
1504160036  Student is Absent
1504160029  Student is Absent
1503160014 student is fail
1503160019 2.0
1503160019 2.0
1501160001  Student is Absent
1501160050  Student is Absent
1501160035  Student is Absent
1501160047 student is fail
1505160006  Student is Absent
1504160026 student is fail
1506160031  Student is Absent
1507160010 2.0
1507160010 2.0
1507160008  Student is Absent
1502160001 student is fail
1501160016 student is fail
1502160032  Student is Absent
1507160004 1.0
1507160004 1.0
1507160022  Student is Absent
1503160010  Student is Absent
1507160019 4.0
1507160019 4.0
1507160013  Student is Absent
1505160022  Student is Absent
1501160028 student is fail
1502160019  Student is Absent
1504160028  Student is Absent
1507160014 2.0
1507160014 2.0
1502160012 student is fail
1508160004 student is fail
1508160015  Student is Absent
1502160011 student is fail
1503160011 1.0
1503160011 1.0
1503160005  Student is Absent
1506160006  Student is Absent
1501160019  Student is Absent
1501160010  Student is Absent
1504160031  Student is Absent
1504160034  Student is Absent
1504160018 1.0
1504160018 1.0
1504160030  Student is Absent
1506160020  Student is Absent
2102160047 student is fail
2102160195 2.0
2102160195 2.0
2102160133  Student is Absent
2101160076 student is fail
2101160165 1.0
2101160165 1.0
2102160052  Student is Absent
2102160100 1.0
2102160100 1.0
2101160244  Student is Absent
2102160017 2.0
2102160017 2.0
2102160010 student is fail
2101160315 student is fail
2101160366 student is fail
2101160355 student is fail
2101160182 1.0
2101160182 1.0
2101160129  Student is Absent
2101160363  Student is Absent
2101160198  Student is Absent
2101160131  Student is Absent
2101160161  Student is Absent
2101160373  Student is Absent
2101160309  Student is Absent
2101160139  Student is Absent
2101160318  Student is Absent
2102160173 student is fail
2102160059  Student is Absent
2102160313  Student is Absent
2102160282 0.5
2102160282 0.5
2102160217 2.0
2102160217 2.0
2102160262 student is fail
2101160241  Student is Absent
2102160198  Student is Absent
2101160115 1.0
2101160115 1.0
2102160222 2.0
2102160222 2.0
2101160222 student is fail
2101160021  Student is Absent
2102160053  Student is Absent
2101160153 2.0
2101160153 2.0
2101160292 2.0
2101160292 2.0
2101160120 2.0
2101160120 2.0
2102160114 student is fail
2101160168 2.0
2101160168 2.0
2101160035 student is fail
2101160245 1.0
2101160245 1.0
2101160230  Student is Absent
2102160120 student is fail
2102160044 1.0
2102160044 1.0
2102160085 student is fail
2102160211  Student is Absent
2102160102  Student is Absent
2102160251  Student is Absent
2102160246  Student is Absent
2101160164 student is fail
2101160316 student is fail
2102160196  Student is Absent
2102160105  Student is Absent
2102160006 student is fail
2101160384 1.0
2101160384 1.0
2101160206 student is fail
2101160030 2.0
2101160030 2.0
2101160013 student is fail
2102160180  Student is Absent
2101160341 student is fail
2101160042  Student is Absent
2101160308  Student is Absent
2102160300  Student is Absent
2101160342 1.0
2101160342 1.0
2101160109  Student is Absent
2101160047  Student is Absent
2102160130  Student is Absent
2102160111  Student is Absent
2102160223  Student is Absent
2101160187 1.0
2101160187 1.0
2101160091  Student is Absent
2101160064 2.0
2101160064 2.0
2101160217 student is fail
2101160096  Student is Absent
2101160008  Student is Absent
2101160269  Student is Absent
2102160040 student is fail
2101160372 1.0
2101160372 1.0
2101160275 1.0
2101160275 1.0
2102160318  Student is Absent
2102160115  Student is Absent
2101160291  Student is Absent
2101160124  Student is Absent
2101160179  Student is Absent
2101160025  Student is Absent
2101160138  Student is Absent
2101160026  Student is Absent
2101160097  Student is Absent
2101160260  Student is Absent
2101160189 student is fail
2101160265 2.0
2101160265 2.0
2101160029 1.5
2101160029 1.5
2101160171 student is fail
2101160229 1.0
2101160229 1.0
2101160001 1.0
2101160001 1.0
2102160087  Student is Absent
2102160127  Student is Absent
2102160207  Student is Absent
2102160034  Student is Absent
2102160061 student is fail
2101160074  Student is Absent
2101160010  Student is Absent
2101160101  Student is Absent
2101160248  Student is Absent
2102160312 student is fail
2102160084 1.0
2102160084 1.0
2102160081 student is fail
2101160186  Student is Absent
2102160235  Student is Absent
2102160191  Student is Absent
2102160051 1.0
2102160051 1.0
2102160231  Student is Absent
2101160362  Student is Absent
2102160090 1.0
2102160090 1.0
2102160259 2.0
2102160259 2.0
2102160067  Student is Absent
2102160079 student is fail
2101160252 2.0
2101160252 2.0
2101160144  Student is Absent
2101160333 student is fail
2102160302 student is fail
2102160188 2.0
2102160188 2.0
2102160232 student is fail
2101160145  Student is Absent
2102160144 1.0
2102160144 1.0
2102160290  Student is Absent
2102160258 student is fail
2102160192 1.0
2102160192 1.0
2102160137 student is fail
2102160063 2.0
2102160063 2.0
2101160224 2.0
2101160224 2.0
2101160108  Student is Absent
2101160218  Student is Absent
2102160285 student is fail
2102160291  Student is Absent
2101160258 student is fail
2101160117 student is fail
2201160094 student is fail
2201160118 1.0
2201160118 1.0
2201160130 1.5
2201160130 1.5
2201160082 student is fail
2201160060  Student is Absent
2201160045 2.0
2201160045 2.0
2201160010 2.0
2201160010 2.0
2201160259 0.5
2201160259 0.5
2201160263 0.5
2201160263 0.5
2201160265  Student is Absent
2201160100  Student is Absent
2201160026 2.0
2201160026 2.0
2201160150 student is fail
2201160157  Student is Absent
2201160185  Student is Absent
2201160163 1.5
2201160163 1.5
2201160071 student is fail
2201160230 student is fail
2201160009 student is fail
2201160097 1.0
2201160097 1.0
2201160059  Student is Absent
2201160262 1.5
2201160262 1.5
2201160158 2.0
2201160158 2.0
2201160166  Student is Absent
2201160012  Student is Absent
2201160273 student is fail
2201160152 1.5
2201160152 1.5
2201160090  Student is Absent
2201160006  Student is Absent
2201160062  Student is Absent
2201160099 student is fail
2201160222 student is fail
2201160066 student is fail
2201160011 student is fail
2201160048  Student is Absent
2201160138  Student is Absent
2201160149  Student is Absent
2201160064 2.0
2201160064 2.0
2201160103 student is fail
2201160070 2.0
2201160070 2.0
2201160187 1.0
2201160187 1.0
2201160102 2.0
2201160102 2.0
2201160274 student is fail
2201160170 2.0
2201160170 2.0
2201160019  Student is Absent
2201160176  Student is Absent
2201160065 student is fail
2201160205 student is fail
2201160115  Student is Absent
2201160069 1.0
2201160069 1.0
2201160007 student is fail
2201160043 1.0
2201160043 1.0
2201160083 student is fail
2301160203 1.5
2301160203 1.5
2301160111  Student is Absent
2301160211 1.0
2301160211 1.0
2301160096 2.0
2301160096 2.0
2301160039 1.0
2301160039 1.0
2301160179 1.0
2301160179 1.0
2301160029 student is fail
2301160047 student is fail
2301160078  Student is Absent
2301160163 1.0
2301160163 1.0
2301160120 student is fail
2301160004  Student is Absent
2301160037  Student is Absent
2301160060 student is fail
2301160155 1.0
2301160155 1.0
2301160166  Student is Absent
2301160097 student is fail
2301160205  Student is Absent
2301160191 1.0
2301160191 1.0
2301160058 student is fail
2301160148  Student is Absent
2301160171  Student is Absent
2301160200 student is fail
2301160160 student is fail
2301160184  Student is Absent
2301160008 student is fail
2301160183 1.0
2301160183 1.0
2301160197 1.0
2301160197 1.0
2301160026 1.0
2301160026 1.0
2301160135 student is fail
2301160051  Student is Absent
2301160050  Student is Absent
2301160138 student is fail
2301160003 2.0
2301160003 2.0
2301160018  Student is Absent
3101160057 student is fail
3101160126  Student is Absent
3101160135  Student is Absent
3101160267 student is fail
3101160268 2.0
3101160268 2.0
3101160182 1.0
3101160182 1.0
3101160008 student is fail
3101160041  Student is Absent
3101160011  Student is Absent
3101160130  Student is Absent
3101160164  Student is Absent
3101160240  Student is Absent
3101160040  Student is Absent
3101160143  Student is Absent
3101160198  Student is Absent
3101160115  Student is Absent
3101160202  Student is Absent
3101160210  Student is Absent
3101160233  Student is Absent
3101160180 2.0
3101160180 2.0
3101160154  Student is Absent
3101160067 0.5
3101160067 0.5
3101160006  Student is Absent
3101160087  Student is Absent
3101160187  Student is Absent
3101160174 student is fail
3101160076 1.0
3101160076 1.0
3101160097 student is fail
3101160283 student is fail
3101160246  Student is Absent
3101160280 1.0
3101160280 1.0
3101160221 2.0
3101160221 2.0
3101160201 student is fail
3101160124  Student is Absent
3101160301  Student is Absent
3101160072 student is fail
3101160308  Student is Absent
3101160052  Student is Absent
3101160044  Student is Absent
3101160211  Student is Absent
3101160036  Student is Absent
3101160298  Student is Absent
3101160304  Student is Absent
3101160200  Student is Absent
3101160082 1.5
3101160082 1.5
3101160104  Student is Absent
3101160085  Student is Absent
3101160173  Student is Absent
3101160093  Student is Absent
3101160296  Student is Absent
3101160148 3.0
3101160148 3.0
3101160264  Student is Absent
3101160131  Student is Absent
3101160162  Student is Absent
3101160065  Student is Absent
3201160012 1.0
3201160012 1.0
3201160015 student is fail
3201160056  Student is Absent
3201160071 student is fail
3201160047 student is fail
3201160084 1.0
3201160084 1.0
3201160022 3.0
3201160022 3.0
3201160078 1.0
3201160078 1.0
3201160005 student is fail
3201160072  Student is Absent
3201160082 student is fail
3201160076 student is fail
3201160060 1.0
3201160060 1.0
3201160055 student is fail
3201160010  Student is Absent
3201160051  Student is Absent
3201160041 student is fail
3201160080 student is fail
3301160019  Student is Absent
3301160058 student is fail
3301160056 student is fail
3301160045  Student is Absent
3301160054 0.5
3301160054 0.5
3301160053  Student is Absent
3301160008 student is fail
3301160005 2.0
3301160005 2.0
3301160024 2.0
3301160024 2.0
3301160011 1.0
3301160011 1.0
3301160010 student is fail
3301160059 1.0
3301160059 1.0
3301160025 student is fail
3301160006 2.0
3301160006 2.0
3301160030 2.0
3301160030 2.0
3301160016 student is fail
3301160013 2.0
3301160013 2.0
3301160022 2.0
3301160022 2.0
3401160005 student is fail
3401160006 2.0
3401160006 2.0
3401160019 student is fail
4101160168 2.0
4101160168 2.0
4102160048  Student is Absent
4101160103  Student is Absent
4101160283 1.0
4101160283 1.0
4101160157 student is fail
4101160253  Student is Absent
4101160067 student is fail
4101160113 student is fail
4101160064 2.0
4101160064 2.0
4103160002  Student is Absent
4103160030 student is fail
4101160265 1.0
4101160265 1.0
4101160215 1.0
4101160215 1.0
4101160006 student is fail
4101160102 2.0
4101160102 2.0
4101160097 student is fail
4101160055 student is fail
4101160086  Student is Absent
4101160228 1.0
4101160228 1.0
4101160043 student is fail
4101160081 student is fail
4101160112 student is fail
4101160188  Student is Absent
4101160268 student is fail
4101160075 2.0
4101160075 2.0
4101160030  Student is Absent
4101160019 student is fail
4101160216  Student is Absent
4102160052 student is fail
4102160046  Student is Absent
4101160116 student is fail
4103160046 student is fail
4103160024 student is fail
4101160007  Student is Absent
4101160028  Student is Absent
4101160273  Student is Absent
4101160245  Student is Absent
4101160190  Student is Absent
4101160272 student is fail
4101160093 student is fail
4101160171 student is fail
4101160059 student is fail
4102160028 student is fail
4203160117 student is fail
4201160037 student is fail
4203160065 student is fail
4203160113  Student is Absent
4203160087  Student is Absent
4201160003  Student is Absent
4203160085  Student is Absent
4203160116 student is fail
4201160033 1.0
4201160033 1.0
4201160006 1.0
4201160006 1.0
4202160017 student is fail
4201160038 2.0
4201160038 2.0
4201160034 3.0
4201160034 3.0
4201160035 student is fail
4203160121 student is fail
4203160019  Student is Absent
4203160115 2.0
4203160115 2.0
4203160045 student is fail
4203160107  Student is Absent
4203160124  Student is Absent
4201160008 2.0
4201160008 2.0
4201160049 1.0
4201160049 1.0
4201160026 1.5
4201160026 1.5
4203160042  Student is Absent
4203160089  Student is Absent
4203160108 2.0
4203160108 2.0
4203160025  Student is Absent
4203160081  Student is Absent
4203160134  Student is Absent
4203160005 2.0
4203160005 2.0
4201160002 student is fail
4201160041  Student is Absent
4203160066 2.0
4203160066 2.0
4203160096 1.5
4203160096 1.5
4203160012 1.0
4203160012 1.0
4203160030  Student is Absent
4203160018  Student is Absent
4203160072  Student is Absent
4201160025 student is fail
4203160068 student is fail
4203160016 0.5
4203160016 0.5
4203160110  Student is Absent
4201160010  Student is Absent
4203160101  Student is Absent
4203160026 1.0
4203160026 1.0
4202160052 student is fail
4202160010  Student is Absent
4202160015 2.0
4202160015 2.0
4202160034  Student is Absent
4202160040  Student is Absent
4202160013  Student is Absent
4202160016 student is fail
4202160026 2.0
4202160026 2.0
4202160037 2.0
4202160037 2.0
4202160031  Student is Absent
4201160068 1.0
4201160068 1.0
4202160021 2.0
4202160021 2.0
4301160188  Student is Absent
4301160097 1.0
4301160097 1.0
4301160244 student is fail
4301160142 student is fail
4301160171  Student is Absent
4301160053 1.0
4301160053 1.0
4301160090  Student is Absent
4301160027  Student is Absent
4301160243 student is fail
4301160147 1.0
4301160147 1.0
4301160047 student is fail
4301160241 0.5
4301160241 0.5
4301160012  Student is Absent
4301160120 1.0
4301160120 1.0
4301160264 1.0
4301160264 1.0
4301160118 student is fail
4301160156  Student is Absent
4301160226  Student is Absent
4301160131  Student is Absent
4301160077  Student is Absent
4301160149  Student is Absent
4301160228 student is fail
4301160055  Student is Absent
4301160181  Student is Absent
4301160160 student is fail
4301160220 2.0
4301160220 2.0
4301160137 student is fail
4301160196  Student is Absent
4301160204 1.0
4301160204 1.0
4301160151  Student is Absent
4301160079  Student is Absent
4301160056 1.0
4301160056 1.0
4301160030  Student is Absent
4301160164 1.0
4301160164 1.0
4301160152  Student is Absent
4301160011  Student is Absent
4301160051  Student is Absent
4301160001 1.0
4301160001 1.0
4301160109 student is fail
4301160059 2.0
4301160059 2.0
4301160100  Student is Absent
4301160033  Student is Absent
4301160048  Student is Absent
4301160194  Student is Absent
4301160091 2.0
4301160091 2.0
4301160198  Student is Absent
4401160025  Student is Absent
4401160019  Student is Absent
4401160020 2.0
4401160020 2.0
4401160015  Student is Absent
4501160005 1.0
4501160005 1.0
4501160002 0.5
4501160002 0.5
4501160012  Student is Absent
4501160021 2.0
4501160021 2.0
4501160001  Student is Absent
5101160216  Student is Absent
5101160202 student is fail
5101160136 student is fail
5101160210 student is fail
5101160091 2.0
5101160091 2.0
5101160189 student is fail
5101160150  Student is Absent
5101160024  Student is Absent
5101160090  Student is Absent
5101160097 0.5
5101160097 0.5
5101160099  Student is Absent
5101160165  Student is Absent
5101160098 student is fail
5101160046  Student is Absent
5101160052  Student is Absent
5101160135  Student is Absent
5101160003 student is fail
5101160206 student is fail
5101160171 student is fail
5101160113 student is fail
5101160083  Student is Absent
5101160167  Student is Absent
5101160204  Student is Absent
5101160190 student is fail
5101160042 1.0
5101160042 1.0
5101160032 student is fail
5101160131 student is fail
5101160064 student is fail
5101160066 1.0
5101160066 1.0
5101160030 1.0
5101160030 1.0
5101160061  Student is Absent
5101160081  Student is Absent
5101160133 student is fail
5101160224 0.5
5101160224 0.5
5101160101 student is fail
5101160112 student is fail
5101160021  Student is Absent
5101160093 3.0
5101160093 3.0
5101160109 2.0
5101160109 2.0
5101160141 student is fail
5101160213 1.0
5101160213 1.0
5101160020 2.0
5101160020 2.0
5101160188 0.5
5101160188 0.5
5101160015 2.0
5101160015 2.0
5102160255 student is fail
5102160148 student is fail
5102160053 student is fail
5102160118 1.0
5102160118 1.0
5102160264 student is fail
5102160151 1.0
5102160151 1.0
5102160244 student is fail
5102160309  Student is Absent
5102160206  Student is Absent
5102160141 student is fail
5102160315 2.0
5102160315 2.0
5102160268  Student is Absent
5102160286  Student is Absent
5102160043  Student is Absent
5102160289  Student is Absent
5102160008  Student is Absent
5102160276 student is fail
5102160317 1.0
5102160317 1.0
5102160210 student is fail
5102160278 1.0
5102160278 1.0
5102160149 student is fail
5102160241 1.5
5102160241 1.5
5102160311  Student is Absent
5102160114 1.0
5102160114 1.0
5102160027  Student is Absent
5102160188 2.0
5102160188 2.0
5102160162 student is fail
5102160263 student is fail
5102160028 student is fail
5102160109 0.5
5102160109 0.5
5102160140 student is fail
5102160146 student is fail
5102160065 student is fail
5102160003  Student is Absent
5102160006 2.0
5102160006 2.0
5102160190 student is fail
5102160112 student is fail
5102160055  Student is Absent
5102160131 0.5
5102160131 0.5
5102160305 0.5
5102160305 0.5
5102160154 student is fail
5102160217  Student is Absent
5102160226 0.5
5102160226 0.5
5102160180 student is fail
5102160291 1.0
5102160291 1.0
5102160035 student is fail
5102160034 student is fail
5102160234  Student is Absent
5102160026  Student is Absent
5102160177  Student is Absent
5102160248  Student is Absent
5102160185 1.5
5102160185 1.5
5102160269  Student is Absent
5102160067 student is fail
5102160060 student is fail
5102160258  Student is Absent
5102160108 2.0
5102160108 2.0
5102160093  Student is Absent
5102160105 2.0
5102160105 2.0
5102160262 1.0
5102160262 1.0
5102160160 student is fail
5102160168 student is fail
5201160046 student is fail
5201160063  Student is Absent
5201160061 student is fail
5201160077  Student is Absent
5201160050  Student is Absent
5201160042  Student is Absent
5201160051  Student is Absent
5201160008 2.0
5201160008 2.0
5201160036 1.0
5201160036 1.0
5201160073  Student is Absent
5201160017 student is fail
5201160080 student is fail
5201160014  Student is Absent
5201160070 student is fail
5201160010 student is fail
5201160039 1.0
5201160039 1.0
5201160072 1.5
5201160072 1.5
5301160059  Student is Absent
5301160022  Student is Absent
5301160030 student is fail
5301160001 student is fail
5301160031 2.5
5301160031 2.5
5301160081  Student is Absent
5301160021 1.0
5301160021 1.0
5301160056 student is fail
5301160027 2.0
5301160027 2.0
5301160012 student is fail
5301160063 2.0
5301160063 2.0
5301160007 1.0
5301160007 1.0
5301160029 2.5
5301160029 2.5
5301160028  Student is Absent
5301160046 student is fail
5301160002 1.5
5301160002 1.5
5301160005 student is fail
5301160033 1.0
5301160033 1.0
5301160054  Student is Absent
5301160072 student is fail
5301160068 student is fail
5301160015 student is fail
5302160071 1.0
5302160071 1.0
5302160075 student is fail
5302160022  Student is Absent
5302160029  Student is Absent
5302160065  Student is Absent
5302160078 student is fail
5302160069 student is fail
5302160067 student is fail
5302160001  Student is Absent
5302160048 student is fail
5401160012  Student is Absent
5401160084  Student is Absent
5401160091  Student is Absent
5401160057  Student is Absent
5401160011  Student is Absent
5401160043 1.0
5401160043 1.0
5401160143 1.0
5401160143 1.0
5401160083  Student is Absent
5401160104 student is fail
5401160024 student is fail
5401160034 student is fail
5401160081 student is fail
5401160124  Student is Absent
5401160008 student is fail
5401160079  Student is Absent
5401160080 2.0
5401160080 2.0
5401160107 1.0
5401160107 1.0
5401160055 student is fail
5401160146  Student is Absent
5401160106  Student is Absent
5401160128  Student is Absent
5401160026  Student is Absent
5401160147  Student is Absent
5401160120 student is fail
5401160005 student is fail
5401160003  Student is Absent
5401160042 student is fail
5401160132  Student is Absent
5401160070 1.0
5401160070 1.0
5401160049 2.0
5401160049 2.0
5401160119 2.0
5401160119 2.0
5401160041 student is fail
5401160116 student is fail
5401160090  Student is Absent
5401160067  Student is Absent
5401160118  Student is Absent
5401160046  Student is Absent
5401160052  Student is Absent
5401160004  Student is Absent
5401160138  Student is Absent
5401160115  Student is Absent
5401160108  Student is Absent
5401160015  Student is Absent
5401160066 student is fail
5401160045 student is fail
5401160111 0.5
5401160111 0.5
5501160005  Student is Absent
5501160073  Student is Absent
5501160054 0.5
5501160054 0.5
5501160052 2.0
5501160052 2.0
5501160080 student is fail
5501160034 student is fail
5501160018 student is fail
5501160055  Student is Absent
5501160036  Student is Absent
5501160040  Student is Absent
5501160002 2.0
5501160002 2.0
5501160037 2.0
5501160037 2.0
5501160014 1.0
5501160014 1.0
5501160032 student is fail
5501160067 2.0
5501160067 2.0
5501160068 student is fail
5501160033 student is fail
5501160026 student is fail
5502160061 student is fail
5502160012 student is fail
5502160037  Student is Absent
5501160042 student is fail
5502160027  Student is Absent
5502160014  Student is Absent
6101160161 student is fail
6101160231 2.0
6101160231 2.0
6101160131 1.5
6101160131 1.5
6101160224  Student is Absent
6101160170  Student is Absent
6101160302  Student is Absent
6101160186  Student is Absent
6101160282 2.0
6101160282 2.0
6101160276 student is fail
6101160172 0.5
6101160172 0.5
6101160052 student is fail
6101160097  Student is Absent
6101160237 student is fail
6101160278 0.5
6101160278 0.5
6101160191 2.0
6101160191 2.0
6101160001  Student is Absent
6101160156 2.0
6101160156 2.0
6101160008 student is fail
6101160025 student is fail
6101160313  Student is Absent
6101160007 student is fail
6101160021 1.0
6101160021 1.0
6101160208 student is fail
6101160073 student is fail
6101160140 2.0
6101160140 2.0
6101160221 2.0
6101160221 2.0
6101160173  Student is Absent
6101160180  Student is Absent
6101160106 2.0
6101160106 2.0
6101160253 2.0
6101160253 2.0
6101160121 2.0
6101160121 2.0
6101160081 student is fail
6101160045 1.0
6101160045 1.0
6101160203 student is fail
6101160219 1.0
6101160219 1.0
6101160046 student is fail
6101160031  Student is Absent
6101160068 1.0
6101160068 1.0
6101160059 student is fail
6101160024  Student is Absent
6101160247 student is fail
6101160260  Student is Absent
6101160321 student is fail
6101160189  Student is Absent
6101160027  Student is Absent
6101160067  Student is Absent
6101160119 student is fail
6101160198 1.0
6101160198 1.0
6101160249 student is fail
6202160033  Student is Absent
6201160014  Student is Absent
6201160022 2.0
6201160022 2.0
6201160008 1.0
6201160008 1.0
6201160039 student is fail
6201160024 student is fail
6201160005 student is fail
6201160050 2.0
6201160050 2.0
6201160052 1.0
6201160052 1.0
6201160054  Student is Absent
6202160011  Student is Absent
6202160001 student is fail
6202160003 1.0
6202160003 1.0
6202160028  Student is Absent
6202160014 student is fail
6201160019 2.0
6201160019 2.0
6201160037  Student is Absent
6202160051 1.0
6202160051 1.0
6202160030  Student is Absent
6202160022 2.0
6202160022 2.0
6303160014 2.0
6303160014 2.0
6301160050 2.0
6301160050 2.0
6301160062  Student is Absent
6301160016 student is fail
6301160031 2.0
6301160031 2.0
6301160021 1.0
6301160021 1.0
6302160044 student is fail
6302160007  Student is Absent
6302160042  Student is Absent
6302160058 student is fail
6302160027 student is fail
6302160030 student is fail
6301160008 2.0
6301160008 2.0
6303160051 1.0
6303160051 1.0
6303160024  Student is Absent
6303160010  Student is Absent
6303160040  Student is Absent
6303160049 1.0
6303160049 1.0
6302160017 1.0
6302160017 1.0
6302160053  Student is Absent
6302160045  Student is Absent
6301160025 2.0
6301160025 2.0
6301160011 student is fail
6301160013 student is fail
6301160048 student is fail
6303160020 2.0
6303160020 2.0
6303160028 2.0
6303160028 2.0
6301160047  Student is Absent
6303160048  Student is Absent
6303160034  Student is Absent
6303160064 student is fail
6303160059 1.0
6303160059 1.0
6303160025 1.0
6303160025 1.0
6303160039 0.5
6303160039 0.5
6302160046 student is fail
6302160056  Student is Absent
6302160057 student is fail
6303160046 2.0
6303160046 2.0
6303160055 2.0
6303160055 2.0
6301160004  Student is Absent
6301160026 1.0
6301160026 1.0
6303160027 1.0
6303160027 1.0
6303160070  Student is Absent
6302160066  Student is Absent
6401160121 student is fail
6401160013  Student is Absent
6401160028 student is fail
6401160006  Student is Absent
6401160122 4.0
6401160122 4.0
6401160130  Student is Absent
6401160097  Student is Absent
6401160098 1.5
6401160098 1.5
6401160101 2.0
6401160101 2.0
6401160048 2.0
6401160048 2.0
6401160046 student is fail
6401160007 student is fail
6401160129 2.0
6401160129 2.0
6401160042 student is fail
6401160002 1.0
6401160002 1.0
6401160064 2.0
6401160064 2.0
6401160045  Student is Absent
6401160131  Student is Absent
6401160024 student is fail
6401160114 student is fail
6401160065 student is fail
6501160028 student is fail
6501160064 1.0
6501160064 1.0
6501160054 student is fail
6502160035 student is fail
6502160076 2.0
6502160076 2.0
6502160100 1.0
6502160100 1.0
6501160063 2.0
6501160063 2.0
6502160074 student is fail
6501160013 2.0
6501160013 2.0
6502160024 1.0
6502160024 1.0
6501160071 2.0
6501160071 2.0
6501160020 student is fail
6502160069 student is fail
6502160040 student is fail
6502160007 0.5
6502160007 0.5
6502160062 student is fail
6502160083  Student is Absent
6502160018 student is fail
6501160076 student is fail
6501160002 1.0
6501160002 1.0
6502160054 student is fail
6501160058 1.0
6501160058 1.0
6502160037 1.0
6502160037 1.0
6502160010 1.0
6502160010 1.0
6502160087 student is fail
6502160045  Student is Absent
6502160042  Student is Absent
6502160050 1.0
6502160050 1.0
6501160017 student is fail
6501160114 student is fail
6501160116 student is fail
6502160102 student is fail
6502160041 1.0
6502160041 1.0
6502160044 2.0
6502160044 2.0
6501160044 2.0
6501160044 2.0
7101160028  Student is Absent
7101160022  Student is Absent
7101160025  Student is Absent
7102160117 2.0
7102160117 2.0
7102160098 student is fail
7102160063 1.0
7102160063 1.0
7102160125  Student is Absent
7101160075  Student is Absent
7101160032 1.0
7101160032 1.0
7101160107  Student is Absent
7102160075  Student is Absent
7102160014  Student is Absent
7102160104 student is fail
7102160094  Student is Absent
7101160045 1.0
7101160045 1.0
7102160008  Student is Absent
7102160022  Student is Absent
7102160051  Student is Absent
7102160083 2.0
7102160083 2.0
7102160040 2.0
7102160040 2.0
7101160097  Student is Absent
7101160108  Student is Absent
7101160085 student is fail
7101160090  Student is Absent
7102160006  Student is Absent
7102160045  Student is Absent
7102160015  Student is Absent
7102160114 2.0
7102160114 2.0
7102160081 0.5
7102160081 0.5
7101160044 student is fail
7101160043 student is fail
7101160020 student is fail
7102160018  Student is Absent
7102160011  Student is Absent
7101160021 student is fail
7101160124  Student is Absent
7101160048  Student is Absent
7101160089  Student is Absent
7101160091 2.0
7101160091 2.0
7101160014 student is fail
7101160111 student is fail
7102160003  Student is Absent
7102160132  Student is Absent
7102160017  Student is Absent
7102160021  Student is Absent
7102160082  Student is Absent
7201160098 student is fail
7201160051 student is fail
7201160008 student is fail
7201160065  Student is Absent
7201160097 2.0
7201160097 2.0
7201160033  Student is Absent
7201160066  Student is Absent
7201160046  Student is Absent
7201160076 2.0
7201160076 2.0
7201160075  Student is Absent
7201160068  Student is Absent
7201160012 2.0
7201160012 2.0
7301160033  Student is Absent
7301160019 1.0
7301160019 1.0
7301160001  Student is Absent
7301160008 2.0
7301160008 2.0
7301160016 2.0
7301160016 2.0
7301160017  Student is Absent
7401160064 2.0
7401160064 2.0
7401160035 0.5
7401160035 0.5
7401160080 1.0
7401160080 1.0
7401160076 1.0
7401160076 1.0
7401160068  Student is Absent
7401160094  Student is Absent
7401160097 1.0
7401160097 1.0
7401160041 student is fail
7401160030 student is fail
7401160007 student is fail
7401160098 student is fail
7401160047  Student is Absent
7401160058  Student is Absent
7401160093 student is fail
7401160054  Student is Absent
7401160090  Student is Absent
7401160003 1.0
7401160003 1.0
7501160064  Student is Absent
7501160045  Student is Absent
7501160054 student is fail
7501160021  Student is Absent
7501160042  Student is Absent
7501160040 student is fail
7501160084  Student is Absent
7501160062 1.0
7501160062 1.0
7502160003 student is fail
7502160049  Student is Absent
7502160012 student is fail
7501160067 student is fail
7501160065  Student is Absent
7502160027 2.0
7502160027 2.0
7502160010 student is fail
7501160074 1.0
7501160074 1.0
7501160009 student is fail
7501160027 1.0
7501160027 1.0
7501160078  Student is Absent
7502160019 student is fail
7502160016 2.0
7502160016 2.0
7502160071  Student is Absent
7502160039  Student is Absent
7502160047 2.0
7502160047 2.0
7501160039  Student is Absent
7501160043 1.0
7501160043 1.0
7501160071 2.0
7501160071 2.0
7502160011  Student is Absent
7502160028  Student is Absent
7502160040  Student is Absent
7502160060 1.0
7502160060 1.0
7502160017  Student is Absent
7502160064  Student is Absent
7502160015  Student is Absent
7501160088  Student is Absent
7501160005  Student is Absent
7501160007  Student is Absent
7502160036 student is fail
7502160037  Student is Absent
7502160042  Student is Absent
7501160055 student is fail
7502160008  Student is Absent
7502160067 student is fail
7502160020  Student is Absent
7502160024  Student is Absent
7502160021  Student is Absent
7601160014  Student is Absent
7601160002  Student is Absent
7601160042 2.0
7601160042 2.0
7601160006  Student is Absent
7601160043  Student is Absent
8101160176  Student is Absent
8101160121 1.5
8101160121 1.5
8101160208  Student is Absent
8101160227  Student is Absent
8101160118 student is fail
8101160015 2.0
8101160015 2.0
8101160063  Student is Absent
8101160188 student is fail
8101160119 0.5
8101160119 0.5
8101160093 1.0
8101160093 1.0
8101160154 student is fail
8101160228 student is fail
8101160170  Student is Absent
8101160099  Student is Absent
8101160072  Student is Absent
8101160184 student is fail
8101160144 1.0
8101160144 1.0
8101160120  Student is Absent
8101160083  Student is Absent
8101160163  Student is Absent
8101160146 1.0
8101160146 1.0
8101160220 2.0
8101160220 2.0
8101160036 student is fail
8101160005 student is fail
8101160148 1.0
8101160148 1.0
8101160219  Student is Absent
8101160141  Student is Absent
8101160211 2.0
8101160211 2.0
8101160084 1.0
8101160084 1.0
8101160125 student is fail
8101160122  Student is Absent
8101160137  Student is Absent
8101160201  Student is Absent
8101160149  Student is Absent
8101160232 student is fail
8101160190  Student is Absent
8201160032 student is fail
8201160044 0.5
8201160044 0.5
8201160072  Student is Absent
8201160037  Student is Absent
8201160001  Student is Absent
8201160064  Student is Absent
8201160036 student is fail
8201160025 student is fail
8201160046  Student is Absent
8201160074  Student is Absent
8201160016 student is fail
8201160076 1.0
8201160076 1.0
8201160003  Student is Absent
8201160010  Student is Absent
8201160111 student is fail
8201160093 1.0
8201160093 1.0
8201160020  Student is Absent
8201160026 student is fail
8201160055  Student is Absent
8201160028  Student is Absent
8201160078 student is fail
8201160096 student is fail
8201160002 student is fail
8303160071  Student is Absent
8301160066  Student is Absent
8301160168  Student is Absent
8303160048 student is fail
8301160037  Student is Absent
8301160052 student is fail
8301160138  Student is Absent
8301160018  Student is Absent
8301160142  Student is Absent
8301160001 student is fail
8301160121 student is fail
8301160003 student is fail
8301160082 1.5
8301160082 1.5
8301160166 student is fail
8303160003  Student is Absent
8303160095 student is fail
8303160007 student is fail
8302160062 2.0
8302160062 2.0
8302160161  Student is Absent
8302160080 2.0
8302160080 2.0
8301160084 student is fail
8301160156 1.0
8301160156 1.0
8301160133  Student is Absent
8301160063 student is fail
8303160072 2.0
8303160072 2.0
8303160055 0.5
8303160055 0.5
8301160071 0.5
8301160071 0.5
8301160098 student is fail
8301160078  Student is Absent
8303160008 1.0
8303160008 1.0
8303160044 0.5
8303160044 0.5
8301160025 student is fail
8302160193 student is fail
8302160023  Student is Absent
8302160013 1.0
8302160013 1.0
8302160102 0.5
8302160102 0.5
8302160044 student is fail
8303160090 student is fail
8302160108 1.0
8302160108 1.0
8302160191 2.0
8302160191 2.0
8302160101 student is fail
8301160104 student is fail
8301160012 student is fail
8301160047  Student is Absent
8301160097 student is fail
8301160085 1.0
8301160085 1.0
8302160192  Student is Absent
8302160009  Student is Absent
8302160087  Student is Absent
8302160158  Student is Absent
8302160007  Student is Absent
8302160042  Student is Absent
8302160097  Student is Absent
8302160183 student is fail
8302160164 1.0
8302160164 1.0
8302160003 student is fail
8302160123 student is fail
8302160196  Student is Absent
8301160083 1.0
8301160083 1.0
8301160068 1.0
8301160068 1.0
8301160158 1.5
8301160158 1.5
8301160042  Student is Absent
8303160014 0.5
8303160014 0.5
8303160100  Student is Absent
8301160049 student is fail
8301160086  Student is Absent
8301160026  Student is Absent
8302160078 1.0
8302160078 1.0
8302160140 student is fail
8301160040  Student is Absent
8301160005  Student is Absent
8302160152 student is fail
8301160114  Student is Absent
8301160110  Student is Absent
8301160153  Student is Absent
8303160046  Student is Absent
8303160019  Student is Absent
8303160023  Student is Absent
8303160001 2.0
8303160001 2.0
8303160083 student is fail
8303160043 student is fail
8301160149  Student is Absent
8301160074 student is fail]]>
  </system-out>
</testsuite> <!-- GRACE_MARKS.newGraceMarks2Final -->
