<?xml version="1.0" encoding="UTF-8"?>
<!-- Generated by org.testng.reporters.JUnitReportReporter -->
<testsuite hostname="DESKTOP-VCK713F" failures="0" tests="1" name="Compare_CertificateData_with_Result.CompareCertificateAndResult" time="34.979" errors="0" timestamp="2026-05-21T15:38:47 IST" skipped="0">
  <testcase classname="Compare_CertificateData_with_Result.CompareCertificateAndResult" name="compare" time="34.979"/>
</testsuite> <!-- Compare_CertificateData_with_Result.CompareCertificateAndResult -->
