<?xml version="1.0" encoding="UTF-8"?>
<!-- Generated by org.testng.reporters.JUnitReportReporter -->
<testsuite hostname="DESKTOP-VCK713F" failures="0" tests="1" name="GRACE_MARKS.newTestResultFinal" time="13.150" errors="0" timestamp="2026-03-02T20:52:58 IST" skipped="0">
  <testcase classname="GRACE_MARKS.newTestResultFinal" name="resultTest" time="13.150">
    <system-out>
      <![CDATA[1101260002 is FAIL
1101260002 Grade is - 
1101260016 is FAIL
1101260016 is FAIL with - grade
1101260019 is FAIL
1101260019 is FAIL with - grade
1101260007 is FAIL
1101260007 is FAIL with - grade
1101260012  Student is Absent
1101260017 is FAIL
1101260017 is FAIL with - grade
1101260008  Student is Absent
1101260009 is FAIL
1101260009 Grade is - 
1101360001 is FAIL
1101360001 Grade is - 
1101360002 is FAIL
1101360002 is FAIL with - grade
1101260001 is PASS
1101260001 is PASS with A+ grade
1101260004 is FAIL
1101260004 is FAIL with - grade
1101260010  Student is Absent
1101260015 is FAIL
1101260015 is FAIL with - grade
1101260006 is FAIL
1101260006 is FAIL with - grade
1101260003 is FAIL
1101260003 Grade is - 
1101260013 is FAIL
1101260013 Grade is - 
1101260018 is FAIL
1101260018 is FAIL with - grade
1101260005 is PASS
1101260005 is PASS with A+ grade
1101260011 is FAIL
1101260011 is FAIL with - grade
1101260014 is FAIL
1101260014 is FAIL with - grade
1102260015 is FAIL
1102260015 is FAIL with - grade
1102260002 is FAIL
1102260002 is FAIL with - grade
1102260008 is FAIL
1102260008 Grade is - 
1102260018 is FAIL
1102260018 is FAIL with - grade
1102260016 is FAIL
1102260016 is FAIL with - grade
1102260004 is FAIL
1102260004 is FAIL with - grade
1102260009 is PASS
1102260009 is PASS with B grade
1102260012 is FAIL
1102260012 is FAIL with - grade
1102260006 is FAIL
1102260006 is FAIL with - grade
1102260013 is PASS
1102260013 is PASS with A grade
1102260017 is FAIL
1102260017 is FAIL with - grade
1102260014 is FAIL
1102260014 is FAIL with - grade
1102260001 is FAIL
1102260001 is FAIL with - grade
1102260007 is FAIL
1102260007 is FAIL with - grade
1102260005  Student is Absent
1102260010 is PASS
1102260010 is PASS with A grade
1102260011 is PASS
1102260011 is PASS with A+ grade
1102260019 is FAIL
1102260019 Grade is - 
1102260021 is FAIL
1102260021 is FAIL with - grade
1102260003 is FAIL
1102260003 is FAIL with - grade
1102260020 is FAIL
1102260020 is FAIL with - grade
1201260012 is FAIL
1201260012 Grade is - 
1201260019 is FAIL
1201260019 is FAIL with - grade
1201260016 is FAIL
1201260016 is FAIL with - grade
1201260028 is PASS
1201260028 is PASS with A+ grade
1201260020 is FAIL
1201260020 is FAIL with - grade
1201260026 is PASS
1201260026 is PASS with A+ grade
1201260005 is PASS
1201260005 is PASS with A grade
1201260014 is FAIL
1201260014 is FAIL with - grade
1201260023 is FAIL
1201260023 is FAIL with - grade
1201260009 is PASS
1201260009 is PASS with A+ grade
1201260011 is PASS
1201260011 is PASS with A grade
1201260025 is PASS
1201260025 is PASS with A+ grade
1201260027 is PASS
1201260027 is PASS with A+ grade
1201260013 is PASS
1201260013 is PASS with A grade
1201260002 is FAIL
1201260002 Grade is - 
1201260022 is FAIL
1201260022 is FAIL with - grade
1201260004 is FAIL
1201260004 is FAIL with - grade
1201260003 is PASS
1201260003 is PASS with A+ grade
1201260007 is PASS
1201260007 is PASS with A grade
1201260021 is PASS
1201260021 is PASS with A grade
1201260006 is FAIL
1201260006 Grade is - 
1201260024 is PASS
1201260024 is PASS with A+ grade
1201260010 is FAIL
1201260010 is FAIL with - grade
1201260008 is PASS
1201260008 is PASS with A grade
1201260001 is FAIL
1201260001 is FAIL with - grade
1201260015 is PASS
1201260015 is PASS with A+ grade
1201260018 is PASS
1201260018 is PASS with A grade
1201260017 is FAIL
1201260017 is FAIL with - grade
1202260004 is PASS
1202260004 is PASS with B grade
1202260002 is FAIL
1202260002 is FAIL with - grade
1202260007 is FAIL
1202260007 Grade is - 
1202260013 is FAIL
1202260013 is FAIL with - grade
1202260001 is FAIL
1202260001 is FAIL with - grade
1202260006 is PASS
1202260006 is PASS with A+ grade
1202260014 is FAIL
1202260014 is FAIL with - grade
1202260005 is FAIL
1202260005 is FAIL with - grade
1202260010 is FAIL
1202260010 Grade is - 
1202260009 is PASS
1202260009 is PASS with A+ grade
1202260011 is PASS
1202260011 is PASS with B grade
1202260012 is PASS
1202260012 is PASS with A+ grade
1202260008 is FAIL
1202260008 is FAIL with - grade
1202260003 is FAIL
1202260003 is FAIL with - grade
1301260002 is PASS
1301260002 is PASS with A grade
1301260001 is FAIL
1301260001 Grade is - 
1302260016 is FAIL
1302260016 Grade is - 
1302260005 is FAIL
1302260005 is FAIL with - grade
1302260006 is FAIL
1302260006 is FAIL with - grade
1302260018 is FAIL
1302260018 Grade is - 
1302260008 is FAIL
1302260008 is FAIL with - grade
1302260012 is FAIL
1302260012 Grade is - 
1302260003 is FAIL
1302260003 Grade is - 
1302260007 is FAIL
1302260007 Grade is - 
1302260013  Student is Absent
1302260014 is PASS
1302260014 is PASS with A grade
1302260010 is FAIL
1302260010 Grade is - 
1302260015 is FAIL
1302260015 is FAIL with - grade
1302260017 is FAIL
1302260017 is FAIL with - grade
1302260020 is FAIL
1302260020 is FAIL with - grade
1302260001  Student is Absent
1302260002 is PASS
1302260002 is PASS with A+ grade
1302260011 is FAIL
1302260011 is FAIL with - grade
1302260019 is PASS
1302260019 is PASS with A grade
1302260025 is PASS
1302260025 is PASS with A grade
1302260024 is FAIL
1302260024 Grade is - 
1302260023 is PASS
1302260023 is PASS with A+ grade
1302260004 is PASS
1302260004 is PASS with A grade
1302260021 is FAIL
1302260021 is FAIL with - grade
1302260022 is FAIL
1302260022 is FAIL with - grade
1302260009 is FAIL
1302260009 is FAIL with - grade
1303260013 is PASS
1303260013 is PASS with A+ grade
1303260014 is FAIL
1303260014 is FAIL with - grade
1303260007 is FAIL
1303260007 Grade is - 
1303260015 is FAIL
1303260015 is FAIL with - grade
1303260004 is FAIL
1303260004 is FAIL with - grade
1303260009  Student is Absent
1303260010 is PASS
1303260010 is PASS with A grade
1303260001 is FAIL
1303260001 Grade is - 
1303260008 is PASS
1303260008 is PASS with A grade
1303260016  Student is Absent
1303260011 is FAIL
1303260011 Grade is - 
1303260012 is PASS
1303260012 is PASS with A grade
1303260003 is FAIL
1303260003 Grade is - 
1303260002 is FAIL
1303260002 is FAIL with - grade
1303260006 is FAIL
1303260006 is FAIL with - grade
1303260005 is FAIL
1303260005 is FAIL with - grade
1401260015 is FAIL
1401260015 is FAIL with - grade
1401260030 is FAIL
1401260030 is FAIL with - grade
1401260020 is FAIL
1401260020 is FAIL with - grade
1401260008  Student is Absent
1401260010 is FAIL
1401260010 Grade is - 
1401260024 is PASS
1401260024 is PASS with A+ grade
1401260025 is FAIL
1401260025 is FAIL with - grade
1401260026 is PASS
1401260026 is PASS with B grade
1401260004 is FAIL
1401260004 Grade is - 
1401260006 is FAIL
1401260006 is FAIL with - grade
1401260005 is PASS
1401260005 is PASS with A+ grade
1401260016 is PASS
1401260016 is PASS with A grade
1401260002 is PASS
1401260002 is PASS with A+ grade
1401260001 is FAIL
1401260001 is FAIL with - grade
1401260009 is PASS
1401260009 is PASS with A+ grade
1401260017 is FAIL
1401260017 is FAIL with - grade
1401260007 is PASS
1401260007 is PASS with A+ grade
1401360001 is PASS
1401360001 is PASS with A+ grade
1401260023 is FAIL
1401260023 Grade is - 
1401260012 is FAIL
1401260012 Grade is - 
1401260031 is FAIL
1401260031 is FAIL with - grade
1401260014 is FAIL
1401260014 Grade is - 
1401260021 is FAIL
1401260021 Grade is - 
1401260019 is FAIL
1401260019 is FAIL with - grade
1401260029 is FAIL
1401260029 is FAIL with - grade
1401260028 is PASS
1401260028 is PASS with A+ grade
1401260003 is PASS
1401260003 is PASS with A grade
1401260027 is FAIL
1401260027 Grade is - 
1401260022 is FAIL
1401260022 is FAIL with - grade
1401260011 is PASS
1401260011 is PASS with A grade
1401260013 is FAIL
1401260013 is FAIL with - grade
1401260018 is FAIL
1401260018 is FAIL with - grade
1402260002  Student is Absent
1402260003 is PASS
1402260003 is PASS with A+ grade
1402260005 is FAIL
1402260005 Grade is - 
1402260007 is FAIL
1402260007 is FAIL with - grade
1402260010 is FAIL
1402260010 is FAIL with - grade
1402260011  Student is Absent
1402260013 is FAIL
1402260013 is FAIL with - grade
1402260014 is FAIL
1402260014 is FAIL with - grade
1402260001 is FAIL
1402260001 is FAIL with - grade
1402360001 is PASS
1402360001 is PASS with A grade
1402260012 is PASS
1402260012 is PASS with B grade
1402260009 is FAIL
1402260009 Grade is - 
1402260004 is FAIL
1402260004 Grade is - 
1402260008 is PASS
1402260008 is PASS with A grade
1402260006 is PASS
1402260006 is PASS with A grade
1403260005 is FAIL
1403260005 Grade is - 
1403260008 is FAIL
1403260008 is FAIL with - grade
1403260006 is PASS
1403260006 is PASS with A+ grade
1403260011 is FAIL
1403260011 Grade is - 
1403260009 is FAIL
1403260009 is FAIL with - grade
1403260001 is FAIL
1403260001 is FAIL with - grade
1403260010 is FAIL
1403260010 Grade is - 
1403260003 is PASS
1403260003 is PASS with A grade
1403260004 is FAIL
1403260004 is FAIL with - grade
1403260007 is FAIL
1403260007 is FAIL with - grade
1403260002 is FAIL
1403260002 Grade is - 
1404260005 is PASS
1404260005 is PASS with A grade
1404260006 is PASS
1404260006 is PASS with A grade
1404260004 is FAIL
1404260004 is FAIL with - grade
1404260003  Student is Absent
1404260002 is FAIL
1404260002 is FAIL with - grade
1404260001 is FAIL
1404260001 is FAIL with - grade
1501260015 is PASS
1501260015 is PASS with A grade
1501260019 is PASS
1501260019 is PASS with B grade
1501260001 is PASS
1501260001 is PASS with A+ grade
1501260002 is FAIL
1501260002 is FAIL with - grade
1501260008 is FAIL
1501260008 is FAIL with - grade
1501260017  Student is Absent
1501260006 is FAIL
1501260006 Grade is - 
1501260004 is FAIL
1501260004 Grade is - 
1501260009 is FAIL
1501260009 Grade is - 
1501260012 is PASS
1501260012 is PASS with A+ grade
1501260005 is FAIL
1501260005 is FAIL with - grade
1501260003 is FAIL
1501260003 Grade is - 
1501260014 is PASS
1501260014 is PASS with A+ grade
1501260016 is FAIL
1501260016 is FAIL with - grade
1501260022 is FAIL
1501260022 is FAIL with - grade
1501260011 is PASS
1501260011 is PASS with A grade
1501260020 is PASS
1501260020 is PASS with A grade
1501260007 is FAIL
1501260007 is FAIL with - grade
1501260010  Student is Absent
1501260013 is FAIL
1501260013 is FAIL with - grade
1502260003 is FAIL
1502260003 is FAIL with - grade
1502260015 is FAIL
1502260015 is FAIL with - grade
1502260033 is PASS
1502260033 is PASS with A+ grade
1502260024 is PASS
1502260024 is PASS with A+ grade
1502260014 is PASS
1502260014 is PASS with A+ grade
1502260018 is FAIL
1502260018 Grade is - 
1502260030 is PASS
1502260030 is PASS with A+ grade
1502260031 is FAIL
1502260031 is FAIL with - grade
1502260037 is PASS
1502260037 is PASS with A grade
1502260036 is FAIL
1502260036 Grade is - 
1502260035 is PASS
1502260035 is PASS with A grade
1502260008 is FAIL
1502260008 Grade is - 
1502260004 is PASS
1502260004 is PASS with A grade
1502260026 is PASS
1502260026 is PASS with A+ grade
1502260019 is FAIL
1502260019 is FAIL with - grade
1502260023 is FAIL
1502260023 is FAIL with - grade
1502260027 is FAIL
1502260027 Grade is - 
1502260034 is PASS
1502260034 is PASS with A grade
1502260016 is PASS
1502260016 is PASS with A grade
1502260029  Student is Absent
1502260028  Student is Absent
1502260025 is PASS
1502260025 is PASS with A+ grade
1502260009 is FAIL
1502260009 Grade is - 
1502260021 is FAIL
1502260021 is FAIL with - grade
1502260007 is PASS
1502260007 is PASS with A grade
1502260013 is FAIL
1502260013 is FAIL with - grade
1502260011 is FAIL
1502260011 is FAIL with - grade
1502260002 is FAIL
1502260002 Grade is - 
1502260017 is FAIL
1502260017 is FAIL with - grade
1502260006 is FAIL
1502260006 is FAIL with - grade
1502260001 is FAIL
1502260001 Grade is - 
1502260012 is FAIL
1502260012 is FAIL with - grade
1502260022 is FAIL
1502260022 is FAIL with - grade
1502260020 is PASS
1502260020 is PASS with A grade
1502260032 is PASS
1502260032 is PASS with A grade
1502260010 is FAIL
1502260010 is FAIL with - grade
1502260005 is FAIL
1502260005 is FAIL with - grade
1502360001 is FAIL
1502360001 is FAIL with - grade
1503260005 is PASS
1503260005 is PASS with A grade
1503260017 is FAIL
1503260017 Grade is - 
1503260021 is PASS
1503260021 is PASS with A grade
1503260015 is PASS
1503260015 is PASS with A+ grade
1503260013 is FAIL
1503260013 is FAIL with - grade
1503260011 is FAIL
1503260011 Grade is - 
1503260002 is PASS
1503260002 is PASS with A+ grade
1503260007 is FAIL
1503260007 is FAIL with - grade
1503260004 is FAIL
1503260004 is FAIL with - grade
1503260010 is FAIL
1503260010 Grade is - 
1503260016 is FAIL
1503260016 is FAIL with - grade
1503260009 is FAIL
1503260009 is FAIL with - grade
1503260003 is FAIL
1503260003 is FAIL with - grade
1503260019 is PASS
1503260019 is PASS with A+ grade
1503260012 is PASS
1503260012 is PASS with A+ grade
1503260020 is PASS
1503260020 is PASS with A grade
1503260008 is FAIL
1503260008 Grade is - 
1503260001 is FAIL
1503260001 Grade is - 
1503260006 is PASS
1503260006 is PASS with A+ grade
1503260018 is PASS
1503260018 is PASS with A grade
1503260014 is FAIL
1503260014 Grade is - 
1504260009 is FAIL
1504260009 is FAIL with - grade
1504260004 is PASS
1504260004 is PASS with A+ grade
1504260008 is FAIL
1504260008 is FAIL with - grade
1504260010 is FAIL
1504260010 Grade is - 
1504260005 is PASS
1504260005 is PASS with A+ grade
1504260001 is FAIL
1504260001 is FAIL with - grade
1504260011 is FAIL
1504260011 Grade is - 
1504260006 is PASS
1504260006 is PASS with A grade
1504360001 is PASS
1504360001 is PASS with A+ grade
1504260002 is FAIL
1504260002 Grade is - 
1504260003 is PASS
1504260003 is PASS with A grade
1504260012 is FAIL
1504260012 is FAIL with - grade
1504260007 is PASS
1504260007 is PASS with B grade
1506260007  Student is Absent
1506260020 is FAIL
1506260020 Grade is - 
1506260003 is FAIL
1506260003 Grade is - 
1506260004  Student is Absent
1506260008 is FAIL
1506260008 Grade is - 
1506260016 is FAIL
1506260016 is FAIL with - grade
1506260023  Student is Absent
1506260017 is PASS
1506260017 is PASS with A grade
1506260019 is FAIL
1506260019 is FAIL with - grade
1506260010 is FAIL
1506260010 is FAIL with - grade
1506260012 is PASS
1506260012 is PASS with A grade
1506260005 is FAIL
1506260005 is FAIL with - grade
1506260022 is FAIL
1506260022 Grade is - 
1506260006 is PASS
1506260006 is PASS with A+ grade
1506260015 is FAIL
1506260015 Grade is - 
1506260014 is PASS
1506260014 is PASS with B grade
1506260018 is PASS
1506260018 is PASS with A+ grade
1506260021 is PASS
1506260021 is PASS with A+ grade
1506260009 is FAIL
1506260009 Grade is - 
1506260002 is FAIL
1506260002 is FAIL with - grade
1506260013 is PASS
1506260013 is PASS with A+ grade
1506260011 is PASS
1506260011 is PASS with A+ grade
1506260001 is FAIL
1506260001 Grade is - 
1509260003 is PASS
1509260003 is PASS with A+ grade
1509260012 is FAIL
1509260012 is FAIL with - grade
1509260006 is PASS
1509260006 is PASS with A grade
1509260005 is FAIL
1509260005 Grade is - 
1509260007 is FAIL
1509260007 Grade is - 
1509260016  Student is Absent
1509260002 is FAIL
1509260002 Grade is - 
1509260013  Student is Absent
1509260010 is FAIL
1509260010 Grade is - 
1509260008 is FAIL
1509260008 is FAIL with - grade
1509260011  Student is Absent
1509260014  Student is Absent
1509260009 is FAIL
1509260009 Grade is - 
1509260015 is PASS
1509260015 is PASS with A+ grade
1509260001 is PASS
1509260001 is PASS with A grade
1509260004 is FAIL
1509260004 is FAIL with - grade
1510260009 is FAIL
1510260009 Grade is - 
1510260006  Student is Absent
1510260010  Student is Absent
1510260005  Student is Absent
1510260004  Student is Absent
1510260011  Student is Absent
1510260003 is FAIL
1510260003 is FAIL with - grade
1510260001  Student is Absent
1510260008  Student is Absent
1510260007 is FAIL
1510260007 Grade is - 
1510260002 is FAIL
1510260002 Grade is - 
1512260007 is PASS
1512260007 is PASS with A grade
1512260021 is FAIL
1512260021 Grade is - 
1512260003 is FAIL
1512260003 Grade is - 
1512260012 is FAIL
1512260012 is FAIL with - grade
1512260002 is FAIL
1512260002 Grade is - 
1512260006  Student is Absent
1512260010 is FAIL
1512260010 is FAIL with - grade
1512260005 is FAIL
1512260005 Grade is - 
1512260023 is FAIL
1512260023 is FAIL with - grade
1512260025 is PASS
1512260025 is PASS with B grade
1512260019 is FAIL
1512260019 is FAIL with - grade
1512260017 is PASS
1512260017 is PASS with A+ grade
1512260013 is FAIL
1512260013 Grade is - 
1512260015 is PASS
1512260015 is PASS with A+ grade
1512260014  Student is Absent
1512260001 is FAIL
1512260001 Grade is - 
1512260024 is PASS
1512260024 is PASS with A grade
1512260009 is FAIL
1512260009 is FAIL with - grade
1512260008 is PASS
1512260008 is PASS with A+ grade
1512260004 is PASS
1512260004 is PASS with A grade
1512260022 is PASS
1512260022 is PASS with A+ grade
1512260020 is PASS
1512260020 is PASS with A grade
1512260018 is PASS
1512260018 is PASS with A+ grade
1512260016 is PASS
1512260016 is PASS with A+ grade
1512260011 is PASS
1512260011 is PASS with A grade
1513260001 is FAIL
1513260001 is FAIL with - grade
1513260005 is PASS
1513260005 is PASS with A+ grade
1513260003 is FAIL
1513260003 Grade is - 
1513260006 is PASS
1513260006 is PASS with A grade
1513260004 is FAIL
1513260004 is FAIL with - grade
1513260002 is FAIL
1513260002 is FAIL with - grade
1514260001 is PASS
1514260001 is PASS with A+ grade
2101260001 is FAIL
2101260001 Grade is - 
2101260011  Student is Absent
2101360001 is FAIL
2101360001 is FAIL with - grade
2101260016 is FAIL
2101260016 is FAIL with - grade
2101260002 is PASS
2101260002 is PASS with A grade
2101260003 is FAIL
2101260003 is FAIL with - grade
2101260005 is FAIL
2101260005 is FAIL with - grade
2101260007 is PASS
2101260007 is PASS with A+ grade
2101260012 is FAIL
2101260012 Grade is - 
2101260006 is FAIL
2101260006 Grade is - 
2101260014 is FAIL
2101260014 is FAIL with - grade
2101260004 is PASS
2101260004 is PASS with A+ grade
2101260008 is FAIL
2101260008 Grade is - 
2101260009 is FAIL
2101260009 Grade is - 
2101260010 is FAIL
2101260010 Grade is - 
2101260015 is FAIL
2101260015 Grade is - 
2101260013 is PASS
2101260013 is PASS with A grade
2102360003 is PASS
2102360003 is PASS with A grade
2102260025 is FAIL
2102260025 Grade is - 
2102260072 is PASS
2102260072 is PASS with A grade
2102260054 is PASS
2102260054 is PASS with A+ grade
2102260033 is FAIL
2102260033 is FAIL with - grade
2102260063 is FAIL
2102260063 Grade is - 
2102260073 is FAIL
2102260073 Grade is - 
2102260055 is FAIL
2102260055 Grade is - 
2102260015 is FAIL
2102260015 is FAIL with - grade
2102260029 is FAIL
2102260029 is FAIL with - grade
2102260026 is FAIL
2102260026 is FAIL with - grade
2102260062 is PASS
2102260062 is PASS with A+ grade
2102260038 is FAIL
2102260038 is FAIL with - grade
2102260085 is FAIL
2102260085 is FAIL with - grade
2102260086 is PASS
2102260086 is PASS with A grade
2102260005 is FAIL
2102260005 Grade is - 
2102260041 is FAIL
2102260041 Grade is - 
2102260016 is FAIL
2102260016 is FAIL with - grade
2102260084 is FAIL
2102260084 Grade is - 
2102260006 is FAIL
2102260006 is FAIL with - grade
2102360001 is FAIL
2102360001 is FAIL with - grade
2102260082 is FAIL
2102260082 is FAIL with - grade
2102260074  Student is Absent
2102260070 is FAIL
2102260070 Grade is - 
2102260049 is PASS
2102260049 is PASS with A+ grade
2102260045 is PASS
2102260045 is PASS with A+ grade
2102260044  Student is Absent
2102260037 is FAIL
2102260037 is FAIL with - grade
2102260043 is FAIL
2102260043 Grade is - 
2102260040 is FAIL
2102260040 Grade is - 
2102260014 is FAIL
2102260014 is FAIL with - grade
2102260009 is FAIL
2102260009 is FAIL with - grade
2102260007 is PASS
2102260007 is PASS with A grade
2102260004 is FAIL
2102260004 Grade is - 
2102260018 is PASS
2102260018 is PASS with A grade
2102260075 is PASS
2102260075 is PASS with A grade
2102260036 is FAIL
2102260036 Grade is - 
2102260001 is PASS
2102260001 is PASS with A grade
2102260023 is FAIL
2102260023 Grade is - 
2102260048 is FAIL
2102260048 is FAIL with - grade
2102260078 is FAIL
2102260078 is FAIL with - grade
2102260039 is FAIL
2102260039 Grade is - 
2102260050 is PASS
2102260050 is PASS with A grade
2102260052 is FAIL
2102260052 Grade is - 
2102260053 is PASS
2102260053 is PASS with A+ grade
2102260071 is PASS
2102260071 is PASS with A+ grade
2102260032 is PASS
2102260032 is PASS with A+ grade
2102260081 is PASS
2102260081 is PASS with A grade
2102260083 is FAIL
2102260083 is FAIL with - grade
2102260059 is FAIL
2102260059 Grade is - 
2102260035 is PASS
2102260035 is PASS with A grade
2102260003  Student is Absent
2102260080 is PASS
2102260080 is PASS with A grade
2102260030 is FAIL
2102260030 is FAIL with - grade
2102260064 is FAIL
2102260064 Grade is - 
2102260031 is PASS
2102260031 is PASS with A+ grade
2102260012 is PASS
2102260012 is PASS with A grade
2102260051 is FAIL
2102260051 is FAIL with - grade
2102260058 is FAIL
2102260058 is FAIL with - grade
2102260047 is FAIL
2102260047 is FAIL with - grade
2102260022 is FAIL
2102260022 is FAIL with - grade
2102260028  Student is Absent
2102260079 is PASS
2102260079 is PASS with A+ grade
2102260034 is FAIL
2102260034 Grade is - 
2102360002 is PASS
2102360002 is PASS with A grade
2102260017 is PASS
2102260017 is PASS with B grade
2102260027 is FAIL
2102260027 Grade is - 
2102260020 is FAIL
2102260020 Grade is - 
2102260013 is FAIL
2102260013 is FAIL with - grade
2102260024 is PASS
2102260024 is PASS with A+ grade
2102260008 is FAIL
2102260008 is FAIL with - grade
2102260021 is FAIL
2102260021 is FAIL with - grade
2102260067 is FAIL
2102260067 is FAIL with - grade
2102260065 is PASS
2102260065 is PASS with A+ grade
2102260061 is PASS
2102260061 is PASS with A grade
2102260068 is PASS
2102260068 is PASS with A+ grade
2102260069 is PASS
2102260069 is PASS with B grade
2102260046 is FAIL
2102260046 Grade is - 
2102260002 is FAIL
2102260002 Grade is - 
2102260011 is FAIL
2102260011 Grade is - 
2102260076 is FAIL
2102260076 Grade is - 
2102260077 is FAIL
2102260077 is FAIL with - grade
2102260010 is FAIL
2102260010 is FAIL with - grade
2102260019 is FAIL
2102260019 is FAIL with - grade
2102260057  Student is Absent
2102260060 is PASS
2102260060 is PASS with A grade
2102260066 is PASS
2102260066 is PASS with A grade
2102260056 is PASS
2102260056 is PASS with A grade
2102260042 is FAIL
2102260042 Grade is - 
2103260002 is FAIL
2103260002 is FAIL with - grade
2103260001 is FAIL
2103260001 Grade is - 
2103260003 is FAIL
2103260003 is FAIL with - grade
2105260001 is FAIL
2105260001 Grade is - 
2105260003 is FAIL
2105260003 Grade is - 
2105260004 is FAIL
2105260004 is FAIL with - grade
2105260007 is FAIL
2105260007 is FAIL with - grade
2105260002 is FAIL
2105260002 Grade is - 
2105360001 is FAIL
2105360001 Grade is - 
2105260005 is FAIL
2105260005 Grade is - 
2105260006 is FAIL
2105260006 Grade is - 
2105260008 is FAIL
2105260008 is FAIL with - grade
2107260012  Student is Absent
2107260002 is FAIL
2107260002 is FAIL with - grade
2107260003 is FAIL
2107260003 Grade is - 
2107260004 is PASS
2107260004 is PASS with A grade
2107260005 is FAIL
2107260005 is FAIL with - grade
2107260006 is FAIL
2107260006 Grade is - 
2107260013 is PASS
2107260013 is PASS with A+ grade
2107260001 is PASS
2107260001 is PASS with A grade
2107260007 is FAIL
2107260007 Grade is - 
2107260008 is FAIL
2107260008 is FAIL with - grade
2107260009 is FAIL
2107260009 is FAIL with - grade
2107260010 is PASS
2107260010 is PASS with A grade
2107260011 is PASS
2107260011 is PASS with A grade
2107260015 is FAIL
2107260015 Grade is - 
2107260014 is FAIL
2107260014 is FAIL with - grade
2301260002 is FAIL
2301260002 is FAIL with - grade
2301260027 is FAIL
2301260027 Grade is - 
2301260028 is PASS
2301260028 is PASS with A grade
2301260011 is FAIL
2301260011 Grade is - 
2301260006 is FAIL
2301260006 is FAIL with - grade
2301260003 is FAIL
2301260003 Grade is - 
2301260001 is FAIL
2301260001 is FAIL with - grade
2301260012 is FAIL
2301260012 is FAIL with - grade
2301260018 is FAIL
2301260018 is FAIL with - grade
2301260017 is PASS
2301260017 is PASS with A grade
2301260014 is PASS
2301260014 is PASS with B grade
2301260007 is FAIL
2301260007 is FAIL with - grade
2301260025 is FAIL
2301260025 is FAIL with - grade
2301260020 is FAIL
2301260020 is FAIL with - grade
2301260005 is FAIL
2301260005 is FAIL with - grade
2301260026 is FAIL
2301260026 Grade is - 
2301260019 is PASS
2301260019 is PASS with A grade
2301260010 is PASS
2301260010 is PASS with A grade
2301260021  Student is Absent
2301260024 is PASS
2301260024 is PASS with A+ grade
2301260008 is FAIL
2301260008 Grade is - 
2301260016 is FAIL
2301260016 is FAIL with - grade
2301260009 is PASS
2301260009 is PASS with A grade
2301260004 is PASS
2301260004 is PASS with A+ grade
2301260015 is FAIL
2301260015 is FAIL with - grade
2301260013 is FAIL
2301260013 is FAIL with - grade
2301260022 is PASS
2301260022 is PASS with A grade
2301260023 is FAIL
2301260023 Grade is - 
2303360001 is PASS
2303360001 is PASS with A grade
2303260002 is FAIL
2303260002 is FAIL with - grade
2303260003 is PASS
2303260003 is PASS with A grade
2303260001 is FAIL
2303260001 Grade is - 
2304260001 is FAIL
2304260001 is FAIL with - grade
2304260005 is FAIL
2304260005 is FAIL with - grade
2304260006 is FAIL
2304260006 is FAIL with - grade
2304260003 is FAIL
2304260003 is FAIL with - grade
2304260004 is FAIL
2304260004 Grade is - 
2304260002 is FAIL
2304260002 is FAIL with - grade
2305260007 is FAIL
2305260007 is FAIL with - grade
2305260025 is FAIL
2305260025 is FAIL with - grade
2305260020 is FAIL
2305260020 is FAIL with - grade
2305260001 is FAIL
2305260001 is FAIL with - grade
2305260008 is FAIL
2305260008 Grade is - 
2305260006 is PASS
2305260006 is PASS with A grade
2305260002 is FAIL
2305260002 Grade is - 
2305260003 is PASS
2305260003 is PASS with A+ grade
2305260005 is FAIL
2305260005 Grade is - 
2305260004 is FAIL
2305260004 is FAIL with - grade
2305260012 is PASS
2305260012 is PASS with A grade
2305260018 is PASS
2305260018 is PASS with A+ grade
2305260013 is PASS
2305260013 is PASS with A+ grade
2305260016 is PASS
2305260016 is PASS with A+ grade
2305260015 is FAIL
2305260015 is FAIL with - grade
2305260023 is FAIL
2305260023 Grade is - 
2305260024 is PASS
2305260024 is PASS with A+ grade
2305260022 is PASS
2305260022 is PASS with A+ grade
2305260026 is PASS
2305260026 is PASS with B grade
2305360009 is FAIL
2305360009 is FAIL with - grade
2305360005 is PASS
2305360005 is PASS with A+ grade
2305360006 is PASS
2305360006 is PASS with A+ grade
2305360007 is PASS
2305360007 is PASS with A grade
2305360008 is PASS
2305360008 is PASS with A+ grade
2305360001 is PASS
2305360001 is PASS with A grade
2305360002 is PASS
2305360002 is PASS with A+ grade
2305360003 is PASS
2305360003 is PASS with A grade
2305360013 is FAIL
2305360013 is FAIL with - grade
2305360011 is FAIL
2305360011 Grade is - 
2305360012 is PASS
2305360012 is PASS with A grade
2305260017 is FAIL
2305260017 Grade is - 
2305360010 is FAIL
2305360010 Grade is - 
2305360004 is PASS
2305360004 is PASS with A grade
2305260011 is FAIL
2305260011 is FAIL with - grade
2305260021 is FAIL
2305260021 is FAIL with - grade
2305260009 is FAIL
2305260009 Grade is - 
2305260019 is PASS
2305260019 is PASS with A grade
2305260010 is FAIL
2305260010 Grade is - 
2305260014 is FAIL
2305260014 Grade is - 
2307260038 is FAIL
2307260038 is FAIL with - grade
2307260028 is PASS
2307260028 is PASS with A+ grade
2307260022 is FAIL
2307260022 is FAIL with - grade
2307260026 is FAIL
2307260026 Grade is - 
2307260008 is PASS
2307260008 is PASS with A+ grade
2307260043 is FAIL
2307260043 is FAIL with - grade
2307260041 is FAIL
2307260041 is FAIL with - grade
2307260023 is PASS
2307260023 is PASS with A grade
2307260027 is PASS
2307260027 is PASS with B grade
2307260020 is FAIL
2307260020 is FAIL with - grade
2307260021 is FAIL
2307260021 is FAIL with - grade
2307260030 is PASS
2307260030 is PASS with A+ grade
2307260010  Student is Absent
2307260011  Student is Absent
2307260033 is PASS
2307260033 is PASS with A grade
2307260031 is FAIL
2307260031 is FAIL with - grade
2307260032 is PASS
2307260032 is PASS with A+ grade
2307260024  Student is Absent
2307260005 is FAIL
2307260005 is FAIL with - grade
2307260006 is FAIL
2307260006 is FAIL with - grade
2307260012  Student is Absent
2307260035 is FAIL
2307260035 is FAIL with - grade
2307260002 is FAIL
2307260002 is FAIL with - grade
2307260016 is FAIL
2307260016 Grade is - 
2307360001 is PASS
2307360001 is PASS with A+ grade
2307260014 is FAIL
2307260014 is FAIL with - grade
2307260018 is FAIL
2307260018 is FAIL with - grade
2307260001 is FAIL
2307260001 is FAIL with - grade
2307260025 is FAIL
2307260025 is FAIL with - grade
2307260013 is PASS
2307260013 is PASS with A+ grade
2307260009 is FAIL
2307260009 is FAIL with - grade
2307260046 is PASS
2307260046 is PASS with A+ grade
2307260034 is PASS
2307260034 is PASS with B grade
2307260039 is PASS
2307260039 is PASS with A+ grade
2307260029 is FAIL
2307260029 Grade is - 
2307260019 is PASS
2307260019 is PASS with A grade
2307260037 is FAIL
2307260037 is FAIL with - grade
2307260017 is PASS
2307260017 is PASS with A+ grade
2307260045 is FAIL
2307260045 Grade is - 
2307260003 is FAIL
2307260003 Grade is - 
2307260036 is FAIL
2307260036 is FAIL with - grade
2307260042 is FAIL
2307260042 Grade is - 
2307260040 is FAIL
2307260040 is FAIL with - grade
2307260007 is FAIL
2307260007 is FAIL with - grade
2307260015 is FAIL
2307260015 is FAIL with - grade
2307260004 is FAIL
2307260004 Grade is - 
2307260044 is PASS
2307260044 is PASS with A+ grade
3101260060 is FAIL
3101260060 Grade is - 
3101260032 is FAIL
3101260032 Grade is - 
3101260035 is PASS
3101260035 is PASS with A+ grade
3101260021 is FAIL
3101260021 Grade is - 
3101260019 is FAIL
3101260019 is FAIL with - grade
3101260033 is PASS
3101260033 is PASS with A grade
3101260016 is FAIL
3101260016 is FAIL with - grade
3101260014 is FAIL
3101260014 is FAIL with - grade
3101260063 is PASS
3101260063 is PASS with A grade
3101260071 is PASS
3101260071 is PASS with A grade
3101260042 is PASS
3101260042 is PASS with A grade
3101260043 is FAIL
3101260043 Grade is - 
3101260036 is PASS
3101260036 is PASS with A+ grade
3101260069 is FAIL
3101260069 Grade is - 
3101260065 is FAIL
3101260065 Grade is - 
3101260059 is FAIL
3101260059 is FAIL with - grade
3101260012 is PASS
3101260012 is PASS with A grade
3101260017 is PASS
3101260017 is PASS with A grade
3101260025  Student is Absent
3101260052  Student is Absent
3101260067 is FAIL
3101260067 is FAIL with - grade
3101260058 is FAIL
3101260058 is FAIL with - grade
3101260041 is PASS
3101260041 is PASS with A+ grade
3101260048 is FAIL
3101260048 is FAIL with - grade
3101260028 is FAIL
3101260028 is FAIL with - grade
3101260064 is PASS
3101260064 is PASS with A grade
3101260003 is PASS
3101260003 is PASS with A+ grade
3101260044 is FAIL
3101260044 Grade is - 
3101260050 is FAIL
3101260050 Grade is - 
3101260024 is FAIL
3101260024 Grade is - 
3101260062 is FAIL
3101260062 Grade is - 
3101260061 is PASS
3101260061 is PASS with A+ grade
3101260011 is FAIL
3101260011 is FAIL with - grade
3101260018 is FAIL
3101260018 Grade is - 
3101260002 is FAIL
3101260002 is FAIL with - grade
3101260054 is PASS
3101260054 is PASS with A grade
3101260039 is PASS
3101260039 is PASS with A grade
3101260034 is FAIL
3101260034 is FAIL with - grade
3101260072 is PASS
3101260072 is PASS with A+ grade
3101260070 is PASS
3101260070 is PASS with A+ grade
3101260057 is PASS
3101260057 is PASS with A+ grade
3101260037 is PASS
3101260037 is PASS with A grade
3101260038 is FAIL
3101260038 is FAIL with - grade
3101260055 is PASS
3101260055 is PASS with A+ grade
3101260051 is FAIL
3101260051 is FAIL with - grade
3101260022 is PASS
3101260022 is PASS with A grade
3101260009 is PASS
3101260009 is PASS with A+ grade
3101260027 is PASS
3101260027 is PASS with A+ grade
3101260007 is FAIL
3101260007 is FAIL with - grade
3101260047 is FAIL
3101260047 is FAIL with - grade
3101260074 is FAIL
3101260074 is FAIL with - grade
3101260030 is FAIL
3101260030 is FAIL with - grade
3101260020 is FAIL
3101260020 Grade is - 
3101260010  Student is Absent
3101260004  Student is Absent
3101260001 is FAIL
3101260001 Grade is - 
3101260013 is PASS
3101260013 is PASS with A grade
3101260023 is PASS
3101260023 is PASS with A+ grade
3101260031 is FAIL
3101260031 is FAIL with - grade
3101260008 is FAIL
3101260008 is FAIL with - grade
3101260073 is PASS
3101260073 is PASS with A+ grade
3101260040 is FAIL
3101260040 Grade is - 
3101260045 is PASS
3101260045 is PASS with A+ grade
3101260046 is PASS
3101260046 is PASS with A+ grade
3101260049  Student is Absent
3101260026 is PASS
3101260026 is PASS with A+ grade
3101360001 is PASS
3101360001 is PASS with A+ grade
3101260066 is FAIL
3101260066 is FAIL with - grade
3101260053 is FAIL
3101260053 Grade is - 
3101260006 is FAIL
3101260006 Grade is - 
3101260015 is FAIL
3101260015 Grade is - 
3101260005 is PASS
3101260005 is PASS with A+ grade
3101260068 is PASS
3101260068 is PASS with A grade
3101260056 is PASS
3101260056 is PASS with A+ grade
3101260029 is PASS
3101260029 is PASS with A+ grade
3102260009 is FAIL
3102260009 Grade is - 
3102260010 is FAIL
3102260010 is FAIL with - grade
3102260005 is PASS
3102260005 is PASS with A grade
3102360001 is PASS
3102360001 is PASS with A grade
3102260007 is FAIL
3102260007 Grade is - 
3102260006 is FAIL
3102260006 is FAIL with - grade
3102260003 is PASS
3102260003 is PASS with A grade
3102260004 is FAIL
3102260004 is FAIL with - grade
3102260008 is FAIL
3102260008 is FAIL with - grade
3102260002 is FAIL
3102260002 is FAIL with - grade
3102260012 is FAIL
3102260012 is FAIL with - grade
3102260001 is PASS
3102260001 is PASS with A grade
3102260014 is FAIL
3102260014 is FAIL with - grade
3102260013 is FAIL
3102260013 is FAIL with - grade
3102260011 is FAIL
3102260011 is FAIL with - grade
3103260024  Student is Absent
3103260028  Student is Absent
3103260025  Student is Absent
3103260012  Student is Absent
3103260004 is FAIL
3103260004 Grade is - 
3103260005  Student is Absent
3103260015 is FAIL
3103260015 is FAIL with - grade
3103260003 is FAIL
3103260003 is FAIL with - grade
3103260027  Student is Absent
3103260022 is FAIL
3103260022 Grade is - 
3103260008  Student is Absent
3103260001 is FAIL
3103260001 is FAIL with - grade
3103260023  Student is Absent
3103260006  Student is Absent
3103260007 is FAIL
3103260007 Grade is - 
3103260026 is FAIL
3103260026 is FAIL with - grade
3103260018  Student is Absent
3103260021 is FAIL
3103260021 is FAIL with - grade
3103260014 is FAIL
3103260014 Grade is - 
3103260011 is FAIL
3103260011 Grade is - 
3103360001 is FAIL
3103360001 Grade is - 
3103260013 is FAIL
3103260013 Grade is - 
3103260017 is FAIL
3103260017 Grade is - 
3103260020  Student is Absent
3103260019 is FAIL
3103260019 Grade is - 
3103260016 is FAIL
3103260016 Grade is - 
3103260002  Student is Absent
3103260010 is FAIL
3103260010 Grade is - 
3103260009  Student is Absent
3104260003  Student is Absent
3104260005  Student is Absent
3104260007 is FAIL
3104260007 is FAIL with - grade
3104260001 is FAIL
3104260001 Grade is - 
3104260006  Student is Absent
3104260004  Student is Absent
3104260002 is FAIL
3104260002 Grade is - 
3105260001 is FAIL
3105260001 Grade is - 
3105260004 is FAIL
3105260004 Grade is - 
3105260014 is PASS
3105260014 is PASS with A+ grade
3105260012 is FAIL
3105260012 is FAIL with - grade
3105260005  Student is Absent
3105260013  Student is Absent
3105260003 is FAIL
3105260003 is FAIL with - grade
3105260006 is PASS
3105260006 is PASS with A+ grade
3105260008  Student is Absent
3105260009  Student is Absent
3105260007  Student is Absent
3105260011 is FAIL
3105260011 Grade is - 
3105260010 is FAIL
3105260010 is FAIL with - grade
3105260002  Student is Absent
3107260003 is FAIL
3107260003 Grade is - 
3107260002 is FAIL
3107260002 Grade is - 
3107260004 is PASS
3107260004 is PASS with A grade
3107360001 is FAIL
3107360001 Grade is - 
3107260001 is FAIL
3107260001 Grade is - 
3108260005 is FAIL
3108260005 Grade is - 
3108260008 is FAIL
3108260008 Grade is - 
3108260009 is FAIL
3108260009 Grade is - 
3108260006 is FAIL
3108260006 Grade is - 
3108260002 is FAIL
3108260002 Grade is - 
3108260010 is PASS
3108260010 is PASS with A+ grade
3108260004  Student is Absent
3108260003  Student is Absent
3108260001 is FAIL
3108260001 Grade is - 
3108260007 is FAIL
3108260007 Grade is - 
3109260009  Student is Absent
3109260005 is FAIL
3109260005 Grade is - 
3109260004 is FAIL
3109260004 Grade is - 
3109260010 is FAIL
3109260010 is FAIL with - grade
3109260006 is FAIL
3109260006 Grade is - 
3109260003 is FAIL
3109260003 Grade is - 
3109260007 is FAIL
3109260007 Grade is - 
3109260008 is FAIL
3109260008 Grade is - 
3109260011  Student is Absent
3109260001 is FAIL
3109260001 Grade is - 
3109260002 is FAIL
3109260002 Grade is - 
3109260012 is FAIL
3109260012 Grade is - 
3110260009 is FAIL
3110260009 Grade is - 
3110260002 is FAIL
3110260002 Grade is - 
3110260012 is FAIL
3110260012 Grade is - 
3110260007  Student is Absent
3110260011  Student is Absent
3110260005  Student is Absent
3110260006  Student is Absent
3110260003 is FAIL
3110260003 Grade is - 
3110260013 is FAIL
3110260013 Grade is - 
3110260001 is FAIL
3110260001 Grade is - 
3110260004 is FAIL
3110260004 Grade is - 
3110260010  Student is Absent
3110260008 is PASS
3110260008 is PASS with A+ grade
3111260002 is FAIL
3111260002 Grade is - 
3111360001 is FAIL
3111360001 is FAIL with - grade
3111260001 is FAIL
3111260001 is FAIL with - grade
3111260004 is FAIL
3111260004 Grade is - 
3111260003  Student is Absent
3111360002  Student is Absent
3201260014 is PASS
3201260014 is PASS with B grade
3201260046 is PASS
3201260046 is PASS with A+ grade
3201260018 is FAIL
3201260018 is FAIL with - grade
3201260016 is PASS
3201260016 is PASS with A grade
3201260024 is FAIL
3201260024 is FAIL with - grade
3201260032 is PASS
3201260032 is PASS with B grade
3201260022 is PASS
3201260022 is PASS with A grade
3201260013 is PASS
3201260013 is PASS with A+ grade
3201260015 is PASS
3201260015 is PASS with A grade
3201260025 is PASS
3201260025 is PASS with A grade
3201260005 is PASS
3201260005 is PASS with A+ grade
3201260039 is FAIL
3201260039 is FAIL with - grade
3201260008 is FAIL
3201260008 is FAIL with - grade
3201260009 is PASS
3201260009 is PASS with A+ grade
3201260012 is FAIL
3201260012 is FAIL with - grade
3201260011 is FAIL
3201260011 is FAIL with - grade
3201260021 is PASS
3201260021 is PASS with A+ grade
3201260023 is FAIL
3201260023 Grade is - 
3201260052 is FAIL
3201260052 is FAIL with - grade
3201260051 is FAIL
3201260051 is FAIL with - grade
3201260050  Student is Absent
3201260029 is FAIL
3201260029 is FAIL with - grade
3201260036 is FAIL
3201260036 is FAIL with - grade
3201260028 is FAIL
3201260028 is FAIL with - grade
3201260006 is FAIL
3201260006 is FAIL with - grade
3201260001 is FAIL
3201260001 is FAIL with - grade
3201260002 is FAIL
3201260002 is FAIL with - grade
3201260004 is FAIL
3201260004 Grade is - 
3201260019 is FAIL
3201260019 Grade is - 
3201260048 is FAIL
3201260048 is FAIL with - grade
3201260033 is FAIL
3201260033 Grade is - 
3201260003 is FAIL
3201260003 is FAIL with - grade
3201260040 is FAIL
3201260040 is FAIL with - grade
3201260017 is FAIL
3201260017 is FAIL with - grade
3201260049 is FAIL
3201260049 is FAIL with - grade
3201260020 is PASS
3201260020 is PASS with A grade
3201360002 is FAIL
3201360002 Grade is - 
3201260044 is PASS
3201260044 is PASS with B grade
3201260041 is FAIL
3201260041 Grade is - 
3201260047 is FAIL
3201260047 is FAIL with - grade
3201260045 is FAIL
3201260045 is FAIL with - grade
3201260037 is FAIL
3201260037 is FAIL with - grade
3201260034 is FAIL
3201260034 Grade is - 
3201260027 is PASS
3201260027 is PASS with A+ grade
3201260010 is PASS
3201260010 is PASS with A grade
3201260038 is PASS
3201260038 is PASS with A grade
3201260007 is FAIL
3201260007 Grade is - 
3201360001 is PASS
3201360001 is PASS with A+ grade
3201260031 is PASS
3201260031 is PASS with A+ grade
3201260030 is FAIL
3201260030 is FAIL with - grade
3201260035 is PASS
3201260035 is PASS with A+ grade
3201260042 is FAIL
3201260042 is FAIL with - grade
3201260043 is PASS
3201260043 is PASS with A grade
3201260026 is PASS
3201260026 is PASS with A grade
3202260008 is FAIL
3202260008 is FAIL with - grade
3202260006 is FAIL
3202260006 is FAIL with - grade
3202260004 is FAIL
3202260004 is FAIL with - grade
3202260005 is FAIL
3202260005 is FAIL with - grade
3202260002 is FAIL
3202260002 Grade is - 
3202260013 is FAIL
3202260013 is FAIL with - grade
3202260003 is FAIL
3202260003 Grade is - 
3202260001  Student is Absent
3202260011 is FAIL
3202260011 Grade is - 
3202260009 is PASS
3202260009 is PASS with A grade
3202260010 is FAIL
3202260010 is FAIL with - grade
3202260012 is FAIL
3202260012 Grade is - 
3202260007 is FAIL
3202260007 is FAIL with - grade
3203260001 is FAIL
3203260001 Grade is - 
3203260003 is FAIL
3203260003 Grade is - 
3203260002 is FAIL
3203260002 Grade is - 
3301260010 is FAIL
3301260010 Grade is - 
3301260003 is PASS
3301260003 is PASS with A+ grade
3301260011 is PASS
3301260011 is PASS with A grade
3301260016 is PASS
3301260016 is PASS with A+ grade
3301260005 is PASS
3301260005 is PASS with A grade
3301260006 is PASS
3301260006 is PASS with A grade
3301260002 is PASS
3301260002 is PASS with A+ grade
3301360001  Student is Absent
3301260007 is PASS
3301260007 is PASS with B grade
3301260001 is FAIL
3301260001 is FAIL with - grade
3301260009 is FAIL
3301260009 is FAIL with - grade
3301260008 is FAIL
3301260008 is FAIL with - grade
3301260012 is PASS
3301260012 is PASS with A+ grade
3301260013 is FAIL
3301260013 Grade is - 
3301260015 is FAIL
3301260015 Grade is - 
3301260014 is FAIL
3301260014 is FAIL with - grade
3301260004 is FAIL
3301260004 Grade is - 
3302260003 is FAIL
3302260003 is FAIL with - grade
3302260007 is PASS
3302260007 is PASS with A grade
3302260006 is FAIL
3302260006 is FAIL with - grade
3302260011 is FAIL
3302260011 is FAIL with - grade
3302260008 is FAIL
3302260008 Grade is - 
3302260005 is FAIL
3302260005 is FAIL with - grade
3302260010 is PASS
3302260010 is PASS with A+ grade
3302260009 is FAIL
3302260009 is FAIL with - grade
3302260002 is FAIL
3302260002 Grade is - 
3302260004 is FAIL
3302260004 is FAIL with - grade
3302260001 is FAIL
3302260001 is FAIL with - grade
3303260003 is PASS
3303260003 is PASS with A grade
3303260001 is FAIL
3303260001 is FAIL with - grade
3303260002 is FAIL
3303260002 is FAIL with - grade
3304260027 is FAIL
3304260027 Grade is - 
3304260026 is FAIL
3304260026 is FAIL with - grade
3304260036 is FAIL
3304260036 is FAIL with - grade
3304260015 is FAIL
3304260015 Grade is - 
3304360002 is PASS
3304360002 is PASS with A+ grade
3304260008 is FAIL
3304260008 Grade is - 
3304260030 is FAIL
3304260030 is FAIL with - grade
3304260013 is FAIL
3304260013 is FAIL with - grade
3304260002 is FAIL
3304260002 is FAIL with - grade
3304360001 is FAIL
3304360001 is FAIL with - grade
3304260029 is FAIL
3304260029 is FAIL with - grade
3304260010 is FAIL
3304260010 Grade is - 
3304260016 is FAIL
3304260016 is FAIL with - grade
3304260023 is PASS
3304260023 is PASS with A grade
3304260032 is FAIL
3304260032 Grade is - 
3304260024 is FAIL
3304260024 is FAIL with - grade
3304260034 is FAIL
3304260034 Grade is - 
3304260022 is PASS
3304260022 is PASS with A grade
3304260006 is FAIL
3304260006 is FAIL with - grade
3304260038  Student is Absent
3304260039 is FAIL
3304260039 is FAIL with - grade
3304260040 is PASS
3304260040 is PASS with A+ grade
3304260003 is FAIL
3304260003 is FAIL with - grade
3304260012 is PASS
3304260012 is PASS with A grade
3304260019 is FAIL
3304260019 is FAIL with - grade
3304260018 is PASS
3304260018 is PASS with A+ grade
3304260011 is PASS
3304260011 is PASS with A grade
3304260014 is FAIL
3304260014 is FAIL with - grade
3304260009 is PASS
3304260009 is PASS with B grade
3304260017 is FAIL
3304260017 is FAIL with - grade
3304260004 is FAIL
3304260004 is FAIL with - grade
3304260001 is FAIL
3304260001 is FAIL with - grade
3304260031 is PASS
3304260031 is PASS with B grade
3304260005 is FAIL
3304260005 Grade is - 
3304260007 is FAIL
3304260007 Grade is - 
3304260020 is FAIL
3304260020 Grade is - 
3304360003  Student is Absent
3304260037 is FAIL
3304260037 Grade is - 
3304260033 is FAIL
3304260033 Grade is - 
3304260035 is FAIL
3304260035 Grade is - 
3304260025 is FAIL
3304260025 is FAIL with - grade
3304260028 is PASS
3304260028 is PASS with A+ grade
3304260021 is FAIL
3304260021 is FAIL with - grade
3401260005  Student is Absent
3401260004 is FAIL
3401260004 Grade is - 
3401260006 is FAIL
3401260006 Grade is - 
3401260003 is PASS
3401260003 is PASS with A+ grade
3401260001 is FAIL
3401260001 is FAIL with - grade
3401260002 is FAIL
3401260002 Grade is - 
3401260011 is PASS
3401260011 is PASS with A grade
3401260010 is PASS
3401260010 is PASS with A grade
3401260008 is FAIL
3401260008 Grade is - 
3401260007 is FAIL
3401260007 Grade is - 
3401260009 is FAIL
3401260009 Grade is - 
4101260002 is FAIL
4101260002 Grade is - 
4101260001 is FAIL
4101260001 is FAIL with - grade
4101260004 is PASS
4101260004 is PASS with A grade
4101260003  Student is Absent
4102260002 is PASS
4102260002 is PASS with A grade
4102360001 is PASS
4102360001 is PASS with A grade
4102260009 is FAIL
4102260009 is FAIL with - grade
4102260001 is FAIL
4102260001 is FAIL with - grade
4102260003 is FAIL
4102260003 Grade is - 
4102260005 is FAIL
4102260005 is FAIL with - grade
4102260006 is PASS
4102260006 is PASS with A+ grade
4102260004 is FAIL
4102260004 Grade is - 
4102260007 is FAIL
4102260007 is FAIL with - grade
4102260008 is FAIL
4102260008 Grade is - 
4103260002 is FAIL
4103260002 is FAIL with - grade
4103260005 is PASS
4103260005 is PASS with A grade
4103260019 is FAIL
4103260019 is FAIL with - grade
4103260018 is PASS
4103260018 is PASS with A+ grade
4103260008 is FAIL
4103260008 is FAIL with - grade
4103260007 is FAIL
4103260007 Grade is - 
4103260006  Student is Absent
4103260016 is FAIL
4103260016 is FAIL with - grade
4103260015 is FAIL
4103260015 is FAIL with - grade
4103260003 is FAIL
4103260003 is FAIL with - grade
4103260014 is FAIL
4103260014 is FAIL with - grade
4103260004 is FAIL
4103260004 is FAIL with - grade
4103260009 is PASS
4103260009 is PASS with A+ grade
4103260011 is FAIL
4103260011 Grade is - 
4103260001 is FAIL
4103260001 is FAIL with - grade
4103260010 is PASS
4103260010 is PASS with A+ grade
4103260017 is PASS
4103260017 is PASS with A+ grade
4103260012 is FAIL
4103260012 is FAIL with - grade
4103260013 is FAIL
4103260013 is FAIL with - grade
4104260002 is FAIL
4104260002 Grade is - 
4104260001 is PASS
4104260001 is PASS with A+ grade
4105260006  Student is Absent
4105260002  Student is Absent
4105260005 is FAIL
4105260005 Grade is - 
4105260004 is FAIL
4105260004 Grade is - 
4105260001 is FAIL
4105260001 is FAIL with - grade
4105260010 is FAIL
4105260010 is FAIL with - grade
4105260003 is FAIL
4105260003 is FAIL with - grade
4105260011 is PASS
4105260011 is PASS with A+ grade
4105260008 is FAIL
4105260008 is FAIL with - grade
4105260007 is FAIL
4105260007 Grade is - 
4105260009 is FAIL
4105260009 is FAIL with - grade
4106260005 is FAIL
4106260005 Grade is - 
4106260007 is PASS
4106260007 is PASS with A+ grade
4106260006 is PASS
4106260006 is PASS with A grade
4106260002 is PASS
4106260002 is PASS with A grade
4106260004 is FAIL
4106260004 is FAIL with - grade
4106260001 is FAIL
4106260001 is FAIL with - grade
4106260003 is FAIL
4106260003 is FAIL with - grade
4107260001 is FAIL
4107260001 Grade is - 
4107260007 is FAIL
4107260007 is FAIL with - grade
4107260002 is PASS
4107260002 is PASS with B grade
4107260008 is PASS
4107260008 is PASS with A+ grade
4107260003 is FAIL
4107260003 is FAIL with - grade
4107260005 is PASS
4107260005 is PASS with A grade
4107260006 is FAIL
4107260006 Grade is - 
4107260004 is FAIL
4107260004 Grade is - 
4108260018 is FAIL
4108260018 is FAIL with - grade
4108260039 is PASS
4108260039 is PASS with A grade
4108260026 is PASS
4108260026 is PASS with A+ grade
4108260052 is FAIL
4108260052 is FAIL with - grade
4108260001 is FAIL
4108260001 is FAIL with - grade
4108260042 is FAIL
4108260042 is FAIL with - grade
4108260020 is FAIL
4108260020 is FAIL with - grade
4108260064 is PASS
4108260064 is PASS with B grade
4108260051 is FAIL
4108260051 is FAIL with - grade
4108260031  Student is Absent
4108260050 is FAIL
4108260050 is FAIL with - grade
4108260057 is FAIL
4108260057 is FAIL with - grade
4108260003 is FAIL
4108260003 Grade is - 
4108260048 is FAIL
4108260048 Grade is - 
4108260027  Student is Absent
4108260071 is FAIL
4108260071 is FAIL with - grade
4108260024 is FAIL
4108260024 is FAIL with - grade
4108260063 is FAIL
4108260063 Grade is - 
4108260058 is PASS
4108260058 is PASS with A+ grade
4108260072 is FAIL
4108260072 is FAIL with - grade
4108260044 is FAIL
4108260044 is FAIL with - grade
4108260015 is FAIL
4108260015 Grade is - 
4108260019  Student is Absent
4108260021 is PASS
4108260021 is PASS with A+ grade
4108260034 is FAIL
4108260034 is FAIL with - grade
4108260066 is PASS
4108260066 is PASS with A grade
4108260041 is PASS
4108260041 is PASS with A+ grade
4108260010 is PASS
4108260010 is PASS with B grade
4108260047 is FAIL
4108260047 is FAIL with - grade
4108260035 is FAIL
4108260035 Grade is - 
4108260036 is FAIL
4108260036 is FAIL with - grade
4108260059 is PASS
4108260059 is PASS with A+ grade
4108260017 is PASS
4108260017 is PASS with A grade
4108260016 is FAIL
4108260016 Grade is - 
4108260046 is PASS
4108260046 is PASS with A+ grade
4108260049 is FAIL
4108260049 is FAIL with - grade
4108260053 is FAIL
4108260053 is FAIL with - grade
4108260002 is FAIL
4108260002 is FAIL with - grade
4108260004 is FAIL
4108260004 Grade is - 
4108260013 is FAIL
4108260013 is FAIL with - grade
4108260070 is PASS
4108260070 is PASS with A grade
4108260040 is PASS
4108260040 is PASS with A grade
4108260029 is FAIL
4108260029 Grade is - 
4108260067 is PASS
4108260067 is PASS with A+ grade
4108260008 is FAIL
4108260008 Grade is - 
4108260014  Student is Absent
4108260033 is FAIL
4108260033 Grade is - 
4108260032 is FAIL
4108260032 Grade is - 
4108260065  Student is Absent
4108260006  Student is Absent
4108260043 is FAIL
4108260043 is FAIL with - grade
4108260054 is FAIL
4108260054 is FAIL with - grade
4108260009  Student is Absent
4108260060  Student is Absent
4108260022 is FAIL
4108260022 is FAIL with - grade
4108260030 is FAIL
4108260030 Grade is - 
4108260045 is FAIL
4108260045 is FAIL with - grade
4108260005 is FAIL
4108260005 is FAIL with - grade
4108260025 is FAIL
4108260025 is FAIL with - grade
4108260061 is FAIL
4108260061 is FAIL with - grade
4108260023 is FAIL
4108260023 is FAIL with - grade
4108260038 is FAIL
4108260038 is FAIL with - grade
4108260011 is PASS
4108260011 is PASS with A+ grade
4108260037 is FAIL
4108260037 is FAIL with - grade
4108260069  Student is Absent
4108260062 is FAIL
4108260062 is FAIL with - grade
4108260028 is FAIL
4108260028 is FAIL with - grade
4108260007  Student is Absent
4108260056  Student is Absent
4108260055  Student is Absent
4108260012  Student is Absent
4108260068  Student is Absent
4109260067 is FAIL
4109260067 Grade is - 
4109260068 is FAIL
4109260068 is FAIL with - grade
4109260021 is FAIL
4109260021 Grade is - 
4109260022 is FAIL
4109260022 is FAIL with - grade
4109260044 is FAIL
4109260044 Grade is - 
4109260057 is PASS
4109260057 is PASS with A grade
4109260050 is FAIL
4109260050 is FAIL with - grade
4109260051 is FAIL
4109260051 is FAIL with - grade
4109260052 is FAIL
4109260052 is FAIL with - grade
4109260047 is FAIL
4109260047 is FAIL with - grade
4109260006 is FAIL
4109260006 Grade is - 
4109260009 is PASS
4109260009 is PASS with A grade
4109260007 is PASS
4109260007 is PASS with A grade
4109260027 is FAIL
4109260027 is FAIL with - grade
4109260015 is FAIL
4109260015 Grade is - 
4109260016 is PASS
4109260016 is PASS with A grade
4109260060 is FAIL
4109260060 is FAIL with - grade
4109260014 is FAIL
4109260014 is FAIL with - grade
4109260071 is PASS
4109260071 is PASS with A grade
4109260045 is PASS
4109260045 is PASS with A grade
4109260062 is PASS
4109260062 is PASS with A grade
4109260023 is FAIL
4109260023 Grade is - 
4109260055 is PASS
4109260055 is PASS with A+ grade
4109260048 is FAIL
4109260048 is FAIL with - grade
4109260053 is FAIL
4109260053 is FAIL with - grade
4109260005 is FAIL
4109260005 is FAIL with - grade
4109260073 is PASS
4109260073 is PASS with A+ grade
4109260037 is PASS
4109260037 is PASS with A grade
4109260025 is FAIL
4109260025 Grade is - 
4109260034 is FAIL
4109260034 Grade is - 
4109260038 is FAIL
4109260038 is FAIL with - grade
4109260069 is PASS
4109260069 is PASS with A grade
4109260066 is FAIL
4109260066 Grade is - 
4109260031 is PASS
4109260031 is PASS with A grade
4109260033 is FAIL
4109260033 Grade is - 
4109360002 is FAIL
4109360002 Grade is - 
4109260054 is PASS
4109260054 is PASS with A grade
4109260061 is FAIL
4109260061 is FAIL with - grade
4109260063 is FAIL
4109260063 Grade is - 
4109260064 is PASS
4109260064 is PASS with A grade
4109260058 is FAIL
4109260058 is FAIL with - grade
4109260059 is PASS
4109260059 is PASS with A+ grade
4109260056 is PASS
4109260056 is PASS with A grade
4109260003 is FAIL
4109260003 Grade is - 
4109260004 is PASS
4109260004 is PASS with A+ grade
4109260010 is FAIL
4109260010 Grade is - 
4109260017 is FAIL
4109260017 Grade is - 
4109260049 is FAIL
4109260049 Grade is - 
4109260029 is FAIL
4109260029 Grade is - 
4109260028 is FAIL
4109260028 Grade is - 
4109260065 is PASS
4109260065 is PASS with A grade
4109260020 is FAIL
4109260020 Grade is - 
4109260018 is FAIL
4109260018 is FAIL with - grade
4109260019 is FAIL
4109260019 Grade is - 
4109260001 is FAIL
4109260001 is FAIL with - grade
4109260002 is FAIL
4109260002 Grade is - 
4109260012 is FAIL
4109260012 Grade is - 
4109260013 is FAIL
4109260013 is FAIL with - grade
4109260070 is PASS
4109260070 is PASS with A grade
4109260072 is PASS
4109260072 is PASS with A+ grade
4109260046 is FAIL
4109260046 Grade is - 
4109360001  Student is Absent
4109260043 is FAIL
4109260043 is FAIL with - grade
4109260030 is FAIL
4109260030 Grade is - 
4109260032 is FAIL
4109260032 Grade is - 
4109260026 is FAIL
4109260026 Grade is - 
4109260024 is FAIL
4109260024 is FAIL with - grade
4109260040 is FAIL
4109260040 is FAIL with - grade
4109260035 is FAIL
4109260035 Grade is - 
4109260036 is FAIL
4109260036 Grade is - 
4109260041 is PASS
4109260041 is PASS with A grade
4109260042 is FAIL
4109260042 is FAIL with - grade
4109260039 is PASS
4109260039 is PASS with A grade
4109260011 is FAIL
4109260011 is FAIL with - grade
4109260008 is FAIL
4109260008 is FAIL with - grade
4201260015 is FAIL
4201260015 is FAIL with - grade
4201260070 is FAIL
4201260070 is FAIL with - grade
4201260009 is FAIL
4201260009 is FAIL with - grade
4201260016 is FAIL
4201260016 Grade is - 
4201260010 is PASS
4201260010 is PASS with A grade
4201260048 is FAIL
4201260048 is FAIL with - grade
4201260039 is PASS
4201260039 is PASS with A grade
4201260023 is FAIL
4201260023 is FAIL with - grade
4201260042 is PASS
4201260042 is PASS with A+ grade
4201260046 is FAIL
4201260046 is FAIL with - grade
4201260071 is FAIL
4201260071 is FAIL with - grade
4201260002 is FAIL
4201260002 is FAIL with - grade
4201260054 is FAIL
4201260054 is FAIL with - grade
4201260059 is FAIL
4201260059 is FAIL with - grade
4201260060 is FAIL
4201260060 Grade is - 
4201260061 is PASS
4201260061 is PASS with A grade
4201260032  Student is Absent
4201260066 is FAIL
4201260066 is FAIL with - grade
4201260051 is PASS
4201260051 is PASS with A+ grade
4201260033 is FAIL
4201260033 is FAIL with - grade
4201360001 is FAIL
4201360001 is FAIL with - grade
4201260017 is FAIL
4201260017 Grade is - 
4201260062 is PASS
4201260062 is PASS with A+ grade
4201260058 is FAIL
4201260058 is FAIL with - grade
4201260006 is PASS
4201260006 is PASS with C grade
4201260003 is FAIL
4201260003 Grade is - 
4201260014 is FAIL
4201260014 is FAIL with - grade
4201260013 is PASS
4201260013 is PASS with A grade
4201260080  Student is Absent
4201260020 is FAIL
4201260020 is FAIL with - grade
4201260024 is PASS
4201260024 is PASS with A+ grade
4201260022 is FAIL
4201260022 is FAIL with - grade
4201260073 is PASS
4201260073 is PASS with A grade
4201360002 is PASS
4201360002 is PASS with A+ grade
4201260067 is FAIL
4201260067 Grade is - 
4201260057 is FAIL
4201260057 Grade is - 
4201260063 is PASS
4201260063 is PASS with A+ grade
4201260068 is FAIL
4201260068 Grade is - 
4201260074 is PASS
4201260074 is PASS with A grade
4201260075 is FAIL
4201260075 is FAIL with - grade
4201260079 is FAIL
4201260079 Grade is - 
4201260053 is FAIL
4201260053 is FAIL with - grade
4201260055 is FAIL
4201260055 is FAIL with - grade
4201260036 is FAIL
4201260036 Grade is - 
4201260040 is FAIL
4201260040 is FAIL with - grade
4201260038 is FAIL
4201260038 Grade is - 
4201260027 is FAIL
4201260027 is FAIL with - grade
4201260047 is FAIL
4201260047 Grade is - 
4201260012 is PASS
4201260012 is PASS with A+ grade
4201260011 is FAIL
4201260011 is FAIL with - grade
4201260001  Student is Absent
4201260004 is FAIL
4201260004 is FAIL with - grade
4201260076 is FAIL
4201260076 is FAIL with - grade
4201260072 is FAIL
4201260072 Grade is - 
4201260056 is PASS
4201260056 is PASS with A+ grade
4201260069 is FAIL
4201260069 Grade is - 
4201260019 is FAIL
4201260019 is FAIL with - grade
4201260021 is PASS
4201260021 is PASS with A+ grade
4201260052 is FAIL
4201260052 is FAIL with - grade
4201260030 is PASS
4201260030 is PASS with A+ grade
4201260028 is FAIL
4201260028 is FAIL with - grade
4201260065 is FAIL
4201260065 is FAIL with - grade
4201260064 is FAIL
4201260064 is FAIL with - grade
4201260007 is FAIL
4201260007 Grade is - 
4201260005 is FAIL
4201260005 is FAIL with - grade
4201260025 is FAIL
4201260025 is FAIL with - grade
4201260037 is FAIL
4201260037 Grade is - 
4201360003 is FAIL
4201360003 is FAIL with - grade
4201360004 is FAIL
4201360004 is FAIL with - grade
4201360005 is PASS
4201360005 is PASS with A+ grade
4201260031 is PASS
4201260031 is PASS with A grade
4201260078 is FAIL
4201260078 Grade is - 
4201260077 is PASS
4201260077 is PASS with A+ grade
4201260008 is FAIL
4201260008 is FAIL with - grade
4201260018 is PASS
4201260018 is PASS with A grade
4201260044 is FAIL
4201260044 Grade is - 
4201260050 is FAIL
4201260050 is FAIL with - grade
4201260035 is FAIL
4201260035 Grade is - 
4201260034 is PASS
4201260034 is PASS with A grade
4201260026 is FAIL
4201260026 Grade is - 
4201260043  Student is Absent
4201260049 is FAIL
4201260049 is FAIL with - grade
4201260029 is PASS
4201260029 is PASS with A grade
4201260041 is FAIL
4201260041 is FAIL with - grade
4201260045 is FAIL
4201260045 is FAIL with - grade
4202260006 is PASS
4202260006 is PASS with A grade
4202260007 is PASS
4202260007 is PASS with A grade
4202260002 is FAIL
4202260002 is FAIL with - grade
4202260005 is FAIL
4202260005 is FAIL with - grade
4202260018  Student is Absent
4202260009 is FAIL
4202260009 is FAIL with - grade
4202260013 is PASS
4202260013 is PASS with A+ grade
4202260014 is FAIL
4202260014 Grade is - 
4202260012  Student is Absent
4202260011 is FAIL
4202260011 Grade is - 
4202260017 is FAIL
4202260017 is FAIL with - grade
4202260008 is FAIL
4202260008 is FAIL with - grade
4202260010 is FAIL
4202260010 is FAIL with - grade
4202260016 is FAIL
4202260016 is FAIL with - grade
4202260003 is FAIL
4202260003 is FAIL with - grade
4202260004 is FAIL
4202260004 is FAIL with - grade
4202260015 is PASS
4202260015 is PASS with A+ grade
4202260001 is FAIL
4202260001 is FAIL with - grade
4202260020 is FAIL
4202260020 is FAIL with - grade
4202260021 is PASS
4202260021 is PASS with A grade
4202260019 is FAIL
4202260019 is FAIL with - grade
4203260001 is FAIL
4203260001 Grade is - 
4203260002 is PASS
4203260002 is PASS with A grade
4203260003 is FAIL
4203260003 Grade is - 
4204260013 is FAIL
4204260013 Grade is - 
4204260012 is PASS
4204260012 is PASS with A grade
4204260010 is FAIL
4204260010 is FAIL with - grade
4204260019 is FAIL
4204260019 is FAIL with - grade
4204260020 is FAIL
4204260020 is FAIL with - grade
4204260002 is FAIL
4204260002 is FAIL with - grade
4204260007 is FAIL
4204260007 is FAIL with - grade
4204260023 is FAIL
4204260023 is FAIL with - grade
4204260005 is FAIL
4204260005 is FAIL with - grade
4204260008 is PASS
4204260008 is PASS with A grade
4204260011 is FAIL
4204260011 is FAIL with - grade
4204260003 is FAIL
4204260003 Grade is - 
4204260014 is FAIL
4204260014 is FAIL with - grade
4204260017  Student is Absent
4204260024 is PASS
4204260024 is PASS with A+ grade
4204260025 is FAIL
4204260025 is FAIL with - grade
4204260018 is PASS
4204260018 is PASS with A grade
4204260026 is PASS
4204260026 is PASS with A+ grade
4204260009  Student is Absent
4204260015 is FAIL
4204260015 is FAIL with - grade
4204260016 is PASS
4204260016 is PASS with A grade
4204260006 is PASS
4204260006 is PASS with A+ grade
4204260021 is PASS
4204260021 is PASS with A grade
4204260022 is PASS
4204260022 is PASS with A+ grade
4204260001 is FAIL
4204260001 is FAIL with - grade
4204260004 is FAIL
4204260004 is FAIL with - grade
4205260002 is PASS
4205260002 is PASS with A+ grade
4205260004 is FAIL
4205260004 is FAIL with - grade
4205260003 is FAIL
4205260003 is FAIL with - grade
4205260005 is FAIL
4205260005 Grade is - 
4205260001 is FAIL
4205260001 is FAIL with - grade
4206260004 is PASS
4206260004 is PASS with A+ grade
4206260003 is PASS
4206260003 is PASS with A grade
4206260002 is FAIL
4206260002 is FAIL with - grade
4206260001 is PASS
4206260001 is PASS with A grade
4208260001 is PASS
4208260001 is PASS with A grade
4208260005 is PASS
4208260005 is PASS with A+ grade
4208260006 is FAIL
4208260006 is FAIL with - grade
4208260007 is FAIL
4208260007 is FAIL with - grade
4208260003 is FAIL
4208260003 is FAIL with - grade
4208260009 is PASS
4208260009 is PASS with A grade
4208260004 is FAIL
4208260004 is FAIL with - grade
4208260008 is PASS
4208260008 is PASS with A+ grade
4208260002 is FAIL
4208260002 is FAIL with - grade
4209260020 is FAIL
4209260020 is FAIL with - grade
4209260006 is FAIL
4209260006 is FAIL with - grade
4209260022 is PASS
4209260022 is PASS with B grade
4209260021 is FAIL
4209260021 is FAIL with - grade
4209260016 is FAIL
4209260016 Grade is - 
4209260026 is FAIL
4209260026 Grade is - 
4209260024 is FAIL
4209260024 is FAIL with - grade
4209260025 is PASS
4209260025 is PASS with A+ grade
4209260014 is PASS
4209260014 is PASS with A grade
4209260012 is FAIL
4209260012 is FAIL with - grade
4209260007 is PASS
4209260007 is PASS with A+ grade
4209260009 is FAIL
4209260009 is FAIL with - grade
4209260030 is PASS
4209260030 is PASS with A grade
4209260015 is FAIL
4209260015 is FAIL with - grade
4209260010 is FAIL
4209260010 Grade is - 
4209260011 is FAIL
4209260011 is FAIL with - grade
4209360001 is FAIL
4209360001 Grade is - 
4209260028 is FAIL
4209260028 Grade is - 
4209260002 is PASS
4209260002 is PASS with A grade
4209260027 is FAIL
4209260027 Grade is - 
4209260003 is FAIL
4209260003 Grade is - 
4209260017 is PASS
4209260017 is PASS with A+ grade
4209260005 is PASS
4209260005 is PASS with A grade
4209260023 is FAIL
4209260023 Grade is - 
4209260008 is FAIL
4209260008 Grade is - 
4209260029 is FAIL
4209260029 is FAIL with - grade
4209260013 is FAIL
4209260013 Grade is - 
4209260004 is PASS
4209260004 is PASS with B grade
4209260019 is FAIL
4209260019 is FAIL with - grade
4209260018 is FAIL
4209260018 is FAIL with - grade
4209260001 is FAIL
4209260001 Grade is - 
4301260017 is FAIL
4301260017 is FAIL with - grade
4301260022 is FAIL
4301260022 is FAIL with - grade
4301260021 is FAIL
4301260021 Grade is - 
4301360001 is PASS
4301360001 is PASS with A+ grade
4301260015 is FAIL
4301260015 Grade is - 
4301260002 is FAIL
4301260002 is FAIL with - grade
4301260012 is PASS
4301260012 is PASS with A grade
4301260013 is FAIL
4301260013 Grade is - 
4301260016 is FAIL
4301260016 is FAIL with - grade
4301260018 is FAIL
4301260018 is FAIL with - grade
4301260001 is FAIL
4301260001 Grade is - 
4301260011 is FAIL
4301260011 Grade is - 
4301260006 is FAIL
4301260006 is FAIL with - grade
4301260007 is FAIL
4301260007 Grade is - 
4301260024 is FAIL
4301260024 Grade is - 
4301260019 is PASS
4301260019 is PASS with A grade
4301260020 is FAIL
4301260020 is FAIL with - grade
4301260008 is FAIL
4301260008 Grade is - 
4301260004 is FAIL
4301260004 Grade is - 
4301260005 is FAIL
4301260005 is FAIL with - grade
4301260009 is FAIL
4301260009 Grade is - 
4301260010 is PASS
4301260010 is PASS with A grade
4301260014 is PASS
4301260014 is PASS with A+ grade
4301260023 is FAIL
4301260023 Grade is - 
4301260003 is FAIL
4301260003 is FAIL with - grade
4302260009 is PASS
4302260009 is PASS with A grade
4302260007 is PASS
4302260007 is PASS with A+ grade
4302260006 is FAIL
4302260006 is FAIL with - grade
4302260003 is FAIL
4302260003 is FAIL with - grade
4302260008 is FAIL
4302260008 is FAIL with - grade
4302260002 is FAIL
4302260002 Grade is - 
4302260001 is PASS
4302260001 is PASS with B grade
4302260010 is FAIL
4302260010 is FAIL with - grade
4302260004 is PASS
4302260004 is PASS with A grade
4302260005 is PASS
4302260005 is PASS with A grade
4303360001 is PASS
4303360001 is PASS with A+ grade
4303260001 is FAIL
4303260001 is FAIL with - grade
4303260002 is FAIL
4303260002 is FAIL with - grade
4303260003 is FAIL
4303260003 is FAIL with - grade
4305260007 is PASS
4305260007 is PASS with A+ grade
4305360001 is FAIL
4305360001 is FAIL with - grade
4305260004 is PASS
4305260004 is PASS with A grade
4305260068 is PASS
4305260068 is PASS with A+ grade
4305260046 is FAIL
4305260046 is FAIL with - grade
4305260053 is PASS
4305260053 is PASS with A grade
4305260071 is FAIL
4305260071 Grade is - 
4305260037 is FAIL
4305260037 Grade is - 
4305260032 is FAIL
4305260032 is FAIL with - grade
4305260034 is PASS
4305260034 is PASS with A grade
4305260063  Student is Absent
4305260066 is FAIL
4305260066 is FAIL with - grade
4305260021 is PASS
4305260021 is PASS with B grade
4305260028 is PASS
4305260028 is PASS with A grade
4305260015 is FAIL
4305260015 Grade is - 
4305260016 is FAIL
4305260016 Grade is - 
4305260064 is FAIL
4305260064 is FAIL with - grade
4305260022 is PASS
4305260022 is PASS with A grade
4305260009 is PASS
4305260009 is PASS with A+ grade
4305260054 is FAIL
4305260054 is FAIL with - grade
4305260038 is FAIL
4305260038 Grade is - 
4305260069 is FAIL
4305260069 is FAIL with - grade
4305260013 is FAIL
4305260013 Grade is - 
4305260058 is FAIL
4305260058 is FAIL with - grade
4305260047 is FAIL
4305260047 Grade is - 
4305260005 is FAIL
4305260005 is FAIL with - grade
4305260002  Student is Absent
4305260065 is FAIL
4305260065 is FAIL with - grade
4305260020 is PASS
4305260020 is PASS with A+ grade
4305260014 is PASS
4305260014 is PASS with A grade
4305260001 is FAIL
4305260001 is FAIL with - grade
4305260003 is FAIL
4305260003 is FAIL with - grade
4305260041 is PASS
4305260041 is PASS with A grade
4305260056 is FAIL
4305260056 is FAIL with - grade
4305260045 is FAIL
4305260045 is FAIL with - grade
4305260061 is FAIL
4305260061 is FAIL with - grade
4305260052 is FAIL
4305260052 Grade is - 
4305260026 is PASS
4305260026 is PASS with A grade
4305260036 is FAIL
4305260036 is FAIL with - grade
4305260055 is PASS
4305260055 is PASS with A grade
4305260049  Student is Absent
4305260023 is FAIL
4305260023 is FAIL with - grade
4305260050 is FAIL
4305260050 is FAIL with - grade
4305260040 is FAIL
4305260040 is FAIL with - grade
4305260042  Student is Absent
4305260044 is FAIL
4305260044 Grade is - 
4305260043 is FAIL
4305260043 is FAIL with - grade
4305260011 is FAIL
4305260011 is FAIL with - grade
4305260060 is PASS
4305260060 is PASS with A grade
4305260039 is PASS
4305260039 is PASS with A grade
4305260017 is FAIL
4305260017 is FAIL with - grade
4305260051 is FAIL
4305260051 is FAIL with - grade
4305260010 is FAIL
4305260010 Grade is - 
4305260062 is FAIL
4305260062 is FAIL with - grade
4305260031 is FAIL
4305260031 is FAIL with - grade
4305260012 is PASS
4305260012 is PASS with A grade
4305260035 is FAIL
4305260035 Grade is - 
4305260033 is FAIL
4305260033 is FAIL with - grade
4305260057 is FAIL
4305260057 Grade is - 
4305260070 is PASS
4305260070 is PASS with A grade
4305260019 is FAIL
4305260019 is FAIL with - grade
4305260030 is FAIL
4305260030 is FAIL with - grade
4305260027 is FAIL
4305260027 is FAIL with - grade
4305260059 is PASS
4305260059 is PASS with A grade
4305260006 is FAIL
4305260006 is FAIL with - grade
4305260048 is PASS
4305260048 is PASS with A grade
4305260024 is FAIL
4305260024 is FAIL with - grade
4305260008 is PASS
4305260008 is PASS with A+ grade
4305260018 is FAIL
4305260018 is FAIL with - grade
4305260029 is FAIL
4305260029 Grade is - 
4305360002 is FAIL
4305360002 is FAIL with - grade
4305260067 is PASS
4305260067 is PASS with A grade
4305260025  Student is Absent
4306260001 is FAIL
4306260001 is FAIL with - grade
4306260002 is FAIL
4306260002 is FAIL with - grade
4401260038 is PASS
4401260038 is PASS with A+ grade
4401260033 is PASS
4401260033 is PASS with A+ grade
4401260035 is FAIL
4401260035 is FAIL with - grade
4401260018 is PASS
4401260018 is PASS with A+ grade
4401260017 is FAIL
4401260017 is FAIL with - grade
4401260006 is PASS
4401260006 is PASS with A+ grade
4401260012 is FAIL
4401260012 is FAIL with - grade
4401260029 is FAIL
4401260029 is FAIL with - grade
4401260019 is PASS
4401260019 is PASS with A grade
4401260011 is FAIL
4401260011 is FAIL with - grade
4401260022 is PASS
4401260022 is PASS with A grade
4401260021 is PASS
4401260021 is PASS with A+ grade
4401260020 is PASS
4401260020 is PASS with A grade
4401260010 is PASS
4401260010 is PASS with A+ grade
4401260041 is FAIL
4401260041 Grade is - 
4401260024 is PASS
4401260024 is PASS with A+ grade
4401260025 is PASS
4401260025 is PASS with A+ grade
4401260026 is FAIL
4401260026 Grade is - 
4401260002 is PASS
4401260002 is PASS with A grade
4401260003 is PASS
4401260003 is PASS with A grade
4401260004 is FAIL
4401260004 Grade is - 
4401260001 is FAIL
4401260001 is FAIL with - grade
4401260005 is FAIL
4401260005 is FAIL with - grade
4401260042 is PASS
4401260042 is PASS with A+ grade
4401260030 is FAIL
4401260030 is FAIL with - grade
4401260015 is PASS
4401260015 is PASS with A+ grade
4401260013 is PASS
4401260013 is PASS with A+ grade
4401260032 is PASS
4401260032 is PASS with A+ grade
4401260027 is PASS
4401260027 is PASS with A+ grade
4401260028 is PASS
4401260028 is PASS with A grade
4401260009 is PASS
4401260009 is PASS with A grade
4401260036 is FAIL
4401260036 is FAIL with - grade
4401260037 is PASS
4401260037 is PASS with A+ grade
4401260040 is PASS
4401260040 is PASS with A grade
4401260014 is FAIL
4401260014 is FAIL with - grade
4401260016 is FAIL
4401260016 is FAIL with - grade
4401260023 is PASS
4401260023 is PASS with A+ grade
4401260007 is PASS
4401260007 is PASS with A grade
4401260008 is FAIL
4401260008 Grade is - 
4401260039 is PASS
4401260039 is PASS with A+ grade
4401260034 is FAIL
4401260034 is FAIL with - grade
4401260031 is FAIL
4401260031 is FAIL with - grade
4402260003 is FAIL
4402260003 is FAIL with - grade
4402260001 is PASS
4402260001 is PASS with A grade
4402260004 is PASS
4402260004 is PASS with A grade
4402260002 is FAIL
4402260002 is FAIL with - grade
4402360001 is PASS
4402360001 is PASS with A+ grade
4403260003 is FAIL
4403260003 is FAIL with - grade
4403260002 is FAIL
4403260002 Grade is - 
4403260001 is FAIL
4403260001 is FAIL with - grade
4404260004 is PASS
4404260004 is PASS with A grade
4404260001 is FAIL
4404260001 Grade is - 
4404260003 is FAIL
4404260003 is FAIL with - grade
4404260002 is PASS
4404260002 is PASS with B grade
4405260002 is FAIL
4405260002 is FAIL with - grade
4405260003 is FAIL
4405260003 is FAIL with - grade
4405260001 is PASS
4405260001 is PASS with A grade
4406260002 is FAIL
4406260002 is FAIL with - grade
4406260003 is FAIL
4406260003 is FAIL with - grade
4406260001 is PASS
4406260001 is PASS with A+ grade
4502260003 is FAIL
4502260003 is FAIL with - grade
4502260004 is FAIL
4502260004 is FAIL with - grade
4502260001 is PASS
4502260001 is PASS with A+ grade
4502260002 is FAIL
4502260002 Grade is - 
4504260008 is FAIL
4504260008 is FAIL with - grade
4504260009 is FAIL
4504260009 Grade is - 
4504260002 is FAIL
4504260002 is FAIL with - grade
4504260001 is FAIL
4504260001 Grade is - 
4504260007 is FAIL
4504260007 is FAIL with - grade
4504260003 is FAIL
4504260003 Grade is - 
4504260010 is FAIL
4504260010 is FAIL with - grade
4504260013 is FAIL
4504260013 Grade is - 
4504260005 is PASS
4504260005 is PASS with A+ grade
4504260006 is FAIL
4504260006 is FAIL with - grade
4504260011 is FAIL
4504260011 Grade is - 
4504260012 is FAIL
4504260012 is FAIL with - grade
4504260004 is FAIL
4504260004 Grade is - 
5101260017 is FAIL
5101260017 Grade is - 
5101260073 is FAIL
5101260073 is FAIL with - grade
5101260055  Student is Absent
5101260011 is FAIL
5101260011 Grade is - 
5101260071  Student is Absent
5101260056 is FAIL
5101260056 Grade is - 
5101260028 is FAIL
5101260028 Grade is - 
5101260027 is FAIL
5101260027 is FAIL with - grade
5101260083 is FAIL
5101260083 is FAIL with - grade
5101260081 is FAIL
5101260081 is FAIL with - grade
5101260008 is FAIL
5101260008 Grade is - 
5101260033 is FAIL
5101260033 is FAIL with - grade
5101260039 is FAIL
5101260039 is FAIL with - grade
5101260022 is FAIL
5101260022 Grade is - 
5101260048 is FAIL
5101260048 is FAIL with - grade
5101260036 is FAIL
5101260036 is FAIL with - grade
5101260009 is FAIL
5101260009 is FAIL with - grade
5101260025 is PASS
5101260025 is PASS with A grade
5101260054 is PASS
5101260054 is PASS with B grade
5101260074 is FAIL
5101260074 Grade is - 
5101260080 is FAIL
5101260080 Grade is - 
5101260076 is PASS
5101260076 is PASS with A+ grade
5101260062 is PASS
5101260062 is PASS with A+ grade
5101260077 is PASS
5101260077 is PASS with A grade
5101260053 is FAIL
5101260053 is FAIL with - grade
5101260046 is PASS
5101260046 is PASS with A grade
5101260049  Student is Absent
5101260045 is FAIL
5101260045 Grade is - 
5101260063 is FAIL
5101260063 Grade is - 
5101260085 is FAIL
5101260085 is FAIL with - grade
5101260052 is PASS
5101260052 is PASS with A grade
5101260015 is FAIL
5101260015 Grade is - 
5101260024 is FAIL
5101260024 Grade is - 
5101260067 is FAIL
5101260067 is FAIL with - grade
5101260004 is FAIL
5101260004 is FAIL with - grade
5101260072 is PASS
5101260072 is PASS with A grade
5101260014  Student is Absent
5101360001 is PASS
5101360001 is PASS with A+ grade
5101260023 is FAIL
5101260023 is FAIL with - grade
5101260064 is PASS
5101260064 is PASS with A grade
5101260035 is PASS
5101260035 is PASS with A grade
5101260034 is FAIL
5101260034 is FAIL with - grade
5101260068 is FAIL
5101260068 is FAIL with - grade
5101260070 is FAIL
5101260070 Grade is - 
5101260084 is FAIL
5101260084 Grade is - 
5101260082 is FAIL
5101260082 is FAIL with - grade
5101260032 is FAIL
5101260032 is FAIL with - grade
5101260079 is PASS
5101260079 is PASS with A grade
5101260019 is PASS
5101260019 is PASS with A+ grade
5101260021 is FAIL
5101260021 is FAIL with - grade
5101260016 is FAIL
5101260016 is FAIL with - grade
5101260001 is FAIL
5101260001 Grade is - 
5101260066 is PASS
5101260066 is PASS with A+ grade
5101260047 is FAIL
5101260047 Grade is - 
5101260061 is FAIL
5101260061 is FAIL with - grade
5101260078 is FAIL
5101260078 Grade is - 
5101260060 is FAIL
5101260060 Grade is - 
5101360003 is FAIL
5101360003 is FAIL with - grade
5101260059 is FAIL
5101260059 Grade is - 
5101260057 is FAIL
5101260057 is FAIL with - grade
5101260018 is FAIL
5101260018 is FAIL with - grade
5101260010 is FAIL
5101260010 Grade is - 
5101260031 is FAIL
5101260031 is FAIL with - grade
5101260043 is FAIL
5101260043 Grade is - 
5101260002 is FAIL
5101260002 Grade is - 
5101260041 is FAIL
5101260041 Grade is - 
5101260086 is FAIL
5101260086 Grade is - 
5101260003 is FAIL
5101260003 Grade is - 
5101260006 is FAIL
5101260006 is FAIL with - grade
5101260030 is FAIL
5101260030 Grade is - 
5101260044 is FAIL
5101260044 is FAIL with - grade
5101260037 is FAIL
5101260037 Grade is - 
5101260029 is PASS
5101260029 is PASS with A grade
5101260007 is FAIL
5101260007 Grade is - 
5101360002 is FAIL
5101360002 is FAIL with - grade
5101260012 is FAIL
5101260012 Grade is - 
5101260050 is PASS
5101260050 is PASS with A+ grade
5101260040 is FAIL
5101260040 is FAIL with - grade
5101260075 is PASS
5101260075 is PASS with B grade
5101260069 is PASS
5101260069 is PASS with A+ grade
5101260020 is FAIL
5101260020 Grade is - 
5101260042 is FAIL
5101260042 Grade is - 
5101260051 is PASS
5101260051 is PASS with B grade
5101260065 is FAIL
5101260065 is FAIL with - grade
5101260038 is FAIL
5101260038 Grade is - 
5101260013 is FAIL
5101260013 Grade is - 
5101260058 is FAIL
5101260058 Grade is - 
5101260005 is FAIL
5101260005 is FAIL with - grade
5101260026 is FAIL
5101260026 Grade is - 
5102260011 is FAIL
5102260011 is FAIL with - grade
5102260020 is PASS
5102260020 is PASS with A grade
5102360003 is FAIL
5102360003 is FAIL with - grade
5102260086 is FAIL
5102260086 Grade is - 
5102260027 is FAIL
5102260027 Grade is - 
5102260030 is FAIL
5102260030 Grade is - 
5102260082 is PASS
5102260082 is PASS with A+ grade
5102260040 is FAIL
5102260040 is FAIL with - grade
5102260034 is PASS
5102260034 is PASS with A+ grade
5102260039 is FAIL
5102260039 is FAIL with - grade
5102260057 is FAIL
5102260057 Grade is - 
5102260052 is PASS
5102260052 is PASS with B grade
5102260046 is PASS
5102260046 is PASS with A grade
5102260023 is FAIL
5102260023 Grade is - 
5102260038 is PASS
5102260038 is PASS with C grade
5102260054 is PASS
5102260054 is PASS with A+ grade
5102260055 is FAIL
5102260055 is FAIL with - grade
5102260062 is PASS
5102260062 is PASS with A grade
5102260003 is FAIL
5102260003 is FAIL with - grade
5102260002 is FAIL
5102260002 is FAIL with - grade
5102260072 is FAIL
5102260072 Grade is - 
5102260025 is FAIL
5102260025 is FAIL with - grade
5102260042 is FAIL
5102260042 is FAIL with - grade
5102360002 is PASS
5102360002 is PASS with A+ grade
5102260051 is PASS
5102260051 is PASS with A+ grade
5102260017  Student is Absent
5102260080 is FAIL
5102260080 Grade is - 
5102260060 is PASS
5102260060 is PASS with A+ grade
5102260069 is FAIL
5102260069 is FAIL with - grade
5102260087 is FAIL
5102260087 is FAIL with - grade
5102260049 is FAIL
5102260049 Grade is - 
5102260010 is PASS
5102260010 is PASS with A+ grade
5102260001 is FAIL
5102260001 Grade is - 
5102260031 is FAIL
5102260031 is FAIL with - grade
5102260079 is PASS
5102260079 is PASS with A grade
5102260076 is PASS
5102260076 is PASS with A+ grade
5102260068 is FAIL
5102260068 Grade is - 
5102260070 is FAIL
5102260070 Grade is - 
5102260032 is FAIL
5102260032 Grade is - 
5102360001  Student is Absent
5102260029 is PASS
5102260029 is PASS with A+ grade
5102260024 is FAIL
5102260024 is FAIL with - grade
5102260058 is PASS
5102260058 is PASS with A grade
5102260085 is FAIL
5102260085 is FAIL with - grade
5102260050 is PASS
5102260050 is PASS with A+ grade
5102260071 is PASS
5102260071 is PASS with A grade
5102260033 is FAIL
5102260033 is FAIL with - grade
5102260081 is FAIL
5102260081 is FAIL with - grade
5102260075 is PASS
[...]
2104260001 is FAIL with - grade
2104260005 is PASS
2104260005 is PASS with A grade
2104260002 is PASS
2104260002 is PASS with A+ grade
2104260010 is FAIL
2104260010 Grade is - 
2104260003 is FAIL
2104260003 Grade is - 
2104260017 is FAIL
2104260017 is FAIL with - grade
2104260009 is PASS
2104260009 is PASS with A+ grade
2104260011 is PASS
2104260011 is PASS with C grade
2104260013 is FAIL
2104260013 Grade is - 
2104260007 is PASS
2104260007 is PASS with A grade
2104260019  Student is Absent
2104260018 is PASS
2104260018 is PASS with A+ grade
2106260030 is FAIL
2106260030 is FAIL with - grade
2106260019 is FAIL
2106260019 is FAIL with - grade
2106260007 is FAIL
2106260007 is FAIL with - grade
2106260012 is FAIL
2106260012 Grade is - 
2106260014 is FAIL
2106260014 Grade is - 
2106260013 is FAIL
2106260013 is FAIL with - grade
2106260003 is FAIL
2106260003 is FAIL with - grade
2106260022 is PASS
2106260022 is PASS with A+ grade
2106260023 is PASS
2106260023 is PASS with B grade
2106260010 is FAIL
2106260010 is FAIL with - grade
2106260024 is FAIL
2106260024 is FAIL with - grade
2106260018 is PASS
2106260018 is PASS with B grade
2106260001 is FAIL
2106260001 Grade is - 
2106260031 is PASS
2106260031 is PASS with A grade
2106260002 is PASS
2106260002 is PASS with A grade
2106260015 is FAIL
2106260015 Grade is - 
2106260008 is FAIL
2106260008 is FAIL with - grade
2106260026 is PASS
2106260026 is PASS with A+ grade
2106260009 is PASS
2106260009 is PASS with A+ grade
2106260006  Student is Absent
2106260004 is PASS
2106260004 is PASS with A grade
2106260017 is FAIL
2106260017 is FAIL with - grade
2106260028 is FAIL
2106260028 is FAIL with - grade
2106260025 is FAIL
2106260025 Grade is - 
2106260027 is FAIL
2106260027 is FAIL with - grade
2106260005 is FAIL
2106260005 Grade is - 
2106260016 is FAIL
2106260016 is FAIL with - grade
2106260021 is FAIL
2106260021 Grade is - 
2106260020 is FAIL
2106260020 Grade is - 
2106260011 is FAIL
2106260011 Grade is - 
2106260029  Student is Absent
2201260013 is FAIL
2201260013 is FAIL with - grade
2201260040 is FAIL
2201260040 is FAIL with - grade
2201260034 is FAIL
2201260034 is FAIL with - grade
2201260032  Student is Absent
2201260033 is FAIL
2201260033 is FAIL with - grade
2201260030 is FAIL
2201260030 is FAIL with - grade
2201260029 is FAIL
2201260029 is FAIL with - grade
2201260028 is FAIL
2201260028 is FAIL with - grade
2201260019 is PASS
2201260019 is PASS with A+ grade
2201260016 is PASS
2201260016 is PASS with A+ grade
2201260024 is FAIL
2201260024 Grade is - 
2201260022 is PASS
2201260022 is PASS with A grade
2201260014 is PASS
2201260014 is PASS with A grade
2201260005 is FAIL
2201260005 is FAIL with - grade
2201260006 is FAIL
2201260006 is FAIL with - grade
2201260004 is FAIL
2201260004 is FAIL with - grade
2201260037 is PASS
2201260037 is PASS with A+ grade
2201260038 is FAIL
2201260038 is FAIL with - grade
2201360001 is FAIL
2201360001 is FAIL with - grade
2201260042 is FAIL
2201260042 is FAIL with - grade
2201260015 is PASS
2201260015 is PASS with A grade
2201260027 is FAIL
2201260027 Grade is - 
2201260017 is PASS
2201260017 is PASS with A+ grade
2201260031  Student is Absent
2201260012  Student is Absent
2201260008 is FAIL
2201260008 Grade is - 
2201260043 is PASS
2201260043 is PASS with A grade
2201260044  Student is Absent
2201260035 is PASS
2201260035 is PASS with A+ grade
2201260001 is FAIL
2201260001 is FAIL with - grade
2201260020 is PASS
2201260020 is PASS with A+ grade
2201260021 is PASS
2201260021 is PASS with B grade
2201260039 is PASS
2201260039 is PASS with A grade
2201260023 is FAIL
2201260023 is FAIL with - grade
2201260009  Student is Absent
2201260011 is PASS
2201260011 is PASS with A grade
2201260036 is FAIL
2201260036 Grade is - 
2201260010 is PASS
2201260010 is PASS with B grade
2201260003 is FAIL
2201260003 is FAIL with - grade
2201260002 is FAIL
2201260002 is FAIL with - grade
2201260025 is FAIL
2201260025 Grade is - 
2201260018 is FAIL
2201260018 is FAIL with - grade
2201260041 is PASS
2201260041 is PASS with A+ grade
2201260026 is FAIL
2201260026 Grade is - 
2201260007 is FAIL
2201260007 Grade is - 
2201360002 is FAIL
2201360002 Grade is - 
2202260008 is PASS
2202260008 is PASS with B grade
2202260006 is FAIL
2202260006 is FAIL with - grade
2202260033 is FAIL
2202260033 Grade is - 
2202260034 is FAIL
2202260034 is FAIL with - grade
2202260014 is PASS
2202260014 is PASS with A grade
2202260016 is PASS
2202260016 is PASS with A+ grade
2202260027 is PASS
2202260027 is PASS with A grade
2202260017 is PASS
2202260017 is PASS with A+ grade
2202260012 is FAIL
2202260012 is FAIL with - grade
2202260035 is FAIL
2202260035 Grade is - 
2202260019  Student is Absent
2202260015 is PASS
2202260015 is PASS with A+ grade
2202260023  Student is Absent
2202260004  Student is Absent
2202260030  Student is Absent
2202260032 is FAIL
2202260032 is FAIL with - grade
2202260025 is PASS
2202260025 is PASS with A grade
2202260024 is PASS
2202260024 is PASS with A+ grade
2202260026 is FAIL
2202260026 is FAIL with - grade
2202260022 is PASS
2202260022 is PASS with A+ grade
2202260028 is PASS
2202260028 is PASS with A+ grade
2202260029 is PASS
2202260029 is PASS with A grade
2202260021 is PASS
2202260021 is PASS with A grade
2202260013 is FAIL
2202260013 is FAIL with - grade
2202260009 is FAIL
2202260009 is FAIL with - grade
2202260010 is PASS
2202260010 is PASS with A+ grade
2202260011 is PASS
2202260011 is PASS with A+ grade
2202260005 is FAIL
2202260005 is FAIL with - grade
2202260001 is FAIL
2202260001 is FAIL with - grade
2202260002 is FAIL
2202260002 Grade is - 
2202260003 is FAIL
2202260003 Grade is - 
2202260018 is FAIL
2202260018 is FAIL with - grade
2202260031 is FAIL
2202260031 is FAIL with - grade
2202260007 is FAIL
2202260007 is FAIL with - grade
2202260020  Student is Absent
2202360001 is FAIL
2202360001 is FAIL with - grade
2203260005 is FAIL
2203260005 is FAIL with - grade
2203260012 is FAIL
2203260012 is FAIL with - grade
2203260015 is FAIL
2203260015 Grade is - 
2203260016 is FAIL
2203260016 is FAIL with - grade
2203260006 is FAIL
2203260006 is FAIL with - grade
2203260010 is FAIL
2203260010 is FAIL with - grade
2203260007 is FAIL
2203260007 is FAIL with - grade
2203260008 is FAIL
2203260008 is FAIL with - grade
2203260013 is FAIL
2203260013 Grade is - 
2203260004 is FAIL
2203260004 is FAIL with - grade
2203260002 is FAIL
2203260002 is FAIL with - grade
2203260018  Student is Absent
2203260001 is FAIL
2203260001 is FAIL with - grade
2203260009 is FAIL
2203260009 is FAIL with - grade
2203260017 is FAIL
2203260017 is FAIL with - grade
2203260011 is FAIL
2203260011 Grade is - 
2203260019 is FAIL
2203260019 Grade is - 
2203260003  Student is Absent
2203260014 is PASS
2203260014 is PASS with A+ grade
2204260006 is PASS
2204260006 is PASS with A grade
2204260009 is PASS
2204260009 is PASS with A grade
2204260018 is PASS
2204260018 is PASS with A+ grade
2204260007 is FAIL
2204260007 is FAIL with - grade
2204260001  Student is Absent
2204260002 is FAIL
2204260002 is FAIL with - grade
2204260004 is PASS
2204260004 is PASS with A grade
2204260003 is FAIL
2204260003 Grade is - 
2204260013 is PASS
2204260013 is PASS with A+ grade
2204260014 is PASS
2204260014 is PASS with A+ grade
2204260010 is PASS
2204260010 is PASS with A+ grade
2204260012 is PASS
2204260012 is PASS with A+ grade
2204260011 is PASS
2204260011 is PASS with A+ grade
2204260017 is FAIL
2204260017 is FAIL with - grade
2204260015 is FAIL
2204260015 Grade is - 
2204260008 is PASS
2204260008 is PASS with A grade
2204360001 is FAIL
2204360001 is FAIL with - grade
2204260005  Student is Absent
2204260016 is FAIL
2204260016 is FAIL with - grade
2204360002 is FAIL
2204360002 is FAIL with - grade
2205260009 is FAIL
2205260009 is FAIL with - grade
2205260008 is FAIL
2205260008 is FAIL with - grade
2205260007 is FAIL
2205260007 is FAIL with - grade
2205260006 is FAIL
2205260006 is FAIL with - grade
2205260005 is FAIL
2205260005 is FAIL with - grade
2205260003 is FAIL
2205260003 Grade is - 
2205260004 is FAIL
2205260004 is FAIL with - grade
2205260001 is FAIL
2205260001 Grade is - 
2205260002 is FAIL
2205260002 is FAIL with - grade
2206260004 is PASS
2206260004 is PASS with A grade
2206260002 is FAIL
2206260002 is FAIL with - grade
2206360001 is PASS
2206360001 is PASS with A grade
2206260005 is FAIL
2206260005 Grade is - 
2206260003 is FAIL
2206260003 is FAIL with - grade
2206260001 is FAIL
2206260001 is FAIL with - grade
2207260009 is PASS
2207260009 is PASS with A+ grade
2207260007 is FAIL
2207260007 Grade is - 
2207260006 is FAIL
2207260006 is FAIL with - grade
2207260008  Student is Absent
2207260005  Student is Absent
2207260010 is PASS
2207260010 is PASS with A grade
2207260004 is PASS
2207260004 is PASS with A+ grade
2207260003 is PASS
2207260003 is PASS with A grade
2207260001  Student is Absent
2207260002  Student is Absent
2208260010 is FAIL
2208260010 is FAIL with - grade
2208260008 is PASS
2208260008 is PASS with A+ grade
2208260004 is FAIL
2208260004 is FAIL with - grade
2208260002  Student is Absent
2208260005 is FAIL
2208260005 is FAIL with - grade
2208260001 is FAIL
2208260001 Grade is - 
2208260007 is FAIL
2208260007 Grade is - 
2208260009 is FAIL
2208260009 Grade is - 
2208260003 is FAIL
2208260003 Grade is - 
2208260006  Student is Absent
2209260040 is PASS
2209260040 is PASS with B grade
2209260023 is FAIL
2209260023 Grade is - 
2209260044 is FAIL
2209260044 is FAIL with - grade
2209260046 is FAIL
2209260046 is FAIL with - grade
2209260017 is FAIL
2209260017 is FAIL with - grade
2209260041 is FAIL
2209260041 Grade is - 
2209260010 is FAIL
2209260010 is FAIL with - grade
2209260003 is FAIL
2209260003 is FAIL with - grade
2209260002 is FAIL
2209260002 Grade is - 
2209260005 is FAIL
2209260005 is FAIL with - grade
2209260008 is FAIL
2209260008 Grade is - 
2209260007 is FAIL
2209260007 is FAIL with - grade
2209260011  Student is Absent
2209260015 is FAIL
2209260015 Grade is - 
2209260013 is FAIL
2209260013 Grade is - 
2209260012 is PASS
2209260012 is PASS with A grade
2209260014 is FAIL
2209260014 Grade is - 
2209260026 is FAIL
2209260026 is FAIL with - grade
2209260028 is PASS
2209260028 is PASS with B grade
2209260029 is PASS
2209260029 is PASS with A+ grade
2209260031 is FAIL
2209260031 is FAIL with - grade
2209260030 is PASS
2209260030 is PASS with A grade
2209260016 is FAIL
2209260016 Grade is - 
2209260018 is FAIL
2209260018 is FAIL with - grade
2209260024 is PASS
2209260024 is PASS with A grade
2209260034 is PASS
2209260034 is PASS with A+ grade
2209260022 is FAIL
2209260022 is FAIL with - grade
2209260020 is FAIL
2209260020 is FAIL with - grade
2209260032 is FAIL
2209260032 Grade is - 
2209260038 is FAIL
2209260038 Grade is - 
2209260039 is PASS
2209260039 is PASS with A grade
2209260035 is FAIL
2209260035 is FAIL with - grade
2209260037 is FAIL
2209260037 is FAIL with - grade
2209260042 is PASS
2209260042 is PASS with A+ grade
2209260045 is FAIL
2209260045 is FAIL with - grade
2209260049 is FAIL
2209260049 is FAIL with - grade
2209260052 is FAIL
2209260052 is FAIL with - grade
2209260051 is FAIL
2209260051 is FAIL with - grade
2209360001 is PASS
2209360001 is PASS with A+ grade
2209260025 is PASS
2209260025 is PASS with A grade
2209260009  Student is Absent
2209260006 is PASS
2209260006 is PASS with A grade
2209260027 is FAIL
2209260027 Grade is - 
2209260033 is FAIL
2209260033 Grade is - 
2209260001 is FAIL
2209260001 is FAIL with - grade
2209260004 is FAIL
2209260004 is FAIL with - grade
2209260050 is FAIL
2209260050 is FAIL with - grade
2209260048 is FAIL
2209260048 Grade is - 
2209260047 is PASS
2209260047 is PASS with A grade
2209260019 is PASS
2209260019 is PASS with A+ grade
2209260021 is FAIL
2209260021 is FAIL with - grade
2209260036 is FAIL
2209260036 is FAIL with - grade
2209260043 is FAIL
2209260043 is FAIL with - grade
2210260006 is PASS
2210260006 is PASS with A+ grade
2210360001 is FAIL
2210360001 Grade is - 
2210260001 is FAIL
2210260001 is FAIL with - grade
2210260005 is FAIL
2210260005 is FAIL with - grade
2210260004 is PASS
2210260004 is PASS with A grade
2210260002 is PASS
2210260002 is PASS with A+ grade
2210260003  Student is Absent
2211260015 is FAIL
2211260015 is FAIL with - grade
2211260038 is PASS
2211260038 is PASS with A+ grade
2211260010 is PASS
2211260010 is PASS with A grade
2211260008 is FAIL
2211260008 is FAIL with - grade
2211260002 is PASS
2211260002 is PASS with A grade
2211260032 is PASS
2211260032 is PASS with A+ grade
2211260040 is FAIL
2211260040 is FAIL with - grade
2211260017 is FAIL
2211260017 is FAIL with - grade
2211260016 is PASS
2211260016 is PASS with A grade
2211260013 is PASS
2211260013 is PASS with A+ grade
2211260003 is PASS
2211260003 is PASS with A grade
2211260018 is PASS
2211260018 is PASS with A+ grade
2211260024 is PASS
2211260024 is PASS with A+ grade
2211260035 is FAIL
2211260035 is FAIL with - grade
2211260034 is PASS
2211260034 is PASS with A grade
2211260020 is PASS
2211260020 is PASS with A+ grade
2211260021 is FAIL
2211260021 is FAIL with - grade
2211260022 is PASS
2211260022 is PASS with A+ grade
2211260027 is PASS
2211260027 is PASS with A+ grade
2211260026 is FAIL
2211260026 is FAIL with - grade
2211260025 is PASS
2211260025 is PASS with A grade
2211260023 is FAIL
2211260023 is FAIL with - grade
2211260019 is PASS
2211260019 is PASS with A+ grade
2211260037 is FAIL
2211260037 is FAIL with - grade
2211260033 is PASS
2211260033 is PASS with A+ grade
2211260028 is PASS
2211260028 is PASS with A+ grade
2211260031 is FAIL
2211260031 is FAIL with - grade
2211260029 is FAIL
2211260029 Grade is - 
2211260030 is PASS
2211260030 is PASS with A+ grade
2211260006 is PASS
2211260006 is PASS with A+ grade
2211260009 is FAIL
2211260009 is FAIL with - grade
2211260005 is PASS
2211260005 is PASS with A grade
2211260014 is FAIL
2211260014 is FAIL with - grade
2211260011 is FAIL
2211260011 is FAIL with - grade
2211260007 is PASS
2211260007 is PASS with A grade
2211260012 is PASS
2211260012 is PASS with A+ grade
2211260036 is FAIL
2211260036 is FAIL with - grade
2211260004 is FAIL
2211260004 is FAIL with - grade
2211260001 is PASS
2211260001 is PASS with A+ grade
2211260041 is PASS
2211260041 is PASS with A+ grade
2211260039 is FAIL
2211260039 is FAIL with - grade
2306260034 is FAIL
2306260034 Grade is - 
2306260016 is PASS
2306260016 is PASS with A grade
2306260023 is PASS
2306260023 is PASS with A grade
2306260036 is PASS
2306260036 is PASS with A+ grade
2306260032 is PASS
2306260032 is PASS with A+ grade
2306260030 is FAIL
2306260030 is FAIL with - grade
2306260031 is PASS
2306260031 is PASS with A+ grade
2306260042 is PASS
2306260042 is PASS with A+ grade
2306260021 is FAIL
2306260021 Grade is - 
2306260014 is FAIL
2306260014 is FAIL with - grade
2306360001 is PASS
2306360001 is PASS with A+ grade
2306260047 is PASS
2306260047 is PASS with A grade
2306260059 is PASS
2306260059 is PASS with A+ grade
2306260009 is FAIL
2306260009 is FAIL with - grade
2306260011 is PASS
2306260011 is PASS with A+ grade
2306260053 is FAIL
2306260053 is FAIL with - grade
2306260054 is FAIL
2306260054 is FAIL with - grade
2306260018 is FAIL
2306260018 Grade is - 
2306260020 is FAIL
2306260020 is FAIL with - grade
2306260025 is PASS
2306260025 is PASS with A grade
2306260046 is FAIL
2306260046 is FAIL with - grade
2306260005 is FAIL
2306260005 is FAIL with - grade
2306260060 is FAIL
2306260060 is FAIL with - grade
2306260040 is PASS
2306260040 is PASS with A+ grade
2306260008 is FAIL
2306260008 Grade is - 
2306260039 is PASS
2306260039 is PASS with A grade
2306260057 is FAIL
2306260057 Grade is - 
2306260027 is PASS
2306260027 is PASS with A+ grade
2306260012 is FAIL
2306260012 is FAIL with - grade
2306260013 is FAIL
2306260013 Grade is - 
2306260002 is PASS
2306260002 is PASS with B grade
2306260001 is FAIL
2306260001 is FAIL with - grade
2306260019 is FAIL
2306260019 is FAIL with - grade
2306260004 is PASS
2306260004 is PASS with A+ grade
2306260028 is PASS
2306260028 is PASS with A grade
2306260043 is PASS
2306260043 is PASS with A+ grade
2306260051 is FAIL
2306260051 is FAIL with - grade
2306260017 is FAIL
2306260017 is FAIL with - grade
2306260015 is FAIL
2306260015 Grade is - 
2306260048 is PASS
2306260048 is PASS with A grade
2306260038  Student is Absent
2306260003 is FAIL
2306260003 Grade is - 
2306260061 is PASS
2306260061 is PASS with A grade
2306260024 is FAIL
2306260024 is FAIL with - grade
2306260007 is PASS
2306260007 is PASS with A+ grade
2306260006 is FAIL
2306260006 Grade is - 
2306260056 is FAIL
2306260056 is FAIL with - grade
2306260010 is FAIL
2306260010 is FAIL with - grade
2306260041 is FAIL
2306260041 is FAIL with - grade
2306260058 is PASS
2306260058 is PASS with B grade
2306260050 is FAIL
2306260050 is FAIL with - grade
2306260026 is PASS
2306260026 is PASS with A grade
2306260055 is FAIL
2306260055 is FAIL with - grade
2306260022 is FAIL
2306260022 Grade is - 
2306260052 is FAIL
2306260052 is FAIL with - grade
2306260049  Student is Absent
2306260045 is PASS
2306260045 is PASS with A+ grade
2306260044 is FAIL
2306260044 Grade is - 
2306260037 is PASS
2306260037 is PASS with A grade
2306260035 is FAIL
2306260035 is FAIL with - grade
2306260033 is FAIL
2306260033 is FAIL with - grade
2306260029 is FAIL
2306260029 is FAIL with - grade
3106260003 is PASS
3106260003 is PASS with A grade
3106260001 is FAIL
3106260001 is FAIL with - grade
3106260004 is PASS
3106260004 is PASS with A+ grade
3106260002 is PASS
3106260002 is PASS with A grade
4304260001 is FAIL
4304260001 Grade is - 
4304260003 is FAIL
4304260003 Grade is - 
4304260005 is PASS
4304260005 is PASS with A+ grade
4304260006 is FAIL
4304260006 is FAIL with - grade
4304260007 is FAIL
4304260007 is FAIL with - grade
4304360001 is FAIL
4304360001 is FAIL with - grade
4304260004 is FAIL
4304260004 is FAIL with - grade
4304260002 is FAIL
4304260002 is FAIL with - grade
8306260001  Student is Absent
8306260002 is PASS
8306260002 is PASS with A grade
8306360001 is PASS
8306360001 is PASS with A grade
8306260003 is PASS
8306260003 is PASS with A grade
1515260003 is PASS
1515260003 is PASS with A grade
1515260006 is PASS
1515260006 is PASS with B grade
1515260007 is PASS
1515260007 is PASS with A+ grade
1515260008 is PASS
1515260008 is PASS with A grade
1515260009 is FAIL
1515260009 is FAIL with - grade
1515260002 is PASS
1515260002 is PASS with A grade
1515260004 is FAIL
1515260004 is FAIL with - grade
1515260005 is FAIL
1515260005 is FAIL with - grade
1515260001 is FAIL
1515260001 Grade is - 
7204360002 is FAIL
7204360002 is FAIL with - grade
7204260007 is FAIL
7204260007 is FAIL with - grade
7204260006 is PASS
7204260006 is PASS with A+ grade
7204260002 is PASS
7204260002 is PASS with A+ grade
7204260004 is PASS
7204260004 is PASS with A+ grade
7204260005 is FAIL
7204260005 Grade is - 
7204260001 is PASS
7204260001 is PASS with B grade
7204260010 is PASS
7204260010 is PASS with A+ grade
7204260008 is PASS
7204260008 is PASS with A+ grade
7204260009 is FAIL
7204260009 Grade is - 
7204260003 is PASS
7204260003 is PASS with A+ grade
7204360001 is PASS
7204360001 is PASS with A+ grade
5202260016 is FAIL
5202260016 Grade is - 
5202260007 is FAIL
5202260007 Grade is - 
5202260004 is FAIL
5202260004 Grade is - 
5202260002 is FAIL
5202260002 Grade is - 
5202260008 is FAIL
5202260008 Grade is - 
5202260015 is FAIL
5202260015 Grade is - 
5202260013 is PASS
5202260013 is PASS with A+ grade
5202260003 is FAIL
5202260003 Grade is - 
5202260001 is FAIL
5202260001 is FAIL with - grade
5202260010 is FAIL
5202260010 Grade is - 
5202260014 is FAIL
5202260014 is FAIL with - grade
5202260009 is FAIL
5202260009 Grade is - 
5202260011 is FAIL
5202260011 is FAIL with - grade
5202260012 is PASS
5202260012 is PASS with A grade
5202260006 is FAIL
5202260006 is FAIL with - grade
5202260005 is PASS
5202260005 is PASS with A grade]]>
  </system-out>
</testsuite> <!-- GRACE_MARKS.newTestResultFinal -->
