<?xml version="1.0" encoding="UTF-8"?>
<!-- Generated by org.testng.reporters.JUnitReportReporter -->
<testsuite hostname="DESKTOP-VCK713F" failures="0" tests="1" name="newTestResult" time="1.270" errors="0" timestamp="2025-01-23T11:32:10 IST" skipped="0">
  <testcase classname="newTestResult" name="resultTest" time="1.270">
    <system-out>
      <![CDATA[5305150109 is FAIL
5305150109 is FAIL with - grade
6402160125 is PASS
6402160125 is PASS with A+ grade
3101162633 is PASS
3101162633 is PASS with A grade
4201150582 is PASS
4201150582 is PASS with A+ grade
7302150280 is PASS
7302150280 is PASS with A+ grade
6301150159 is FAIL
6301150159 Grade is - 
3303150056 is FAIL
3303150056 Grade is - 
1202160020 is FAIL
1202160020 Grade is - 
2208160210 is FAIL
2208160210 is FAIL with - grade
3106160202 is FAIL
3106160202 Grade is - 
8302161273 is FAIL
8302161273 Grade is - 
2306161676 is FAIL
2306161676 Grade is - 
2222 is FAIL
2222 Grade is - 
5107150118 is FAIL
5107150118 Grade is - 
1111 is FAIL
1111 Grade is - 
5403160006 is FAIL
5403160006 Grade is - 
5403150008 is FAIL
5403150008 Grade is - 
5105150010 is FAIL
5105150010 Grade is - 
2104150450 is FAIL
2104150450 Grade is - ]]>
    </system-out>
  </testcase> <!-- resultTest -->
  <system-out>
    <![CDATA[5305150109 is FAIL
5305150109 is FAIL with - grade
6402160125 is PASS
6402160125 is PASS with A+ grade
3101162633 is PASS
3101162633 is PASS with A grade
4201150582 is PASS
4201150582 is PASS with A+ grade
7302150280 is PASS
7302150280 is PASS with A+ grade
6301150159 is FAIL
6301150159 Grade is - 
3303150056 is FAIL
3303150056 Grade is - 
1202160020 is FAIL
1202160020 Grade is - 
2208160210 is FAIL
2208160210 is FAIL with - grade
3106160202 is FAIL
3106160202 Grade is - 
8302161273 is FAIL
8302161273 Grade is - 
2306161676 is FAIL
2306161676 Grade is - 
2222 is FAIL
2222 Grade is - 
5107150118 is FAIL
5107150118 Grade is - 
1111 is FAIL
1111 Grade is - 
5403160006 is FAIL
5403160006 Grade is - 
5403150008 is FAIL
5403150008 Grade is - 
5105150010 is FAIL
5105150010 Grade is - 
2104150450 is FAIL
2104150450 Grade is - ]]>
  </system-out>
</testsuite> <!-- newTestResult -->
