<?xml version="1.0" encoding="UTF-8"?>
<!-- Generated by org.testng.reporters.JUnitReportReporter -->
<testsuite hostname="DESKTOP-VCK713F" failures="0" tests="1" name="newTestResultFinal" time="3.777" errors="0" timestamp="2025-08-25T17:00:26 IST" skipped="0">
  <testcase classname="newTestResultFinal" name="resultTest" time="3.777">
    <system-out>
      <![CDATA[1501450001 is FAIL
1501450001 is FAIL with - grade
1501450002 is PASS
1501450002 is PASS with A+ grade
1501450003 is FAIL
1501450003 Grade is - 
1501450004 is PASS
1501450004 is PASS with A grade
1501450005 is PASS
1501450005 is PASS with B grade
1501450006 is PASS
1501450006 is PASS with A+ grade
1501450009 is FAIL
1501450009 Grade is - 
1501450011 is PASS
1501450011 is PASS with A+ grade
1501450013 is PASS
1501450013 is PASS with A grade
1501450014 is PASS
1501450014 is PASS with A grade
1501450015 is PASS
1501450015 is PASS with B grade
1501450016 is PASS
1501450016 is PASS with B grade
1501450017 is PASS
1501450017 is PASS with A grade
1501450018 is PASS
1501450018 is PASS with A+ grade
1501450021 is PASS
1501450021 is PASS with B grade
1501450022 is PASS
1501450022 is PASS with A+ grade
1501450023 is PASS
1501450023 is PASS with A grade
1501450024 is PASS
1501450024 is PASS with A+ grade
1501450025 is FAIL
1501450025 is FAIL with - grade
1501450026 is PASS
1501450026 is PASS with A grade
1501450027 is PASS
1501450027 is PASS with A grade
1501450028 is FAIL
1501450028 Grade is - 
1501450029 is PASS
1501450029 is PASS with A grade
1501450030 is PASS
1501450030 is PASS with A grade
1501450031 is PASS
1501450031 is PASS with A grade
1501450032 is FAIL
1501450032 Grade is - 
1501450033 is FAIL
1501450033 is FAIL with - grade
1501450035 is PASS
1501450035 is PASS with A+ grade
1501450036 is PASS
1501450036 is PASS with A grade
1501450037 is PASS
1501450037 is PASS with B grade
1501450039 is PASS
1501450039 is PASS with A grade
1501450040 is PASS
1501450040 is PASS with A grade
1501450041 is PASS
1501450041 is PASS with A+ grade
1501450042 is PASS
1501450042 is PASS with A grade
1501450044 is PASS
1501450044 is PASS with A+ grade
1501450045 is PASS
1501450045 is PASS with A grade
1501450046 is PASS
1501450046 is PASS with A+ grade
1501450047 is PASS
1501450047 is PASS with A grade
2101450001 is FAIL
2101450001 Grade is - 
2101450002 is PASS
2101450002 is PASS with A+ grade
2101450003 is PASS
2101450003 is PASS with A+ grade
2101450004 is PASS
2101450004 is PASS with A+ grade
2101450005 is PASS
2101450005 is PASS with A grade
2101450006 is FAIL
2101450006 Grade is - 
2101450008 is PASS
2101450008 is PASS with B grade
2101450009 is PASS
2101450009 is PASS with B grade
2101450010 is PASS
2101450010 is PASS with A grade
2101450011 is PASS
2101450011 is PASS with A grade
2101450012 is PASS
2101450012 is PASS with A grade
2101450015 is PASS
2101450015 is PASS with B grade
2101450016 is PASS
2101450016 is PASS with A+ grade
2101450018 is PASS
2101450018 is PASS with C grade
2101450022 is PASS
2101450022 is PASS with A grade
2101450023 is PASS
2101450023 is PASS with A+ grade
2101450024 is PASS
2101450024 is PASS with A grade
2101450025 is PASS
2101450025 is PASS with A+ grade
2101450027 is PASS
2101450027 is PASS with A+ grade
2101450028 is PASS
2101450028 is PASS with A grade
2101450029 is FAIL
2101450029 is FAIL with - grade
2101450030 is FAIL
2101450030 Grade is - 
2101450031 is PASS
2101450031 is PASS with A+ grade
2101450032 is PASS
2101450032 is PASS with A grade
2101450033 is PASS
2101450033 is PASS with A grade
2101450034 is PASS
2101450034 is PASS with A+ grade
2101450035 is PASS
2101450035 is PASS with A grade
2101450036 is PASS
2101450036 is PASS with A+ grade
2101450037 is PASS
2101450037 is PASS with A grade
2101450038 is PASS
2101450038 is PASS with A+ grade
2101450039 is PASS
2101450039 is PASS with A grade
2101450040 is PASS
2101450040 is PASS with A grade
2101450041 is PASS
2101450041 is PASS with A+ grade
2101450043 is FAIL
2101450043 is FAIL with - grade
2101450044 is PASS
2101450044 is PASS with A grade
2101450045 is FAIL
2101450045 Grade is - 
2101450046 is PASS
2101450046 is PASS with A grade
2101450048 is PASS
2101450048 is PASS with A+ grade
2101450049 is PASS
2101450049 is PASS with A grade
2101450050 is PASS
2101450050 is PASS with A+ grade
2101450052 is PASS
2101450052 is PASS with C grade
2101450053 is PASS
2101450053 is PASS with B grade
2101450054 is PASS
2101450054 is PASS with A+ grade
2101450055 is FAIL
2101450055 Grade is - 
3101450001 is PASS
3101450001 is PASS with B grade
3101450002 is PASS
3101450002 is PASS with A+ grade
3101450003 is PASS
3101450003 is PASS with A+ grade
3101450004 is PASS
3101450004 is PASS with A+ grade
3101450005 is PASS
3101450005 is PASS with A+ grade
3101450006 is PASS
3101450006 is PASS with A+ grade
3101450007 is PASS
3101450007 is PASS with A grade
3101450008 is FAIL
3101450008 Grade is - 
3101450009 is FAIL
3101450009 is FAIL with - grade
3101450010 is FAIL
3101450010 Grade is - 
3101450011 is PASS
3101450011 is PASS with A+ grade
3101450013 is FAIL
3101450013 is FAIL with - grade
4101450001 is PASS
4101450001 is PASS with A grade
4101450002 is PASS
4101450002 is PASS with A+ grade
4101450003 is PASS
4101450003 is PASS with A+ grade
4101450004 is PASS
4101450004 is PASS with A grade
4101450005 is PASS
4101450005 is PASS with A grade
4101450006 is PASS
4101450006 is PASS with A grade
4101450007 is PASS
4101450007 is PASS with A grade
4101450008 is PASS
4101450008 is PASS with A grade
4101450009 is FAIL
4101450009 is FAIL with - grade
4101450010 is PASS
4101450010 is PASS with B grade
4101450011 is PASS
4101450011 is PASS with A+ grade
4101450013 is PASS
4101450013 is PASS with A+ grade
4101450015 is PASS
4101450015 is PASS with B grade
4101450016 is PASS
4101450016 is PASS with A grade
4101450017 is PASS
4101450017 is PASS with A+ grade
4101450018 is PASS
4101450018 is PASS with A grade
4101450020 is PASS
4101450020 is PASS with A+ grade
4101450021 is PASS
4101450021 is PASS with A+ grade
4101450022 is FAIL
4101450022 Grade is - 
4101450023 is PASS
4101450023 is PASS with A+ grade
4101450025 is PASS
4101450025 is PASS with A+ grade
4101450026 is PASS
4101450026 is PASS with A+ grade
4101450027 is PASS
4101450027 is PASS with B grade
4101450028 is PASS
4101450028 is PASS with B grade
4101450029 is PASS
4101450029 is PASS with A grade
4101450030 is PASS
4101450030 is PASS with A+ grade
4101450031 is PASS
4101450031 is PASS with A+ grade
4101450032 is PASS
4101450032 is PASS with A grade
4101450033 is PASS
4101450033 is PASS with A+ grade
4101450034 is PASS
4101450034 is PASS with A+ grade
4101450035 is PASS
4101450035 is PASS with A grade
4101450036 is PASS
4101450036 is PASS with A+ grade
4101450037 is PASS
4101450037 is PASS with A grade
4101450039 is PASS
4101450039 is PASS with A grade
4101450042 is PASS
4101450042 is PASS with A+ grade
4101450043 is PASS
4101450043 is PASS with B grade
4101450044 is FAIL
4101450044 Grade is - 
4101450045 is PASS
4101450045 is PASS with B grade
4101450046 is FAIL
4101450046 Grade is - 
4101450047 is PASS
4101450047 is PASS with A grade
4101450048 is FAIL
4101450048 Grade is - 
4101450049 is PASS
4101450049 is PASS with A+ grade
4101450050 is PASS
4101450050 is PASS with A+ grade
4101450051 is PASS
4101450051 is PASS with A grade
4101450052 is FAIL
4101450052 is FAIL with - grade
4101450054 is PASS
4101450054 is PASS with A+ grade
4101450055 is PASS
4101450055 is PASS with A+ grade
4101450056 is PASS
4101450056 is PASS with A grade
4101450057 is FAIL
4101450057 Grade is - 
4101450058 is PASS
4101450058 is PASS with A grade
4101450059 is PASS
4101450059 is PASS with A grade
4101450061 is FAIL
4101450061 is FAIL with - grade
4101450062 is FAIL
4101450062 is FAIL with - grade
4101450063 is PASS
4101450063 is PASS with A+ grade
4101450064 is FAIL
4101450064 Grade is - 
5101450001 is PASS
5101450001 is PASS with B grade
5101450003 is PASS
5101450003 is PASS with A+ grade
5101450004 is PASS
5101450004 is PASS with A grade
5101450005 is FAIL
5101450005 is FAIL with - grade
5101450007 is FAIL
5101450007 is FAIL with - grade
5101450008 is FAIL
5101450008 is FAIL with - grade
5101450009 is PASS
5101450009 is PASS with B grade
5101450010 is PASS
5101450010 is PASS with A grade
5101450011 is FAIL
5101450011 Grade is - 
5101450012 is PASS
5101450012 is PASS with A grade
5101450013 is PASS
5101450013 is PASS with A grade
5101450014 is PASS
5101450014 is PASS with A+ grade
5101450015 is PASS
5101450015 is PASS with B grade
5101450016 is PASS
5101450016 is PASS with C grade
5101450017 is PASS
5101450017 is PASS with A+ grade
5101450020 is PASS
5101450020 is PASS with A+ grade
5101450021 is PASS
5101450021 is PASS with A grade
5101450022 is PASS
5101450022 is PASS with A grade
5101450023 is PASS
5101450023 is PASS with B grade
5101450024 is PASS
5101450024 is PASS with B grade
5101450025 is PASS
5101450025 is PASS with A+ grade
5101450026 is PASS
5101450026 is PASS with A grade
5101450028 is PASS
5101450028 is PASS with B grade
5101450029 is PASS
5101450029 is PASS with A+ grade
5101450030 is PASS
5101450030 is PASS with A grade
5101450031 is PASS
5101450031 is PASS with A+ grade
5101450032 is FAIL
5101450032 is FAIL with - grade
5101450033 is PASS
5101450033 is PASS with A+ grade
5101450034 is PASS
5101450034 is PASS with A grade
5101450035 is FAIL
5101450035 Grade is - 
5101450036 is PASS
5101450036 is PASS with A grade
5101450037 is PASS
5101450037 is PASS with B grade
5101450040 is PASS
5101450040 is PASS with A+ grade
5101450041 is FAIL
5101450041 Grade is - 
5101450042 is FAIL
5101450042 Grade is - 
5101450043 is PASS
5101450043 is PASS with C grade
5101450044 is PASS
5101450044 is PASS with A grade
5101450045 is PASS
5101450045 is PASS with B grade
5101450046 is PASS
5101450046 is PASS with A grade
5101450048 is PASS
5101450048 is PASS with A grade
5101450050 is FAIL
5101450050 Grade is - 
5101450053 is FAIL
5101450053 is FAIL with - grade
5101450054 is FAIL
5101450054 is FAIL with - grade
5101450056 is PASS
5101450056 is PASS with B grade
5101450057 is FAIL
5101450057 Grade is - 
5101450058 is PASS
5101450058 is PASS with A grade
5101450059 is PASS
5101450059 is PASS with A grade
5101450061 is FAIL
5101450061 Grade is - 
5101450062 is FAIL
5101450062 is FAIL with - grade
6301450001 is PASS
6301450001 is PASS with B grade
6301450002 is PASS
6301450002 is PASS with B grade
6301450003 is PASS
6301450003 is PASS with A+ grade
6301450004 is PASS
6301450004 is PASS with A grade
6301450005 is PASS
6301450005 is PASS with A+ grade
6301450006 is PASS
6301450006 is PASS with A+ grade
6301450007 is FAIL
6301450007 Grade is - 
6301450009 is PASS
6301450009 is PASS with A grade
6301450010 is FAIL
6301450010 Grade is - 
6301450012 is PASS
6301450012 is PASS with A grade
6301450013 is PASS
6301450013 is PASS with B grade
6301450014 is FAIL
6301450014 Grade is - 
6301450015 is PASS
6301450015 is PASS with A+ grade
6301450016 is FAIL
6301450016 Grade is - 
6301450017 is PASS
6301450017 is PASS with A grade
6301450018 is PASS
6301450018 is PASS with A+ grade
6301450019 is FAIL
6301450019 Grade is - 
6301450020 is FAIL
6301450020 is FAIL with - grade
6301450021 is PASS
6301450021 is PASS with A+ grade
6301450022 is PASS
6301450022 is PASS with B grade
6301450023 is PASS
6301450023 is PASS with A grade
6301450024 is PASS
6301450024 is PASS with B grade
6301450025 is PASS
6301450025 is PASS with B grade
6301450026 is PASS
6301450026 is PASS with A grade
6301450027 is PASS
6301450027 is PASS with A grade
6301450029 is FAIL
6301450029 Grade is - 
6301450030 is PASS
6301450030 is PASS with A+ grade
6301450031 is PASS
6301450031 is PASS with A+ grade
6301450032 is PASS
6301450032 is PASS with A grade
6301450034 is PASS
6301450034 is PASS with A grade
6301450035 is PASS
6301450035 is PASS with A+ grade
6301450036 is PASS
6301450036 is PASS with A+ grade
6301450037 is FAIL
6301450037 Grade is - 
6301450038 is PASS
6301450038 is PASS with A grade
6301450039 is PASS
6301450039 is PASS with A+ grade
6301450040 is PASS
6301450040 is PASS with A grade
6301450041 is FAIL
6301450041 is FAIL with - grade
6301450042 is PASS
6301450042 is PASS with A grade
7101450001 is PASS
7101450001 is PASS with A grade
7101450002 is PASS
7101450002 is PASS with A+ grade
7101450003 is PASS
7101450003 is PASS with A+ grade
7101450004 is PASS
7101450004 is PASS with A grade
7101450005 is PASS
7101450005 is PASS with A grade
7101450006 is FAIL
7101450006 is FAIL with - grade
7101450007 is FAIL
7101450007 Grade is - 
7101450008 is PASS
7101450008 is PASS with A grade
7101450009 is PASS
7101450009 is PASS with A grade
7101450011 is FAIL
7101450011 is FAIL with - grade
7101450012 is PASS
7101450012 is PASS with A+ grade
7101450013 is FAIL
7101450013 Grade is - 
7101450014 is PASS
7101450014 is PASS with A+ grade
7101450016 is PASS
7101450016 is PASS with A grade
7101450017 is PASS
7101450017 is PASS with A grade
7101450018 is PASS
7101450018 is PASS with A grade
7101450019 is PASS
7101450019 is PASS with A grade
7101450021 is PASS
7101450021 is PASS with A grade
7101450022 is PASS
7101450022 is PASS with A grade
7101450023 is FAIL
7101450023 Grade is - 
7101450024 is PASS
7101450024 is PASS with A grade
7101450025 is FAIL
7101450025 Grade is - 
7101450026 is PASS
7101450026 is PASS with B grade
7101450027 is PASS
7101450027 is PASS with A grade
7101450028 is FAIL
7101450028 Grade is - 
8101450001 is PASS
8101450001 is PASS with A+ grade
8101450002 is PASS
8101450002 is PASS with C grade
8101450003 is PASS
8101450003 is PASS with A grade
8101450005 is PASS
8101450005 is PASS with B grade
8101450006 is PASS
8101450006 is PASS with B grade
8101450007 is PASS
8101450007 is PASS with A grade
8101450008 is PASS
8101450008 is PASS with A+ grade
8101450009 is FAIL
8101450009 Grade is - 
8101450010 is PASS
8101450010 is PASS with A grade
8101450011 is PASS
8101450011 is PASS with A grade
8101450012 is FAIL
8101450012 is FAIL with - grade
8101450013 is PASS
8101450013 is PASS with C grade
8101450014 is FAIL
8101450014 Grade is - 
8101450015 is PASS
8101450015 is PASS with A grade
8101450016 is PASS
8101450016 is PASS with A grade
8101450017 is PASS
8101450017 is PASS with A grade
8101450018 is PASS
8101450018 is PASS with A+ grade
8101450019 is PASS
8101450019 is PASS with A+ grade
8101450020 is PASS
8101450020 is PASS with A+ grade
8101450021 is PASS
8101450021 is PASS with A grade
8101450022 is PASS
8101450022 is PASS with A grade
8101450023 is PASS
8101450023 is PASS with A grade
8101450024 is PASS
8101450024 is PASS with A+ grade
8101450025 is PASS
8101450025 is PASS with A+ grade
8101450026 is PASS
8101450026 is PASS with A+ grade
8101450027 is FAIL
8101450027 is FAIL with - grade
8101450028 is PASS
8101450028 is PASS with A+ grade
8101450029 is PASS
8101450029 is PASS with A+ grade
8101450030 is PASS
8101450030 is PASS with B grade
8101450031 is PASS
8101450031 is PASS with A+ grade
8101450032 is FAIL
8101450032 Grade is - 
8101450033 is PASS
8101450033 is PASS with A grade
8101450034 is PASS
8101450034 is PASS with A grade
8101450035 is PASS
8101450035 is PASS with A+ grade
8101450036 is PASS
8101450036 is PASS with A grade
8101450037 is PASS
8101450037 is PASS with A grade
8101450038 is PASS
8101450038 is PASS with A grade
8101450039 is PASS
8101450039 is PASS with B grade
8101450040 is PASS
8101450040 is PASS with B grade
8101450041 is PASS
8101450041 is PASS with A+ grade
8101450042 is PASS
8101450042 is PASS with A+ grade
8101450043 is FAIL
8101450043 is FAIL with - grade
8101450044 is PASS
8101450044 is PASS with B grade
8101450045 is PASS
8101450045 is PASS with A grade
8101450046 is PASS
8101450046 is PASS with A+ grade
8101450047 is PASS
8101450047 is PASS with A+ grade
8101450048 is FAIL
8101450048 Grade is - 
8101450049 is PASS
8101450049 is PASS with A grade
5101450019  Student is Absent
4101450041  Student is Absent
5101450002  Student is Absent
4101450014  Student is Absent
1501450010  Student is Absent
5101450038  Student is Absent
1501450038  Student is Absent
5101450052  Student is Absent
1501450043  Student is Absent
2101450021  Student is Absent
7101450010  Student is Absent
4101450019  Student is Absent
5101450055  Student is Absent
5101450027  Student is Absent
4101450060  Student is Absent
5101450006  Student is Absent
1501450008  Student is Absent
4101450053  Student is Absent
5101450060  Student is Absent
2101450051  Student is Absent
2101450013  Student is Absent
2101450017  Student is Absent
5101450049  Student is Absent
2101450007  Student is Absent
7101450015  Student is Absent
2101450014  Student is Absent
6301450033  Student is Absent
6301450008  Student is Absent
8101450004  Student is Absent
6301450028  Student is Absent
6301450011  Student is Absent
1501450007  Student is Absent
1501450020  Student is Absent
2101450019  Student is Absent
5101450047  Student is Absent
3101450012  Student is Absent
7101450020  Student is Absent
5101450051  Student is Absent
1501450019  Student is Absent
4101450024  Student is Absent
5101450039  Student is Absent
5101450018  Student is Absent
1501450034  Student is Absent
1501450012  Student is Absent
4101450038  Student is Absent]]>
    </system-out>
  </testcase> <!-- resultTest -->
  <system-out>
    <![CDATA[1501450001 is FAIL
1501450001 is FAIL with - grade
1501450002 is PASS
1501450002 is PASS with A+ grade
1501450003 is FAIL
1501450003 Grade is - 
1501450004 is PASS
1501450004 is PASS with A grade
1501450005 is PASS
1501450005 is PASS with B grade
1501450006 is PASS
1501450006 is PASS with A+ grade
1501450009 is FAIL
1501450009 Grade is - 
1501450011 is PASS
1501450011 is PASS with A+ grade
1501450013 is PASS
1501450013 is PASS with A grade
1501450014 is PASS
1501450014 is PASS with A grade
1501450015 is PASS
1501450015 is PASS with B grade
1501450016 is PASS
1501450016 is PASS with B grade
1501450017 is PASS
1501450017 is PASS with A grade
1501450018 is PASS
1501450018 is PASS with A+ grade
1501450021 is PASS
1501450021 is PASS with B grade
1501450022 is PASS
1501450022 is PASS with A+ grade
1501450023 is PASS
1501450023 is PASS with A grade
1501450024 is PASS
1501450024 is PASS with A+ grade
1501450025 is FAIL
1501450025 is FAIL with - grade
1501450026 is PASS
1501450026 is PASS with A grade
1501450027 is PASS
1501450027 is PASS with A grade
1501450028 is FAIL
1501450028 Grade is - 
1501450029 is PASS
1501450029 is PASS with A grade
1501450030 is PASS
1501450030 is PASS with A grade
1501450031 is PASS
1501450031 is PASS with A grade
1501450032 is FAIL
1501450032 Grade is - 
1501450033 is FAIL
1501450033 is FAIL with - grade
1501450035 is PASS
1501450035 is PASS with A+ grade
1501450036 is PASS
1501450036 is PASS with A grade
1501450037 is PASS
1501450037 is PASS with B grade
1501450039 is PASS
1501450039 is PASS with A grade
1501450040 is PASS
1501450040 is PASS with A grade
1501450041 is PASS
1501450041 is PASS with A+ grade
1501450042 is PASS
1501450042 is PASS with A grade
1501450044 is PASS
1501450044 is PASS with A+ grade
1501450045 is PASS
1501450045 is PASS with A grade
1501450046 is PASS
1501450046 is PASS with A+ grade
1501450047 is PASS
1501450047 is PASS with A grade
2101450001 is FAIL
2101450001 Grade is - 
2101450002 is PASS
2101450002 is PASS with A+ grade
2101450003 is PASS
2101450003 is PASS with A+ grade
2101450004 is PASS
2101450004 is PASS with A+ grade
2101450005 is PASS
2101450005 is PASS with A grade
2101450006 is FAIL
2101450006 Grade is - 
2101450008 is PASS
2101450008 is PASS with B grade
2101450009 is PASS
2101450009 is PASS with B grade
2101450010 is PASS
2101450010 is PASS with A grade
2101450011 is PASS
2101450011 is PASS with A grade
2101450012 is PASS
2101450012 is PASS with A grade
2101450015 is PASS
2101450015 is PASS with B grade
2101450016 is PASS
2101450016 is PASS with A+ grade
2101450018 is PASS
2101450018 is PASS with C grade
2101450022 is PASS
2101450022 is PASS with A grade
2101450023 is PASS
2101450023 is PASS with A+ grade
2101450024 is PASS
2101450024 is PASS with A grade
2101450025 is PASS
2101450025 is PASS with A+ grade
2101450027 is PASS
2101450027 is PASS with A+ grade
2101450028 is PASS
2101450028 is PASS with A grade
2101450029 is FAIL
2101450029 is FAIL with - grade
2101450030 is FAIL
2101450030 Grade is - 
2101450031 is PASS
2101450031 is PASS with A+ grade
2101450032 is PASS
2101450032 is PASS with A grade
2101450033 is PASS
2101450033 is PASS with A grade
2101450034 is PASS
2101450034 is PASS with A+ grade
2101450035 is PASS
2101450035 is PASS with A grade
2101450036 is PASS
2101450036 is PASS with A+ grade
2101450037 is PASS
2101450037 is PASS with A grade
2101450038 is PASS
2101450038 is PASS with A+ grade
2101450039 is PASS
2101450039 is PASS with A grade
2101450040 is PASS
2101450040 is PASS with A grade
2101450041 is PASS
2101450041 is PASS with A+ grade
2101450043 is FAIL
2101450043 is FAIL with - grade
2101450044 is PASS
2101450044 is PASS with A grade
2101450045 is FAIL
2101450045 Grade is - 
2101450046 is PASS
2101450046 is PASS with A grade
2101450048 is PASS
2101450048 is PASS with A+ grade
2101450049 is PASS
2101450049 is PASS with A grade
2101450050 is PASS
2101450050 is PASS with A+ grade
2101450052 is PASS
2101450052 is PASS with C grade
2101450053 is PASS
2101450053 is PASS with B grade
2101450054 is PASS
2101450054 is PASS with A+ grade
2101450055 is FAIL
2101450055 Grade is - 
3101450001 is PASS
3101450001 is PASS with B grade
3101450002 is PASS
3101450002 is PASS with A+ grade
3101450003 is PASS
3101450003 is PASS with A+ grade
3101450004 is PASS
3101450004 is PASS with A+ grade
3101450005 is PASS
3101450005 is PASS with A+ grade
3101450006 is PASS
3101450006 is PASS with A+ grade
3101450007 is PASS
3101450007 is PASS with A grade
3101450008 is FAIL
3101450008 Grade is - 
3101450009 is FAIL
3101450009 is FAIL with - grade
3101450010 is FAIL
3101450010 Grade is - 
3101450011 is PASS
3101450011 is PASS with A+ grade
3101450013 is FAIL
3101450013 is FAIL with - grade
4101450001 is PASS
4101450001 is PASS with A grade
4101450002 is PASS
4101450002 is PASS with A+ grade
4101450003 is PASS
4101450003 is PASS with A+ grade
4101450004 is PASS
4101450004 is PASS with A grade
4101450005 is PASS
4101450005 is PASS with A grade
4101450006 is PASS
4101450006 is PASS with A grade
4101450007 is PASS
4101450007 is PASS with A grade
4101450008 is PASS
4101450008 is PASS with A grade
4101450009 is FAIL
4101450009 is FAIL with - grade
4101450010 is PASS
4101450010 is PASS with B grade
4101450011 is PASS
4101450011 is PASS with A+ grade
4101450013 is PASS
4101450013 is PASS with A+ grade
4101450015 is PASS
4101450015 is PASS with B grade
4101450016 is PASS
4101450016 is PASS with A grade
4101450017 is PASS
4101450017 is PASS with A+ grade
4101450018 is PASS
4101450018 is PASS with A grade
4101450020 is PASS
4101450020 is PASS with A+ grade
4101450021 is PASS
4101450021 is PASS with A+ grade
4101450022 is FAIL
4101450022 Grade is - 
4101450023 is PASS
4101450023 is PASS with A+ grade
4101450025 is PASS
4101450025 is PASS with A+ grade
4101450026 is PASS
4101450026 is PASS with A+ grade
4101450027 is PASS
4101450027 is PASS with B grade
4101450028 is PASS
4101450028 is PASS with B grade
4101450029 is PASS
4101450029 is PASS with A grade
4101450030 is PASS
4101450030 is PASS with A+ grade
4101450031 is PASS
4101450031 is PASS with A+ grade
4101450032 is PASS
4101450032 is PASS with A grade
4101450033 is PASS
4101450033 is PASS with A+ grade
4101450034 is PASS
4101450034 is PASS with A+ grade
4101450035 is PASS
4101450035 is PASS with A grade
4101450036 is PASS
4101450036 is PASS with A+ grade
4101450037 is PASS
4101450037 is PASS with A grade
4101450039 is PASS
4101450039 is PASS with A grade
4101450042 is PASS
4101450042 is PASS with A+ grade
4101450043 is PASS
4101450043 is PASS with B grade
4101450044 is FAIL
4101450044 Grade is - 
4101450045 is PASS
4101450045 is PASS with B grade
4101450046 is FAIL
4101450046 Grade is - 
4101450047 is PASS
4101450047 is PASS with A grade
4101450048 is FAIL
4101450048 Grade is - 
4101450049 is PASS
4101450049 is PASS with A+ grade
4101450050 is PASS
4101450050 is PASS with A+ grade
4101450051 is PASS
4101450051 is PASS with A grade
4101450052 is FAIL
4101450052 is FAIL with - grade
4101450054 is PASS
4101450054 is PASS with A+ grade
4101450055 is PASS
4101450055 is PASS with A+ grade
4101450056 is PASS
4101450056 is PASS with A grade
4101450057 is FAIL
4101450057 Grade is - 
4101450058 is PASS
4101450058 is PASS with A grade
4101450059 is PASS
4101450059 is PASS with A grade
4101450061 is FAIL
4101450061 is FAIL with - grade
4101450062 is FAIL
4101450062 is FAIL with - grade
4101450063 is PASS
4101450063 is PASS with A+ grade
4101450064 is FAIL
4101450064 Grade is - 
5101450001 is PASS
5101450001 is PASS with B grade
5101450003 is PASS
5101450003 is PASS with A+ grade
5101450004 is PASS
5101450004 is PASS with A grade
5101450005 is FAIL
5101450005 is FAIL with - grade
5101450007 is FAIL
5101450007 is FAIL with - grade
5101450008 is FAIL
5101450008 is FAIL with - grade
5101450009 is PASS
5101450009 is PASS with B grade
5101450010 is PASS
5101450010 is PASS with A grade
5101450011 is FAIL
5101450011 Grade is - 
5101450012 is PASS
5101450012 is PASS with A grade
5101450013 is PASS
5101450013 is PASS with A grade
5101450014 is PASS
5101450014 is PASS with A+ grade
5101450015 is PASS
5101450015 is PASS with B grade
5101450016 is PASS
5101450016 is PASS with C grade
5101450017 is PASS
5101450017 is PASS with A+ grade
5101450020 is PASS
5101450020 is PASS with A+ grade
5101450021 is PASS
5101450021 is PASS with A grade
5101450022 is PASS
5101450022 is PASS with A grade
5101450023 is PASS
5101450023 is PASS with B grade
5101450024 is PASS
5101450024 is PASS with B grade
5101450025 is PASS
5101450025 is PASS with A+ grade
5101450026 is PASS
5101450026 is PASS with A grade
5101450028 is PASS
5101450028 is PASS with B grade
5101450029 is PASS
5101450029 is PASS with A+ grade
5101450030 is PASS
5101450030 is PASS with A grade
5101450031 is PASS
5101450031 is PASS with A+ grade
5101450032 is FAIL
5101450032 is FAIL with - grade
5101450033 is PASS
5101450033 is PASS with A+ grade
5101450034 is PASS
5101450034 is PASS with A grade
5101450035 is FAIL
5101450035 Grade is - 
5101450036 is PASS
5101450036 is PASS with A grade
5101450037 is PASS
5101450037 is PASS with B grade
5101450040 is PASS
5101450040 is PASS with A+ grade
5101450041 is FAIL
5101450041 Grade is - 
5101450042 is FAIL
5101450042 Grade is - 
5101450043 is PASS
5101450043 is PASS with C grade
5101450044 is PASS
5101450044 is PASS with A grade
5101450045 is PASS
5101450045 is PASS with B grade
5101450046 is PASS
5101450046 is PASS with A grade
5101450048 is PASS
5101450048 is PASS with A grade
5101450050 is FAIL
5101450050 Grade is - 
5101450053 is FAIL
5101450053 is FAIL with - grade
5101450054 is FAIL
5101450054 is FAIL with - grade
5101450056 is PASS
5101450056 is PASS with B grade
5101450057 is FAIL
5101450057 Grade is - 
5101450058 is PASS
5101450058 is PASS with A grade
5101450059 is PASS
5101450059 is PASS with A grade
5101450061 is FAIL
5101450061 Grade is - 
5101450062 is FAIL
5101450062 is FAIL with - grade
6301450001 is PASS
6301450001 is PASS with B grade
6301450002 is PASS
6301450002 is PASS with B grade
6301450003 is PASS
6301450003 is PASS with A+ grade
6301450004 is PASS
6301450004 is PASS with A grade
6301450005 is PASS
6301450005 is PASS with A+ grade
6301450006 is PASS
6301450006 is PASS with A+ grade
6301450007 is FAIL
6301450007 Grade is - 
6301450009 is PASS
6301450009 is PASS with A grade
6301450010 is FAIL
6301450010 Grade is - 
6301450012 is PASS
6301450012 is PASS with A grade
6301450013 is PASS
6301450013 is PASS with B grade
6301450014 is FAIL
6301450014 Grade is - 
6301450015 is PASS
6301450015 is PASS with A+ grade
6301450016 is FAIL
6301450016 Grade is - 
6301450017 is PASS
6301450017 is PASS with A grade
6301450018 is PASS
6301450018 is PASS with A+ grade
6301450019 is FAIL
6301450019 Grade is - 
6301450020 is FAIL
6301450020 is FAIL with - grade
6301450021 is PASS
6301450021 is PASS with A+ grade
6301450022 is PASS
6301450022 is PASS with B grade
6301450023 is PASS
6301450023 is PASS with A grade
6301450024 is PASS
6301450024 is PASS with B grade
6301450025 is PASS
6301450025 is PASS with B grade
6301450026 is PASS
6301450026 is PASS with A grade
6301450027 is PASS
6301450027 is PASS with A grade
6301450029 is FAIL
6301450029 Grade is - 
6301450030 is PASS
6301450030 is PASS with A+ grade
6301450031 is PASS
6301450031 is PASS with A+ grade
6301450032 is PASS
6301450032 is PASS with A grade
6301450034 is PASS
6301450034 is PASS with A grade
6301450035 is PASS
6301450035 is PASS with A+ grade
6301450036 is PASS
6301450036 is PASS with A+ grade
6301450037 is FAIL
6301450037 Grade is - 
6301450038 is PASS
6301450038 is PASS with A grade
6301450039 is PASS
6301450039 is PASS with A+ grade
6301450040 is PASS
6301450040 is PASS with A grade
6301450041 is FAIL
6301450041 is FAIL with - grade
6301450042 is PASS
6301450042 is PASS with A grade
7101450001 is PASS
7101450001 is PASS with A grade
7101450002 is PASS
7101450002 is PASS with A+ grade
7101450003 is PASS
7101450003 is PASS with A+ grade
7101450004 is PASS
7101450004 is PASS with A grade
7101450005 is PASS
7101450005 is PASS with A grade
7101450006 is FAIL
7101450006 is FAIL with - grade
7101450007 is FAIL
7101450007 Grade is - 
7101450008 is PASS
7101450008 is PASS with A grade
7101450009 is PASS
7101450009 is PASS with A grade
7101450011 is FAIL
7101450011 is FAIL with - grade
7101450012 is PASS
7101450012 is PASS with A+ grade
7101450013 is FAIL
7101450013 Grade is - 
7101450014 is PASS
7101450014 is PASS with A+ grade
7101450016 is PASS
7101450016 is PASS with A grade
7101450017 is PASS
7101450017 is PASS with A grade
7101450018 is PASS
7101450018 is PASS with A grade
7101450019 is PASS
7101450019 is PASS with A grade
7101450021 is PASS
7101450021 is PASS with A grade
7101450022 is PASS
7101450022 is PASS with A grade
7101450023 is FAIL
7101450023 Grade is - 
7101450024 is PASS
7101450024 is PASS with A grade
7101450025 is FAIL
7101450025 Grade is - 
7101450026 is PASS
7101450026 is PASS with B grade
7101450027 is PASS
7101450027 is PASS with A grade
7101450028 is FAIL
7101450028 Grade is - 
8101450001 is PASS
8101450001 is PASS with A+ grade
8101450002 is PASS
8101450002 is PASS with C grade
8101450003 is PASS
8101450003 is PASS with A grade
8101450005 is PASS
8101450005 is PASS with B grade
8101450006 is PASS
8101450006 is PASS with B grade
8101450007 is PASS
8101450007 is PASS with A grade
8101450008 is PASS
8101450008 is PASS with A+ grade
8101450009 is FAIL
8101450009 Grade is - 
8101450010 is PASS
8101450010 is PASS with A grade
8101450011 is PASS
8101450011 is PASS with A grade
8101450012 is FAIL
8101450012 is FAIL with - grade
8101450013 is PASS
8101450013 is PASS with C grade
8101450014 is FAIL
8101450014 Grade is - 
8101450015 is PASS
8101450015 is PASS with A grade
8101450016 is PASS
8101450016 is PASS with A grade
8101450017 is PASS
8101450017 is PASS with A grade
8101450018 is PASS
8101450018 is PASS with A+ grade
8101450019 is PASS
8101450019 is PASS with A+ grade
8101450020 is PASS
8101450020 is PASS with A+ grade
8101450021 is PASS
8101450021 is PASS with A grade
8101450022 is PASS
8101450022 is PASS with A grade
8101450023 is PASS
8101450023 is PASS with A grade
8101450024 is PASS
8101450024 is PASS with A+ grade
8101450025 is PASS
8101450025 is PASS with A+ grade
8101450026 is PASS
8101450026 is PASS with A+ grade
8101450027 is FAIL
8101450027 is FAIL with - grade
8101450028 is PASS
8101450028 is PASS with A+ grade
8101450029 is PASS
8101450029 is PASS with A+ grade
8101450030 is PASS
8101450030 is PASS with B grade
8101450031 is PASS
8101450031 is PASS with A+ grade
8101450032 is FAIL
8101450032 Grade is - 
8101450033 is PASS
8101450033 is PASS with A grade
8101450034 is PASS
8101450034 is PASS with A grade
8101450035 is PASS
8101450035 is PASS with A+ grade
8101450036 is PASS
8101450036 is PASS with A grade
8101450037 is PASS
8101450037 is PASS with A grade
8101450038 is PASS
8101450038 is PASS with A grade
8101450039 is PASS
8101450039 is PASS with B grade
8101450040 is PASS
8101450040 is PASS with B grade
8101450041 is PASS
8101450041 is PASS with A+ grade
8101450042 is PASS
8101450042 is PASS with A+ grade
8101450043 is FAIL
8101450043 is FAIL with - grade
8101450044 is PASS
8101450044 is PASS with B grade
8101450045 is PASS
8101450045 is PASS with A grade
8101450046 is PASS
8101450046 is PASS with A+ grade
8101450047 is PASS
8101450047 is PASS with A+ grade
8101450048 is FAIL
8101450048 Grade is - 
8101450049 is PASS
8101450049 is PASS with A grade
5101450019  Student is Absent
4101450041  Student is Absent
5101450002  Student is Absent
4101450014  Student is Absent
1501450010  Student is Absent
5101450038  Student is Absent
1501450038  Student is Absent
5101450052  Student is Absent
1501450043  Student is Absent
2101450021  Student is Absent
7101450010  Student is Absent
4101450019  Student is Absent
5101450055  Student is Absent
5101450027  Student is Absent
4101450060  Student is Absent
5101450006  Student is Absent
1501450008  Student is Absent
4101450053  Student is Absent
5101450060  Student is Absent
2101450051  Student is Absent
2101450013  Student is Absent
2101450017  Student is Absent
5101450049  Student is Absent
2101450007  Student is Absent
7101450015  Student is Absent
2101450014  Student is Absent
6301450033  Student is Absent
6301450008  Student is Absent
8101450004  Student is Absent
6301450028  Student is Absent
6301450011  Student is Absent
1501450007  Student is Absent
1501450020  Student is Absent
2101450019  Student is Absent
5101450047  Student is Absent
3101450012  Student is Absent
7101450020  Student is Absent
5101450051  Student is Absent
1501450019  Student is Absent
4101450024  Student is Absent
5101450039  Student is Absent
5101450018  Student is Absent
1501450034  Student is Absent
1501450012  Student is Absent
4101450038  Student is Absent]]>
  </system-out>
</testsuite> <!-- newTestResultFinal -->
