<?xml version="1.0" encoding="UTF-8"?>
<!-- Generated by org.testng.reporters.JUnitReportReporter -->
<testsuite hostname="DESKTOP-VCK713F" failures="0" tests="1" name="GRACE_MARKS.newResultWithGraceFinal" time="4.937" errors="0" timestamp="2026-03-11T17:34:38 IST" skipped="0">
  <testcase classname="GRACE_MARKS.newResultWithGraceFinal" name="resultTest" time="4.937">
    <system-out>
      <![CDATA[1101180001 is PASS
1101180001 is PASS with A+ grade
1101180002 is FAIL
1101180002 is FAIL with - grade
1101180003 is PASS
1101180003 is PASS with A+ grade
1201180001 is PASS
1201180001 is PASS with A grade
1201180002 is FAIL
1201180002 Grade is - 
1201180003 is PASS
1201180003 is PASS with A+ grade
1201180004 is PASS
1201180004 is PASS with A+ grade
1404180001  Student is Absent
1404180001  Student is Absent
1404180002 is PASS
1404180002 is PASS with A grade
1504180001 is PASS
1504180001 is PASS with A grade
1504180002 is FAIL
1504180002 is FAIL with - grade
1504180003 is FAIL
1504180003 Grade is - 
1504180005 is FAIL
1504180005 is FAIL with - grade
1504180007 is FAIL
1504180007 is FAIL with - grade
1504180008 is FAIL
1504180008 Grade is - 
1504180010 is FAIL
1504180010 is FAIL with - grade
2102180001 is PASS
2102180001 is PASS with A grade
2102180002 1.0
2102180002 tatal grace :- 1.0
2102180002 is PASS
2102180002 is PASS with B grade
2102180003 is PASS
2102180003 is PASS with A+ grade
2102180004 is FAIL
2102180004 is FAIL with - grade
2102180005 is FAIL
2102180005 is FAIL with - grade
2102180006 is PASS
2102180006 is PASS with B grade
2102180007 is FAIL
2102180007 is FAIL with - grade
2102180008 is FAIL
2102180008 is FAIL with - grade
2202180001 is FAIL
2202180001 is FAIL with - grade
2202180002 1.0
2202180002 tatal grace :- 1.0
2202180002 is PASS
2202180002 is PASS with B grade
2202180003 is FAIL
2202180003 Grade is - 
2202180004 is FAIL
2202180004 is FAIL with - grade
2202180005 is PASS
2202180005 is PASS with A grade
2202180006 is PASS
2202180006 is PASS with B grade
2202180007 is FAIL
2202180007 is FAIL with - grade
2202180008 is FAIL
2202180008 is FAIL with - grade
2202180009 is FAIL
2202180009 Grade is - 
2202180010 is FAIL
2202180010 Grade is - 
2202180011 is FAIL
2202180011 is FAIL with - grade
2202180012 2.0
2202180012 tatal grace :- 2.0
2202180012 is PASS
2202180012 is PASS with A grade
2202180013 is FAIL
2202180013 is FAIL with - grade
2202180014 is PASS
2202180014 is PASS with A grade
2202180015 is FAIL
2202180015 is FAIL with - grade
2202180016 is FAIL
2202180016 is FAIL with - grade
2202180017 is FAIL
2202180017 Grade is - 
2202180018 is FAIL
2202180018 Grade is - 
2202180019 student is fail
2202180019 is FAIL
2202180019 Grade is - 
2202180020 is FAIL
2202180020 Grade is - 
2202180021 is PASS
2202180021 is PASS with A+ grade
2202180022 is PASS
2202180022 is PASS with A grade
2202180023 is PASS
2202180023 is PASS with A+ grade
2202180024 is FAIL
2202180024 is FAIL with - grade
2202180025 is PASS
2202180025 is PASS with B grade
2202180026 is PASS
2202180026 is PASS with A+ grade
2202180027 1.0
2202180027 tatal grace :- 1.0
2202180027 is PASS
2202180027 is PASS with A grade
2202180028 is PASS
2202180028 is PASS with B grade
2202180029 is PASS
2202180029 is PASS with A grade
2202180030 is PASS
2202180030 is PASS with A+ grade
2202180032 is PASS
2202180032 is PASS with A+ grade
2202180033 is PASS
2202180033 is PASS with A grade
2202180035 is PASS
2202180035 is PASS with A+ grade
2202180036 is PASS
2202180036 is PASS with A+ grade
2202180037 is PASS
2202180037 is PASS with A+ grade
2202180038 is PASS
2202180038 is PASS with A grade
2202180039 is PASS
2202180039 is PASS with A grade
2307180001 is FAIL
2307180001 is FAIL with - grade
2307180002 is FAIL
2307180002 is FAIL with - grade
2307180003 is PASS
2307180003 is PASS with A grade
2307180004 is PASS
2307180004 is PASS with A+ grade
2307180005 is PASS
2307180005 is PASS with A grade
2307180006 student is fail
2307180006 is FAIL
2307180006 is FAIL with - grade
2307180007 is FAIL
2307180007 is FAIL with - grade
2307180008 is PASS
2307180008 is PASS with A grade
2307180010 is FAIL
2307180010 is FAIL with - grade
2307180011 is PASS
2307180011 is PASS with B grade
3101180001 is PASS
3101180001 is PASS with A grade
3101180002 is FAIL
3101180002 Grade is - 
3101180003 is FAIL
3101180003 is FAIL with - grade
3101180005 is PASS
3101180005 is PASS with A+ grade
3101180006 is FAIL
3101180006 is FAIL with - grade
3201180001 is PASS
3201180001 is PASS with A+ grade
3304180001 is PASS
3304180001 is PASS with A grade
3304180002 is PASS
3304180002 is PASS with A+ grade
3304180003 is PASS
3304180003 is PASS with B grade
3304180004 is FAIL
3304180004 Grade is - 
3304180005 2.0
3304180005 tatal grace :- 2.0
3304180005 is PASS
3304180005 is PASS with C grade
4108180001 is PASS
4108180001 is PASS with B grade
4108180002 is FAIL
4108180002 is FAIL with - grade
4108180003 is FAIL
4108180003 is FAIL with - grade
4108180004 is PASS
4108180004 is PASS with A grade
4108180005 is FAIL
4108180005 is FAIL with - grade
4108180006 is PASS
4108180006 is PASS with A+ grade
4108180007 is PASS
4108180007 is PASS with B grade
4108180008 is FAIL
4108180008 Grade is - 
4108180009 is PASS
4108180009 is PASS with A grade
4108180010 is FAIL
4108180010 Grade is - 
4108180011 is FAIL
4108180011 is FAIL with - grade
4108180012 2.0
4108180012 tatal grace :- 2.0
4108180012 is PASS
4108180012 is PASS with B grade
4108180013 is PASS
4108180013 is PASS with A grade
4108180014 1.0
4108180014 tatal grace :- 1.0
4108180014 is PASS
4108180014 is PASS with B grade
4108180015 is PASS
4108180015 is PASS with A grade
4108180016 is PASS
4108180016 is PASS with A+ grade
4201180001 is FAIL
4201180001 Grade is - 
4201180003 student is fail
4201180003 is FAIL
4201180003 Grade is - 
4201180004 is FAIL
4201180004 Grade is - 
4201180005 is FAIL
4201180005 Grade is - 
4201180006 is FAIL
4201180006 Grade is - 
4201180007 is FAIL
4201180007 is FAIL with - grade
4201180008 is FAIL
4201180008 Grade is - 
4201180009 is FAIL
4201180009 Grade is - 
4201180010 is FAIL
4201180010 Grade is - 
4201180011 is FAIL
4201180011 Grade is - 
4201180012 is PASS
4201180012 is PASS with B grade
4201180013 is PASS
4201180013 is PASS with A grade
4201180014 is FAIL
4201180014 is FAIL with - grade
4201180015 is PASS
4201180015 is PASS with B grade
4201180016 is PASS
4201180016 is PASS with A grade
4201180017 is FAIL
4201180017 Grade is - 
4201180018 is FAIL
4201180018 Grade is - 
4201180019 is FAIL
4201180019 Grade is - 
4201180020 is FAIL
4201180020 is FAIL with - grade
4201180021 is FAIL
4201180021 Grade is - 
4201180022 is FAIL
4201180022 Grade is - 
4305180001 is PASS
4305180001 is PASS with A+ grade
4305180002 is FAIL
4305180002 is FAIL with - grade
4305180003 is PASS
4305180003 is PASS with A grade
4305180004 is PASS
4305180004 is PASS with A grade
4305180005 is FAIL
4305180005 is FAIL with - grade
4305180006 is FAIL
4305180006 is FAIL with - grade
4305180007 is PASS
4305180007 is PASS with A grade
4305180008 is FAIL
4305180008 Grade is - 
4305180009 is FAIL
4305180009 Grade is - 
4401180001 is FAIL
4401180001 Grade is - 
4401180002 is FAIL
4401180002 is FAIL with - grade
5102180001 is PASS
5102180001 is PASS with C grade
5102180002 is PASS
5102180002 is PASS with A+ grade
5102180003 is PASS
5102180003 is PASS with B grade
5102180004 is FAIL
5102180004 is FAIL with - grade
5102180005 is FAIL
5102180005 is FAIL with - grade
5102180006 is PASS
5102180006 is PASS with A grade
5102180007 is PASS
5102180007 is PASS with A grade
5102180008 is PASS
5102180008 is PASS with B grade
5102180009 is FAIL
5102180009 Grade is - 
5102180010 is FAIL
5102180010 Grade is - 
5102180011 is FAIL
5102180011 Grade is - 
5102180012 is FAIL
5102180012 is FAIL with - grade
5102180014 is PASS
5102180014 is PASS with A grade
5102180015 is PASS
5102180015 is PASS with A grade
5102180016  Student is Absent
5102180016  Student is Absent
5102180017 is FAIL
5102180017 Grade is - 
5102180018 is FAIL
5102180018 Grade is - 
5102180019 is FAIL
5102180019 is FAIL with - grade
5102180020 is FAIL
5102180020 Grade is - 
5102180021 is FAIL
5102180021 Grade is - 
5102180022 is FAIL
5102180022 is FAIL with - grade
5102180023 student is fail
5102180023 is FAIL
5102180023 Grade is - 
5102180024 is PASS
5102180024 is PASS with A grade
5102180025 is PASS
5102180025 is PASS with A grade
5102180026 4.0
5102180026 tatal grace :- 4.0
5102180026 is PASS
5102180026 is PASS with B grade
5102180027 1.0
5102180027 tatal grace :- 1.0
5102180027 is PASS
5102180027 is PASS with C grade
5102180028 is PASS
5102180028 is PASS with A grade
5102180029 is PASS
5102180029 is PASS with A+ grade
5102180030 is PASS
5102180030 is PASS with A+ grade
5201180001 is FAIL
5201180001 is FAIL with - grade
5201180002 is FAIL
5201180002 is FAIL with - grade
5201180003 is FAIL
5201180003 Grade is - 
5201180004 is FAIL
5201180004 Grade is - 
5201180005 is FAIL
5201180005 is FAIL with - grade
5301180001 is FAIL
5301180001 Grade is - 
5301180003 is FAIL
5301180003 Grade is - 
5301180004 is PASS
5301180004 is PASS with A grade
5301180005 is FAIL
5301180005 Grade is - 
5301180006 is PASS
5301180006 is PASS with A+ grade
5301180007 is FAIL
5301180007 is FAIL with - grade
5301180008 is FAIL
5301180008 Grade is - 
5301180009 is FAIL
5301180009 is FAIL with - grade
5301180010 is FAIL
5301180010 Grade is - 
5301180011 is PASS
5301180011 is PASS with A+ grade
5301180012 is FAIL
5301180012 Grade is - 
5301180013 is PASS
5301180013 is PASS with A grade
5301180014 student is fail
5301180014 is FAIL
5301180014 Grade is - 
5301180015 is PASS
5301180015 is PASS with A grade
5301180016 is FAIL
5301180016 is FAIL with - grade
5301180017 is FAIL
5301180017 Grade is - 
5301180018 is PASS
5301180018 is PASS with A+ grade
5301180019 is FAIL
5301180019 is FAIL with - grade
5301180020 is FAIL
5301180020 is FAIL with - grade
5301180021 is FAIL
5301180021 Grade is - 
5301180022 is FAIL
5301180022 Grade is - 
5402180001 is PASS
5402180001 is PASS with A grade
5402180002 is FAIL
5402180002 Grade is - 
5402180003 is FAIL
5402180003 Grade is - 
5402180004 is FAIL
5402180004 is FAIL with - grade
5402180005 is FAIL
5402180005 is FAIL with - grade
5402180006 is FAIL
5402180006 Grade is - 
5402180007 is FAIL
5402180007 Grade is - 
5402180009 is FAIL
5402180009 Grade is - 
5402180010 is FAIL
5402180010 is FAIL with - grade
5402180011 2.0
5402180011 tatal grace :- 2.0
5402180011 is PASS
5402180011 is PASS with C grade
5402180012 is FAIL
5402180012 is FAIL with - grade
5402180013 is PASS
5402180013 is PASS with A grade
5402180014 is PASS
5402180014 is PASS with A grade
5402180015 is FAIL
5402180015 is FAIL with - grade
5402180016 student is fail
5402180016 is FAIL
5402180016 Grade is - 
5402180017 is FAIL
5402180017 Grade is - 
5503180001 is FAIL
5503180001 is FAIL with - grade
5503180002 is PASS
5503180002 is PASS with A+ grade
5503180003 is PASS
5503180003 is PASS with A grade
5503180004 is PASS
5503180004 is PASS with A grade
5503180005 is PASS
5503180005 is PASS with A grade
5503180006 1.0
5503180006 tatal grace :- 1.0
5503180006 is PASS
5503180006 is PASS with C grade
5503180007 1.0
5503180007 tatal grace :- 1.0
5503180007 is PASS
5503180007 is PASS with A grade
6101180001 is PASS
6101180001 is PASS with A grade
6101180002 is FAIL
6101180002 Grade is - 
6101180003 is FAIL
6101180003 Grade is - 
6101180004 is FAIL
6101180004 Grade is - 
6101180005 is FAIL
6101180005 Grade is - 
6101180006 is FAIL
6101180006 Grade is - 
6101180007 is PASS
6101180007 is PASS with A+ grade
6202180001 is FAIL
6202180001 Grade is - 
6202180002 is FAIL
6202180002 Grade is - 
6202180003 is PASS
6202180003 is PASS with B grade
6202180004 is FAIL
6202180004 Grade is - 
6202180005 is FAIL
6202180005 is FAIL with - grade
6301180001 is FAIL
6301180001 is FAIL with - grade
6301180002 is FAIL
6301180002 is FAIL with - grade
6301180003 is FAIL
6301180003 is FAIL with - grade
6301180004 is FAIL
6301180004 is FAIL with - grade
6301180005 is PASS
6301180005 is PASS with A+ grade
6301180006 is FAIL
6301180006 is FAIL with - grade
6301180007 is FAIL
6301180007 is FAIL with - grade
6301180008 is PASS
6301180008 is PASS with B grade
6301180009 student is fail
6301180009 is FAIL
6301180009 Grade is - 
6401180001 is FAIL
6401180001 is FAIL with - grade
6401180002 is FAIL
6401180002 is FAIL with - grade
6501180001 is FAIL
6501180001 Grade is - 
6501180002 is PASS
6501180002 is PASS with A+ grade
6501180003 student is fail
6501180003 is FAIL
6501180003 Grade is - 
6501180004 is FAIL
6501180004 Grade is - 
6501180005 is FAIL
6501180005 Grade is - 
6501180006 is FAIL
6501180006 is FAIL with - grade
6501180007 is FAIL
6501180007 Grade is - 
6501180008 is PASS
6501180008 is PASS with A grade
6501180009 is FAIL
6501180009 Grade is - 
7101180001 is FAIL
7101180001 Grade is - 
7101180002 is FAIL
7101180002 is FAIL with - grade
7101180003 is PASS
7101180003 is PASS with A grade
7101180004 is FAIL
7101180004 Grade is - 
7101180005 student is fail
7101180005 is FAIL
7101180005 Grade is - 
7101180006 is FAIL
7101180006 is FAIL with - grade
7101180007 is PASS
7101180007 is PASS with B grade
7101180008 is FAIL
7101180008 Grade is - 
7101180009 is PASS
7101180009 is PASS with A grade
7101180010 is FAIL
7101180010 Grade is - 
7201180001 student is fail
7201180001 is FAIL
7201180001 Grade is - 
7304180001 is PASS
7304180001 is PASS with A+ grade
7304180002 is PASS
7304180002 is PASS with A grade
7304180004 is PASS
7304180004 is PASS with A+ grade
7304180005 is FAIL
7304180005 is FAIL with - grade
7503180001 is FAIL
7503180001 Grade is - 
7503180002 is FAIL
7503180002 Grade is - 
7503180004 is PASS
7503180004 is PASS with B grade
7503180005 is FAIL
7503180005 is FAIL with - grade
7503180006 is FAIL
7503180006 Grade is - 
7503180007 is FAIL
7503180007 Grade is - 
7503180010 is PASS
7503180010 is PASS with A grade
8102180001 is FAIL
8102180001 is FAIL with - grade
8102180002 is PASS
8102180002 is PASS with A+ grade
8102180003 is FAIL
8102180003 is FAIL with - grade
8102180004 is PASS
8102180004 is PASS with A grade
8201180001 is FAIL
8201180001 is FAIL with - grade
8201180002 is FAIL
8201180002 Grade is - 
8201180003 is FAIL
8201180003 Grade is - 
8201180004 is FAIL
8201180004 Grade is - 
8201180005 is FAIL
8201180005 Grade is - 
8201180006 is FAIL
8201180006 Grade is - 
8201180007 is FAIL
8201180007 Grade is - 
8201180008 1.0
8201180008 tatal grace :- 1.0
8201180008 is PASS
8201180008 is PASS with A+ grade
8201180009 is FAIL
8201180009 is FAIL with - grade
8201180010 is PASS
8201180010 is PASS with A grade
8201180011 is PASS
8201180011 is PASS with A grade
8201180012 is FAIL
8201180012 Grade is - 
8201180013 is FAIL
8201180013 is FAIL with - grade
8303180001 is FAIL
8303180001 is FAIL with - grade
8303180002 is FAIL
8303180002 is FAIL with - grade
8303180003 is FAIL
8303180003 Grade is - 
8303180004 is FAIL
8303180004 Grade is - 
8303180005 1.0
8303180005 tatal grace :- 1.0
8303180005 is PASS
8303180005 is PASS with C grade
8303180006 student is fail
8303180006 is FAIL
8303180006 Grade is - 
8303180007 is PASS
8303180007 is PASS with A grade
8303180008 is FAIL
8303180008 is FAIL with - grade
8303180009 is FAIL
8303180009 is FAIL with - grade
8303180011 is FAIL
8303180011 Grade is - 
8303180012 is FAIL
8303180012 is FAIL with - grade
8303180014 is PASS
8303180014 is PASS with A grade
5301180002  Student is Absent
5301180002  Student is Absent
7503180003  Student is Absent
7503180003  Student is Absent
7503180008  Student is Absent
7503180008  Student is Absent
2202180034  Student is Absent
2202180034  Student is Absent
1504180009  Student is Absent
1504180009  Student is Absent
2307180009  Student is Absent
2307180009  Student is Absent
5102180013  Student is Absent
5102180013  Student is Absent
2202180031  Student is Absent
2202180031  Student is Absent
7304180003  Student is Absent
7304180003  Student is Absent
7503180009  Student is Absent
7503180009  Student is Absent
7201180002  Student is Absent
7201180002  Student is Absent
8303180010  Student is Absent
8303180010  Student is Absent
3101180004  Student is Absent
3101180004  Student is Absent
8303180013  Student is Absent
8303180013  Student is Absent
1504180006  Student is Absent
1504180006  Student is Absent
5402180008  Student is Absent
5402180008  Student is Absent
4201180002  Student is Absent
4201180002  Student is Absent
1504180004  Student is Absent
1504180004  Student is Absent]]>
    </system-out>
  </testcase> <!-- resultTest -->
  <system-out>
    <![CDATA[1101180001 is PASS
1101180001 is PASS with A+ grade
1101180002 is FAIL
1101180002 is FAIL with - grade
1101180003 is PASS
1101180003 is PASS with A+ grade
1201180001 is PASS
1201180001 is PASS with A grade
1201180002 is FAIL
1201180002 Grade is - 
1201180003 is PASS
1201180003 is PASS with A+ grade
1201180004 is PASS
1201180004 is PASS with A+ grade
1404180001  Student is Absent
1404180001  Student is Absent
1404180002 is PASS
1404180002 is PASS with A grade
1504180001 is PASS
1504180001 is PASS with A grade
1504180002 is FAIL
1504180002 is FAIL with - grade
1504180003 is FAIL
1504180003 Grade is - 
1504180005 is FAIL
1504180005 is FAIL with - grade
1504180007 is FAIL
1504180007 is FAIL with - grade
1504180008 is FAIL
1504180008 Grade is - 
1504180010 is FAIL
1504180010 is FAIL with - grade
2102180001 is PASS
2102180001 is PASS with A grade
2102180002 1.0
2102180002 tatal grace :- 1.0
2102180002 is PASS
2102180002 is PASS with B grade
2102180003 is PASS
2102180003 is PASS with A+ grade
2102180004 is FAIL
2102180004 is FAIL with - grade
2102180005 is FAIL
2102180005 is FAIL with - grade
2102180006 is PASS
2102180006 is PASS with B grade
2102180007 is FAIL
2102180007 is FAIL with - grade
2102180008 is FAIL
2102180008 is FAIL with - grade
2202180001 is FAIL
2202180001 is FAIL with - grade
2202180002 1.0
2202180002 tatal grace :- 1.0
2202180002 is PASS
2202180002 is PASS with B grade
2202180003 is FAIL
2202180003 Grade is - 
2202180004 is FAIL
2202180004 is FAIL with - grade
2202180005 is PASS
2202180005 is PASS with A grade
2202180006 is PASS
2202180006 is PASS with B grade
2202180007 is FAIL
2202180007 is FAIL with - grade
2202180008 is FAIL
2202180008 is FAIL with - grade
2202180009 is FAIL
2202180009 Grade is - 
2202180010 is FAIL
2202180010 Grade is - 
2202180011 is FAIL
2202180011 is FAIL with - grade
2202180012 2.0
2202180012 tatal grace :- 2.0
2202180012 is PASS
2202180012 is PASS with A grade
2202180013 is FAIL
2202180013 is FAIL with - grade
2202180014 is PASS
2202180014 is PASS with A grade
2202180015 is FAIL
2202180015 is FAIL with - grade
2202180016 is FAIL
2202180016 is FAIL with - grade
2202180017 is FAIL
2202180017 Grade is - 
2202180018 is FAIL
2202180018 Grade is - 
2202180019 student is fail
2202180019 is FAIL
2202180019 Grade is - 
2202180020 is FAIL
2202180020 Grade is - 
2202180021 is PASS
2202180021 is PASS with A+ grade
2202180022 is PASS
2202180022 is PASS with A grade
2202180023 is PASS
2202180023 is PASS with A+ grade
2202180024 is FAIL
2202180024 is FAIL with - grade
2202180025 is PASS
2202180025 is PASS with B grade
2202180026 is PASS
2202180026 is PASS with A+ grade
2202180027 1.0
2202180027 tatal grace :- 1.0
2202180027 is PASS
2202180027 is PASS with A grade
2202180028 is PASS
2202180028 is PASS with B grade
2202180029 is PASS
2202180029 is PASS with A grade
2202180030 is PASS
2202180030 is PASS with A+ grade
2202180032 is PASS
2202180032 is PASS with A+ grade
2202180033 is PASS
2202180033 is PASS with A grade
2202180035 is PASS
2202180035 is PASS with A+ grade
2202180036 is PASS
2202180036 is PASS with A+ grade
2202180037 is PASS
2202180037 is PASS with A+ grade
2202180038 is PASS
2202180038 is PASS with A grade
2202180039 is PASS
2202180039 is PASS with A grade
2307180001 is FAIL
2307180001 is FAIL with - grade
2307180002 is FAIL
2307180002 is FAIL with - grade
2307180003 is PASS
2307180003 is PASS with A grade
2307180004 is PASS
2307180004 is PASS with A+ grade
2307180005 is PASS
2307180005 is PASS with A grade
2307180006 student is fail
2307180006 is FAIL
2307180006 is FAIL with - grade
2307180007 is FAIL
2307180007 is FAIL with - grade
2307180008 is PASS
2307180008 is PASS with A grade
2307180010 is FAIL
2307180010 is FAIL with - grade
2307180011 is PASS
2307180011 is PASS with B grade
3101180001 is PASS
3101180001 is PASS with A grade
3101180002 is FAIL
3101180002 Grade is - 
3101180003 is FAIL
3101180003 is FAIL with - grade
3101180005 is PASS
3101180005 is PASS with A+ grade
3101180006 is FAIL
3101180006 is FAIL with - grade
3201180001 is PASS
3201180001 is PASS with A+ grade
3304180001 is PASS
3304180001 is PASS with A grade
3304180002 is PASS
3304180002 is PASS with A+ grade
3304180003 is PASS
3304180003 is PASS with B grade
3304180004 is FAIL
3304180004 Grade is - 
3304180005 2.0
3304180005 tatal grace :- 2.0
3304180005 is PASS
3304180005 is PASS with C grade
4108180001 is PASS
4108180001 is PASS with B grade
4108180002 is FAIL
4108180002 is FAIL with - grade
4108180003 is FAIL
4108180003 is FAIL with - grade
4108180004 is PASS
4108180004 is PASS with A grade
4108180005 is FAIL
4108180005 is FAIL with - grade
4108180006 is PASS
4108180006 is PASS with A+ grade
4108180007 is PASS
4108180007 is PASS with B grade
4108180008 is FAIL
4108180008 Grade is - 
4108180009 is PASS
4108180009 is PASS with A grade
4108180010 is FAIL
4108180010 Grade is - 
4108180011 is FAIL
4108180011 is FAIL with - grade
4108180012 2.0
4108180012 tatal grace :- 2.0
4108180012 is PASS
4108180012 is PASS with B grade
4108180013 is PASS
4108180013 is PASS with A grade
4108180014 1.0
4108180014 tatal grace :- 1.0
4108180014 is PASS
4108180014 is PASS with B grade
4108180015 is PASS
4108180015 is PASS with A grade
4108180016 is PASS
4108180016 is PASS with A+ grade
4201180001 is FAIL
4201180001 Grade is - 
4201180003 student is fail
4201180003 is FAIL
4201180003 Grade is - 
4201180004 is FAIL
4201180004 Grade is - 
4201180005 is FAIL
4201180005 Grade is - 
4201180006 is FAIL
4201180006 Grade is - 
4201180007 is FAIL
4201180007 is FAIL with - grade
4201180008 is FAIL
4201180008 Grade is - 
4201180009 is FAIL
4201180009 Grade is - 
4201180010 is FAIL
4201180010 Grade is - 
4201180011 is FAIL
4201180011 Grade is - 
4201180012 is PASS
4201180012 is PASS with B grade
4201180013 is PASS
4201180013 is PASS with A grade
4201180014 is FAIL
4201180014 is FAIL with - grade
4201180015 is PASS
4201180015 is PASS with B grade
4201180016 is PASS
4201180016 is PASS with A grade
4201180017 is FAIL
4201180017 Grade is - 
4201180018 is FAIL
4201180018 Grade is - 
4201180019 is FAIL
4201180019 Grade is - 
4201180020 is FAIL
4201180020 is FAIL with - grade
4201180021 is FAIL
4201180021 Grade is - 
4201180022 is FAIL
4201180022 Grade is - 
4305180001 is PASS
4305180001 is PASS with A+ grade
4305180002 is FAIL
4305180002 is FAIL with - grade
4305180003 is PASS
4305180003 is PASS with A grade
4305180004 is PASS
4305180004 is PASS with A grade
4305180005 is FAIL
4305180005 is FAIL with - grade
4305180006 is FAIL
4305180006 is FAIL with - grade
4305180007 is PASS
4305180007 is PASS with A grade
4305180008 is FAIL
4305180008 Grade is - 
4305180009 is FAIL
4305180009 Grade is - 
4401180001 is FAIL
4401180001 Grade is - 
4401180002 is FAIL
4401180002 is FAIL with - grade
5102180001 is PASS
5102180001 is PASS with C grade
5102180002 is PASS
5102180002 is PASS with A+ grade
5102180003 is PASS
5102180003 is PASS with B grade
5102180004 is FAIL
5102180004 is FAIL with - grade
5102180005 is FAIL
5102180005 is FAIL with - grade
5102180006 is PASS
5102180006 is PASS with A grade
5102180007 is PASS
5102180007 is PASS with A grade
5102180008 is PASS
5102180008 is PASS with B grade
5102180009 is FAIL
5102180009 Grade is - 
5102180010 is FAIL
5102180010 Grade is - 
5102180011 is FAIL
5102180011 Grade is - 
5102180012 is FAIL
5102180012 is FAIL with - grade
5102180014 is PASS
5102180014 is PASS with A grade
5102180015 is PASS
5102180015 is PASS with A grade
5102180016  Student is Absent
5102180016  Student is Absent
5102180017 is FAIL
5102180017 Grade is - 
5102180018 is FAIL
5102180018 Grade is - 
5102180019 is FAIL
5102180019 is FAIL with - grade
5102180020 is FAIL
5102180020 Grade is - 
5102180021 is FAIL
5102180021 Grade is - 
5102180022 is FAIL
5102180022 is FAIL with - grade
5102180023 student is fail
5102180023 is FAIL
5102180023 Grade is - 
5102180024 is PASS
5102180024 is PASS with A grade
5102180025 is PASS
5102180025 is PASS with A grade
5102180026 4.0
5102180026 tatal grace :- 4.0
5102180026 is PASS
5102180026 is PASS with B grade
5102180027 1.0
5102180027 tatal grace :- 1.0
5102180027 is PASS
5102180027 is PASS with C grade
5102180028 is PASS
5102180028 is PASS with A grade
5102180029 is PASS
5102180029 is PASS with A+ grade
5102180030 is PASS
5102180030 is PASS with A+ grade
5201180001 is FAIL
5201180001 is FAIL with - grade
5201180002 is FAIL
5201180002 is FAIL with - grade
5201180003 is FAIL
5201180003 Grade is - 
5201180004 is FAIL
5201180004 Grade is - 
5201180005 is FAIL
5201180005 is FAIL with - grade
5301180001 is FAIL
5301180001 Grade is - 
5301180003 is FAIL
5301180003 Grade is - 
5301180004 is PASS
5301180004 is PASS with A grade
5301180005 is FAIL
5301180005 Grade is - 
5301180006 is PASS
5301180006 is PASS with A+ grade
5301180007 is FAIL
5301180007 is FAIL with - grade
5301180008 is FAIL
5301180008 Grade is - 
5301180009 is FAIL
5301180009 is FAIL with - grade
5301180010 is FAIL
5301180010 Grade is - 
5301180011 is PASS
5301180011 is PASS with A+ grade
5301180012 is FAIL
5301180012 Grade is - 
5301180013 is PASS
5301180013 is PASS with A grade
5301180014 student is fail
5301180014 is FAIL
5301180014 Grade is - 
5301180015 is PASS
5301180015 is PASS with A grade
5301180016 is FAIL
5301180016 is FAIL with - grade
5301180017 is FAIL
5301180017 Grade is - 
5301180018 is PASS
5301180018 is PASS with A+ grade
5301180019 is FAIL
5301180019 is FAIL with - grade
5301180020 is FAIL
5301180020 is FAIL with - grade
5301180021 is FAIL
5301180021 Grade is - 
5301180022 is FAIL
5301180022 Grade is - 
5402180001 is PASS
5402180001 is PASS with A grade
5402180002 is FAIL
5402180002 Grade is - 
5402180003 is FAIL
5402180003 Grade is - 
5402180004 is FAIL
5402180004 is FAIL with - grade
5402180005 is FAIL
5402180005 is FAIL with - grade
5402180006 is FAIL
5402180006 Grade is - 
5402180007 is FAIL
5402180007 Grade is - 
5402180009 is FAIL
5402180009 Grade is - 
5402180010 is FAIL
5402180010 is FAIL with - grade
5402180011 2.0
5402180011 tatal grace :- 2.0
5402180011 is PASS
5402180011 is PASS with C grade
5402180012 is FAIL
5402180012 is FAIL with - grade
5402180013 is PASS
5402180013 is PASS with A grade
5402180014 is PASS
5402180014 is PASS with A grade
5402180015 is FAIL
5402180015 is FAIL with - grade
5402180016 student is fail
5402180016 is FAIL
5402180016 Grade is - 
5402180017 is FAIL
5402180017 Grade is - 
5503180001 is FAIL
5503180001 is FAIL with - grade
5503180002 is PASS
5503180002 is PASS with A+ grade
5503180003 is PASS
5503180003 is PASS with A grade
5503180004 is PASS
5503180004 is PASS with A grade
5503180005 is PASS
5503180005 is PASS with A grade
5503180006 1.0
5503180006 tatal grace :- 1.0
5503180006 is PASS
5503180006 is PASS with C grade
5503180007 1.0
5503180007 tatal grace :- 1.0
5503180007 is PASS
5503180007 is PASS with A grade
6101180001 is PASS
6101180001 is PASS with A grade
6101180002 is FAIL
6101180002 Grade is - 
6101180003 is FAIL
6101180003 Grade is - 
6101180004 is FAIL
6101180004 Grade is - 
6101180005 is FAIL
6101180005 Grade is - 
6101180006 is FAIL
6101180006 Grade is - 
6101180007 is PASS
6101180007 is PASS with A+ grade
6202180001 is FAIL
6202180001 Grade is - 
6202180002 is FAIL
6202180002 Grade is - 
6202180003 is PASS
6202180003 is PASS with B grade
6202180004 is FAIL
6202180004 Grade is - 
6202180005 is FAIL
6202180005 is FAIL with - grade
6301180001 is FAIL
6301180001 is FAIL with - grade
6301180002 is FAIL
6301180002 is FAIL with - grade
6301180003 is FAIL
6301180003 is FAIL with - grade
6301180004 is FAIL
6301180004 is FAIL with - grade
6301180005 is PASS
6301180005 is PASS with A+ grade
6301180006 is FAIL
6301180006 is FAIL with - grade
6301180007 is FAIL
6301180007 is FAIL with - grade
6301180008 is PASS
6301180008 is PASS with B grade
6301180009 student is fail
6301180009 is FAIL
6301180009 Grade is - 
6401180001 is FAIL
6401180001 is FAIL with - grade
6401180002 is FAIL
6401180002 is FAIL with - grade
6501180001 is FAIL
6501180001 Grade is - 
6501180002 is PASS
6501180002 is PASS with A+ grade
6501180003 student is fail
6501180003 is FAIL
6501180003 Grade is - 
6501180004 is FAIL
6501180004 Grade is - 
6501180005 is FAIL
6501180005 Grade is - 
6501180006 is FAIL
6501180006 is FAIL with - grade
6501180007 is FAIL
6501180007 Grade is - 
6501180008 is PASS
6501180008 is PASS with A grade
6501180009 is FAIL
6501180009 Grade is - 
7101180001 is FAIL
7101180001 Grade is - 
7101180002 is FAIL
7101180002 is FAIL with - grade
7101180003 is PASS
7101180003 is PASS with A grade
7101180004 is FAIL
7101180004 Grade is - 
7101180005 student is fail
7101180005 is FAIL
7101180005 Grade is - 
7101180006 is FAIL
7101180006 is FAIL with - grade
7101180007 is PASS
7101180007 is PASS with B grade
7101180008 is FAIL
7101180008 Grade is - 
7101180009 is PASS
7101180009 is PASS with A grade
7101180010 is FAIL
7101180010 Grade is - 
7201180001 student is fail
7201180001 is FAIL
7201180001 Grade is - 
7304180001 is PASS
7304180001 is PASS with A+ grade
7304180002 is PASS
7304180002 is PASS with A grade
7304180004 is PASS
7304180004 is PASS with A+ grade
7304180005 is FAIL
7304180005 is FAIL with - grade
7503180001 is FAIL
7503180001 Grade is - 
7503180002 is FAIL
7503180002 Grade is - 
7503180004 is PASS
7503180004 is PASS with B grade
7503180005 is FAIL
7503180005 is FAIL with - grade
7503180006 is FAIL
7503180006 Grade is - 
7503180007 is FAIL
7503180007 Grade is - 
7503180010 is PASS
7503180010 is PASS with A grade
8102180001 is FAIL
8102180001 is FAIL with - grade
8102180002 is PASS
8102180002 is PASS with A+ grade
8102180003 is FAIL
8102180003 is FAIL with - grade
8102180004 is PASS
8102180004 is PASS with A grade
8201180001 is FAIL
8201180001 is FAIL with - grade
8201180002 is FAIL
8201180002 Grade is - 
8201180003 is FAIL
8201180003 Grade is - 
8201180004 is FAIL
8201180004 Grade is - 
8201180005 is FAIL
8201180005 Grade is - 
8201180006 is FAIL
8201180006 Grade is - 
8201180007 is FAIL
8201180007 Grade is - 
8201180008 1.0
8201180008 tatal grace :- 1.0
8201180008 is PASS
8201180008 is PASS with A+ grade
8201180009 is FAIL
8201180009 is FAIL with - grade
8201180010 is PASS
8201180010 is PASS with A grade
8201180011 is PASS
8201180011 is PASS with A grade
8201180012 is FAIL
8201180012 Grade is - 
8201180013 is FAIL
8201180013 is FAIL with - grade
8303180001 is FAIL
8303180001 is FAIL with - grade
8303180002 is FAIL
8303180002 is FAIL with - grade
8303180003 is FAIL
8303180003 Grade is - 
8303180004 is FAIL
8303180004 Grade is - 
8303180005 1.0
8303180005 tatal grace :- 1.0
8303180005 is PASS
8303180005 is PASS with C grade
8303180006 student is fail
8303180006 is FAIL
8303180006 Grade is - 
8303180007 is PASS
8303180007 is PASS with A grade
8303180008 is FAIL
8303180008 is FAIL with - grade
8303180009 is FAIL
8303180009 is FAIL with - grade
8303180011 is FAIL
8303180011 Grade is - 
8303180012 is FAIL
8303180012 is FAIL with - grade
8303180014 is PASS
8303180014 is PASS with A grade
5301180002  Student is Absent
5301180002  Student is Absent
7503180003  Student is Absent
7503180003  Student is Absent
7503180008  Student is Absent
7503180008  Student is Absent
2202180034  Student is Absent
2202180034  Student is Absent
1504180009  Student is Absent
1504180009  Student is Absent
2307180009  Student is Absent
2307180009  Student is Absent
5102180013  Student is Absent
5102180013  Student is Absent
2202180031  Student is Absent
2202180031  Student is Absent
7304180003  Student is Absent
7304180003  Student is Absent
7503180009  Student is Absent
7503180009  Student is Absent
7201180002  Student is Absent
7201180002  Student is Absent
8303180010  Student is Absent
8303180010  Student is Absent
3101180004  Student is Absent
3101180004  Student is Absent
8303180013  Student is Absent
8303180013  Student is Absent
1504180006  Student is Absent
1504180006  Student is Absent
5402180008  Student is Absent
5402180008  Student is Absent
4201180002  Student is Absent
4201180002  Student is Absent
1504180004  Student is Absent
1504180004  Student is Absent]]>
  </system-out>
</testsuite> <!-- GRACE_MARKS.newResultWithGraceFinal -->
